[    0.000000] Linux version 4.15.0-126-generic (buildd@lcy01-amd64-024) (gcc version 7.5.0 (Ubuntu 7.5.0-3ubuntu1~18.04)) #129-Ubuntu SMP Mon Nov 23 18:53:38 UTC 2020 (Ubuntu 4.15.0-126.129-generic 4.15.18)
[    0.000000] Command line: BOOT_IMAGE=/boot/vmlinuz-4.15.0-126-generic root=UUID=a7cc7f74-b099-45a4-9eb5-9d006fce0a97 ro console=tty1 console=ttyS0
[    0.000000] KERNEL supported cpus:
[    0.000000]   Intel GenuineIntel
[    0.000000]   AMD AuthenticAMD
[    0.000000]   Centaur CentaurHauls
[    0.000000] x86/fpu: Supporting XSAVE feature 0x001: 'x87 floating point registers'
[    0.000000] x86/fpu: Supporting XSAVE feature 0x002: 'SSE registers'
[    0.000000] x86/fpu: Supporting XSAVE feature 0x004: 'AVX registers'
[    0.000000] x86/fpu: xstate_offset[2]:  576, xstate_sizes[2]:  256
[    0.000000] x86/fpu: Enabled xstate features 0x7, context size is 832 bytes, using 'standard' format.
[    0.000000] e820: BIOS-provided physical RAM map:
[    0.000000] BIOS-e820: [mem 0x0000000000000000-0x000000000009fbff] usable
[    0.000000] BIOS-e820: [mem 0x000000000009fc00-0x000000000009ffff] reserved
[    0.000000] BIOS-e820: [mem 0x00000000000f0000-0x00000000000fffff] reserved
[    0.000000] BIOS-e820: [mem 0x0000000000100000-0x00000000dffeffff] usable
[    0.000000] BIOS-e820: [mem 0x00000000dfff0000-0x00000000dfffffff] ACPI data
[    0.000000] BIOS-e820: [mem 0x00000000fec00000-0x00000000fec00fff] reserved
[    0.000000] BIOS-e820: [mem 0x00000000fee00000-0x00000000fee00fff] reserved
[    0.000000] BIOS-e820: [mem 0x00000000fffc0000-0x00000000ffffffff] reserved
[    0.000000] BIOS-e820: [mem 0x0000000100000000-0x000000011fffffff] usable
[    0.000000] NX (Execute Disable) protection: active
[    0.000000] SMBIOS 2.5 present.
[    0.000000] DMI: innotek GmbH VirtualBox/VirtualBox, BIOS VirtualBox 12/01/2006
[    0.000000] Hypervisor detected: KVM
[    0.000000] e820: last_pfn = 0x120000 max_arch_pfn = 0x400000000
[    0.000000] MTRR: Disabled
[    0.000000] x86/PAT: MTRRs disabled, skipping PAT initialization too.
[    0.000000] CPU MTRRs all blank - virtualized system.
[    0.000000] x86/PAT: Configuration [0-7]: WB  WT  UC- UC  WB  WT  UC- UC  
[    0.000000] e820: last_pfn = 0xdfff0 max_arch_pfn = 0x400000000
[    0.000000] found SMP MP-table at [mem 0x0009fff0-0x0009ffff]
[    0.000000] Scanning 1 areas for low memory corruption
[    0.000000] RAMDISK: [mem 0x351b1000-0x368cffff]
[    0.000000] ACPI: Early table checksum verification disabled
[    0.000000] ACPI: RSDP 0x00000000000E0000 000024 (v02 VBOX  )
[    0.000000] ACPI: XSDT 0x00000000DFFF0030 00003C (v01 VBOX   VBOXXSDT 00000001 ASL  00000061)
[    0.000000] ACPI: FACP 0x00000000DFFF00F0 0000F4 (v04 VBOX   VBOXFACP 00000001 ASL  00000061)
[    0.000000] ACPI: DSDT 0x00000000DFFF0470 002325 (v02 VBOX   VBOXBIOS 00000002 INTL 20100528)
[    0.000000] ACPI: FACS 0x00000000DFFF0200 000040
[    0.000000] ACPI: FACS 0x00000000DFFF0200 000040
[    0.000000] ACPI: APIC 0x00000000DFFF0240 00005C (v02 VBOX   VBOXAPIC 00000001 ASL  00000061)
[    0.000000] ACPI: SSDT 0x00000000DFFF02A0 0001CC (v01 VBOX   VBOXCPUT 00000002 INTL 20100528)
[    0.000000] No NUMA configuration found
[    0.000000] Faking a node at [mem 0x0000000000000000-0x000000011fffffff]
[    0.000000] NODE_DATA(0) allocated [mem 0x11ffd1000-0x11fffbfff]
[    0.000000] kvm-clock: cpu 0, msr 1:1ff50001, primary cpu clock
[    0.000000] kvm-clock: Using msrs 4b564d01 and 4b564d00
[    0.000000] kvm-clock: using sched offset of 6239081302 cycles
[    0.000000] clocksource: kvm-clock: mask: 0xffffffffffffffff max_cycles: 0x1cd42e4dffb, max_idle_ns: 881590591483 ns
[    0.000000] Zone ranges:
[    0.000000]   DMA      [mem 0x0000000000001000-0x0000000000ffffff]
[    0.000000]   DMA32    [mem 0x0000000001000000-0x00000000ffffffff]
[    0.000000]   Normal   [mem 0x0000000100000000-0x000000011fffffff]
[    0.000000]   Device   empty
[    0.000000] Movable zone start for each node
[    0.000000] Early memory node ranges
[    0.000000]   node   0: [mem 0x0000000000001000-0x000000000009efff]
[    0.000000]   node   0: [mem 0x0000000000100000-0x00000000dffeffff]
[    0.000000]   node   0: [mem 0x0000000100000000-0x000000011fffffff]
[    0.000000] Reserved but unavailable: 98 pages
[    0.000000] Initmem setup node 0 [mem 0x0000000000001000-0x000000011fffffff]
[    0.000000] ACPI: PM-Timer IO Port: 0x4008
[    0.000000] IOAPIC[0]: apic_id 2, version 32, address 0xfec00000, GSI 0-23
[    0.000000] ACPI: INT_SRC_OVR (bus 0 bus_irq 0 global_irq 2 dfl dfl)
[    0.000000] ACPI: INT_SRC_OVR (bus 0 bus_irq 9 global_irq 9 low level)
[    0.000000] Using ACPI (MADT) for SMP configuration information
[    0.000000] smpboot: Allowing 2 CPUs, 0 hotplug CPUs
[    0.000000] PM: Registered nosave memory: [mem 0x00000000-0x00000fff]
[    0.000000] PM: Registered nosave memory: [mem 0x0009f000-0x0009ffff]
[    0.000000] PM: Registered nosave memory: [mem 0x000a0000-0x000effff]
[    0.000000] PM: Registered nosave memory: [mem 0x000f0000-0x000fffff]
[    0.000000] PM: Registered nosave memory: [mem 0xdfff0000-0xdfffffff]
[    0.000000] PM: Registered nosave memory: [mem 0xe0000000-0xfebfffff]
[    0.000000] PM: Registered nosave memory: [mem 0xfec00000-0xfec00fff]
[    0.000000] PM: Registered nosave memory: [mem 0xfec01000-0xfedfffff]
[    0.000000] PM: Registered nosave memory: [mem 0xfee00000-0xfee00fff]
[    0.000000] PM: Registered nosave memory: [mem 0xfee01000-0xfffbffff]
[    0.000000] PM: Registered nosave memory: [mem 0xfffc0000-0xffffffff]
[    0.000000] e820: [mem 0xe0000000-0xfebfffff] available for PCI devices
[    0.000000] Booting paravirtualized kernel on KVM
[    0.000000] clocksource: refined-jiffies: mask: 0xffffffff max_cycles: 0xffffffff, max_idle_ns: 7645519600211568 ns
[    0.000000] random: get_random_bytes called from start_kernel+0x99/0x500 with crng_init=0
[    0.000000] setup_percpu: NR_CPUS:8192 nr_cpumask_bits:2 nr_cpu_ids:2 nr_node_ids:1
[    0.000000] percpu: Embedded 45 pages/cpu s147456 r8192 d28672 u1048576
[    0.000000] PV qspinlock hash table entries: 256 (order: 0, 4096 bytes)
[    0.000000] Built 1 zonelists, mobility grouping on.  Total pages: 1032057
[    0.000000] Policy zone: Normal
[    0.000000] Kernel command line: BOOT_IMAGE=/boot/vmlinuz-4.15.0-126-generic root=UUID=a7cc7f74-b099-45a4-9eb5-9d006fce0a97 ro console=tty1 console=ttyS0
[    0.000000] Memory: 4009168K/4193848K available (12300K kernel code, 2492K rwdata, 4264K rodata, 2440K init, 2724K bss, 184680K reserved, 0K cma-reserved)
[    0.000000] SLUB: HWalign=64, Order=0-3, MinObjects=0, CPUs=2, Nodes=1
[    0.000000] ftrace: allocating 39407 entries in 154 pages
[    0.004000] Hierarchical RCU implementation.
[    0.004000] 	RCU restricting CPUs from NR_CPUS=8192 to nr_cpu_ids=2.
[    0.004000] 	Tasks RCU enabled.
[    0.004000] RCU: Adjusting geometry for rcu_fanout_leaf=16, nr_cpu_ids=2
[    0.004000] NR_IRQS: 524544, nr_irqs: 440, preallocated irqs: 16
[    0.004000] Console: colour VGA+ 80x25
[    0.004000] console [tty1] enabled
[    0.004000] console [ttyS0] enabled
[    0.004000] ACPI: Core revision 20170831
[    0.004000] ACPI: 2 ACPI AML tables successfully acquired and loaded
[    0.004000] APIC: Switch to symmetric I/O mode setup
[    0.005127] x2apic enabled
[    0.008020] Switched APIC routing to physical x2apic.
[    0.016000] ..TIMER: vector=0x30 apic1=0 pin1=2 apic2=-1 pin2=-1
[    0.016154] tsc: Detected 1992.001 MHz processor
[    0.020037] Calibrating delay loop (skipped) preset value.. 3984.00 BogoMIPS (lpj=7968004)
[    0.024020] pid_max: default: 32768 minimum: 301
[    0.028130] Security Framework initialized
[    0.032017] Yama: becoming mindful.
[    0.036116] AppArmor: AppArmor initialized
[    0.052731] Dentry cache hash table entries: 524288 (order: 10, 4194304 bytes)
[    0.064076] Inode-cache hash table entries: 262144 (order: 9, 2097152 bytes)
[    0.068095] Mount-cache hash table entries: 8192 (order: 4, 65536 bytes)
[    0.072070] Mountpoint-cache hash table entries: 8192 (order: 4, 65536 bytes)
[    0.077044] Last level iTLB entries: 4KB 64, 2MB 8, 4MB 8
[    0.080013] Last level dTLB entries: 4KB 64, 2MB 0, 4MB 0, 1GB 4
[    0.084030] Spectre V1 : Mitigation: usercopy/swapgs barriers and __user pointer sanitization
[    0.088018] Spectre V2 : Mitigation: Full generic retpoline
[    0.092010] Spectre V2 : Spectre v2 / SpectreRSB mitigation: Filling RSB on context switch
[    0.096013] Speculative Store Bypass: Vulnerable
[    0.100176] SRBDS: Unknown: Dependent on hypervisor status
[    0.104013] MDS: Mitigation: Clear CPU buffers
[    0.108859] Freeing SMP alternatives memory: 36K
[    0.229404] smpboot: CPU0: Intel(R) Core(TM) i7-8565U CPU @ 1.80GHz (family: 0x6, model: 0x8e, stepping: 0xb)
[    0.232000] Performance Events: unsupported p6 CPU model 142 no PMU driver, software events only.
[    0.232095] Hierarchical SRCU implementation.
[    0.237123] NMI watchdog: Perf event create on CPU 0 failed with -2
[    0.240009] NMI watchdog: Perf NMI watchdog permanently disabled
[    0.242093] smp: Bringing up secondary CPUs ...
[    0.248158] x86: Booting SMP configuration:
[    0.252012] .... node  #0, CPUs:      #1
[    0.004000] kvm-clock: cpu 1, msr 1:1ff50041, secondary cpu clock
[    0.260062] smp: Brought up 1 node, 2 CPUs
[    0.261336] smpboot: Max logical packages: 1
[    0.262895] smpboot: Total of 2 processors activated (7968.00 BogoMIPS)
[    0.264280] devtmpfs: initialized
[    0.265282] x86/mm: Memory block size: 128MB
[    0.268545] evm: security.selinux
[    0.269922] evm: security.SMACK64
[    0.272027] evm: security.SMACK64EXEC
[    0.273499] evm: security.SMACK64TRANSMUTE
[    0.274834] evm: security.SMACK64MMAP
[    0.276004] evm: security.apparmor
[    0.277078] evm: security.ima
[    0.278026] evm: security.capability
[    0.280143] clocksource: jiffies: mask: 0xffffffff max_cycles: 0xffffffff, max_idle_ns: 7645041785100000 ns
[    0.284032] futex hash table entries: 512 (order: 3, 32768 bytes)
[    0.288023] pinctrl core: initialized pinctrl subsystem
[    0.290671] RTC time: 10:53:55, date: 12/10/20
[    0.292297] NET: Registered protocol family 16
[    0.294285] audit: initializing netlink subsys (disabled)
[    0.296062] audit: type=2000 audit(1607597643.709:1): state=initialized audit_enabled=0 res=1
[    0.300036] cpuidle: using governor ladder
[    0.301452] cpuidle: using governor menu
[    0.303208] ACPI: bus type PCI registered
[    0.304011] acpiphp: ACPI Hot Plug PCI Controller Driver version: 0.5
[    0.308043] PCI: Using configuration type 1 for base access
[    0.313178] HugeTLB registered 2.00 MiB page size, pre-allocated 0 pages
[    0.316160] ACPI: Added _OSI(Module Device)
[    0.317477] ACPI: Added _OSI(Processor Device)
[    0.319001] ACPI: Added _OSI(3.0 _SCP Extensions)
[    0.320016] ACPI: Added _OSI(Processor Aggregator Device)
[    0.321720] ACPI: Added _OSI(Linux-Dell-Video)
[    0.324014] ACPI: Added _OSI(Linux-Lenovo-NV-HDMI-Audio)
[    0.325721] ACPI: Added _OSI(Linux-HPI-Hybrid-Graphics)
[    0.327684] ACPI: Executed 1 blocks of module-level executable AML code
[    0.336741] ACPI: Interpreter enabled
[    0.338412] ACPI: (supports S0 S5)
[    0.339743] ACPI: Using IOAPIC for interrupt routing
[    0.340442] PCI: Using host bridge windows from ACPI; if necessary, use "pci=nocrs" and report a bug
[    0.344325] ACPI: Enabled 2 GPEs in block 00 to 07
[    0.360116] ACPI: PCI Root Bridge [PCI0] (domain 0000 [bus 00-ff])
[    0.362652] acpi PNP0A03:00: _OSC: OS supports [ASPM ClockPM Segments MSI]
[    0.365464] acpi PNP0A03:00: _OSC: not requesting OS control; OS requires [ExtendedConfig ASPM ClockPM MSI]
[    0.368033] acpi PNP0A03:00: fail to add MMCONFIG information, can't access extended PCI configuration space under this bridge.
[    0.376783] PCI host bridge to bus 0000:00
[    0.380009] pci_bus 0000:00: root bus resource [io  0x0000-0x0cf7 window]
[    0.383328] pci_bus 0000:00: root bus resource [io  0x0d00-0xffff window]
[    0.384017] pci_bus 0000:00: root bus resource [mem 0x000a0000-0x000bffff window]
[    0.388015] pci_bus 0000:00: root bus resource [mem 0xe0000000-0xfdffffff window]
[    0.392010] pci_bus 0000:00: root bus resource [bus 00-ff]
[    0.400603] pci 0000:00:01.1: legacy IDE quirk: reg 0x10: [io  0x01f0-0x01f7]
[    0.404013] pci 0000:00:01.1: legacy IDE quirk: reg 0x14: [io  0x03f6]
[    0.406988] pci 0000:00:01.1: legacy IDE quirk: reg 0x18: [io  0x0170-0x0177]
[    0.408007] pci 0000:00:01.1: legacy IDE quirk: reg 0x1c: [io  0x0376]
[    0.486480] pci 0000:00:07.0: quirk: [io  0x4000-0x403f] claimed by PIIX4 ACPI
[    0.488067] pci 0000:00:07.0: quirk: [io  0x4100-0x410f] claimed by PIIX4 SMB
[    0.524026] ACPI: PCI Interrupt Link [LNKA] (IRQs 5 9 10 *11)
[    0.528057] ACPI: PCI Interrupt Link [LNKB] (IRQs 5 9 *10 11)
[    0.531780] ACPI: PCI Interrupt Link [LNKC] (IRQs 5 *9 10 11)
[    0.536698] ACPI: PCI Interrupt Link [LNKD] (IRQs 5 9 10 *11)
[    0.541361] SCSI subsystem initialized
[    0.544138] pci 0000:00:02.0: vgaarb: setting as boot VGA device
[    0.547611] pci 0000:00:02.0: vgaarb: VGA device added: decodes=io+mem,owns=io+mem,locks=none
[    0.548027] pci 0000:00:02.0: vgaarb: bridge control possible
[    0.552009] vgaarb: loaded
[    0.553746] ACPI: bus type USB registered
[    0.556056] usbcore: registered new interface driver usbfs
[    0.560057] usbcore: registered new interface driver hub
[    0.564235] usbcore: registered new device driver usb
[    0.568245] EDAC MC: Ver: 3.0.0
[    0.572547] PCI: Using ACPI for IRQ routing
[    0.576686] NetLabel: Initializing
[    0.578932] NetLabel:  domain hash size = 128
[    0.580010] NetLabel:  protocols = UNLABELED CIPSOv4 CALIPSO
[    0.584053] NetLabel:  unlabeled traffic allowed by default
[    0.588196] clocksource: Switched to clocksource kvm-clock
[    0.650222] VFS: Disk quotas dquot_6.6.0
[    0.652517] VFS: Dquot-cache hash table entries: 512 (order 0, 4096 bytes)
[    0.656542] AppArmor: AppArmor Filesystem Enabled
[    0.658840] pnp: PnP ACPI init
[    0.666481] pnp: PnP ACPI: found 3 devices
[    0.694167] clocksource: acpi_pm: mask: 0xffffff max_cycles: 0xffffff, max_idle_ns: 2085701024 ns
[    0.700213] NET: Registered protocol family 2
[    0.702824] TCP established hash table entries: 32768 (order: 6, 262144 bytes)
[    0.706598] TCP bind hash table entries: 32768 (order: 7, 524288 bytes)
[    0.709888] TCP: Hash tables configured (established 32768 bind 32768)
[    0.714446] UDP hash table entries: 2048 (order: 4, 65536 bytes)
[    0.718680] UDP-Lite hash table entries: 2048 (order: 4, 65536 bytes)
[    0.722238] NET: Registered protocol family 1
[    0.724585] pci 0000:00:00.0: Limiting direct PCI/PCI transfers
[    0.727777] pci 0000:00:01.0: Activating ISA DMA hang workarounds
[    0.731893] pci 0000:00:02.0: Video device with shadowed ROM at [mem 0x000c0000-0x000dffff]
[    0.737435] Unpacking initramfs...
[    1.862720] Freeing initrd memory: 23676K
[    1.865264] PCI-DMA: Using software bounce buffering for IO (SWIOTLB)
[    1.868380] software IO TLB: mapped [mem 0xdbff0000-0xdfff0000] (64MB)
[    1.872270] clocksource: tsc: mask: 0xffffffffffffffff max_cycles: 0x396d54029a7, max_idle_ns: 881590429682 ns
[    1.879076] platform rtc_cmos: registered platform RTC device (no PNP device found)
[    1.884004] Scanning for low memory corruption every 60 seconds
[    1.888437] Initialise system trusted keyrings
[    1.890569] Key type blacklist registered
[    1.892676] workingset: timestamp_bits=36 max_order=20 bucket_order=0
[    1.900230] zbud: loaded
[    1.903311] squashfs: version 4.0 (2009/01/31) Phillip Lougher
[    1.906775] fuse init (API version 7.26)
[    1.916875] Key type asymmetric registered
[    1.918928] Asymmetric key parser 'x509' registered
[    1.921615] Block layer SCSI generic (bsg) driver version 0.4 loaded (major 246)
[    1.925373] io scheduler noop registered
[    1.927276] io scheduler deadline registered
[    1.930565] io scheduler cfq registered (default)
[    1.934991] ACPI: AC Adapter [AC] (off-line)
[    1.937354] input: Power Button as /devices/LNXSYSTM:00/LNXPWRBN:00/input/input0
[    1.941246] ACPI: Power Button [PWRF]
[    1.943217] input: Sleep Button as /devices/LNXSYSTM:00/LNXSLPBN:00/input/input1
[    1.947613] ACPI: Sleep Button [SLPF]
[    1.953981] ACPI: Battery Slot [BAT0] (battery present)
[    1.956552] Serial: 8250/16550 driver, 32 ports, IRQ sharing enabled
[    1.981393] 00:02: ttyS0 at I/O 0x3f8 (irq = 4, base_baud = 115200) is a 16550A
[    1.994508] Linux agpgart interface v0.103
[    2.009443] loop: module loaded
[    2.012968] scsi host0: ata_piix
[    2.016410] scsi host1: ata_piix
[    2.018559] ata1: PATA max UDMA/33 cmd 0x1f0 ctl 0x3f6 bmdma 0xd000 irq 14
[    2.021681] ata2: PATA max UDMA/33 cmd 0x170 ctl 0x376 bmdma 0xd008 irq 15
[    2.025088] libphy: Fixed MDIO Bus: probed
[    2.027388] tun: Universal TUN/TAP device driver, 1.6
[    2.032180] PPP generic driver version 2.4.2
[    2.035608] ehci_hcd: USB 2.0 'Enhanced' Host Controller (EHCI) Driver
[    2.038836] ehci-pci: EHCI PCI platform driver
[    2.041336] ehci-platform: EHCI generic platform driver
[    2.043743] ohci_hcd: USB 1.1 'Open' Host Controller (OHCI) Driver
[    2.048578] ohci-pci: OHCI PCI platform driver
[    2.052044] ohci-platform: OHCI generic platform driver
[    2.054940] uhci_hcd: USB Universal Host Controller Interface driver
[    2.058650] i8042: PNP: PS/2 Controller [PNP0303:PS2K,PNP0f03:PS2M] at 0x60,0x64 irq 1,12
[    2.067222] serio: i8042 KBD port at 0x60,0x64 irq 1
[    2.070153] serio: i8042 AUX port at 0x60,0x64 irq 12
[    2.073146] mousedev: PS/2 mouse device common for all mice
[    2.077297] input: AT Translated Set 2 keyboard as /devices/platform/i8042/serio0/input/input2
[    2.080259] rtc_cmos rtc_cmos: rtc core: registered rtc_cmos as rtc0
[    2.087378] rtc_cmos rtc_cmos: alarms up to one day, 114 bytes nvram
[    2.090591] i2c /dev entries driver
[    2.092767] device-mapper: uevent: version 1.0.3
[    2.095886] device-mapper: ioctl: 4.37.0-ioctl (2017-09-20) initialised: dm-devel@redhat.com
[    2.101744] ledtrig-cpu: registered to indicate activity on CPUs
[    2.106268] NET: Registered protocol family 10
[    2.119822] Segment Routing with IPv6
[    2.121828] NET: Registered protocol family 17
[    2.124276] Key type dns_resolver registered
[    2.127003] mce: Using 0 MCE banks
[    2.129241] RAS: Correctable Errors collector initialized.
[    2.132653] sched_clock: Marking stable (2129166409, 0)->(3553905611, -1424739202)
[    2.138950] registered taskstats version 1
[    2.141164] Loading compiled-in X.509 certificates
[    2.150766] Loaded X.509 cert 'Build time autogenerated kernel key: 24b6ce7d986f3307b9608c2edd0b61d009859433'
[    2.155549] zswap: loaded using pool lzo/zbud
[    2.168890] Key type big_key registered
[    2.170786] Key type trusted registered
[    2.176682] Key type encrypted registered
[    2.178921] AppArmor: AppArmor sha1 policy hashing enabled
[    2.182817] ima: No TPM chip found, activating TPM-bypass! (rc=-19)
[    2.188303] ima: Allocated hash algorithm: sha1
[    2.190819] evm: HMAC attrs: 0x1
[    2.193299]   Magic number: 0:188:881
[    2.201933] rtc_cmos rtc_cmos: setting system clock to 2020-12-10 10:53:57 UTC (1607597637)
[    2.218032] BIOS EDD facility v0.16 2004-Jun-25, 0 devices found
[    2.221347] EDD information not available.
[    2.230059] Freeing unused kernel image memory: 2440K
[    2.240210] Write protecting the kernel read-only data: 20480k
[    2.244336] Freeing unused kernel image memory: 2008K
[    2.248426] Freeing unused kernel image memory: 1880K
[    2.271306] x86/mm: Checked W+X mappings: passed, no W+X pages found.
Loading, please wait...
starting version 237
[    2.511617] e1000: Intel(R) PRO/1000 Network Driver - version 7.3.21-k8-NAPI
[    2.516227] e1000: Copyright (c) 1999-2006 Intel Corporation.
[    2.522445] Fusion MPT base driver 3.04.20
[    2.525179] Copyright (c) 1999-2008 LSI Corporation
[    2.538611] Fusion MPT SPI Host driver 3.04.20
[    2.553250] AVX2 version of gcm_enc/dec engaged.
[    2.555992] AES CTR mode by8 optimization enabled
[    2.736387] input: ImExPS/2 Generic Explorer Mouse as /devices/platform/i8042/serio1/input/input4
[    3.219532] e1000 0000:00:03.0 eth0: (PCI:33MHz:32-bit) 02:c6:b0:25:69:cb
[    3.222035] e1000 0000:00:03.0 eth0: Intel(R) PRO/1000 Network Connection
[    3.227194] e1000 0000:00:03.0 enp0s3: renamed from eth0
[    3.229781] mptbase: ioc0: Initiating bringup
[    3.335360] ioc0: LSI53C1030 A0: Capabilities={Initiator}
[    3.593162] scsi host2: ioc0: LSI53C1030 A0, FwRev=00000000h, Ports=1, MaxQ=256, IRQ=20
[    3.769835] scsi 2:0:0:0: Direct-Access     VBOX     HARDDISK         1.0  PQ: 0 ANSI: 5
[    3.808324] scsi target2:0:0: Beginning Domain Validation
[    3.855912] scsi target2:0:0: Domain Validation skipping write tests
[    3.858376] scsi target2:0:0: Ending Domain Validation
[    3.860658] random: fast init done
[    3.860775] scsi target2:0:0: asynchronous
[    3.864802] scsi 2:0:1:0: Direct-Access     VBOX     HARDDISK         1.0  PQ: 0 ANSI: 5
[    3.896337] scsi target2:0:1: Beginning Domain Validation
[    3.904640] scsi target2:0:1: Domain Validation skipping write tests
[    3.909533] scsi target2:0:1: Ending Domain Validation
[    3.913051] scsi target2:0:1: asynchronous
[    3.929807] random: systemd-udevd: uninitialized urandom read (16 bytes read)
[    3.935561] sd 2:0:0:0: Attached scsi generic sg0 type 0
[    3.935881] random: systemd-udevd: uninitialized urandom read (16 bytes read)
[    3.942702] random: systemd-udevd: uninitialized urandom read (16 bytes read)
[    3.950501] sd 2:0:1:0: Attached scsi generic sg1 type 0
[    3.950571] sd 2:0:0:0: [sda] 62914560 512-byte logical blocks: (32.2 GB/30.0 GiB)
[    3.958447] sd 2:0:0:0: [sda] Write Protect is off
[    3.961045] sd 2:0:1:0: [sdb] 20480 512-byte logical blocks: (10.5 MB/10.0 MiB)
[    3.961385] sd 2:0:0:0: [sda] Incomplete mode parameter data
[    3.970453] sd 2:0:0:0: [sda] Assuming drive cache: write through
[    3.974446] sd 2:0:1:0: [sdb] Write Protect is off
[    3.978290] sd 2:0:1:0: [sdb] Incomplete mode parameter data
[    3.981412] sd 2:0:1:0: [sdb] Assuming drive cache: write through
[    4.020923]  sda: sda1
[    4.024653] sd 2:0:0:0: [sda] Attached SCSI disk
[    4.029096] sd 2:0:1:0: [sdb] Attached SCSI disk
Begin: Loading essential drivers ... [    6.924187] raid6: sse2x1   gen()  3767 MB/s
[    6.972082] raid6: sse2x1   xor()  3618 MB/s
[    7.020134] raid6: sse2x2   gen()  5256 MB/s
[    7.068511] raid6: sse2x2   xor()  3620 MB/s
[    7.116336] raid6: sse2x4   gen()  2894 MB/s
[    7.168243] raid6: sse2x4   xor()  1719 MB/s
[    7.216223] raid6: avx2x1   gen()  3137 MB/s
[    7.268812] raid6: avx2x1   xor()  2539 MB/s
[    7.320266] raid6: avx2x2   gen()  4341 MB/s
[    7.368456] raid6: avx2x2   xor()  2797 MB/s
[    7.420251] raid6: avx2x4   gen()  3813 MB/s
[    7.470799] raid6: avx2x4   xor()  2748 MB/s
[    7.479505] raid6: using algorithm sse2x2 gen() 5256 MB/s
[    7.490649] raid6: .... xor() 3620 MB/s, rmw enabled
[    7.499714] raid6: using avx2x2 recovery algorithm
[    7.515373] xor: automatically using best checksumming function   avx       
[    7.528786] async_tx: api initialized (async)
done.
Begin: Running /scripts/init-premount ... done.
Begin: Mounting root file system ... Begin: Running /scripts/local-top ... done.
Begin: Running /scripts/local-premount ... [    7.648819] Btrfs loaded, crc32c=crc32c-intel
Scanning for Btrfs filesystems
done.
Warning: fsck not present, so skipping root file system
[    7.769653] EXT4-fs (sda1): INFO: recovery required on readonly filesystem
[    7.774502] EXT4-fs (sda1): write access will be enabled during recovery
[    7.918092] EXT4-fs (sda1): orphan cleanup on readonly fs
[    7.921801] EXT4-fs (sda1): 8 orphan inodes deleted
[    7.924418] EXT4-fs (sda1): recovery complete
[    7.932380] EXT4-fs (sda1): mounted filesystem with ordered data mode. Opts: (null)
done.
Begin: Running /scripts/local-bottom ... done.
Begin: Running /scripts/init-bottom ... done.
[    8.417441] ip_tables: (C) 2000-2006 Netfilter Core Team
[    8.444594] systemd[1]: systemd 237 running in system mode. (+PAM +AUDIT +SELINUX +IMA +APPARMOR +SMACK +SYSVINIT +UTMP +LIBCRYPTSETUP +GCRYPT +GNUTLS +ACL +XZ +LZ4 +SECCOMP +BLKID +ELFUTILS +KMOD -IDN2 +IDN -PCRE2 default-hierarchy=hybrid)
[    8.458850] systemd[1]: Detected virtualization oracle.
[    8.461952] systemd[1]: Detected architecture x86-64.

Welcome to [1mUbuntu 18.04.5 LTS[0m!

[    8.480979] systemd[1]: Set hostname to <ubuntu-bionic>.
[    9.326751] systemd[1]: Started Forward Password Requests to Wall Directory Watch.
[[0;32m  OK  [0m] Started Forward Password Requests to Wall Directory Watch.
[    9.352114] systemd[1]: Created slice System Slice.
[[0;32m  OK  [0m] Created slice System Slice.
[    9.729216] systemd[1]: Listening on Syslog Socket.
[[0;32m  OK  [0m] Listening on Syslog Socket.
[    9.735832] systemd[1]: Listening on Network Service Netlink Socket.
[[0;32m  OK  [0m] Listening on Network Service Netlink Socket.
[    9.746411] systemd[1]: Listening on udev Kernel Socket.
[[0;32m  OK  [0m] Listening on udev Kernel Socket.
[    9.757305] systemd[1]: Listening on LVM2 poll daemon socket.
[[0;32m  OK  [0m] Listening on LVM2 poll daemon socket.
[[0;32m  OK  [0m] Listening on Journal Socket (/dev/log).
[[0;32m  OK  [0m] Created slice User and Session Slice.
[[0;32m  OK  [0m] Reached target Slices.
[[0;32m  OK  [0m] Reached target System Time Synchronized.
[[0;32m  OK  [0m] Listening on /dev/initctl Compatibility Named Pipe.
[[0;32m  OK  [0m] Listening on udev Control Socket.
[[0;32m  OK  [0m] Listening on LVM2 metadata daemon socket.
[[0;32m  OK  [0m] Reached target Swap.
[[0;32m  OK  [0m] Listening on Journal Audit Socket.
[[0;32m  OK  [0m] Created slice system-serial\x2dgetty.slice.
[[0;32m  OK  [0m] Set up automount Arbitrary Executab…rmats File System Automount Point.
[[0;32m  OK  [0m] Listening on Journal Socket.
         Mounting Huge Pages File System...
         Starting Journal Service...
         Starting udev Coldplug all Devices...
         Starting Create list of required st…ce nodes for the current kernel...
[[0;32m  OK  [0m] Listening on Device-mapper event daemon FIFOs.
         Starting Monitoring of LVM2 mirrors…ng dmeventd or progress polling...
         Mounting Kernel Debug File System...
         Mounting POSIX Message Queue File System...
         Starting Remount Root and Kernel File Systems...
         Starting Uncomplicated firewall...
         Starting Set the console keyboard layout...
[[0;32m  OK  [0m] Reached target User and Group Name Lookups.
[   10.325712] random: crng init done
[   10.328686] random: 7 urandom warning(s) missed due to ratelimiting
         Starting Load Kernel Modules...
[   10.345444] EXT4-fs (sda1): re-mounted. Opts: (null)
[[0;32m  OK  [0m] Started Journal Service.
[[0;32m  OK  [0m] Mounted Huge Pages File System.
[[0;32m  OK  [0m] Started Create list of required sta…vice nodes for the current kernel.
[[0;32m  OK  [0m] Mounted Kernel Debug File System.
[[0;32m  OK  [0m] Mounted POSIX Message Queue File System.
[[0;32m  OK  [0m] Started Remount Root and Kernel File Systems.
[[0;32m  OK  [0m] Started Uncomplicated firewall.
[[0;32m  OK  [0m] Started LVM2 metadata daemon.
         Starting Load/Save Random Seed...
[   10.463088] lp: driver loaded but no devices found
         Starting Create Static Device Nodes in /dev...
         Starting Flush Journal to Persistent Storage...
[   10.553377] ppdev: user-space parallel port driver
[[0;32m  OK  [0m] Started Load/Save Random Seed.
[   10.602220] systemd-journald[406]: Received request to flush runtime journal from PID 1
[   10.626120] Loading iSCSI transport class v2.0-870.
[[0;32m  OK  [0m] Started Create Static Device Nodes in /dev.
         Starting udev Kernel Device Manager...
[[0;32m  OK  [0m] Started Monitoring of LVM2 mirrors,…sing dmeventd or progress polling.
[   10.684310] iscsi: registered transport (tcp)
[[0;32m  OK  [0m] Started udev Coldplug all Devices.
[   10.790610] systemd-journald[406]: File /var/log/journal/0f6a2901b9324feaaab9c4f818106ab5/system.journal corrupted or uncleanly shut down, renaming and replacing.
[   10.822228] iscsi: registered transport (iser)
[[0;32m  OK  [0m] Started Load Kernel Modules.
         Mounting Kernel Configuration File System...
         Mounting FUSE Control File System...
         Starting Apply Kernel Variables...
[[0;32m  OK  [0m] Mounted Kernel Configuration File System.
[[0;32m  OK  [0m] Mounted FUSE Control File System.
[[0;32m  OK  [0m] Started Set the console keyboard layout.
[[0;32m  OK  [0m] Reached target Local File Systems (Pre).
         Mounting /vagrant...
[[0;32m  OK  [0m] Reached target Local File Systems.
         Starting ebtables ruleset management...
         Starting Set console font and keymap...
         Starting Tell Plymouth To Write Out Runtime Data...
         Starting AppArmor initialization...
[[0;32m  OK  [0m] Started udev Kernel Device Manager.
[[0;32m  OK  [0m] Started Apply Kernel Variables.
[[0;32m  OK  [0m] Started Tell Plymouth To Write Out Runtime Data.
[[0;32m  OK  [0m] Started Dispatch Password Requests to Console Directory Watch.
[[0;32m  OK  [0m] Reached target Local Encrypted Volumes.
[[0;32m  OK  [0m] Started Set console font and keymap.
[[0;32m  OK  [0m] Mounted /vagrant.
[[0;32m  OK  [0m] Started Flush Journal to Persistent Storage.
         Starting Create Volatile Files and Directories...
[[0;32m  OK  [0m] Started Create Volatile Files and Directories.
         Starting Update UTMP about System Boot/Shutdown...
[[0;32m  OK  [0m] Started ebtables ruleset management.
[[0;32m  OK  [0m] Started Update UTMP about System Boot/Shutdown.
[[0;32m  OK  [0m] Started AppArmor initialization.
         Starting Load AppArmor profiles managed internally by snapd...
         Starting Initial cloud-init job (pre-networking)...
[[0;32m  OK  [0m] Started Load AppArmor profiles managed internally by snapd.
[[0;32m  OK  [0m] Found device /dev/ttyS0.
[[0;32m  OK  [0m] Listening on Load/Save RF Kill Switch Status /dev/rfkill Watch.
[   16.739157] cloud-init[533]: Cloud-init v. 20.3-2-g371b392c-0ubuntu1~18.04.1 running 'init-local' at Thu, 10 Dec 2020 10:54:11 +0000. Up 15.91 seconds.
[[0;32m  OK  [0m] Started Initial cloud-init job (pre-networking).
[[0;32m  OK  [0m] Reached target Network (Pre).
         Starting Network Service...
[[0;32m  OK  [0m] Started Network Service.
         Starting Wait for Network to be Configured...
         Starting Network Name Resolution...
[[0;32m  OK  [0m] Started Network Name Resolution.
[[0;32m  OK  [0m] Reached target Host and Network Name Lookups.
[[0;32m  OK  [0m] Started Wait for Network to be Configured.
         Starting Initial cloud-init job (metadata service crawler)...
[   21.238628] cloud-init[682]: Cloud-init v. 20.3-2-g371b392c-0ubuntu1~18.04.1 running 'init' at Thu, 10 Dec 2020 10:54:16 +0000. Up 20.69 seconds.
[   21.252455] cloud-init[682]: ci-info: ++++++++++++++++++++++++++++++++++++++Net device info++++++++++++++++++++++++++++++++++++++
[   21.255595] cloud-init[682]: ci-info: +--------+------+----------------------------+---------------+--------+-------------------+
[   21.264464] cloud-init[682]: ci-info: | Device |  Up  |          Address           |      Mask     | Scope  |     Hw-Address    |
[   21.276594] cloud-init[682]: ci-info: +--------+------+----------------------------+---------------+--------+-------------------+
[   21.278660] cloud-init[682]: ci-info: | enp0s3 | True |         10.0.2.15          | 255.255.255.0 | global | 02:c6:b0:25:69:cb |
[   21.281033] cloud-init[682]: ci-info: | enp0s3 | True | fe80::c6:b0ff:fe25:69cb/64 |       .       |  link  | 02:c6:b0:25:69:cb |
[   21.291962] cloud-init[682]: ci-info: |   lo   | True |         127.0.0.1          |   255.0.0.0   |  host  |         .         |
[   21.297103] cloud-init[682]: ci-info: |   lo   | True |          ::1/128           |       .       |  host  |         .         |
[   21.308561] cloud-init[682]: ci-info: +--------+------+----------------------------+---------------+--------+-------------------+
[   21.310985] cloud-init[682]: ci-info: ++++++++++++++++++++++++++++Route IPv4 info+++++++++++++++++++++++++++++
[   21.313083] cloud-init[682]: ci-info: +-------+-------------+----------+-----------------+-----------+-------+
[   21.324445] cloud-init[682]: ci-info: | Route | Destination | Gateway  |     Genmask     | Interface | Flags |
[   21.326732] cloud-init[682]: ci-info: +-------+-------------+----------+-----------------+-----------+-------+
[   21.328743] cloud-init[682]: ci-info: |   0   |   0.0.0.0   | 10.0.2.2 |     0.0.0.0     |   enp0s3  |   UG  |
[   21.331634] cloud-init[682]: ci-info: |   1   |   10.0.2.0  | 0.0.0.0  |  255.255.255.0  |   enp0s3  |   U   |
[   21.334008] cloud-init[682]: ci-info: |   2   |   10.0.2.2  | 0.0.0.0  | 255.255.255.255 |   enp0s3  |   UH  |
[   21.344428] cloud-init[682]: ci-info: +-------+-------------+----------+-----------------+-----------+-------+
[   21.346253] cloud-init[682]: ci-info: +++++++++++++++++++Route IPv6 info+++++++++++++++++++
[   21.356568] cloud-init[682]: ci-info: +-------+-------------+---------+-----------+-------+
[   21.368645] cloud-init[682]: ci-info: | Route | Destination | Gateway | Interface | Flags |
[   21.380367] cloud-init[682]: ci-info: +-------+-------------+---------+-----------+-------+
[   21.382280] cloud-init[682]: ci-info: |   1   |  fe80::/64  |    ::   |   enp0s3  |   U   |
[   21.400644] cloud-init[682]: ci-info: |   3   |    local    |    ::   |   enp0s3  |   U   |
[   21.403729] cloud-init[682]: ci-info: |   4   |   ff00::/8  |    ::   |   enp0s3  |   U   |
[   21.405901] cloud-init[682]: ci-info: +-------+-------------+---------+-----------+-------+
[[0;32m  OK  [0m] Started Initial cloud-init job (metadata service crawler).
[[0;32m  OK  [0m] Reached target Cloud-config availability.
[[0;32m  OK  [0m] Reached target System Initialization.
[[0;32m  OK  [0m] Listening on Avahi mDNS/DNS-SD Stack Activation Socket.
[[0;32m  OK  [0m] Listening on UUID daemon activation socket.
         Starting LXD - unix socket.
[[0;32m  OK  [0m] Started CUPS Scheduler.
[[0;32m  OK  [0m] Listening on CUPS Scheduler.
[[0;32m  OK  [0m] Started Discard unused blocks once a week.
[[0;32m  OK  [0m] Started Message of the Day.
[[0;32m  OK  [0m] Started Trigger anacron every hour.
[[0;32m  OK  [0m] Listening on D-Bus System Message Bus Socket.
[[0;32m  OK  [0m] Started Daily Cleanup of Temporary Directories.
[[0;32m  OK  [0m] Started Daily apt download activities.
         Starting Socket activation for snappy daemon.
[[0;32m  OK  [0m] Listening on ACPID Listen Socket.
[[0;32m  OK  [0m] Listening on Open-iSCSI iscsid Socket.
[[0;32m  OK  [0m] Started Daily apt upgrade and clean activities.
[[0;32m  OK  [0m] Reached target Timers.
[[0;32m  OK  [0m] Started ACPI Events Check.
[[0;32m  OK  [0m] Reached target Paths.
[[0;32m  OK  [0m] Listening on LXD - unix socket.
[[0;32m  OK  [0m] Listening on Socket activation for snappy daemon.
[[0;32m  OK  [0m] Reached target Sockets.
[[0;32m  OK  [0m] Reached target Basic System.
         Starting LSB: Record successful boot for GRUB...
         Starting Login Service...
         Starting LXD - container startup/shutdown...
         Starting Detect the available GPUs and deal with any system changes...
         Starting Disk Manager...
         Starting Dispatcher daemon for systemd-networkd...
[[0;32m  OK  [0m] Started CUPS Scheduler.
         Starting Avahi mDNS/DNS-SD Stack...
[[0;32m  OK  [0m] Started Regular background program processing daemon.
[[0;32m  OK  [0m] Started FUSE filesystem for LXC.
         Starting Modem Manager...
         Starting Accounts Service...
         Starting Open vSwitch Database Unit...
         Starting Virtualbox guest utils...
[[0;32m  OK  [0m] Started D-Bus System Message Bus.
[[0;32m  OK  [0m] Started Login Service.
         Starting Network Manager...
         Starting WPA supplicant...
[[0;32m  OK  [0m] Started Deferred execution scheduler.
[[0;32m  OK  [0m] Started ACPI event daemon.
[[0;32m  OK  [0m] Started irqbalance daemon.
         Starting Snap Daemon...
         Starting Restore /etc/resolv.conf i…fore the ppp link was shut down...
         Starting System Logging Service...
[[0;32m  OK  [0m] Started LXD - container startup/shutdown.
[[0;32m  OK  [0m] Started Detect the available GPUs and deal with any system changes.
[[0;32m  OK  [0m] Started Avahi mDNS/DNS-SD Stack.
[[0;32m  OK  [0m] Started WPA supplicant.
[[0;32m  OK  [0m] Started System Logging Service.
[[0;32m  OK  [0m] Started Restore /etc/resolv.conf if…before the ppp link was shut down.
         Starting Authorization Manager...
[[0;32m  OK  [0m] Started LSB: Record successful boot for GRUB.
[[0;32m  OK  [0m] Started Authorization Manager.
[[0;32m  OK  [0m] Started Accounts Service.
         Starting Hostname Service...
[[0;32m  OK  [0m] Started Virtualbox guest utils.
[[0;32m  OK  [0m] Started Modem Manager.
[[0;32m  OK  [0m] Started Dispatcher daemon for systemd-networkd.
[[0;32m  OK  [0m] Started Hostname Service.
[[0;32m  OK  [0m] Started Network Manager.
         Starting Network Manager Wait Online...
         Starting Network Manager Script Dispatcher Service...
[[0;32m  OK  [0m] Started Network Manager Script Dispatcher Service.
[[0;32m  OK  [0m] Started Disk Manager.
[[0;32m  OK  [0m] Started Network Manager Wait Online.
[[0;32m  OK  [0m] Started Snap Daemon.
         Starting Wait until snapd is fully seeded...
[[0;32m  OK  [0m] Started Wait until snapd is fully seeded.
[[0;32m  OK  [0m] Started Open vSwitch Database Unit.
         Starting Open vSwitch Forwarding Unit...
[[0;32m  OK  [0m] Started Open vSwitch Forwarding Unit.
         Starting Open vSwitch...
[[0;32m  OK  [0m] Started Open vSwitch.
[[0;32m  OK  [0m] Reached target Network.
[[0;32m  OK  [0m] Reached target Network is Online.
[[0;32m  OK  [0m] Reached target Remote File Systems (Pre).
[[0;32m  OK  [0m] Reached target Remote File Systems.
         Starting LSB: automatic crash report generation...
         Starting Tool to automatically coll… submit kernel crash signatures...
         Starting Permit User Sessions...
         Starting Availability of block devices...
         Starting Message of the Day...
         Starting OpenBSD Secure Shell server...
         Starting Apply the settings specified in cloud-config...
[[0;32m  OK  [0m] Started crash report submission daemon.
[[0;32m  OK  [0m] Started Unattended Upgrades Shutdown.
[[0;32m  OK  [0m] Started Availability of block devices.
[[0;32m  OK  [0m] Started Permit User Sessions.
         Starting Hold until boot process finishes up...
         Starting Light Display Manager...
[[0;32m  OK  [0m] Started Hold until boot process finishes up.
         Starting Set console scheme...
[[0;32m  OK  [0m] Started Serial Getty on ttyS0.
[[0;32m  OK  [0m] Started Set console scheme.
[[0;32m  OK  [0m] Created slice system-getty.slice.
[[0;32m  OK  [0m] Started Getty on tty1.
[[0;32m  OK  [0m] Reached target Login Prompts.
[[0;32m  OK  [0m] Started LSB: automatic crash report generation.
[[0;32m  OK  [0m] Started Tool to automatically colle…nd submit kernel crash signatures.
[[0;32m  OK  [0m] Started OpenBSD Secure Shell server.
[[0;32m  OK  [0m] Reached target Multi-User System.
[[0;32m  OK  [0m] Started Light Display Manager.
[[0;32m  OK  [0m] Reached target Graphical Interface.
         Starting Update UTMP about System Runlevel Changes...
[[0;32m  OK  [0m] Started Update UTMP about System Runlevel Changes.
[[0;32m  OK  [0m] Created slice User Slice of vagrant.
         Starting User Manager for UID 1000...
[[0;32m  OK  [0m] Started Session 1 of user vagrant.
[[0;32m  OK  [0m] Started User Manager for UID 1000.
[   32.072524] cloud-init[1222]: Cloud-init v. 20.3-2-g371b392c-0ubuntu1~18.04.1 running 'modules:config' at Thu, 10 Dec 2020 10:54:26 +0000. Up 31.24 seconds.

Ubuntu 18.04.5 LTS ubuntu-bionic ttyS0

ubuntu-bionic login: [   35.237020] cloud-init[1487]: Cloud-init v. 20.3-2-g371b392c-0ubuntu1~18.04.1 running 'modules:final' at Thu, 10 Dec 2020 10:54:29 +0000. Up 34.61 seconds.
[   35.237502] cloud-init[1487]: Cloud-init v. 20.3-2-g371b392c-0ubuntu1~18.04.1 finished at Thu, 10 Dec 2020 10:54:30 +0000. Datasource DataSourceNoCloud [seed=/dev/sdb][dsmode=net].  Up 35.20 seconds
