Calling target program-options parser
[22:32:36.025] [bmv2] [D] [thread 18901] Set default default entry for table 'MyIngress.ipv4_lpm': NoAction - 
Adding interface s1-eth1 as port 1
[22:32:36.027] [bmv2] [D] [thread 18901] Adding interface s1-eth1 as port 1
Adding interface s1-eth2 as port 2
[22:32:36.062] [bmv2] [D] [thread 18901] Adding interface s1-eth2 as port 2
Adding interface s1-eth3 as port 3
[22:32:36.097] [bmv2] [D] [thread 18901] Adding interface s1-eth3 as port 3
Server listening on 0.0.0.0:50051
[22:32:36.219] [bmv2] [I] [thread 18901] Starting Thrift server on port 9090
[22:32:36.219] [bmv2] [I] [thread 18901] Thrift server was started
[22:32:36.241] [bmv2] [D] [thread 18911] [0.0] [cxt 0] Processing packet received on port 3
[22:32:36.241] [bmv2] [D] [thread 18911] [0.0] [cxt 0] Parser 'parser': start
[22:32:36.241] [bmv2] [D] [thread 18911] [0.0] [cxt 0] Parser 'parser' entering state 'start'
[22:32:36.242] [bmv2] [D] [thread 18911] [0.0] [cxt 0] Extracting header 'ethernet'
[22:32:36.242] [bmv2] [D] [thread 18911] [0.0] [cxt 0] Parser state 'start': key is 86dd
[22:32:36.242] [bmv2] [T] [thread 18911] [0.0] [cxt 0] Bytes parsed: 14
[22:32:36.242] [bmv2] [D] [thread 18911] [0.0] [cxt 0] Parser 'parser': end
[22:32:36.242] [bmv2] [D] [thread 18911] [0.0] [cxt 0] Pipeline 'ingress': start
[22:32:36.242] [bmv2] [T] [thread 18911] [0.0] [cxt 0] routing.p4(122) Condition "hdr.ipv4.isValid()" (node_2) is false
[22:32:36.242] [bmv2] [D] [thread 18911] [0.0] [cxt 0] Pipeline 'ingress': end
[22:32:36.242] [bmv2] [D] [thread 18911] [0.0] [cxt 0] Egress port is 0
[22:32:36.242] [bmv2] [D] [thread 18912] [0.0] [cxt 0] Pipeline 'egress': start
[22:32:36.243] [bmv2] [D] [thread 18912] [0.0] [cxt 0] Pipeline 'egress': end
[22:32:36.243] [bmv2] [D] [thread 18912] [0.0] [cxt 0] Deparser 'deparser': start
[22:32:36.243] [bmv2] [D] [thread 18912] [0.0] [cxt 0] Deparser 'deparser': end
[22:32:36.243] [bmv2] [D] [thread 18916] [0.0] [cxt 0] Transmitting packet of size 76 out of port 0
[22:32:36.273] [bmv2] [D] [thread 18911] [1.0] [cxt 0] Processing packet received on port 1
[22:32:36.273] [bmv2] [D] [thread 18911] [1.0] [cxt 0] Parser 'parser': start
[22:32:36.273] [bmv2] [D] [thread 18911] [1.0] [cxt 0] Parser 'parser' entering state 'start'
[22:32:36.273] [bmv2] [D] [thread 18911] [1.0] [cxt 0] Extracting header 'ethernet'
[22:32:36.273] [bmv2] [D] [thread 18911] [1.0] [cxt 0] Parser state 'start': key is 86dd
[22:32:36.273] [bmv2] [T] [thread 18911] [1.0] [cxt 0] Bytes parsed: 14
[22:32:36.273] [bmv2] [D] [thread 18911] [1.0] [cxt 0] Parser 'parser': end
[22:32:36.273] [bmv2] [D] [thread 18911] [1.0] [cxt 0] Pipeline 'ingress': start
[22:32:36.274] [bmv2] [T] [thread 18911] [1.0] [cxt 0] routing.p4(122) Condition "hdr.ipv4.isValid()" (node_2) is false
[22:32:36.274] [bmv2] [D] [thread 18911] [1.0] [cxt 0] Pipeline 'ingress': end
[22:32:36.274] [bmv2] [D] [thread 18911] [1.0] [cxt 0] Egress port is 0
[22:32:36.274] [bmv2] [D] [thread 18911] [2.0] [cxt 0] Processing packet received on port 2
[22:32:36.274] [bmv2] [D] [thread 18912] [1.0] [cxt 0] Pipeline 'egress': start
[22:32:36.274] [bmv2] [D] [thread 18912] [1.0] [cxt 0] Pipeline 'egress': end
[22:32:36.274] [bmv2] [D] [thread 18912] [1.0] [cxt 0] Deparser 'deparser': start
[22:32:36.275] [bmv2] [D] [thread 18912] [1.0] [cxt 0] Deparser 'deparser': end
[22:32:36.275] [bmv2] [D] [thread 18916] [1.0] [cxt 0] Transmitting packet of size 72 out of port 0
[22:32:36.274] [bmv2] [D] [thread 18911] [2.0] [cxt 0] Parser 'parser': start
[22:32:36.275] [bmv2] [D] [thread 18911] [2.0] [cxt 0] Parser 'parser' entering state 'start'
[22:32:36.275] [bmv2] [D] [thread 18911] [2.0] [cxt 0] Extracting header 'ethernet'
[22:32:36.275] [bmv2] [D] [thread 18911] [2.0] [cxt 0] Parser state 'start': key is 86dd
[22:32:36.275] [bmv2] [T] [thread 18911] [2.0] [cxt 0] Bytes parsed: 14
[22:32:36.276] [bmv2] [D] [thread 18911] [2.0] [cxt 0] Parser 'parser': end
[22:32:36.276] [bmv2] [D] [thread 18911] [2.0] [cxt 0] Pipeline 'ingress': start
[22:32:36.276] [bmv2] [T] [thread 18911] [2.0] [cxt 0] routing.p4(122) Condition "hdr.ipv4.isValid()" (node_2) is false
[22:32:36.276] [bmv2] [D] [thread 18911] [2.0] [cxt 0] Pipeline 'ingress': end
[22:32:36.277] [bmv2] [D] [thread 18911] [2.0] [cxt 0] Egress port is 0
[22:32:36.277] [bmv2] [D] [thread 18912] [2.0] [cxt 0] Pipeline 'egress': start
[22:32:36.277] [bmv2] [D] [thread 18912] [2.0] [cxt 0] Pipeline 'egress': end
[22:32:36.277] [bmv2] [D] [thread 18912] [2.0] [cxt 0] Deparser 'deparser': start
[22:32:36.277] [bmv2] [D] [thread 18912] [2.0] [cxt 0] Deparser 'deparser': end
[22:32:36.278] [bmv2] [D] [thread 18916] [2.0] [cxt 0] Transmitting packet of size 72 out of port 0
[22:32:36.339] [bmv2] [D] [thread 18911] [3.0] [cxt 0] Processing packet received on port 2
[22:32:36.339] [bmv2] [D] [thread 18911] [3.0] [cxt 0] Parser 'parser': start
[22:32:36.340] [bmv2] [D] [thread 18911] [3.0] [cxt 0] Parser 'parser' entering state 'start'
[22:32:36.340] [bmv2] [D] [thread 18911] [3.0] [cxt 0] Extracting header 'ethernet'
[22:32:36.340] [bmv2] [D] [thread 18911] [3.0] [cxt 0] Parser state 'start': key is 86dd
[22:32:36.340] [bmv2] [T] [thread 18911] [3.0] [cxt 0] Bytes parsed: 14
[22:32:36.340] [bmv2] [D] [thread 18911] [3.0] [cxt 0] Parser 'parser': end
[22:32:36.341] [bmv2] [D] [thread 18911] [3.0] [cxt 0] Pipeline 'ingress': start
[22:32:36.341] [bmv2] [T] [thread 18911] [3.0] [cxt 0] routing.p4(122) Condition "hdr.ipv4.isValid()" (node_2) is false
[22:32:36.341] [bmv2] [D] [thread 18911] [3.0] [cxt 0] Pipeline 'ingress': end
[22:32:36.341] [bmv2] [D] [thread 18911] [3.0] [cxt 0] Egress port is 0
[22:32:36.342] [bmv2] [D] [thread 18912] [3.0] [cxt 0] Pipeline 'egress': start
[22:32:36.342] [bmv2] [D] [thread 18912] [3.0] [cxt 0] Pipeline 'egress': end
[22:32:36.342] [bmv2] [D] [thread 18912] [3.0] [cxt 0] Deparser 'deparser': start
[22:32:36.342] [bmv2] [D] [thread 18912] [3.0] [cxt 0] Deparser 'deparser': end
[22:32:36.342] [bmv2] [D] [thread 18916] [3.0] [cxt 0] Transmitting packet of size 76 out of port 0
[22:32:36.432] [bmv2] [D] [thread 18911] [4.0] [cxt 0] Processing packet received on port 2
[22:32:36.433] [bmv2] [D] [thread 18911] [4.0] [cxt 0] Parser 'parser': start
[22:32:36.433] [bmv2] [D] [thread 18911] [4.0] [cxt 0] Parser 'parser' entering state 'start'
[22:32:36.433] [bmv2] [D] [thread 18911] [4.0] [cxt 0] Extracting header 'ethernet'
[22:32:36.433] [bmv2] [D] [thread 18911] [4.0] [cxt 0] Parser state 'start': key is 86dd
[22:32:36.433] [bmv2] [T] [thread 18911] [4.0] [cxt 0] Bytes parsed: 14
[22:32:36.434] [bmv2] [D] [thread 18911] [4.0] [cxt 0] Parser 'parser': end
[22:32:36.434] [bmv2] [D] [thread 18911] [4.0] [cxt 0] Pipeline 'ingress': start
[22:32:36.434] [bmv2] [T] [thread 18911] [4.0] [cxt 0] routing.p4(122) Condition "hdr.ipv4.isValid()" (node_2) is false
[22:32:36.434] [bmv2] [D] [thread 18911] [4.0] [cxt 0] Pipeline 'ingress': end
[22:32:36.434] [bmv2] [D] [thread 18911] [4.0] [cxt 0] Egress port is 0
[22:32:36.434] [bmv2] [D] [thread 18911] [5.0] [cxt 0] Processing packet received on port 3
[22:32:36.435] [bmv2] [D] [thread 18911] [5.0] [cxt 0] Parser 'parser': start
[22:32:36.435] [bmv2] [D] [thread 18911] [5.0] [cxt 0] Parser 'parser' entering state 'start'
[22:32:36.435] [bmv2] [D] [thread 18911] [5.0] [cxt 0] Extracting header 'ethernet'
[22:32:36.435] [bmv2] [D] [thread 18911] [5.0] [cxt 0] Parser state 'start': key is 86dd
[22:32:36.435] [bmv2] [T] [thread 18911] [5.0] [cxt 0] Bytes parsed: 14
[22:32:36.435] [bmv2] [D] [thread 18911] [5.0] [cxt 0] Parser 'parser': end
[22:32:36.436] [bmv2] [D] [thread 18911] [5.0] [cxt 0] Pipeline 'ingress': start
[22:32:36.436] [bmv2] [T] [thread 18911] [5.0] [cxt 0] routing.p4(122) Condition "hdr.ipv4.isValid()" (node_2) is false
[22:32:36.436] [bmv2] [D] [thread 18911] [5.0] [cxt 0] Pipeline 'ingress': end
[22:32:36.436] [bmv2] [D] [thread 18911] [5.0] [cxt 0] Egress port is 0
[22:32:36.434] [bmv2] [D] [thread 18912] [4.0] [cxt 0] Pipeline 'egress': start
[22:32:36.436] [bmv2] [D] [thread 18912] [4.0] [cxt 0] Pipeline 'egress': end
[22:32:36.436] [bmv2] [D] [thread 18912] [4.0] [cxt 0] Deparser 'deparser': start
[22:32:36.437] [bmv2] [D] [thread 18912] [4.0] [cxt 0] Deparser 'deparser': end
[22:32:36.437] [bmv2] [D] [thread 18912] [5.0] [cxt 0] Pipeline 'egress': start
[22:32:36.437] [bmv2] [D] [thread 18912] [5.0] [cxt 0] Pipeline 'egress': end
[22:32:36.437] [bmv2] [D] [thread 18912] [5.0] [cxt 0] Deparser 'deparser': start
[22:32:36.437] [bmv2] [D] [thread 18912] [5.0] [cxt 0] Deparser 'deparser': end
[22:32:36.437] [bmv2] [D] [thread 18916] [4.0] [cxt 0] Transmitting packet of size 72 out of port 0
[22:32:36.438] [bmv2] [D] [thread 18916] [5.0] [cxt 0] Transmitting packet of size 72 out of port 0
[22:32:36.593] [bmv2] [D] [thread 18911] [6.0] [cxt 0] Processing packet received on port 3
[22:32:36.593] [bmv2] [D] [thread 18911] [6.0] [cxt 0] Parser 'parser': start
[22:32:36.593] [bmv2] [D] [thread 18911] [6.0] [cxt 0] Parser 'parser' entering state 'start'
[22:32:36.593] [bmv2] [D] [thread 18911] [6.0] [cxt 0] Extracting header 'ethernet'
[22:32:36.593] [bmv2] [D] [thread 18911] [6.0] [cxt 0] Parser state 'start': key is 86dd
[22:32:36.593] [bmv2] [T] [thread 18911] [6.0] [cxt 0] Bytes parsed: 14
[22:32:36.594] [bmv2] [D] [thread 18911] [6.0] [cxt 0] Parser 'parser': end
[22:32:36.594] [bmv2] [D] [thread 18911] [6.0] [cxt 0] Pipeline 'ingress': start
[22:32:36.594] [bmv2] [T] [thread 18911] [6.0] [cxt 0] routing.p4(122) Condition "hdr.ipv4.isValid()" (node_2) is false
[22:32:36.594] [bmv2] [D] [thread 18911] [6.0] [cxt 0] Pipeline 'ingress': end
[22:32:36.594] [bmv2] [D] [thread 18911] [6.0] [cxt 0] Egress port is 0
[22:32:36.595] [bmv2] [D] [thread 18912] [6.0] [cxt 0] Pipeline 'egress': start
[22:32:36.595] [bmv2] [D] [thread 18912] [6.0] [cxt 0] Pipeline 'egress': end
[22:32:36.595] [bmv2] [D] [thread 18912] [6.0] [cxt 0] Deparser 'deparser': start
[22:32:36.595] [bmv2] [D] [thread 18912] [6.0] [cxt 0] Deparser 'deparser': end
[22:32:36.595] [bmv2] [D] [thread 18916] [6.0] [cxt 0] Transmitting packet of size 76 out of port 0
[22:32:36.784] [bmv2] [D] [thread 18911] [7.0] [cxt 0] Processing packet received on port 1
[22:32:36.784] [bmv2] [D] [thread 18911] [7.0] [cxt 0] Parser 'parser': start
[22:32:36.785] [bmv2] [D] [thread 18911] [7.0] [cxt 0] Parser 'parser' entering state 'start'
[22:32:36.785] [bmv2] [D] [thread 18911] [7.0] [cxt 0] Extracting header 'ethernet'
[22:32:36.785] [bmv2] [D] [thread 18911] [7.0] [cxt 0] Parser state 'start': key is 86dd
[22:32:36.785] [bmv2] [T] [thread 18911] [7.0] [cxt 0] Bytes parsed: 14
[22:32:36.785] [bmv2] [D] [thread 18911] [7.0] [cxt 0] Parser 'parser': end
[22:32:36.785] [bmv2] [D] [thread 18911] [7.0] [cxt 0] Pipeline 'ingress': start
[22:32:36.785] [bmv2] [T] [thread 18911] [7.0] [cxt 0] routing.p4(122) Condition "hdr.ipv4.isValid()" (node_2) is false
[22:32:36.786] [bmv2] [D] [thread 18911] [7.0] [cxt 0] Pipeline 'ingress': end
[22:32:36.786] [bmv2] [D] [thread 18911] [7.0] [cxt 0] Egress port is 0
[22:32:36.786] [bmv2] [D] [thread 18911] [8.0] [cxt 0] Processing packet received on port 2
[22:32:36.786] [bmv2] [D] [thread 18911] [8.0] [cxt 0] Parser 'parser': start
[22:32:36.786] [bmv2] [D] [thread 18911] [8.0] [cxt 0] Parser 'parser' entering state 'start'
[22:32:36.786] [bmv2] [D] [thread 18911] [8.0] [cxt 0] Extracting header 'ethernet'
[22:32:36.787] [bmv2] [D] [thread 18911] [8.0] [cxt 0] Parser state 'start': key is 86dd
[22:32:36.787] [bmv2] [T] [thread 18911] [8.0] [cxt 0] Bytes parsed: 14
[22:32:36.787] [bmv2] [D] [thread 18911] [8.0] [cxt 0] Parser 'parser': end
[22:32:36.787] [bmv2] [D] [thread 18911] [8.0] [cxt 0] Pipeline 'ingress': start
[22:32:36.787] [bmv2] [T] [thread 18911] [8.0] [cxt 0] routing.p4(122) Condition "hdr.ipv4.isValid()" (node_2) is false
[22:32:36.788] [bmv2] [D] [thread 18911] [8.0] [cxt 0] Pipeline 'ingress': end
[22:32:36.788] [bmv2] [D] [thread 18911] [8.0] [cxt 0] Egress port is 0
[22:32:36.786] [bmv2] [D] [thread 18912] [7.0] [cxt 0] Pipeline 'egress': start
[22:32:36.788] [bmv2] [D] [thread 18912] [7.0] [cxt 0] Pipeline 'egress': end
[22:32:36.788] [bmv2] [D] [thread 18912] [7.0] [cxt 0] Deparser 'deparser': start
[22:32:36.788] [bmv2] [D] [thread 18912] [7.0] [cxt 0] Deparser 'deparser': end
[22:32:36.789] [bmv2] [D] [thread 18912] [8.0] [cxt 0] Pipeline 'egress': start
[22:32:36.789] [bmv2] [D] [thread 18912] [8.0] [cxt 0] Pipeline 'egress': end
[22:32:36.789] [bmv2] [D] [thread 18912] [8.0] [cxt 0] Deparser 'deparser': start
[22:32:36.789] [bmv2] [D] [thread 18912] [8.0] [cxt 0] Deparser 'deparser': end
[22:32:36.789] [bmv2] [D] [thread 18916] [7.0] [cxt 0] Transmitting packet of size 76 out of port 0
[22:32:36.789] [bmv2] [D] [thread 18916] [8.0] [cxt 0] Transmitting packet of size 76 out of port 0
[22:32:36.827] [bmv2] [D] [thread 18911] [9.0] [cxt 0] Processing packet received on port 3
[22:32:36.828] [bmv2] [D] [thread 18911] [9.0] [cxt 0] Parser 'parser': start
[22:32:36.828] [bmv2] [D] [thread 18911] [9.0] [cxt 0] Parser 'parser' entering state 'start'
[22:32:36.828] [bmv2] [D] [thread 18911] [9.0] [cxt 0] Extracting header 'ethernet'
[22:32:36.828] [bmv2] [D] [thread 18911] [9.0] [cxt 0] Parser state 'start': key is 86dd
[22:32:36.828] [bmv2] [T] [thread 18911] [9.0] [cxt 0] Bytes parsed: 14
[22:32:36.828] [bmv2] [D] [thread 18911] [9.0] [cxt 0] Parser 'parser': end
[22:32:36.828] [bmv2] [D] [thread 18911] [9.0] [cxt 0] Pipeline 'ingress': start
[22:32:36.829] [bmv2] [T] [thread 18911] [9.0] [cxt 0] routing.p4(122) Condition "hdr.ipv4.isValid()" (node_2) is false
[22:32:36.829] [bmv2] [D] [thread 18911] [9.0] [cxt 0] Pipeline 'ingress': end
[22:32:36.829] [bmv2] [D] [thread 18911] [9.0] [cxt 0] Egress port is 0
[22:32:36.829] [bmv2] [D] [thread 18912] [9.0] [cxt 0] Pipeline 'egress': start
[22:32:36.829] [bmv2] [D] [thread 18912] [9.0] [cxt 0] Pipeline 'egress': end
[22:32:36.829] [bmv2] [D] [thread 18912] [9.0] [cxt 0] Deparser 'deparser': start
[22:32:36.830] [bmv2] [D] [thread 18912] [9.0] [cxt 0] Deparser 'deparser': end
[22:32:36.830] [bmv2] [D] [thread 18916] [9.0] [cxt 0] Transmitting packet of size 72 out of port 0
[22:32:37.299] [bmv2] [D] [thread 18911] [10.0] [cxt 0] Processing packet received on port 1
[22:32:37.299] [bmv2] [D] [thread 18911] [10.0] [cxt 0] Parser 'parser': start
[22:32:37.299] [bmv2] [D] [thread 18911] [10.0] [cxt 0] Parser 'parser' entering state 'start'
[22:32:37.299] [bmv2] [D] [thread 18911] [10.0] [cxt 0] Extracting header 'ethernet'
[22:32:37.299] [bmv2] [D] [thread 18911] [10.0] [cxt 0] Parser state 'start': key is 86dd
[22:32:37.299] [bmv2] [T] [thread 18911] [10.0] [cxt 0] Bytes parsed: 14
[22:32:37.300] [bmv2] [D] [thread 18911] [10.0] [cxt 0] Parser 'parser': end
[22:32:37.300] [bmv2] [D] [thread 18911] [10.0] [cxt 0] Pipeline 'ingress': start
[22:32:37.300] [bmv2] [T] [thread 18911] [10.0] [cxt 0] routing.p4(122) Condition "hdr.ipv4.isValid()" (node_2) is false
[22:32:37.300] [bmv2] [D] [thread 18911] [10.0] [cxt 0] Pipeline 'ingress': end
[22:32:37.300] [bmv2] [D] [thread 18911] [10.0] [cxt 0] Egress port is 0
[22:32:37.300] [bmv2] [D] [thread 18911] [11.0] [cxt 0] Processing packet received on port 2
[22:32:37.300] [bmv2] [D] [thread 18912] [10.0] [cxt 0] Pipeline 'egress': start
[22:32:37.301] [bmv2] [D] [thread 18912] [10.0] [cxt 0] Pipeline 'egress': end
[22:32:37.301] [bmv2] [D] [thread 18912] [10.0] [cxt 0] Deparser 'deparser': start
[22:32:37.301] [bmv2] [D] [thread 18912] [10.0] [cxt 0] Deparser 'deparser': end
[22:32:37.301] [bmv2] [D] [thread 18916] [10.0] [cxt 0] Transmitting packet of size 76 out of port 0
[22:32:37.300] [bmv2] [D] [thread 18911] [11.0] [cxt 0] Parser 'parser': start
[22:32:37.301] [bmv2] [D] [thread 18911] [11.0] [cxt 0] Parser 'parser' entering state 'start'
[22:32:37.301] [bmv2] [D] [thread 18911] [11.0] [cxt 0] Extracting header 'ethernet'
[22:32:37.301] [bmv2] [D] [thread 18911] [11.0] [cxt 0] Parser state 'start': key is 86dd
[22:32:37.302] [bmv2] [T] [thread 18911] [11.0] [cxt 0] Bytes parsed: 14
[22:32:37.302] [bmv2] [D] [thread 18911] [11.0] [cxt 0] Parser 'parser': end
[22:32:37.302] [bmv2] [D] [thread 18911] [11.0] [cxt 0] Pipeline 'ingress': start
[22:32:37.302] [bmv2] [T] [thread 18911] [11.0] [cxt 0] routing.p4(122) Condition "hdr.ipv4.isValid()" (node_2) is false
[22:32:37.302] [bmv2] [D] [thread 18911] [11.0] [cxt 0] Pipeline 'ingress': end
[22:32:37.302] [bmv2] [D] [thread 18911] [11.0] [cxt 0] Egress port is 0
[22:32:37.302] [bmv2] [D] [thread 18911] [12.0] [cxt 0] Processing packet received on port 1
[22:32:37.302] [bmv2] [D] [thread 18912] [11.0] [cxt 0] Pipeline 'egress': start
[22:32:37.303] [bmv2] [D] [thread 18912] [11.0] [cxt 0] Pipeline 'egress': end
[22:32:37.303] [bmv2] [D] [thread 18912] [11.0] [cxt 0] Deparser 'deparser': start
[22:32:37.303] [bmv2] [D] [thread 18912] [11.0] [cxt 0] Deparser 'deparser': end
[22:32:37.303] [bmv2] [D] [thread 18916] [11.0] [cxt 0] Transmitting packet of size 76 out of port 0
[22:32:37.302] [bmv2] [D] [thread 18911] [12.0] [cxt 0] Parser 'parser': start
[22:32:37.303] [bmv2] [D] [thread 18911] [12.0] [cxt 0] Parser 'parser' entering state 'start'
[22:32:37.304] [bmv2] [D] [thread 18911] [12.0] [cxt 0] Extracting header 'ethernet'
[22:32:37.304] [bmv2] [D] [thread 18911] [12.0] [cxt 0] Parser state 'start': key is 86dd
[22:32:37.304] [bmv2] [T] [thread 18911] [12.0] [cxt 0] Bytes parsed: 14
[22:32:37.304] [bmv2] [D] [thread 18911] [12.0] [cxt 0] Parser 'parser': end
[22:32:37.304] [bmv2] [D] [thread 18911] [12.0] [cxt 0] Pipeline 'ingress': start
[22:32:37.304] [bmv2] [T] [thread 18911] [12.0] [cxt 0] routing.p4(122) Condition "hdr.ipv4.isValid()" (node_2) is false
[22:32:37.304] [bmv2] [D] [thread 18911] [12.0] [cxt 0] Pipeline 'ingress': end
[22:32:37.304] [bmv2] [D] [thread 18911] [12.0] [cxt 0] Egress port is 0
[22:32:37.304] [bmv2] [D] [thread 18911] [13.0] [cxt 0] Processing packet received on port 2
[22:32:37.304] [bmv2] [D] [thread 18911] [13.0] [cxt 0] Parser 'parser': start
[22:32:37.304] [bmv2] [D] [thread 18911] [13.0] [cxt 0] Parser 'parser' entering state 'start'
[22:32:37.305] [bmv2] [D] [thread 18911] [13.0] [cxt 0] Extracting header 'ethernet'
[22:32:37.305] [bmv2] [D] [thread 18911] [13.0] [cxt 0] Parser state 'start': key is 86dd
[22:32:37.305] [bmv2] [T] [thread 18911] [13.0] [cxt 0] Bytes parsed: 14
[22:32:37.305] [bmv2] [D] [thread 18911] [13.0] [cxt 0] Parser 'parser': end
[22:32:37.305] [bmv2] [D] [thread 18911] [13.0] [cxt 0] Pipeline 'ingress': start
[22:32:37.305] [bmv2] [T] [thread 18911] [13.0] [cxt 0] routing.p4(122) Condition "hdr.ipv4.isValid()" (node_2) is false
[22:32:37.305] [bmv2] [D] [thread 18911] [13.0] [cxt 0] Pipeline 'ingress': end
[22:32:37.305] [bmv2] [D] [thread 18911] [13.0] [cxt 0] Egress port is 0
[22:32:37.304] [bmv2] [D] [thread 18912] [12.0] [cxt 0] Pipeline 'egress': start
[22:32:37.306] [bmv2] [D] [thread 18912] [12.0] [cxt 0] Pipeline 'egress': end
[22:32:37.306] [bmv2] [D] [thread 18912] [12.0] [cxt 0] Deparser 'deparser': start
[22:32:37.306] [bmv2] [D] [thread 18912] [12.0] [cxt 0] Deparser 'deparser': end
[22:32:37.307] [bmv2] [D] [thread 18912] [13.0] [cxt 0] Pipeline 'egress': start
[22:32:37.307] [bmv2] [D] [thread 18912] [13.0] [cxt 0] Pipeline 'egress': end
[22:32:37.307] [bmv2] [D] [thread 18912] [13.0] [cxt 0] Deparser 'deparser': start
[22:32:37.307] [bmv2] [D] [thread 18912] [13.0] [cxt 0] Deparser 'deparser': end
[22:32:37.307] [bmv2] [D] [thread 18916] [12.0] [cxt 0] Transmitting packet of size 56 out of port 0
[22:32:37.308] [bmv2] [D] [thread 18916] [13.0] [cxt 0] Transmitting packet of size 56 out of port 0
[22:32:37.308] [bmv2] [D] [thread 18911] [14.0] [cxt 0] Processing packet received on port 1
[22:32:37.308] [bmv2] [D] [thread 18911] [14.0] [cxt 0] Parser 'parser': start
[22:32:37.308] [bmv2] [D] [thread 18911] [14.0] [cxt 0] Parser 'parser' entering state 'start'
[22:32:37.309] [bmv2] [D] [thread 18911] [14.0] [cxt 0] Extracting header 'ethernet'
[22:32:37.309] [bmv2] [D] [thread 18911] [14.0] [cxt 0] Parser state 'start': key is 86dd
[22:32:37.309] [bmv2] [T] [thread 18911] [14.0] [cxt 0] Bytes parsed: 14
[22:32:37.309] [bmv2] [D] [thread 18911] [14.0] [cxt 0] Parser 'parser': end
[22:32:37.309] [bmv2] [D] [thread 18911] [14.0] [cxt 0] Pipeline 'ingress': start
[22:32:37.310] [bmv2] [T] [thread 18911] [14.0] [cxt 0] routing.p4(122) Condition "hdr.ipv4.isValid()" (node_2) is false
[22:32:37.310] [bmv2] [D] [thread 18911] [14.0] [cxt 0] Pipeline 'ingress': end
[22:32:37.310] [bmv2] [D] [thread 18911] [14.0] [cxt 0] Egress port is 0
[22:32:37.310] [bmv2] [D] [thread 18911] [15.0] [cxt 0] Processing packet received on port 2
[22:32:37.310] [bmv2] [D] [thread 18912] [14.0] [cxt 0] Pipeline 'egress': start
[22:32:37.310] [bmv2] [D] [thread 18912] [14.0] [cxt 0] Pipeline 'egress': end
[22:32:37.310] [bmv2] [D] [thread 18912] [14.0] [cxt 0] Deparser 'deparser': start
[22:32:37.311] [bmv2] [D] [thread 18912] [14.0] [cxt 0] Deparser 'deparser': end
[22:32:37.311] [bmv2] [D] [thread 18916] [14.0] [cxt 0] Transmitting packet of size 76 out of port 0
[22:32:37.310] [bmv2] [D] [thread 18911] [15.0] [cxt 0] Parser 'parser': start
[22:32:37.311] [bmv2] [D] [thread 18911] [15.0] [cxt 0] Parser 'parser' entering state 'start'
[22:32:37.311] [bmv2] [D] [thread 18911] [15.0] [cxt 0] Extracting header 'ethernet'
[22:32:37.311] [bmv2] [D] [thread 18911] [15.0] [cxt 0] Parser state 'start': key is 86dd
[22:32:37.311] [bmv2] [T] [thread 18911] [15.0] [cxt 0] Bytes parsed: 14
[22:32:37.312] [bmv2] [D] [thread 18911] [15.0] [cxt 0] Parser 'parser': end
[22:32:37.312] [bmv2] [D] [thread 18911] [15.0] [cxt 0] Pipeline 'ingress': start
[22:32:37.312] [bmv2] [T] [thread 18911] [15.0] [cxt 0] routing.p4(122) Condition "hdr.ipv4.isValid()" (node_2) is false
[22:32:37.312] [bmv2] [D] [thread 18911] [15.0] [cxt 0] Pipeline 'ingress': end
[22:32:37.312] [bmv2] [D] [thread 18911] [15.0] [cxt 0] Egress port is 0
[22:32:37.312] [bmv2] [D] [thread 18912] [15.0] [cxt 0] Pipeline 'egress': start
[22:32:37.312] [bmv2] [D] [thread 18912] [15.0] [cxt 0] Pipeline 'egress': end
[22:32:37.313] [bmv2] [D] [thread 18912] [15.0] [cxt 0] Deparser 'deparser': start
[22:32:37.313] [bmv2] [D] [thread 18912] [15.0] [cxt 0] Deparser 'deparser': end
[22:32:37.313] [bmv2] [D] [thread 18916] [15.0] [cxt 0] Transmitting packet of size 76 out of port 0
[22:32:37.369] [bmv2] [D] [thread 18911] [16.0] [cxt 0] Processing packet received on port 2
[22:32:37.369] [bmv2] [D] [thread 18911] [16.0] [cxt 0] Parser 'parser': start
[22:32:37.369] [bmv2] [D] [thread 18911] [16.0] [cxt 0] Parser 'parser' entering state 'start'
[22:32:37.370] [bmv2] [D] [thread 18911] [16.0] [cxt 0] Extracting header 'ethernet'
[22:32:37.370] [bmv2] [D] [thread 18911] [16.0] [cxt 0] Parser state 'start': key is 86dd
[22:32:37.370] [bmv2] [T] [thread 18911] [16.0] [cxt 0] Bytes parsed: 14
[22:32:37.370] [bmv2] [D] [thread 18911] [16.0] [cxt 0] Parser 'parser': end
[22:32:37.370] [bmv2] [D] [thread 18911] [16.0] [cxt 0] Pipeline 'ingress': start
[22:32:37.370] [bmv2] [T] [thread 18911] [16.0] [cxt 0] routing.p4(122) Condition "hdr.ipv4.isValid()" (node_2) is false
[22:32:37.370] [bmv2] [D] [thread 18911] [16.0] [cxt 0] Pipeline 'ingress': end
[22:32:37.370] [bmv2] [D] [thread 18911] [16.0] [cxt 0] Egress port is 0
[22:32:37.371] [bmv2] [D] [thread 18912] [16.0] [cxt 0] Pipeline 'egress': start
[22:32:37.371] [bmv2] [D] [thread 18912] [16.0] [cxt 0] Pipeline 'egress': end
[22:32:37.371] [bmv2] [D] [thread 18912] [16.0] [cxt 0] Deparser 'deparser': start
[22:32:37.371] [bmv2] [D] [thread 18912] [16.0] [cxt 0] Deparser 'deparser': end
[22:32:37.371] [bmv2] [D] [thread 18916] [16.0] [cxt 0] Transmitting packet of size 76 out of port 0
[22:32:37.459] [bmv2] [D] [thread 18911] [17.0] [cxt 0] Processing packet received on port 2
[22:32:37.459] [bmv2] [D] [thread 18911] [17.0] [cxt 0] Parser 'parser': start
[22:32:37.459] [bmv2] [D] [thread 18911] [17.0] [cxt 0] Parser 'parser' entering state 'start'
[22:32:37.459] [bmv2] [D] [thread 18911] [17.0] [cxt 0] Extracting header 'ethernet'
[22:32:37.459] [bmv2] [D] [thread 18911] [17.0] [cxt 0] Parser state 'start': key is 86dd
[22:32:37.460] [bmv2] [T] [thread 18911] [17.0] [cxt 0] Bytes parsed: 14
[22:32:37.460] [bmv2] [D] [thread 18911] [17.0] [cxt 0] Parser 'parser': end
[22:32:37.460] [bmv2] [D] [thread 18911] [17.0] [cxt 0] Pipeline 'ingress': start
[22:32:37.460] [bmv2] [T] [thread 18911] [17.0] [cxt 0] routing.p4(122) Condition "hdr.ipv4.isValid()" (node_2) is false
[22:32:37.462] [bmv2] [D] [thread 18911] [17.0] [cxt 0] Pipeline 'ingress': end
[22:32:37.462] [bmv2] [D] [thread 18911] [17.0] [cxt 0] Egress port is 0
[22:32:37.462] [bmv2] [D] [thread 18912] [17.0] [cxt 0] Pipeline 'egress': start
[22:32:37.463] [bmv2] [D] [thread 18912] [17.0] [cxt 0] Pipeline 'egress': end
[22:32:37.463] [bmv2] [D] [thread 18912] [17.0] [cxt 0] Deparser 'deparser': start
[22:32:37.463] [bmv2] [D] [thread 18912] [17.0] [cxt 0] Deparser 'deparser': end
[22:32:37.463] [bmv2] [D] [thread 18916] [17.0] [cxt 0] Transmitting packet of size 76 out of port 0
[22:32:37.462] [bmv2] [D] [thread 18911] [18.0] [cxt 0] Processing packet received on port 3
[22:32:37.463] [bmv2] [D] [thread 18911] [18.0] [cxt 0] Parser 'parser': start
[22:32:37.463] [bmv2] [D] [thread 18911] [18.0] [cxt 0] Parser 'parser' entering state 'start'
[22:32:37.463] [bmv2] [D] [thread 18911] [18.0] [cxt 0] Extracting header 'ethernet'
[22:32:37.464] [bmv2] [D] [thread 18911] [18.0] [cxt 0] Parser state 'start': key is 86dd
[22:32:37.464] [bmv2] [T] [thread 18911] [18.0] [cxt 0] Bytes parsed: 14
[22:32:37.464] [bmv2] [D] [thread 18911] [18.0] [cxt 0] Parser 'parser': end
[22:32:37.464] [bmv2] [D] [thread 18911] [18.0] [cxt 0] Pipeline 'ingress': start
[22:32:37.464] [bmv2] [T] [thread 18911] [18.0] [cxt 0] routing.p4(122) Condition "hdr.ipv4.isValid()" (node_2) is false
[22:32:37.465] [bmv2] [D] [thread 18911] [18.0] [cxt 0] Pipeline 'ingress': end
[22:32:37.465] [bmv2] [D] [thread 18911] [18.0] [cxt 0] Egress port is 0
[22:32:37.465] [bmv2] [D] [thread 18911] [19.0] [cxt 0] Processing packet received on port 2
[22:32:37.465] [bmv2] [D] [thread 18911] [19.0] [cxt 0] Parser 'parser': start
[22:32:37.465] [bmv2] [D] [thread 18911] [19.0] [cxt 0] Parser 'parser' entering state 'start'
[22:32:37.465] [bmv2] [D] [thread 18911] [19.0] [cxt 0] Extracting header 'ethernet'
[22:32:37.466] [bmv2] [D] [thread 18911] [19.0] [cxt 0] Parser state 'start': key is 86dd
[22:32:37.466] [bmv2] [T] [thread 18911] [19.0] [cxt 0] Bytes parsed: 14
[22:32:37.466] [bmv2] [D] [thread 18911] [19.0] [cxt 0] Parser 'parser': end
[22:32:37.466] [bmv2] [D] [thread 18911] [19.0] [cxt 0] Pipeline 'ingress': start
[22:32:37.466] [bmv2] [T] [thread 18911] [19.0] [cxt 0] routing.p4(122) Condition "hdr.ipv4.isValid()" (node_2) is false
[22:32:37.467] [bmv2] [D] [thread 18911] [19.0] [cxt 0] Pipeline 'ingress': end
[22:32:37.467] [bmv2] [D] [thread 18911] [19.0] [cxt 0] Egress port is 0
[22:32:37.467] [bmv2] [D] [thread 18911] [20.0] [cxt 0] Processing packet received on port 3
[22:32:37.467] [bmv2] [D] [thread 18911] [20.0] [cxt 0] Parser 'parser': start
[22:32:37.467] [bmv2] [D] [thread 18911] [20.0] [cxt 0] Parser 'parser' entering state 'start'
[22:32:37.467] [bmv2] [D] [thread 18911] [20.0] [cxt 0] Extracting header 'ethernet'
[22:32:37.465] [bmv2] [D] [thread 18912] [18.0] [cxt 0] Pipeline 'egress': start
[22:32:37.468] [bmv2] [D] [thread 18912] [18.0] [cxt 0] Pipeline 'egress': end
[22:32:37.468] [bmv2] [D] [thread 18912] [18.0] [cxt 0] Deparser 'deparser': start
[22:32:37.468] [bmv2] [D] [thread 18912] [18.0] [cxt 0] Deparser 'deparser': end
[22:32:37.468] [bmv2] [D] [thread 18912] [19.0] [cxt 0] Pipeline 'egress': start
[22:32:37.468] [bmv2] [D] [thread 18912] [19.0] [cxt 0] Pipeline 'egress': end
[22:32:37.469] [bmv2] [D] [thread 18912] [19.0] [cxt 0] Deparser 'deparser': start
[22:32:37.469] [bmv2] [D] [thread 18912] [19.0] [cxt 0] Deparser 'deparser': end
[22:32:37.468] [bmv2] [D] [thread 18916] [18.0] [cxt 0] Transmitting packet of size 76 out of port 0
[22:32:37.469] [bmv2] [D] [thread 18916] [19.0] [cxt 0] Transmitting packet of size 56 out of port 0
[22:32:37.467] [bmv2] [D] [thread 18911] [20.0] [cxt 0] Parser state 'start': key is 86dd
[22:32:37.469] [bmv2] [T] [thread 18911] [20.0] [cxt 0] Bytes parsed: 14
[22:32:37.469] [bmv2] [D] [thread 18911] [20.0] [cxt 0] Parser 'parser': end
[22:32:37.469] [bmv2] [D] [thread 18911] [20.0] [cxt 0] Pipeline 'ingress': start
[22:32:37.470] [bmv2] [T] [thread 18911] [20.0] [cxt 0] routing.p4(122) Condition "hdr.ipv4.isValid()" (node_2) is false
[22:32:37.470] [bmv2] [D] [thread 18911] [20.0] [cxt 0] Pipeline 'ingress': end
[22:32:37.470] [bmv2] [D] [thread 18911] [20.0] [cxt 0] Egress port is 0
[22:32:37.470] [bmv2] [D] [thread 18911] [21.0] [cxt 0] Processing packet received on port 2
[22:32:37.470] [bmv2] [D] [thread 18912] [20.0] [cxt 0] Pipeline 'egress': start
[22:32:37.470] [bmv2] [D] [thread 18912] [20.0] [cxt 0] Pipeline 'egress': end
[22:32:37.470] [bmv2] [D] [thread 18912] [20.0] [cxt 0] Deparser 'deparser': start
[22:32:37.470] [bmv2] [D] [thread 18912] [20.0] [cxt 0] Deparser 'deparser': end
[22:32:37.471] [bmv2] [D] [thread 18916] [20.0] [cxt 0] Transmitting packet of size 56 out of port 0
[22:32:37.470] [bmv2] [D] [thread 18911] [21.0] [cxt 0] Parser 'parser': start
[22:32:37.471] [bmv2] [D] [thread 18911] [21.0] [cxt 0] Parser 'parser' entering state 'start'
[22:32:37.471] [bmv2] [D] [thread 18911] [21.0] [cxt 0] Extracting header 'ethernet'
[22:32:37.471] [bmv2] [D] [thread 18911] [21.0] [cxt 0] Parser state 'start': key is 86dd
[22:32:37.471] [bmv2] [T] [thread 18911] [21.0] [cxt 0] Bytes parsed: 14
[22:32:37.471] [bmv2] [D] [thread 18911] [21.0] [cxt 0] Parser 'parser': end
[22:32:37.471] [bmv2] [D] [thread 18911] [21.0] [cxt 0] Pipeline 'ingress': start
[22:32:37.471] [bmv2] [T] [thread 18911] [21.0] [cxt 0] routing.p4(122) Condition "hdr.ipv4.isValid()" (node_2) is false
[22:32:37.471] [bmv2] [D] [thread 18911] [21.0] [cxt 0] Pipeline 'ingress': end
[22:32:37.471] [bmv2] [D] [thread 18911] [21.0] [cxt 0] Egress port is 0
[22:32:37.471] [bmv2] [D] [thread 18911] [22.0] [cxt 0] Processing packet received on port 3
[22:32:37.471] [bmv2] [D] [thread 18911] [22.0] [cxt 0] Parser 'parser': start
[22:32:37.471] [bmv2] [D] [thread 18911] [22.0] [cxt 0] Parser 'parser' entering state 'start'
[22:32:37.471] [bmv2] [D] [thread 18911] [22.0] [cxt 0] Extracting header 'ethernet'
[22:32:37.471] [bmv2] [D] [thread 18912] [21.0] [cxt 0] Pipeline 'egress': start
[22:32:37.472] [bmv2] [D] [thread 18912] [21.0] [cxt 0] Pipeline 'egress': end
[22:32:37.472] [bmv2] [D] [thread 18912] [21.0] [cxt 0] Deparser 'deparser': start
[22:32:37.472] [bmv2] [D] [thread 18912] [21.0] [cxt 0] Deparser 'deparser': end
[22:32:37.472] [bmv2] [D] [thread 18916] [21.0] [cxt 0] Transmitting packet of size 76 out of port 0
[22:32:37.471] [bmv2] [D] [thread 18911] [22.0] [cxt 0] Parser state 'start': key is 86dd
[22:32:37.472] [bmv2] [T] [thread 18911] [22.0] [cxt 0] Bytes parsed: 14
[22:32:37.472] [bmv2] [D] [thread 18911] [22.0] [cxt 0] Parser 'parser': end
[22:32:37.472] [bmv2] [D] [thread 18911] [22.0] [cxt 0] Pipeline 'ingress': start
[22:32:37.472] [bmv2] [T] [thread 18911] [22.0] [cxt 0] routing.p4(122) Condition "hdr.ipv4.isValid()" (node_2) is false
[22:32:37.472] [bmv2] [D] [thread 18911] [22.0] [cxt 0] Pipeline 'ingress': end
[22:32:37.472] [bmv2] [D] [thread 18911] [22.0] [cxt 0] Egress port is 0
[22:32:37.472] [bmv2] [D] [thread 18912] [22.0] [cxt 0] Pipeline 'egress': start
[22:32:37.472] [bmv2] [D] [thread 18912] [22.0] [cxt 0] Pipeline 'egress': end
[22:32:37.473] [bmv2] [D] [thread 18912] [22.0] [cxt 0] Deparser 'deparser': start
[22:32:37.473] [bmv2] [D] [thread 18912] [22.0] [cxt 0] Deparser 'deparser': end
[22:32:37.473] [bmv2] [D] [thread 18916] [22.0] [cxt 0] Transmitting packet of size 76 out of port 0
[22:32:37.505] [bmv2] [D] [thread 18911] [23.0] [cxt 0] Processing packet received on port 1
[22:32:37.506] [bmv2] [D] [thread 18911] [23.0] [cxt 0] Parser 'parser': start
[22:32:37.506] [bmv2] [D] [thread 18911] [23.0] [cxt 0] Parser 'parser' entering state 'start'
[22:32:37.506] [bmv2] [D] [thread 18911] [23.0] [cxt 0] Extracting header 'ethernet'
[22:32:37.506] [bmv2] [D] [thread 18911] [23.0] [cxt 0] Parser state 'start': key is 86dd
[22:32:37.506] [bmv2] [T] [thread 18911] [23.0] [cxt 0] Bytes parsed: 14
[22:32:37.506] [bmv2] [D] [thread 18911] [23.0] [cxt 0] Parser 'parser': end
[22:32:37.506] [bmv2] [D] [thread 18911] [23.0] [cxt 0] Pipeline 'ingress': start
[22:32:37.507] [bmv2] [T] [thread 18911] [23.0] [cxt 0] routing.p4(122) Condition "hdr.ipv4.isValid()" (node_2) is false
[22:32:37.508] [bmv2] [D] [thread 18911] [23.0] [cxt 0] Pipeline 'ingress': end
[22:32:37.508] [bmv2] [D] [thread 18911] [23.0] [cxt 0] Egress port is 0
[22:32:37.508] [bmv2] [D] [thread 18911] [24.0] [cxt 0] Processing packet received on port 2
[22:32:37.508] [bmv2] [D] [thread 18911] [24.0] [cxt 0] Parser 'parser': start
[22:32:37.508] [bmv2] [D] [thread 18911] [24.0] [cxt 0] Parser 'parser' entering state 'start'
[22:32:37.509] [bmv2] [D] [thread 18911] [24.0] [cxt 0] Extracting header 'ethernet'
[22:32:37.509] [bmv2] [D] [thread 18911] [24.0] [cxt 0] Parser state 'start': key is 86dd
[22:32:37.509] [bmv2] [T] [thread 18911] [24.0] [cxt 0] Bytes parsed: 14
[22:32:37.509] [bmv2] [D] [thread 18911] [24.0] [cxt 0] Parser 'parser': end
[22:32:37.509] [bmv2] [D] [thread 18911] [24.0] [cxt 0] Pipeline 'ingress': start
[22:32:37.509] [bmv2] [T] [thread 18911] [24.0] [cxt 0] routing.p4(122) Condition "hdr.ipv4.isValid()" (node_2) is false
[22:32:37.509] [bmv2] [D] [thread 18911] [24.0] [cxt 0] Pipeline 'ingress': end
[22:32:37.508] [bmv2] [D] [thread 18912] [23.0] [cxt 0] Pipeline 'egress': start
[22:32:37.509] [bmv2] [D] [thread 18912] [23.0] [cxt 0] Pipeline 'egress': end
[22:32:37.510] [bmv2] [D] [thread 18912] [23.0] [cxt 0] Deparser 'deparser': start
[22:32:37.510] [bmv2] [D] [thread 18912] [23.0] [cxt 0] Deparser 'deparser': end
[22:32:37.510] [bmv2] [D] [thread 18916] [23.0] [cxt 0] Transmitting packet of size 205 out of port 0
[22:32:37.509] [bmv2] [D] [thread 18911] [24.0] [cxt 0] Egress port is 0
[22:32:37.510] [bmv2] [D] [thread 18912] [24.0] [cxt 0] Pipeline 'egress': start
[22:32:37.510] [bmv2] [D] [thread 18912] [24.0] [cxt 0] Pipeline 'egress': end
[22:32:37.511] [bmv2] [D] [thread 18912] [24.0] [cxt 0] Deparser 'deparser': start
[22:32:37.511] [bmv2] [D] [thread 18912] [24.0] [cxt 0] Deparser 'deparser': end
[22:32:37.511] [bmv2] [D] [thread 18916] [24.0] [cxt 0] Transmitting packet of size 205 out of port 0
[22:32:37.540] [bmv2] [D] [thread 18911] [25.0] [cxt 0] Processing packet received on port 1
[22:32:37.540] [bmv2] [D] [thread 18911] [25.0] [cxt 0] Parser 'parser': start
[22:32:37.541] [bmv2] [D] [thread 18911] [25.0] [cxt 0] Parser 'parser' entering state 'start'
[22:32:37.541] [bmv2] [D] [thread 18911] [25.0] [cxt 0] Extracting header 'ethernet'
[22:32:37.541] [bmv2] [D] [thread 18911] [25.0] [cxt 0] Parser state 'start': key is 86dd
[22:32:37.541] [bmv2] [T] [thread 18911] [25.0] [cxt 0] Bytes parsed: 14
[22:32:37.541] [bmv2] [D] [thread 18911] [25.0] [cxt 0] Parser 'parser': end
[22:32:37.541] [bmv2] [D] [thread 18911] [25.0] [cxt 0] Pipeline 'ingress': start
[22:32:37.542] [bmv2] [T] [thread 18911] [25.0] [cxt 0] routing.p4(122) Condition "hdr.ipv4.isValid()" (node_2) is false
[22:32:37.542] [bmv2] [D] [thread 18911] [25.0] [cxt 0] Pipeline 'ingress': end
[22:32:37.542] [bmv2] [D] [thread 18911] [25.0] [cxt 0] Egress port is 0
[22:32:37.542] [bmv2] [D] [thread 18912] [25.0] [cxt 0] Pipeline 'egress': start
[22:32:37.542] [bmv2] [D] [thread 18912] [25.0] [cxt 0] Pipeline 'egress': end
[22:32:37.542] [bmv2] [D] [thread 18912] [25.0] [cxt 0] Deparser 'deparser': start
[22:32:37.543] [bmv2] [D] [thread 18912] [25.0] [cxt 0] Deparser 'deparser': end
[22:32:37.543] [bmv2] [D] [thread 18916] [25.0] [cxt 0] Transmitting packet of size 96 out of port 0
[22:32:37.666] [bmv2] [D] [thread 18911] [26.0] [cxt 0] Processing packet received on port 2
[22:32:37.667] [bmv2] [D] [thread 18911] [26.0] [cxt 0] Parser 'parser': start
[22:32:37.667] [bmv2] [D] [thread 18911] [26.0] [cxt 0] Parser 'parser' entering state 'start'
[22:32:37.667] [bmv2] [D] [thread 18911] [26.0] [cxt 0] Extracting header 'ethernet'
[22:32:37.667] [bmv2] [D] [thread 18911] [26.0] [cxt 0] Parser state 'start': key is 86dd
[22:32:37.668] [bmv2] [T] [thread 18911] [26.0] [cxt 0] Bytes parsed: 14
[22:32:37.668] [bmv2] [D] [thread 18911] [26.0] [cxt 0] Parser 'parser': end
[22:32:37.668] [bmv2] [D] [thread 18911] [26.0] [cxt 0] Pipeline 'ingress': start
[22:32:37.668] [bmv2] [T] [thread 18911] [26.0] [cxt 0] routing.p4(122) Condition "hdr.ipv4.isValid()" (node_2) is false
[22:32:37.668] [bmv2] [D] [thread 18911] [26.0] [cxt 0] Pipeline 'ingress': end
[22:32:37.669] [bmv2] [D] [thread 18911] [26.0] [cxt 0] Egress port is 0
[22:32:37.669] [bmv2] [D] [thread 18912] [26.0] [cxt 0] Pipeline 'egress': start
[22:32:37.669] [bmv2] [D] [thread 18912] [26.0] [cxt 0] Pipeline 'egress': end
[22:32:37.670] [bmv2] [D] [thread 18912] [26.0] [cxt 0] Deparser 'deparser': start
[22:32:37.670] [bmv2] [D] [thread 18912] [26.0] [cxt 0] Deparser 'deparser': end
[22:32:37.670] [bmv2] [D] [thread 18916] [26.0] [cxt 0] Transmitting packet of size 205 out of port 0
[22:32:37.669] [bmv2] [D] [thread 18911] [27.0] [cxt 0] Processing packet received on port 3
[22:32:37.670] [bmv2] [D] [thread 18911] [27.0] [cxt 0] Parser 'parser': start
[22:32:37.671] [bmv2] [D] [thread 18911] [27.0] [cxt 0] Parser 'parser' entering state 'start'
[22:32:37.671] [bmv2] [D] [thread 18911] [27.0] [cxt 0] Extracting header 'ethernet'
[22:32:37.671] [bmv2] [D] [thread 18911] [27.0] [cxt 0] Parser state 'start': key is 86dd
[22:32:37.671] [bmv2] [T] [thread 18911] [27.0] [cxt 0] Bytes parsed: 14
[22:32:37.671] [bmv2] [D] [thread 18911] [27.0] [cxt 0] Parser 'parser': end
[22:32:37.672] [bmv2] [D] [thread 18911] [27.0] [cxt 0] Pipeline 'ingress': start
[22:32:37.672] [bmv2] [T] [thread 18911] [27.0] [cxt 0] routing.p4(122) Condition "hdr.ipv4.isValid()" (node_2) is false
[22:32:37.672] [bmv2] [D] [thread 18911] [27.0] [cxt 0] Pipeline 'ingress': end
[22:32:37.672] [bmv2] [D] [thread 18911] [27.0] [cxt 0] Egress port is 0
[22:32:37.672] [bmv2] [D] [thread 18912] [27.0] [cxt 0] Pipeline 'egress': start
[22:32:37.672] [bmv2] [D] [thread 18912] [27.0] [cxt 0] Pipeline 'egress': end
[22:32:37.673] [bmv2] [D] [thread 18912] [27.0] [cxt 0] Deparser 'deparser': start
[22:32:37.673] [bmv2] [D] [thread 18912] [27.0] [cxt 0] Deparser 'deparser': end
[22:32:37.673] [bmv2] [D] [thread 18916] [27.0] [cxt 0] Transmitting packet of size 205 out of port 0
[22:32:37.756] [bmv2] [D] [thread 18911] [28.0] [cxt 0] Processing packet received on port 1
[22:32:37.757] [bmv2] [D] [thread 18911] [28.0] [cxt 0] Parser 'parser': start
[22:32:37.758] [bmv2] [D] [thread 18911] [28.0] [cxt 0] Parser 'parser' entering state 'start'
[22:32:37.758] [bmv2] [D] [thread 18911] [28.0] [cxt 0] Extracting header 'ethernet'
[22:32:37.758] [bmv2] [D] [thread 18911] [28.0] [cxt 0] Parser state 'start': key is 86dd
[22:32:37.759] [bmv2] [T] [thread 18911] [28.0] [cxt 0] Bytes parsed: 14
[22:32:37.759] [bmv2] [D] [thread 18911] [28.0] [cxt 0] Parser 'parser': end
[22:32:37.760] [bmv2] [D] [thread 18911] [28.0] [cxt 0] Pipeline 'ingress': start
[22:32:37.761] [bmv2] [T] [thread 18911] [28.0] [cxt 0] routing.p4(122) Condition "hdr.ipv4.isValid()" (node_2) is false
[22:32:37.761] [bmv2] [D] [thread 18911] [28.0] [cxt 0] Pipeline 'ingress': end
[22:32:37.762] [bmv2] [D] [thread 18911] [28.0] [cxt 0] Egress port is 0
[22:32:37.762] [bmv2] [D] [thread 18912] [28.0] [cxt 0] Pipeline 'egress': start
[22:32:37.762] [bmv2] [D] [thread 18912] [28.0] [cxt 0] Pipeline 'egress': end
[22:32:37.763] [bmv2] [D] [thread 18912] [28.0] [cxt 0] Deparser 'deparser': start
[22:32:37.763] [bmv2] [D] [thread 18912] [28.0] [cxt 0] Deparser 'deparser': end
[22:32:37.763] [bmv2] [D] [thread 18916] [28.0] [cxt 0] Transmitting packet of size 205 out of port 0
[22:32:37.762] [bmv2] [D] [thread 18911] [29.0] [cxt 0] Processing packet received on port 2
[22:32:37.764] [bmv2] [D] [thread 18911] [29.0] [cxt 0] Parser 'parser': start
[22:32:37.764] [bmv2] [D] [thread 18911] [29.0] [cxt 0] Parser 'parser' entering state 'start'
[22:32:37.765] [bmv2] [D] [thread 18911] [29.0] [cxt 0] Extracting header 'ethernet'
[22:32:37.765] [bmv2] [D] [thread 18911] [29.0] [cxt 0] Parser state 'start': key is 86dd
[22:32:37.765] [bmv2] [T] [thread 18911] [29.0] [cxt 0] Bytes parsed: 14
[22:32:37.766] [bmv2] [D] [thread 18911] [29.0] [cxt 0] Parser 'parser': end
[22:32:37.766] [bmv2] [D] [thread 18911] [29.0] [cxt 0] Pipeline 'ingress': start
[22:32:37.766] [bmv2] [T] [thread 18911] [29.0] [cxt 0] routing.p4(122) Condition "hdr.ipv4.isValid()" (node_2) is false
[22:32:37.767] [bmv2] [D] [thread 18911] [29.0] [cxt 0] Pipeline 'ingress': end
[22:32:37.767] [bmv2] [D] [thread 18911] [29.0] [cxt 0] Egress port is 0
[22:32:37.767] [bmv2] [D] [thread 18912] [29.0] [cxt 0] Pipeline 'egress': start
[22:32:37.768] [bmv2] [D] [thread 18912] [29.0] [cxt 0] Pipeline 'egress': end
[22:32:37.768] [bmv2] [D] [thread 18912] [29.0] [cxt 0] Deparser 'deparser': start
[22:32:37.769] [bmv2] [D] [thread 18912] [29.0] [cxt 0] Deparser 'deparser': end
[22:32:37.769] [bmv2] [D] [thread 18916] [29.0] [cxt 0] Transmitting packet of size 205 out of port 0
[22:32:37.776] [bmv2] [D] [thread 18911] [30.0] [cxt 0] Processing packet received on port 2
[22:32:37.776] [bmv2] [D] [thread 18911] [30.0] [cxt 0] Parser 'parser': start
[22:32:37.777] [bmv2] [D] [thread 18911] [30.0] [cxt 0] Parser 'parser' entering state 'start'
[22:32:37.777] [bmv2] [D] [thread 18911] [30.0] [cxt 0] Extracting header 'ethernet'
[22:32:37.777] [bmv2] [D] [thread 18911] [30.0] [cxt 0] Parser state 'start': key is 86dd
[22:32:37.777] [bmv2] [T] [thread 18911] [30.0] [cxt 0] Bytes parsed: 14
[22:32:37.777] [bmv2] [D] [thread 18911] [30.0] [cxt 0] Parser 'parser': end
[22:32:37.778] [bmv2] [D] [thread 18911] [30.0] [cxt 0] Pipeline 'ingress': start
[22:32:37.778] [bmv2] [T] [thread 18911] [30.0] [cxt 0] routing.p4(122) Condition "hdr.ipv4.isValid()" (node_2) is false
[22:32:37.778] [bmv2] [D] [thread 18911] [30.0] [cxt 0] Pipeline 'ingress': end
[22:32:37.778] [bmv2] [D] [thread 18911] [30.0] [cxt 0] Egress port is 0
[22:32:37.778] [bmv2] [D] [thread 18912] [30.0] [cxt 0] Pipeline 'egress': start
[22:32:37.779] [bmv2] [D] [thread 18912] [30.0] [cxt 0] Pipeline 'egress': end
[22:32:37.779] [bmv2] [D] [thread 18912] [30.0] [cxt 0] Deparser 'deparser': start
[22:32:37.779] [bmv2] [D] [thread 18912] [30.0] [cxt 0] Deparser 'deparser': end
[22:32:37.779] [bmv2] [D] [thread 18916] [30.0] [cxt 0] Transmitting packet of size 76 out of port 0
[22:32:37.846] [bmv2] [D] [thread 18911] [31.0] [cxt 0] Processing packet received on port 3
[22:32:37.847] [bmv2] [D] [thread 18911] [31.0] [cxt 0] Parser 'parser': start
[22:32:37.847] [bmv2] [D] [thread 18911] [31.0] [cxt 0] Parser 'parser' entering state 'start'
[22:32:37.847] [bmv2] [D] [thread 18911] [31.0] [cxt 0] Extracting header 'ethernet'
[22:32:37.847] [bmv2] [D] [thread 18911] [31.0] [cxt 0] Parser state 'start': key is 86dd
[22:32:37.848] [bmv2] [T] [thread 18911] [31.0] [cxt 0] Bytes parsed: 14
[22:32:37.848] [bmv2] [D] [thread 18911] [31.0] [cxt 0] Parser 'parser': end
[22:32:37.849] [bmv2] [D] [thread 18911] [31.0] [cxt 0] Pipeline 'ingress': start
[22:32:37.849] [bmv2] [T] [thread 18911] [31.0] [cxt 0] routing.p4(122) Condition "hdr.ipv4.isValid()" (node_2) is false
[22:32:37.849] [bmv2] [D] [thread 18911] [31.0] [cxt 0] Pipeline 'ingress': end
[22:32:37.849] [bmv2] [D] [thread 18911] [31.0] [cxt 0] Egress port is 0
[22:32:37.850] [bmv2] [D] [thread 18911] [32.0] [cxt 0] Processing packet received on port 3
[22:32:37.850] [bmv2] [D] [thread 18911] [32.0] [cxt 0] Parser 'parser': start
[22:32:37.850] [bmv2] [D] [thread 18911] [32.0] [cxt 0] Parser 'parser' entering state 'start'
[22:32:37.850] [bmv2] [D] [thread 18911] [32.0] [cxt 0] Extracting header 'ethernet'
[22:32:37.850] [bmv2] [D] [thread 18912] [31.0] [cxt 0] Pipeline 'egress': start
[22:32:37.850] [bmv2] [D] [thread 18912] [31.0] [cxt 0] Pipeline 'egress': end
[22:32:37.851] [bmv2] [D] [thread 18912] [31.0] [cxt 0] Deparser 'deparser': start
[22:32:37.851] [bmv2] [D] [thread 18912] [31.0] [cxt 0] Deparser 'deparser': end
[22:32:37.851] [bmv2] [D] [thread 18916] [31.0] [cxt 0] Transmitting packet of size 76 out of port 0
[22:32:37.850] [bmv2] [D] [thread 18911] [32.0] [cxt 0] Parser state 'start': key is 86dd
[22:32:37.851] [bmv2] [T] [thread 18911] [32.0] [cxt 0] Bytes parsed: 14
[22:32:37.852] [bmv2] [D] [thread 18911] [32.0] [cxt 0] Parser 'parser': end
[22:32:37.852] [bmv2] [D] [thread 18911] [32.0] [cxt 0] Pipeline 'ingress': start
[22:32:37.852] [bmv2] [T] [thread 18911] [32.0] [cxt 0] routing.p4(122) Condition "hdr.ipv4.isValid()" (node_2) is false
[22:32:37.852] [bmv2] [D] [thread 18911] [32.0] [cxt 0] Pipeline 'ingress': end
[22:32:37.852] [bmv2] [D] [thread 18911] [32.0] [cxt 0] Egress port is 0
[22:32:37.852] [bmv2] [D] [thread 18911] [33.0] [cxt 0] Processing packet received on port 3
[22:32:37.852] [bmv2] [D] [thread 18912] [32.0] [cxt 0] Pipeline 'egress': start
[22:32:37.853] [bmv2] [D] [thread 18912] [32.0] [cxt 0] Pipeline 'egress': end
[22:32:37.853] [bmv2] [D] [thread 18912] [32.0] [cxt 0] Deparser 'deparser': start
[22:32:37.853] [bmv2] [D] [thread 18912] [32.0] [cxt 0] Deparser 'deparser': end
[22:32:37.853] [bmv2] [D] [thread 18916] [32.0] [cxt 0] Transmitting packet of size 56 out of port 0
[22:32:37.853] [bmv2] [D] [thread 18911] [33.0] [cxt 0] Parser 'parser': start
[22:32:37.853] [bmv2] [D] [thread 18911] [33.0] [cxt 0] Parser 'parser' entering state 'start'
[22:32:37.853] [bmv2] [D] [thread 18911] [33.0] [cxt 0] Extracting header 'ethernet'
[22:32:37.853] [bmv2] [D] [thread 18911] [33.0] [cxt 0] Parser state 'start': key is 86dd
[22:32:37.853] [bmv2] [T] [thread 18911] [33.0] [cxt 0] Bytes parsed: 14
[22:32:37.853] [bmv2] [D] [thread 18911] [33.0] [cxt 0] Parser 'parser': end
[22:32:37.854] [bmv2] [D] [thread 18911] [33.0] [cxt 0] Pipeline 'ingress': start
[22:32:37.854] [bmv2] [T] [thread 18911] [33.0] [cxt 0] routing.p4(122) Condition "hdr.ipv4.isValid()" (node_2) is false
[22:32:37.854] [bmv2] [D] [thread 18911] [33.0] [cxt 0] Pipeline 'ingress': end
[22:32:37.854] [bmv2] [D] [thread 18911] [33.0] [cxt 0] Egress port is 0
[22:32:37.854] [bmv2] [D] [thread 18912] [33.0] [cxt 0] Pipeline 'egress': start
[22:32:37.854] [bmv2] [D] [thread 18912] [33.0] [cxt 0] Pipeline 'egress': end
[22:32:37.854] [bmv2] [D] [thread 18912] [33.0] [cxt 0] Deparser 'deparser': start
[22:32:37.854] [bmv2] [D] [thread 18912] [33.0] [cxt 0] Deparser 'deparser': end
[22:32:37.855] [bmv2] [D] [thread 18916] [33.0] [cxt 0] Transmitting packet of size 76 out of port 0
[22:32:37.872] [bmv2] [D] [thread 18911] [34.0] [cxt 0] Processing packet received on port 1
[22:32:37.872] [bmv2] [D] [thread 18911] [34.0] [cxt 0] Parser 'parser': start
[22:32:37.872] [bmv2] [D] [thread 18911] [34.0] [cxt 0] Parser 'parser' entering state 'start'
[22:32:37.873] [bmv2] [D] [thread 18911] [34.0] [cxt 0] Extracting header 'ethernet'
[22:32:37.873] [bmv2] [D] [thread 18911] [34.0] [cxt 0] Parser state 'start': key is 86dd
[22:32:37.873] [bmv2] [T] [thread 18911] [34.0] [cxt 0] Bytes parsed: 14
[22:32:37.873] [bmv2] [D] [thread 18911] [34.0] [cxt 0] Parser 'parser': end
[22:32:37.873] [bmv2] [D] [thread 18911] [34.0] [cxt 0] Pipeline 'ingress': start
[22:32:37.874] [bmv2] [T] [thread 18911] [34.0] [cxt 0] routing.p4(122) Condition "hdr.ipv4.isValid()" (node_2) is false
[22:32:37.874] [bmv2] [D] [thread 18911] [34.0] [cxt 0] Pipeline 'ingress': end
[22:32:37.874] [bmv2] [D] [thread 18911] [34.0] [cxt 0] Egress port is 0
[22:32:37.874] [bmv2] [D] [thread 18912] [34.0] [cxt 0] Pipeline 'egress': start
[22:32:37.874] [bmv2] [D] [thread 18912] [34.0] [cxt 0] Pipeline 'egress': end
[22:32:37.875] [bmv2] [D] [thread 18912] [34.0] [cxt 0] Deparser 'deparser': start
[22:32:37.875] [bmv2] [D] [thread 18912] [34.0] [cxt 0] Deparser 'deparser': end
[22:32:37.875] [bmv2] [D] [thread 18916] [34.0] [cxt 0] Transmitting packet of size 76 out of port 0
[22:32:37.918] [bmv2] [D] [thread 18911] [35.0] [cxt 0] Processing packet received on port 2
[22:32:37.918] [bmv2] [D] [thread 18911] [35.0] [cxt 0] Parser 'parser': start
[22:32:37.918] [bmv2] [D] [thread 18911] [35.0] [cxt 0] Parser 'parser' entering state 'start'
[22:32:37.918] [bmv2] [D] [thread 18911] [35.0] [cxt 0] Extracting header 'ethernet'
[22:32:37.918] [bmv2] [D] [thread 18911] [35.0] [cxt 0] Parser state 'start': key is 86dd
[22:32:37.918] [bmv2] [T] [thread 18911] [35.0] [cxt 0] Bytes parsed: 14
[22:32:37.918] [bmv2] [D] [thread 18911] [35.0] [cxt 0] Parser 'parser': end
[22:32:37.919] [bmv2] [D] [thread 18911] [35.0] [cxt 0] Pipeline 'ingress': start
[22:32:37.919] [bmv2] [T] [thread 18911] [35.0] [cxt 0] routing.p4(122) Condition "hdr.ipv4.isValid()" (node_2) is false
[22:32:37.919] [bmv2] [D] [thread 18911] [35.0] [cxt 0] Pipeline 'ingress': end
[22:32:37.919] [bmv2] [D] [thread 18911] [35.0] [cxt 0] Egress port is 0
[22:32:37.919] [bmv2] [D] [thread 18911] [36.0] [cxt 0] Processing packet received on port 3
[22:32:37.919] [bmv2] [D] [thread 18911] [36.0] [cxt 0] Parser 'parser': start
[22:32:37.919] [bmv2] [D] [thread 18911] [36.0] [cxt 0] Parser 'parser' entering state 'start'
[22:32:37.919] [bmv2] [D] [thread 18911] [36.0] [cxt 0] Extracting header 'ethernet'
[22:32:37.920] [bmv2] [D] [thread 18911] [36.0] [cxt 0] Parser state 'start': key is 86dd
[22:32:37.919] [bmv2] [D] [thread 18912] [35.0] [cxt 0] Pipeline 'egress': start
[22:32:37.920] [bmv2] [D] [thread 18912] [35.0] [cxt 0] Pipeline 'egress': end
[22:32:37.920] [bmv2] [D] [thread 18912] [35.0] [cxt 0] Deparser 'deparser': start
[22:32:37.920] [bmv2] [T] [thread 18911] [36.0] [cxt 0] Bytes parsed: 14
[22:32:37.920] [bmv2] [D] [thread 18911] [36.0] [cxt 0] Parser 'parser': end
[22:32:37.920] [bmv2] [D] [thread 18912] [35.0] [cxt 0] Deparser 'deparser': end
[22:32:37.921] [bmv2] [D] [thread 18916] [35.0] [cxt 0] Transmitting packet of size 205 out of port 0
[22:32:37.920] [bmv2] [D] [thread 18911] [36.0] [cxt 0] Pipeline 'ingress': start
[22:32:37.921] [bmv2] [T] [thread 18911] [36.0] [cxt 0] routing.p4(122) Condition "hdr.ipv4.isValid()" (node_2) is false
[22:32:37.921] [bmv2] [D] [thread 18911] [36.0] [cxt 0] Pipeline 'ingress': end
[22:32:37.921] [bmv2] [D] [thread 18911] [36.0] [cxt 0] Egress port is 0
[22:32:37.921] [bmv2] [D] [thread 18912] [36.0] [cxt 0] Pipeline 'egress': start
[22:32:37.921] [bmv2] [D] [thread 18912] [36.0] [cxt 0] Pipeline 'egress': end
[22:32:37.921] [bmv2] [D] [thread 18912] [36.0] [cxt 0] Deparser 'deparser': start
[22:32:37.921] [bmv2] [D] [thread 18912] [36.0] [cxt 0] Deparser 'deparser': end
[22:32:37.922] [bmv2] [D] [thread 18916] [36.0] [cxt 0] Transmitting packet of size 205 out of port 0
[22:32:37.968] [bmv2] [D] [thread 18911] [37.0] [cxt 0] Processing packet received on port 3
[22:32:37.968] [bmv2] [D] [thread 18911] [37.0] [cxt 0] Parser 'parser': start
[22:32:37.968] [bmv2] [D] [thread 18911] [37.0] [cxt 0] Parser 'parser' entering state 'start'
[22:32:37.968] [bmv2] [D] [thread 18911] [37.0] [cxt 0] Extracting header 'ethernet'
[22:32:37.969] [bmv2] [D] [thread 18911] [37.0] [cxt 0] Parser state 'start': key is 86dd
[22:32:37.969] [bmv2] [T] [thread 18911] [37.0] [cxt 0] Bytes parsed: 14
[22:32:37.969] [bmv2] [D] [thread 18911] [37.0] [cxt 0] Parser 'parser': end
[22:32:37.969] [bmv2] [D] [thread 18911] [37.0] [cxt 0] Pipeline 'ingress': start
[22:32:37.969] [bmv2] [T] [thread 18911] [37.0] [cxt 0] routing.p4(122) Condition "hdr.ipv4.isValid()" (node_2) is false
[22:32:37.969] [bmv2] [D] [thread 18911] [37.0] [cxt 0] Pipeline 'ingress': end
[22:32:37.969] [bmv2] [D] [thread 18911] [37.0] [cxt 0] Egress port is 0
[22:32:37.970] [bmv2] [D] [thread 18912] [37.0] [cxt 0] Pipeline 'egress': start
[22:32:37.970] [bmv2] [D] [thread 18912] [37.0] [cxt 0] Pipeline 'egress': end
[22:32:37.970] [bmv2] [D] [thread 18912] [37.0] [cxt 0] Deparser 'deparser': start
[22:32:37.970] [bmv2] [D] [thread 18912] [37.0] [cxt 0] Deparser 'deparser': end
[22:32:37.970] [bmv2] [D] [thread 18916] [37.0] [cxt 0] Transmitting packet of size 76 out of port 0
[22:32:38.006] [bmv2] [D] [thread 18911] [38.0] [cxt 0] Processing packet received on port 1
[22:32:38.006] [bmv2] [D] [thread 18911] [38.0] [cxt 0] Parser 'parser': start
[22:32:38.006] [bmv2] [D] [thread 18911] [38.0] [cxt 0] Parser 'parser' entering state 'start'
[22:32:38.007] [bmv2] [D] [thread 18911] [38.0] [cxt 0] Extracting header 'ethernet'
[22:32:38.007] [bmv2] [D] [thread 18911] [38.0] [cxt 0] Parser state 'start': key is 86dd
[22:32:38.007] [bmv2] [T] [thread 18911] [38.0] [cxt 0] Bytes parsed: 14
[22:32:38.007] [bmv2] [D] [thread 18911] [38.0] [cxt 0] Parser 'parser': end
[22:32:38.007] [bmv2] [D] [thread 18911] [38.0] [cxt 0] Pipeline 'ingress': start
[22:32:38.007] [bmv2] [T] [thread 18911] [38.0] [cxt 0] routing.p4(122) Condition "hdr.ipv4.isValid()" (node_2) is false
[22:32:38.007] [bmv2] [D] [thread 18911] [38.0] [cxt 0] Pipeline 'ingress': end
[22:32:38.007] [bmv2] [D] [thread 18911] [38.0] [cxt 0] Egress port is 0
[22:32:38.008] [bmv2] [D] [thread 18911] [39.0] [cxt 0] Processing packet received on port 2
[22:32:38.008] [bmv2] [D] [thread 18911] [39.0] [cxt 0] Parser 'parser': start
[22:32:38.008] [bmv2] [D] [thread 18911] [39.0] [cxt 0] Parser 'parser' entering state 'start'
[22:32:38.008] [bmv2] [D] [thread 18911] [39.0] [cxt 0] Extracting header 'ethernet'
[22:32:38.008] [bmv2] [D] [thread 18911] [39.0] [cxt 0] Parser state 'start': key is 86dd
[22:32:38.008] [bmv2] [T] [thread 18911] [39.0] [cxt 0] Bytes parsed: 14
[22:32:38.008] [bmv2] [D] [thread 18911] [39.0] [cxt 0] Parser 'parser': end
[22:32:38.008] [bmv2] [D] [thread 18912] [38.0] [cxt 0] Pipeline 'egress': start
[22:32:38.009] [bmv2] [D] [thread 18912] [38.0] [cxt 0] Pipeline 'egress': end
[22:32:38.009] [bmv2] [D] [thread 18912] [38.0] [cxt 0] Deparser 'deparser': start
[22:32:38.009] [bmv2] [D] [thread 18912] [38.0] [cxt 0] Deparser 'deparser': end
[22:32:38.009] [bmv2] [D] [thread 18916] [38.0] [cxt 0] Transmitting packet of size 205 out of port 0
[22:32:38.009] [bmv2] [D] [thread 18911] [39.0] [cxt 0] Pipeline 'ingress': start
[22:32:38.010] [bmv2] [T] [thread 18911] [39.0] [cxt 0] routing.p4(122) Condition "hdr.ipv4.isValid()" (node_2) is false
[22:32:38.010] [bmv2] [D] [thread 18911] [39.0] [cxt 0] Pipeline 'ingress': end
[22:32:38.010] [bmv2] [D] [thread 18911] [39.0] [cxt 0] Egress port is 0
[22:32:38.010] [bmv2] [D] [thread 18912] [39.0] [cxt 0] Pipeline 'egress': start
[22:32:38.010] [bmv2] [D] [thread 18912] [39.0] [cxt 0] Pipeline 'egress': end
[22:32:38.010] [bmv2] [D] [thread 18912] [39.0] [cxt 0] Deparser 'deparser': start
[22:32:38.010] [bmv2] [D] [thread 18912] [39.0] [cxt 0] Deparser 'deparser': end
[22:32:38.011] [bmv2] [D] [thread 18916] [39.0] [cxt 0] Transmitting packet of size 205 out of port 0
[22:32:38.053] [bmv2] [D] [thread 18911] [40.0] [cxt 0] Processing packet received on port 3
[22:32:38.053] [bmv2] [D] [thread 18911] [40.0] [cxt 0] Parser 'parser': start
[22:32:38.053] [bmv2] [D] [thread 18911] [40.0] [cxt 0] Parser 'parser' entering state 'start'
[22:32:38.053] [bmv2] [D] [thread 18911] [40.0] [cxt 0] Extracting header 'ethernet'
[22:32:38.053] [bmv2] [D] [thread 18911] [40.0] [cxt 0] Parser state 'start': key is 86dd
[22:32:38.053] [bmv2] [T] [thread 18911] [40.0] [cxt 0] Bytes parsed: 14
[22:32:38.053] [bmv2] [D] [thread 18911] [40.0] [cxt 0] Parser 'parser': end
[22:32:38.054] [bmv2] [D] [thread 18911] [40.0] [cxt 0] Pipeline 'ingress': start
[22:32:38.054] [bmv2] [T] [thread 18911] [40.0] [cxt 0] routing.p4(122) Condition "hdr.ipv4.isValid()" (node_2) is false
[22:32:38.054] [bmv2] [D] [thread 18911] [40.0] [cxt 0] Pipeline 'ingress': end
[22:32:38.054] [bmv2] [D] [thread 18911] [40.0] [cxt 0] Egress port is 0
[22:32:38.054] [bmv2] [D] [thread 18912] [40.0] [cxt 0] Pipeline 'egress': start
[22:32:38.054] [bmv2] [D] [thread 18912] [40.0] [cxt 0] Pipeline 'egress': end
[22:32:38.054] [bmv2] [D] [thread 18912] [40.0] [cxt 0] Deparser 'deparser': start
[22:32:38.054] [bmv2] [D] [thread 18912] [40.0] [cxt 0] Deparser 'deparser': end
[22:32:38.055] [bmv2] [D] [thread 18916] [40.0] [cxt 0] Transmitting packet of size 205 out of port 0
[22:32:38.096] [bmv2] [D] [thread 18911] [41.0] [cxt 0] Processing packet received on port 2
[22:32:38.096] [bmv2] [D] [thread 18911] [41.0] [cxt 0] Parser 'parser': start
[22:32:38.096] [bmv2] [D] [thread 18911] [41.0] [cxt 0] Parser 'parser' entering state 'start'
[22:32:38.097] [bmv2] [D] [thread 18911] [41.0] [cxt 0] Extracting header 'ethernet'
[22:32:38.097] [bmv2] [D] [thread 18911] [41.0] [cxt 0] Parser state 'start': key is 86dd
[22:32:38.097] [bmv2] [T] [thread 18911] [41.0] [cxt 0] Bytes parsed: 14
[22:32:38.097] [bmv2] [D] [thread 18911] [41.0] [cxt 0] Parser 'parser': end
[22:32:38.097] [bmv2] [D] [thread 18911] [41.0] [cxt 0] Pipeline 'ingress': start
[22:32:38.097] [bmv2] [T] [thread 18911] [41.0] [cxt 0] routing.p4(122) Condition "hdr.ipv4.isValid()" (node_2) is false
[22:32:38.098] [bmv2] [D] [thread 18911] [41.0] [cxt 0] Pipeline 'ingress': end
[22:32:38.098] [bmv2] [D] [thread 18911] [41.0] [cxt 0] Egress port is 0
[22:32:38.098] [bmv2] [D] [thread 18912] [41.0] [cxt 0] Pipeline 'egress': start
[22:32:38.099] [bmv2] [D] [thread 18912] [41.0] [cxt 0] Pipeline 'egress': end
[22:32:38.099] [bmv2] [D] [thread 18912] [41.0] [cxt 0] Deparser 'deparser': start
[22:32:38.099] [bmv2] [D] [thread 18912] [41.0] [cxt 0] Deparser 'deparser': end
[22:32:38.099] [bmv2] [D] [thread 18916] [41.0] [cxt 0] Transmitting packet of size 96 out of port 0
[22:32:38.128] [bmv2] [D] [thread 18911] [42.0] [cxt 0] Processing packet received on port 2
[22:32:38.128] [bmv2] [D] [thread 18911] [42.0] [cxt 0] Parser 'parser': start
[22:32:38.129] [bmv2] [D] [thread 18911] [42.0] [cxt 0] Parser 'parser' entering state 'start'
[22:32:38.129] [bmv2] [D] [thread 18911] [42.0] [cxt 0] Extracting header 'ethernet'
[22:32:38.129] [bmv2] [D] [thread 18911] [42.0] [cxt 0] Parser state 'start': key is 86dd
[22:32:38.129] [bmv2] [T] [thread 18911] [42.0] [cxt 0] Bytes parsed: 14
[22:32:38.129] [bmv2] [D] [thread 18911] [42.0] [cxt 0] Parser 'parser': end
[22:32:38.129] [bmv2] [D] [thread 18911] [42.0] [cxt 0] Pipeline 'ingress': start
[22:32:38.129] [bmv2] [T] [thread 18911] [42.0] [cxt 0] routing.p4(122) Condition "hdr.ipv4.isValid()" (node_2) is false
[22:32:38.130] [bmv2] [D] [thread 18911] [42.0] [cxt 0] Pipeline 'ingress': end
[22:32:38.130] [bmv2] [D] [thread 18911] [42.0] [cxt 0] Egress port is 0
[22:32:38.130] [bmv2] [D] [thread 18912] [42.0] [cxt 0] Pipeline 'egress': start
[22:32:38.130] [bmv2] [D] [thread 18912] [42.0] [cxt 0] Pipeline 'egress': end
[22:32:38.130] [bmv2] [D] [thread 18912] [42.0] [cxt 0] Deparser 'deparser': start
[22:32:38.130] [bmv2] [D] [thread 18912] [42.0] [cxt 0] Deparser 'deparser': end
[22:32:38.131] [bmv2] [D] [thread 18916] [42.0] [cxt 0] Transmitting packet of size 96 out of port 0
[22:32:38.168] [bmv2] [D] [thread 18911] [43.0] [cxt 0] Processing packet received on port 2
[22:32:38.168] [bmv2] [D] [thread 18911] [43.0] [cxt 0] Parser 'parser': start
[22:32:38.168] [bmv2] [D] [thread 18911] [43.0] [cxt 0] Parser 'parser' entering state 'start'
[22:32:38.168] [bmv2] [D] [thread 18911] [43.0] [cxt 0] Extracting header 'ethernet'
[22:32:38.168] [bmv2] [D] [thread 18911] [43.0] [cxt 0] Parser state 'start': key is 86dd
[22:32:38.169] [bmv2] [T] [thread 18911] [43.0] [cxt 0] Bytes parsed: 14
[22:32:38.169] [bmv2] [D] [thread 18911] [43.0] [cxt 0] Parser 'parser': end
[22:32:38.169] [bmv2] [D] [thread 18911] [43.0] [cxt 0] Pipeline 'ingress': start
[22:32:38.169] [bmv2] [T] [thread 18911] [43.0] [cxt 0] routing.p4(122) Condition "hdr.ipv4.isValid()" (node_2) is false
[22:32:38.169] [bmv2] [D] [thread 18911] [43.0] [cxt 0] Pipeline 'ingress': end
[22:32:38.169] [bmv2] [D] [thread 18911] [43.0] [cxt 0] Egress port is 0
[22:32:38.169] [bmv2] [D] [thread 18911] [44.0] [cxt 0] Processing packet received on port 3
[22:32:38.169] [bmv2] [D] [thread 18911] [44.0] [cxt 0] Parser 'parser': start
[22:32:38.170] [bmv2] [D] [thread 18911] [44.0] [cxt 0] Parser 'parser' entering state 'start'
[22:32:38.170] [bmv2] [D] [thread 18911] [44.0] [cxt 0] Extracting header 'ethernet'
[22:32:38.170] [bmv2] [D] [thread 18911] [44.0] [cxt 0] Parser state 'start': key is 86dd
[22:32:38.170] [bmv2] [D] [thread 18912] [43.0] [cxt 0] Pipeline 'egress': start
[22:32:38.170] [bmv2] [D] [thread 18912] [43.0] [cxt 0] Pipeline 'egress': end
[22:32:38.170] [bmv2] [D] [thread 18912] [43.0] [cxt 0] Deparser 'deparser': start
[22:32:38.170] [bmv2] [D] [thread 18912] [43.0] [cxt 0] Deparser 'deparser': end
[22:32:38.171] [bmv2] [D] [thread 18916] [43.0] [cxt 0] Transmitting packet of size 205 out of port 0
[22:32:38.170] [bmv2] [T] [thread 18911] [44.0] [cxt 0] Bytes parsed: 14
[22:32:38.171] [bmv2] [D] [thread 18911] [44.0] [cxt 0] Parser 'parser': end
[22:32:38.171] [bmv2] [D] [thread 18911] [44.0] [cxt 0] Pipeline 'ingress': start
[22:32:38.172] [bmv2] [T] [thread 18911] [44.0] [cxt 0] routing.p4(122) Condition "hdr.ipv4.isValid()" (node_2) is false
[22:32:38.172] [bmv2] [D] [thread 18911] [44.0] [cxt 0] Pipeline 'ingress': end
[22:32:38.172] [bmv2] [D] [thread 18911] [44.0] [cxt 0] Egress port is 0
[22:32:38.172] [bmv2] [D] [thread 18912] [44.0] [cxt 0] Pipeline 'egress': start
[22:32:38.172] [bmv2] [D] [thread 18912] [44.0] [cxt 0] Pipeline 'egress': end
[22:32:38.172] [bmv2] [D] [thread 18912] [44.0] [cxt 0] Deparser 'deparser': start
[22:32:38.173] [bmv2] [D] [thread 18912] [44.0] [cxt 0] Deparser 'deparser': end
[22:32:38.173] [bmv2] [D] [thread 18916] [44.0] [cxt 0] Transmitting packet of size 205 out of port 0
[22:32:38.192] [bmv2] [D] [thread 18911] [45.0] [cxt 0] Processing packet received on port 3
[22:32:38.193] [bmv2] [D] [thread 18911] [45.0] [cxt 0] Parser 'parser': start
[22:32:38.193] [bmv2] [D] [thread 18911] [45.0] [cxt 0] Parser 'parser' entering state 'start'
[22:32:38.193] [bmv2] [D] [thread 18911] [45.0] [cxt 0] Extracting header 'ethernet'
[22:32:38.193] [bmv2] [D] [thread 18911] [45.0] [cxt 0] Parser state 'start': key is 86dd
[22:32:38.193] [bmv2] [T] [thread 18911] [45.0] [cxt 0] Bytes parsed: 14
[22:32:38.193] [bmv2] [D] [thread 18911] [45.0] [cxt 0] Parser 'parser': end
[22:32:38.194] [bmv2] [D] [thread 18911] [45.0] [cxt 0] Pipeline 'ingress': start
[22:32:38.194] [bmv2] [T] [thread 18911] [45.0] [cxt 0] routing.p4(122) Condition "hdr.ipv4.isValid()" (node_2) is false
[22:32:38.194] [bmv2] [D] [thread 18911] [45.0] [cxt 0] Pipeline 'ingress': end
[22:32:38.194] [bmv2] [D] [thread 18911] [45.0] [cxt 0] Egress port is 0
[22:32:38.194] [bmv2] [D] [thread 18912] [45.0] [cxt 0] Pipeline 'egress': start
[22:32:38.194] [bmv2] [D] [thread 18912] [45.0] [cxt 0] Pipeline 'egress': end
[22:32:38.195] [bmv2] [D] [thread 18912] [45.0] [cxt 0] Deparser 'deparser': start
[22:32:38.195] [bmv2] [D] [thread 18912] [45.0] [cxt 0] Deparser 'deparser': end
[22:32:38.195] [bmv2] [D] [thread 18916] [45.0] [cxt 0] Transmitting packet of size 96 out of port 0
[22:32:38.206] [bmv2] [D] [thread 18911] [46.0] [cxt 0] Processing packet received on port 1
[22:32:38.206] [bmv2] [D] [thread 18911] [46.0] [cxt 0] Parser 'parser': start
[22:32:38.206] [bmv2] [D] [thread 18911] [46.0] [cxt 0] Parser 'parser' entering state 'start'
[22:32:38.207] [bmv2] [D] [thread 18911] [46.0] [cxt 0] Extracting header 'ethernet'
[22:32:38.207] [bmv2] [D] [thread 18911] [46.0] [cxt 0] Parser state 'start': key is 86dd
[22:32:38.207] [bmv2] [T] [thread 18911] [46.0] [cxt 0] Bytes parsed: 14
[22:32:38.207] [bmv2] [D] [thread 18911] [46.0] [cxt 0] Parser 'parser': end
[22:32:38.207] [bmv2] [D] [thread 18911] [46.0] [cxt 0] Pipeline 'ingress': start
[22:32:38.207] [bmv2] [T] [thread 18911] [46.0] [cxt 0] routing.p4(122) Condition "hdr.ipv4.isValid()" (node_2) is false
[22:32:38.207] [bmv2] [D] [thread 18911] [46.0] [cxt 0] Pipeline 'ingress': end
[22:32:38.207] [bmv2] [D] [thread 18911] [46.0] [cxt 0] Egress port is 0
[22:32:38.208] [bmv2] [D] [thread 18911] [47.0] [cxt 0] Processing packet received on port 2
[22:32:38.208] [bmv2] [D] [thread 18912] [46.0] [cxt 0] Pipeline 'egress': start
[22:32:38.208] [bmv2] [D] [thread 18912] [46.0] [cxt 0] Pipeline 'egress': end
[22:32:38.208] [bmv2] [D] [thread 18912] [46.0] [cxt 0] Deparser 'deparser': start
[22:32:38.208] [bmv2] [D] [thread 18912] [46.0] [cxt 0] Deparser 'deparser': end
[22:32:38.209] [bmv2] [D] [thread 18916] [46.0] [cxt 0] Transmitting packet of size 193 out of port 0
[22:32:38.208] [bmv2] [D] [thread 18911] [47.0] [cxt 0] Parser 'parser': start
[22:32:38.209] [bmv2] [D] [thread 18911] [47.0] [cxt 0] Parser 'parser' entering state 'start'
[22:32:38.209] [bmv2] [D] [thread 18911] [47.0] [cxt 0] Extracting header 'ethernet'
[22:32:38.209] [bmv2] [D] [thread 18911] [47.0] [cxt 0] Parser state 'start': key is 86dd
[22:32:38.209] [bmv2] [T] [thread 18911] [47.0] [cxt 0] Bytes parsed: 14
[22:32:38.209] [bmv2] [D] [thread 18911] [47.0] [cxt 0] Parser 'parser': end
[22:32:38.209] [bmv2] [D] [thread 18911] [47.0] [cxt 0] Pipeline 'ingress': start
[22:32:38.209] [bmv2] [T] [thread 18911] [47.0] [cxt 0] routing.p4(122) Condition "hdr.ipv4.isValid()" (node_2) is false
[22:32:38.209] [bmv2] [D] [thread 18911] [47.0] [cxt 0] Pipeline 'ingress': end
[22:32:38.210] [bmv2] [D] [thread 18911] [47.0] [cxt 0] Egress port is 0
[22:32:38.210] [bmv2] [D] [thread 18912] [47.0] [cxt 0] Pipeline 'egress': start
[22:32:38.210] [bmv2] [D] [thread 18912] [47.0] [cxt 0] Pipeline 'egress': end
[22:32:38.210] [bmv2] [D] [thread 18912] [47.0] [cxt 0] Deparser 'deparser': start
[22:32:38.210] [bmv2] [D] [thread 18912] [47.0] [cxt 0] Deparser 'deparser': end
[22:32:38.210] [bmv2] [D] [thread 18916] [47.0] [cxt 0] Transmitting packet of size 193 out of port 0
[22:32:38.304] [bmv2] [D] [thread 18911] [48.0] [cxt 0] Processing packet received on port 3
[22:32:38.305] [bmv2] [D] [thread 18911] [48.0] [cxt 0] Parser 'parser': start
[22:32:38.305] [bmv2] [D] [thread 18911] [48.0] [cxt 0] Parser 'parser' entering state 'start'
[22:32:38.305] [bmv2] [D] [thread 18911] [48.0] [cxt 0] Extracting header 'ethernet'
[22:32:38.305] [bmv2] [D] [thread 18911] [48.0] [cxt 0] Parser state 'start': key is 86dd
[22:32:38.305] [bmv2] [T] [thread 18911] [48.0] [cxt 0] Bytes parsed: 14
[22:32:38.305] [bmv2] [D] [thread 18911] [48.0] [cxt 0] Parser 'parser': end
[22:32:38.306] [bmv2] [D] [thread 18911] [48.0] [cxt 0] Pipeline 'ingress': start
[22:32:38.306] [bmv2] [T] [thread 18911] [48.0] [cxt 0] routing.p4(122) Condition "hdr.ipv4.isValid()" (node_2) is false
[22:32:38.306] [bmv2] [D] [thread 18911] [48.0] [cxt 0] Pipeline 'ingress': end
[22:32:38.306] [bmv2] [D] [thread 18911] [48.0] [cxt 0] Egress port is 0
[22:32:38.306] [bmv2] [D] [thread 18912] [48.0] [cxt 0] Pipeline 'egress': start
[22:32:38.306] [bmv2] [D] [thread 18912] [48.0] [cxt 0] Pipeline 'egress': end
[22:32:38.307] [bmv2] [D] [thread 18912] [48.0] [cxt 0] Deparser 'deparser': start
[22:32:38.307] [bmv2] [D] [thread 18912] [48.0] [cxt 0] Deparser 'deparser': end
[22:32:38.307] [bmv2] [D] [thread 18916] [48.0] [cxt 0] Transmitting packet of size 205 out of port 0
[22:32:38.321] [bmv2] [D] [thread 18911] [49.0] [cxt 0] Processing packet received on port 3
[22:32:38.321] [bmv2] [D] [thread 18911] [49.0] [cxt 0] Parser 'parser': start
[22:32:38.321] [bmv2] [D] [thread 18911] [49.0] [cxt 0] Parser 'parser' entering state 'start'
[22:32:38.321] [bmv2] [D] [thread 18911] [49.0] [cxt 0] Extracting header 'ethernet'
[22:32:38.321] [bmv2] [D] [thread 18911] [49.0] [cxt 0] Parser state 'start': key is 86dd
[22:32:38.321] [bmv2] [T] [thread 18911] [49.0] [cxt 0] Bytes parsed: 14
[22:32:38.322] [bmv2] [D] [thread 18911] [49.0] [cxt 0] Parser 'parser': end
[22:32:38.322] [bmv2] [D] [thread 18911] [49.0] [cxt 0] Pipeline 'ingress': start
[22:32:38.322] [bmv2] [T] [thread 18911] [49.0] [cxt 0] routing.p4(122) Condition "hdr.ipv4.isValid()" (node_2) is false
[22:32:38.322] [bmv2] [D] [thread 18911] [49.0] [cxt 0] Pipeline 'ingress': end
[22:32:38.322] [bmv2] [D] [thread 18911] [49.0] [cxt 0] Egress port is 0
[22:32:38.322] [bmv2] [D] [thread 18912] [49.0] [cxt 0] Pipeline 'egress': start
[22:32:38.323] [bmv2] [D] [thread 18912] [49.0] [cxt 0] Pipeline 'egress': end
[22:32:38.323] [bmv2] [D] [thread 18912] [49.0] [cxt 0] Deparser 'deparser': start
[22:32:38.323] [bmv2] [D] [thread 18912] [49.0] [cxt 0] Deparser 'deparser': end
[22:32:38.323] [bmv2] [D] [thread 18916] [49.0] [cxt 0] Transmitting packet of size 96 out of port 0
[22:32:38.369] [bmv2] [D] [thread 18911] [50.0] [cxt 0] Processing packet received on port 2
[22:32:38.369] [bmv2] [D] [thread 18911] [50.0] [cxt 0] Parser 'parser': start
[22:32:38.369] [bmv2] [D] [thread 18911] [50.0] [cxt 0] Parser 'parser' entering state 'start'
[22:32:38.369] [bmv2] [D] [thread 18911] [50.0] [cxt 0] Extracting header 'ethernet'
[22:32:38.370] [bmv2] [D] [thread 18911] [50.0] [cxt 0] Parser state 'start': key is 86dd
[22:32:38.370] [bmv2] [T] [thread 18911] [50.0] [cxt 0] Bytes parsed: 14
[22:32:38.370] [bmv2] [D] [thread 18911] [50.0] [cxt 0] Parser 'parser': end
[22:32:38.370] [bmv2] [D] [thread 18911] [50.0] [cxt 0] Pipeline 'ingress': start
[22:32:38.370] [bmv2] [T] [thread 18911] [50.0] [cxt 0] routing.p4(122) Condition "hdr.ipv4.isValid()" (node_2) is false
[22:32:38.371] [bmv2] [D] [thread 18911] [50.0] [cxt 0] Pipeline 'ingress': end
[22:32:38.371] [bmv2] [D] [thread 18911] [50.0] [cxt 0] Egress port is 0
[22:32:38.371] [bmv2] [D] [thread 18911] [51.0] [cxt 0] Processing packet received on port 3
[22:32:38.371] [bmv2] [D] [thread 18911] [51.0] [cxt 0] Parser 'parser': start
[22:32:38.371] [bmv2] [D] [thread 18911] [51.0] [cxt 0] Parser 'parser' entering state 'start'
[22:32:38.371] [bmv2] [D] [thread 18912] [50.0] [cxt 0] Pipeline 'egress': start
[22:32:38.371] [bmv2] [D] [thread 18912] [50.0] [cxt 0] Pipeline 'egress': end
[22:32:38.371] [bmv2] [D] [thread 18912] [50.0] [cxt 0] Deparser 'deparser': start
[22:32:38.371] [bmv2] [D] [thread 18912] [50.0] [cxt 0] Deparser 'deparser': end
[22:32:38.372] [bmv2] [D] [thread 18916] [50.0] [cxt 0] Transmitting packet of size 193 out of port 0
[22:32:38.371] [bmv2] [D] [thread 18911] [51.0] [cxt 0] Extracting header 'ethernet'
[22:32:38.372] [bmv2] [D] [thread 18911] [51.0] [cxt 0] Parser state 'start': key is 86dd
[22:32:38.372] [bmv2] [T] [thread 18911] [51.0] [cxt 0] Bytes parsed: 14
[22:32:38.372] [bmv2] [D] [thread 18911] [51.0] [cxt 0] Parser 'parser': end
[22:32:38.373] [bmv2] [D] [thread 18911] [51.0] [cxt 0] Pipeline 'ingress': start
[22:32:38.373] [bmv2] [T] [thread 18911] [51.0] [cxt 0] routing.p4(122) Condition "hdr.ipv4.isValid()" (node_2) is false
[22:32:38.373] [bmv2] [D] [thread 18911] [51.0] [cxt 0] Pipeline 'ingress': end
[22:32:38.373] [bmv2] [D] [thread 18911] [51.0] [cxt 0] Egress port is 0
[22:32:38.373] [bmv2] [D] [thread 18912] [51.0] [cxt 0] Pipeline 'egress': start
[22:32:38.373] [bmv2] [D] [thread 18912] [51.0] [cxt 0] Pipeline 'egress': end
[22:32:38.374] [bmv2] [D] [thread 18912] [51.0] [cxt 0] Deparser 'deparser': start
[22:32:38.374] [bmv2] [D] [thread 18912] [51.0] [cxt 0] Deparser 'deparser': end
[22:32:38.374] [bmv2] [D] [thread 18916] [51.0] [cxt 0] Transmitting packet of size 193 out of port 0
[22:32:38.555] [bmv2] [D] [thread 18911] [52.0] [cxt 0] Processing packet received on port 3
[22:32:38.555] [bmv2] [D] [thread 18911] [52.0] [cxt 0] Parser 'parser': start
[22:32:38.556] [bmv2] [D] [thread 18911] [52.0] [cxt 0] Parser 'parser' entering state 'start'
[22:32:38.556] [bmv2] [D] [thread 18911] [52.0] [cxt 0] Extracting header 'ethernet'
[22:32:38.556] [bmv2] [D] [thread 18911] [52.0] [cxt 0] Parser state 'start': key is 86dd
[22:32:38.556] [bmv2] [T] [thread 18911] [52.0] [cxt 0] Bytes parsed: 14
[22:32:38.556] [bmv2] [D] [thread 18911] [52.0] [cxt 0] Parser 'parser': end
[22:32:38.556] [bmv2] [D] [thread 18911] [52.0] [cxt 0] Pipeline 'ingress': start
[22:32:38.557] [bmv2] [T] [thread 18911] [52.0] [cxt 0] routing.p4(122) Condition "hdr.ipv4.isValid()" (node_2) is false
[22:32:38.557] [bmv2] [D] [thread 18911] [52.0] [cxt 0] Pipeline 'ingress': end
[22:32:38.557] [bmv2] [D] [thread 18911] [52.0] [cxt 0] Egress port is 0
[22:32:38.557] [bmv2] [D] [thread 18912] [52.0] [cxt 0] Pipeline 'egress': start
[22:32:38.557] [bmv2] [D] [thread 18912] [52.0] [cxt 0] Pipeline 'egress': end
[22:32:38.558] [bmv2] [D] [thread 18912] [52.0] [cxt 0] Deparser 'deparser': start
[22:32:38.558] [bmv2] [D] [thread 18912] [52.0] [cxt 0] Deparser 'deparser': end
[22:32:38.558] [bmv2] [D] [thread 18916] [52.0] [cxt 0] Transmitting packet of size 205 out of port 0
[22:32:38.672] [bmv2] [D] [thread 18911] [53.0] [cxt 0] Processing packet received on port 3
[22:32:38.673] [bmv2] [D] [thread 18911] [53.0] [cxt 0] Parser 'parser': start
[22:32:38.673] [bmv2] [D] [thread 18911] [53.0] [cxt 0] Parser 'parser' entering state 'start'
[22:32:38.673] [bmv2] [D] [thread 18911] [53.0] [cxt 0] Extracting header 'ethernet'
[22:32:38.675] [bmv2] [D] [thread 18911] [53.0] [cxt 0] Parser state 'start': key is 86dd
[22:32:38.675] [bmv2] [T] [thread 18911] [53.0] [cxt 0] Bytes parsed: 14
[22:32:38.675] [bmv2] [D] [thread 18911] [53.0] [cxt 0] Parser 'parser': end
[22:32:38.675] [bmv2] [D] [thread 18911] [53.0] [cxt 0] Pipeline 'ingress': start
[22:32:38.675] [bmv2] [T] [thread 18911] [53.0] [cxt 0] routing.p4(122) Condition "hdr.ipv4.isValid()" (node_2) is false
[22:32:38.675] [bmv2] [D] [thread 18911] [53.0] [cxt 0] Pipeline 'ingress': end
[22:32:38.675] [bmv2] [D] [thread 18911] [53.0] [cxt 0] Egress port is 0
[22:32:38.676] [bmv2] [D] [thread 18912] [53.0] [cxt 0] Pipeline 'egress': start
[22:32:38.676] [bmv2] [D] [thread 18912] [53.0] [cxt 0] Pipeline 'egress': end
[22:32:38.676] [bmv2] [D] [thread 18912] [53.0] [cxt 0] Deparser 'deparser': start
[22:32:38.676] [bmv2] [D] [thread 18912] [53.0] [cxt 0] Deparser 'deparser': end
[22:32:38.676] [bmv2] [D] [thread 18916] [53.0] [cxt 0] Transmitting packet of size 76 out of port 0
New connection
P4Runtime SetForwardingPipelineConfig
[22:32:38.696] [bmv2] [W] [thread 18980] [P4Runtime] p4::tmp::P4DeviceConfig is deprecated
[22:32:38.697] [bmv2] [D] [thread 18980] Set default default entry for table 'MyIngress.ipv4_lpm': NoAction - 
[22:32:38.699] [bmv2] [D] [thread 18980] simple_switch target has been notified of a config swap
Connection removed
[22:32:38.755] [bmv2] [D] [thread 18911] [54.0] [cxt 0] Processing packet received on port 3
[22:32:38.755] [bmv2] [D] [thread 18911] [54.0] [cxt 0] Parser 'parser': start
[22:32:38.755] [bmv2] [D] [thread 18911] [54.0] [cxt 0] Parser 'parser' entering state 'start'
[22:32:38.755] [bmv2] [D] [thread 18911] [54.0] [cxt 0] Extracting header 'ethernet'
[22:32:38.756] [bmv2] [D] [thread 18911] [54.0] [cxt 0] Parser state 'start': key is 86dd
[22:32:38.756] [bmv2] [T] [thread 18911] [54.0] [cxt 0] Bytes parsed: 14
[22:32:38.756] [bmv2] [D] [thread 18911] [54.0] [cxt 0] Parser 'parser': end
[22:32:38.756] [bmv2] [D] [thread 18911] [54.0] [cxt 0] Pipeline 'ingress': start
[22:32:38.756] [bmv2] [T] [thread 18911] [54.0] [cxt 0] routing.p4(122) Condition "hdr.ipv4.isValid()" (node_2) is false
[22:32:38.756] [bmv2] [D] [thread 18911] [54.0] [cxt 0] Pipeline 'ingress': end
[22:32:38.757] [bmv2] [D] [thread 18911] [54.0] [cxt 0] Egress port is 0
[22:32:38.757] [bmv2] [D] [thread 18912] [54.0] [cxt 0] Pipeline 'egress': start
[22:32:38.757] [bmv2] [D] [thread 18912] [54.0] [cxt 0] Pipeline 'egress': end
[22:32:38.757] [bmv2] [D] [thread 18912] [54.0] [cxt 0] Deparser 'deparser': start
[22:32:38.757] [bmv2] [D] [thread 18912] [54.0] [cxt 0] Deparser 'deparser': end
[22:32:38.758] [bmv2] [D] [thread 18916] [54.0] [cxt 0] Transmitting packet of size 193 out of port 0
