Calling target program-options parser
[23:15:04.419] [bmv2] [D] [thread 25383] Set default default entry for table 'MyIngress.ipv4_lpm': NoAction - 
Adding interface s2-eth1 as port 1
[23:15:04.421] [bmv2] [D] [thread 25383] Adding interface s2-eth1 as port 1
Adding interface s2-eth2 as port 2
[23:15:04.457] [bmv2] [D] [thread 25383] Adding interface s2-eth2 as port 2
Adding interface s2-eth3 as port 3
[23:15:04.499] [bmv2] [D] [thread 25383] Adding interface s2-eth3 as port 3
Server listening on 0.0.0.0:50052
[23:15:04.539] [bmv2] [I] [thread 25383] Starting Thrift server on port 9091
[23:15:04.539] [bmv2] [I] [thread 25383] Thrift server was started
[23:15:04.540] [bmv2] [D] [thread 25393] [0.0] [cxt 0] Processing packet received on port 2
[23:15:04.540] [bmv2] [D] [thread 25393] [0.0] [cxt 0] Parser 'parser': start
[23:15:04.541] [bmv2] [D] [thread 25393] [0.0] [cxt 0] Parser 'parser' entering state 'start'
[23:15:04.541] [bmv2] [D] [thread 25393] [0.0] [cxt 0] Extracting header 'ethernet'
[23:15:04.541] [bmv2] [D] [thread 25393] [0.0] [cxt 0] Parser state 'start': key is 86dd
[23:15:04.541] [bmv2] [T] [thread 25393] [0.0] [cxt 0] Bytes parsed: 14
[23:15:04.541] [bmv2] [D] [thread 25393] [0.0] [cxt 0] Parser 'parser': end
[23:15:04.541] [bmv2] [D] [thread 25393] [0.0] [cxt 0] Pipeline 'ingress': start
[23:15:04.542] [bmv2] [T] [thread 25393] [0.0] [cxt 0] routing.p4(123) Condition "hdr.ipv4.isValid()" (node_2) is false
[23:15:04.542] [bmv2] [D] [thread 25393] [0.0] [cxt 0] Pipeline 'ingress': end
[23:15:04.542] [bmv2] [D] [thread 25393] [0.0] [cxt 0] Egress port is 0
[23:15:04.542] [bmv2] [D] [thread 25394] [0.0] [cxt 0] Pipeline 'egress': start
[23:15:04.543] [bmv2] [D] [thread 25394] [0.0] [cxt 0] Pipeline 'egress': end
[23:15:04.543] [bmv2] [D] [thread 25394] [0.0] [cxt 0] Deparser 'deparser': start
[23:15:04.543] [bmv2] [D] [thread 25394] [0.0] [cxt 0] Deparser 'deparser': end
[23:15:04.543] [bmv2] [D] [thread 25398] [0.0] [cxt 0] Transmitting packet of size 72 out of port 0
[23:15:04.946] [bmv2] [D] [thread 25393] [1.0] [cxt 0] Processing packet received on port 1
[23:15:04.947] [bmv2] [D] [thread 25393] [1.0] [cxt 0] Parser 'parser': start
[23:15:04.947] [bmv2] [D] [thread 25393] [1.0] [cxt 0] Parser 'parser' entering state 'start'
[23:15:04.947] [bmv2] [D] [thread 25393] [1.0] [cxt 0] Extracting header 'ethernet'
[23:15:04.947] [bmv2] [D] [thread 25393] [1.0] [cxt 0] Parser state 'start': key is 86dd
[23:15:04.947] [bmv2] [T] [thread 25393] [1.0] [cxt 0] Bytes parsed: 14
[23:15:04.948] [bmv2] [D] [thread 25393] [1.0] [cxt 0] Parser 'parser': end
[23:15:04.948] [bmv2] [D] [thread 25393] [1.0] [cxt 0] Pipeline 'ingress': start
[23:15:04.948] [bmv2] [T] [thread 25393] [1.0] [cxt 0] routing.p4(123) Condition "hdr.ipv4.isValid()" (node_2) is false
[23:15:04.948] [bmv2] [D] [thread 25393] [1.0] [cxt 0] Pipeline 'ingress': end
[23:15:04.948] [bmv2] [D] [thread 25393] [1.0] [cxt 0] Egress port is 0
[23:15:04.948] [bmv2] [D] [thread 25393] [2.0] [cxt 0] Processing packet received on port 1
[23:15:04.948] [bmv2] [D] [thread 25393] [2.0] [cxt 0] Parser 'parser': start
[23:15:04.948] [bmv2] [D] [thread 25393] [2.0] [cxt 0] Parser 'parser' entering state 'start'
[23:15:04.949] [bmv2] [D] [thread 25393] [2.0] [cxt 0] Extracting header 'ethernet'
[23:15:04.948] [bmv2] [D] [thread 25394] [1.0] [cxt 0] Pipeline 'egress': start
[23:15:04.949] [bmv2] [D] [thread 25394] [1.0] [cxt 0] Pipeline 'egress': end
[23:15:04.949] [bmv2] [D] [thread 25394] [1.0] [cxt 0] Deparser 'deparser': start
[23:15:04.949] [bmv2] [D] [thread 25394] [1.0] [cxt 0] Deparser 'deparser': end
[23:15:04.949] [bmv2] [D] [thread 25398] [1.0] [cxt 0] Transmitting packet of size 76 out of port 0
[23:15:04.949] [bmv2] [D] [thread 25393] [2.0] [cxt 0] Parser state 'start': key is 86dd
[23:15:04.950] [bmv2] [T] [thread 25393] [2.0] [cxt 0] Bytes parsed: 14
[23:15:04.950] [bmv2] [D] [thread 25393] [2.0] [cxt 0] Parser 'parser': end
[23:15:04.950] [bmv2] [D] [thread 25393] [2.0] [cxt 0] Pipeline 'ingress': start
[23:15:04.950] [bmv2] [T] [thread 25393] [2.0] [cxt 0] routing.p4(123) Condition "hdr.ipv4.isValid()" (node_2) is false
[23:15:04.950] [bmv2] [D] [thread 25393] [2.0] [cxt 0] Pipeline 'ingress': end
[23:15:04.950] [bmv2] [D] [thread 25393] [2.0] [cxt 0] Egress port is 0
[23:15:04.950] [bmv2] [D] [thread 25394] [2.0] [cxt 0] Pipeline 'egress': start
[23:15:04.950] [bmv2] [D] [thread 25394] [2.0] [cxt 0] Pipeline 'egress': end
[23:15:04.951] [bmv2] [D] [thread 25394] [2.0] [cxt 0] Deparser 'deparser': start
[23:15:04.951] [bmv2] [D] [thread 25394] [2.0] [cxt 0] Deparser 'deparser': end
[23:15:04.951] [bmv2] [D] [thread 25398] [2.0] [cxt 0] Transmitting packet of size 56 out of port 0
[23:15:04.958] [bmv2] [D] [thread 25393] [3.0] [cxt 0] Processing packet received on port 1
[23:15:04.958] [bmv2] [D] [thread 25393] [3.0] [cxt 0] Parser 'parser': start
[23:15:04.958] [bmv2] [D] [thread 25393] [3.0] [cxt 0] Parser 'parser' entering state 'start'
[23:15:04.958] [bmv2] [D] [thread 25393] [3.0] [cxt 0] Extracting header 'ethernet'
[23:15:04.958] [bmv2] [D] [thread 25393] [3.0] [cxt 0] Parser state 'start': key is 86dd
[23:15:04.958] [bmv2] [T] [thread 25393] [3.0] [cxt 0] Bytes parsed: 14
[23:15:04.959] [bmv2] [D] [thread 25393] [3.0] [cxt 0] Parser 'parser': end
[23:15:04.959] [bmv2] [D] [thread 25393] [3.0] [cxt 0] Pipeline 'ingress': start
[23:15:04.959] [bmv2] [T] [thread 25393] [3.0] [cxt 0] routing.p4(123) Condition "hdr.ipv4.isValid()" (node_2) is false
[23:15:04.959] [bmv2] [D] [thread 25393] [3.0] [cxt 0] Pipeline 'ingress': end
[23:15:04.959] [bmv2] [D] [thread 25393] [3.0] [cxt 0] Egress port is 0
[23:15:04.959] [bmv2] [D] [thread 25394] [3.0] [cxt 0] Pipeline 'egress': start
[23:15:04.960] [bmv2] [D] [thread 25394] [3.0] [cxt 0] Pipeline 'egress': end
[23:15:04.960] [bmv2] [D] [thread 25394] [3.0] [cxt 0] Deparser 'deparser': start
[23:15:04.960] [bmv2] [D] [thread 25394] [3.0] [cxt 0] Deparser 'deparser': end
[23:15:04.960] [bmv2] [D] [thread 25398] [3.0] [cxt 0] Transmitting packet of size 76 out of port 0
[23:15:05.042] [bmv2] [D] [thread 25393] [4.0] [cxt 0] Processing packet received on port 2
[23:15:05.042] [bmv2] [D] [thread 25393] [4.0] [cxt 0] Parser 'parser': start
[23:15:05.043] [bmv2] [D] [thread 25393] [4.0] [cxt 0] Parser 'parser' entering state 'start'
[23:15:05.043] [bmv2] [D] [thread 25393] [4.0] [cxt 0] Extracting header 'ethernet'
[23:15:05.043] [bmv2] [D] [thread 25393] [4.0] [cxt 0] Parser state 'start': key is 86dd
[23:15:05.043] [bmv2] [T] [thread 25393] [4.0] [cxt 0] Bytes parsed: 14
[23:15:05.043] [bmv2] [D] [thread 25393] [4.0] [cxt 0] Parser 'parser': end
[23:15:05.043] [bmv2] [D] [thread 25393] [4.0] [cxt 0] Pipeline 'ingress': start
[23:15:05.044] [bmv2] [T] [thread 25393] [4.0] [cxt 0] routing.p4(123) Condition "hdr.ipv4.isValid()" (node_2) is false
[23:15:05.044] [bmv2] [D] [thread 25393] [4.0] [cxt 0] Pipeline 'ingress': end
[23:15:05.044] [bmv2] [D] [thread 25393] [4.0] [cxt 0] Egress port is 0
[23:15:05.044] [bmv2] [D] [thread 25394] [4.0] [cxt 0] Pipeline 'egress': start
[23:15:05.044] [bmv2] [D] [thread 25394] [4.0] [cxt 0] Pipeline 'egress': end
[23:15:05.044] [bmv2] [D] [thread 25394] [4.0] [cxt 0] Deparser 'deparser': start
[23:15:05.044] [bmv2] [D] [thread 25394] [4.0] [cxt 0] Deparser 'deparser': end
[23:15:05.045] [bmv2] [D] [thread 25398] [4.0] [cxt 0] Transmitting packet of size 76 out of port 0
[23:15:05.044] [bmv2] [D] [thread 25393] [5.0] [cxt 0] Processing packet received on port 2
[23:15:05.045] [bmv2] [D] [thread 25393] [5.0] [cxt 0] Parser 'parser': start
[23:15:05.045] [bmv2] [D] [thread 25393] [5.0] [cxt 0] Parser 'parser' entering state 'start'
[23:15:05.045] [bmv2] [D] [thread 25393] [5.0] [cxt 0] Extracting header 'ethernet'
[23:15:05.045] [bmv2] [D] [thread 25393] [5.0] [cxt 0] Parser state 'start': key is 86dd
[23:15:05.046] [bmv2] [T] [thread 25393] [5.0] [cxt 0] Bytes parsed: 14
[23:15:05.046] [bmv2] [D] [thread 25393] [5.0] [cxt 0] Parser 'parser': end
[23:15:05.046] [bmv2] [D] [thread 25393] [5.0] [cxt 0] Pipeline 'ingress': start
[23:15:05.047] [bmv2] [T] [thread 25393] [5.0] [cxt 0] routing.p4(123) Condition "hdr.ipv4.isValid()" (node_2) is false
[23:15:05.047] [bmv2] [D] [thread 25393] [5.0] [cxt 0] Pipeline 'ingress': end
[23:15:05.047] [bmv2] [D] [thread 25393] [5.0] [cxt 0] Egress port is 0
[23:15:05.047] [bmv2] [D] [thread 25394] [5.0] [cxt 0] Pipeline 'egress': start
[23:15:05.047] [bmv2] [D] [thread 25394] [5.0] [cxt 0] Pipeline 'egress': end
[23:15:05.047] [bmv2] [D] [thread 25394] [5.0] [cxt 0] Deparser 'deparser': start
[23:15:05.047] [bmv2] [D] [thread 25394] [5.0] [cxt 0] Deparser 'deparser': end
[23:15:05.048] [bmv2] [D] [thread 25398] [5.0] [cxt 0] Transmitting packet of size 56 out of port 0
[23:15:05.052] [bmv2] [D] [thread 25393] [6.0] [cxt 0] Processing packet received on port 2
[23:15:05.052] [bmv2] [D] [thread 25393] [6.0] [cxt 0] Parser 'parser': start
[23:15:05.052] [bmv2] [D] [thread 25393] [6.0] [cxt 0] Parser 'parser' entering state 'start'
[23:15:05.053] [bmv2] [D] [thread 25393] [6.0] [cxt 0] Extracting header 'ethernet'
[23:15:05.053] [bmv2] [D] [thread 25393] [6.0] [cxt 0] Parser state 'start': key is 86dd
[23:15:05.053] [bmv2] [T] [thread 25393] [6.0] [cxt 0] Bytes parsed: 14
[23:15:05.053] [bmv2] [D] [thread 25393] [6.0] [cxt 0] Parser 'parser': end
[23:15:05.053] [bmv2] [D] [thread 25393] [6.0] [cxt 0] Pipeline 'ingress': start
[23:15:05.054] [bmv2] [T] [thread 25393] [6.0] [cxt 0] routing.p4(123) Condition "hdr.ipv4.isValid()" (node_2) is false
[23:15:05.054] [bmv2] [D] [thread 25393] [6.0] [cxt 0] Pipeline 'ingress': end
[23:15:05.054] [bmv2] [D] [thread 25393] [6.0] [cxt 0] Egress port is 0
[23:15:05.054] [bmv2] [D] [thread 25394] [6.0] [cxt 0] Pipeline 'egress': start
[23:15:05.054] [bmv2] [D] [thread 25394] [6.0] [cxt 0] Pipeline 'egress': end
[23:15:05.055] [bmv2] [D] [thread 25394] [6.0] [cxt 0] Deparser 'deparser': start
[23:15:05.055] [bmv2] [D] [thread 25394] [6.0] [cxt 0] Deparser 'deparser': end
[23:15:05.055] [bmv2] [D] [thread 25398] [6.0] [cxt 0] Transmitting packet of size 76 out of port 0
[23:15:05.216] [bmv2] [D] [thread 25393] [7.0] [cxt 0] Processing packet received on port 1
[23:15:05.216] [bmv2] [D] [thread 25393] [7.0] [cxt 0] Parser 'parser': start
[23:15:05.216] [bmv2] [D] [thread 25393] [7.0] [cxt 0] Parser 'parser' entering state 'start'
[23:15:05.216] [bmv2] [D] [thread 25393] [7.0] [cxt 0] Extracting header 'ethernet'
[23:15:05.217] [bmv2] [D] [thread 25393] [7.0] [cxt 0] Parser state 'start': key is 86dd
[23:15:05.217] [bmv2] [T] [thread 25393] [7.0] [cxt 0] Bytes parsed: 14
[23:15:05.217] [bmv2] [D] [thread 25393] [7.0] [cxt 0] Parser 'parser': end
[23:15:05.217] [bmv2] [D] [thread 25393] [7.0] [cxt 0] Pipeline 'ingress': start
[23:15:05.218] [bmv2] [T] [thread 25393] [7.0] [cxt 0] routing.p4(123) Condition "hdr.ipv4.isValid()" (node_2) is false
[23:15:05.218] [bmv2] [D] [thread 25393] [7.0] [cxt 0] Pipeline 'ingress': end
[23:15:05.218] [bmv2] [D] [thread 25393] [7.0] [cxt 0] Egress port is 0
[23:15:05.218] [bmv2] [D] [thread 25394] [7.0] [cxt 0] Pipeline 'egress': start
[23:15:05.218] [bmv2] [D] [thread 25394] [7.0] [cxt 0] Pipeline 'egress': end
[23:15:05.219] [bmv2] [D] [thread 25394] [7.0] [cxt 0] Deparser 'deparser': start
[23:15:05.219] [bmv2] [D] [thread 25394] [7.0] [cxt 0] Deparser 'deparser': end
[23:15:05.219] [bmv2] [D] [thread 25398] [7.0] [cxt 0] Transmitting packet of size 205 out of port 0
[23:15:05.314] [bmv2] [D] [thread 25393] [8.0] [cxt 0] Processing packet received on port 2
[23:15:05.315] [bmv2] [D] [thread 25393] [8.0] [cxt 0] Parser 'parser': start
[23:15:05.315] [bmv2] [D] [thread 25393] [8.0] [cxt 0] Parser 'parser' entering state 'start'
[23:15:05.315] [bmv2] [D] [thread 25393] [8.0] [cxt 0] Extracting header 'ethernet'
[23:15:05.315] [bmv2] [D] [thread 25393] [8.0] [cxt 0] Parser state 'start': key is 86dd
[23:15:05.315] [bmv2] [T] [thread 25393] [8.0] [cxt 0] Bytes parsed: 14
[23:15:05.315] [bmv2] [D] [thread 25393] [8.0] [cxt 0] Parser 'parser': end
[23:15:05.315] [bmv2] [D] [thread 25393] [8.0] [cxt 0] Pipeline 'ingress': start
[23:15:05.315] [bmv2] [T] [thread 25393] [8.0] [cxt 0] routing.p4(123) Condition "hdr.ipv4.isValid()" (node_2) is false
[23:15:05.315] [bmv2] [D] [thread 25393] [8.0] [cxt 0] Pipeline 'ingress': end
[23:15:05.316] [bmv2] [D] [thread 25393] [8.0] [cxt 0] Egress port is 0
[23:15:05.316] [bmv2] [D] [thread 25394] [8.0] [cxt 0] Pipeline 'egress': start
[23:15:05.316] [bmv2] [D] [thread 25394] [8.0] [cxt 0] Pipeline 'egress': end
[23:15:05.316] [bmv2] [D] [thread 25394] [8.0] [cxt 0] Deparser 'deparser': start
[23:15:05.316] [bmv2] [D] [thread 25394] [8.0] [cxt 0] Deparser 'deparser': end
[23:15:05.316] [bmv2] [D] [thread 25398] [8.0] [cxt 0] Transmitting packet of size 205 out of port 0
[23:15:05.390] [bmv2] [D] [thread 25393] [9.0] [cxt 0] Processing packet received on port 1
[23:15:05.390] [bmv2] [D] [thread 25393] [9.0] [cxt 0] Parser 'parser': start
[23:15:05.390] [bmv2] [D] [thread 25393] [9.0] [cxt 0] Parser 'parser' entering state 'start'
[23:15:05.391] [bmv2] [D] [thread 25393] [9.0] [cxt 0] Extracting header 'ethernet'
[23:15:05.391] [bmv2] [D] [thread 25393] [9.0] [cxt 0] Parser state 'start': key is 86dd
[23:15:05.391] [bmv2] [T] [thread 25393] [9.0] [cxt 0] Bytes parsed: 14
[23:15:05.391] [bmv2] [D] [thread 25393] [9.0] [cxt 0] Parser 'parser': end
[23:15:05.391] [bmv2] [D] [thread 25393] [9.0] [cxt 0] Pipeline 'ingress': start
[23:15:05.391] [bmv2] [T] [thread 25393] [9.0] [cxt 0] routing.p4(123) Condition "hdr.ipv4.isValid()" (node_2) is false
[23:15:05.391] [bmv2] [D] [thread 25393] [9.0] [cxt 0] Pipeline 'ingress': end
[23:15:05.392] [bmv2] [D] [thread 25393] [9.0] [cxt 0] Egress port is 0
[23:15:05.392] [bmv2] [D] [thread 25394] [9.0] [cxt 0] Pipeline 'egress': start
[23:15:05.394] [bmv2] [D] [thread 25394] [9.0] [cxt 0] Pipeline 'egress': end
[23:15:05.394] [bmv2] [D] [thread 25394] [9.0] [cxt 0] Deparser 'deparser': start
[23:15:05.394] [bmv2] [D] [thread 25394] [9.0] [cxt 0] Deparser 'deparser': end
[23:15:05.395] [bmv2] [D] [thread 25398] [9.0] [cxt 0] Transmitting packet of size 96 out of port 0
[23:15:05.394] [bmv2] [D] [thread 25393] [10.0] [cxt 0] Processing packet received on port 3
[23:15:05.395] [bmv2] [D] [thread 25393] [10.0] [cxt 0] Parser 'parser': start
[23:15:05.395] [bmv2] [D] [thread 25393] [10.0] [cxt 0] Parser 'parser' entering state 'start'
[23:15:05.395] [bmv2] [D] [thread 25393] [10.0] [cxt 0] Extracting header 'ethernet'
[23:15:05.395] [bmv2] [D] [thread 25393] [10.0] [cxt 0] Parser state 'start': key is 86dd
[23:15:05.395] [bmv2] [T] [thread 25393] [10.0] [cxt 0] Bytes parsed: 14
[23:15:05.395] [bmv2] [D] [thread 25393] [10.0] [cxt 0] Parser 'parser': end
[23:15:05.396] [bmv2] [D] [thread 25393] [10.0] [cxt 0] Pipeline 'ingress': start
[23:15:05.396] [bmv2] [T] [thread 25393] [10.0] [cxt 0] routing.p4(123) Condition "hdr.ipv4.isValid()" (node_2) is false
[23:15:05.396] [bmv2] [D] [thread 25393] [10.0] [cxt 0] Pipeline 'ingress': end
[23:15:05.396] [bmv2] [D] [thread 25393] [10.0] [cxt 0] Egress port is 0
[23:15:05.396] [bmv2] [D] [thread 25393] [11.0] [cxt 0] Processing packet received on port 3
[23:15:05.396] [bmv2] [D] [thread 25393] [11.0] [cxt 0] Parser 'parser': start
[23:15:05.396] [bmv2] [D] [thread 25393] [11.0] [cxt 0] Parser 'parser' entering state 'start'
[23:15:05.396] [bmv2] [D] [thread 25394] [10.0] [cxt 0] Pipeline 'egress': start
[23:15:05.397] [bmv2] [D] [thread 25394] [10.0] [cxt 0] Pipeline 'egress': end
[23:15:05.397] [bmv2] [D] [thread 25394] [10.0] [cxt 0] Deparser 'deparser': start
[23:15:05.397] [bmv2] [D] [thread 25394] [10.0] [cxt 0] Deparser 'deparser': end
[23:15:05.397] [bmv2] [D] [thread 25398] [10.0] [cxt 0] Transmitting packet of size 76 out of port 0
[23:15:05.397] [bmv2] [D] [thread 25393] [11.0] [cxt 0] Extracting header 'ethernet'
[23:15:05.397] [bmv2] [D] [thread 25393] [11.0] [cxt 0] Parser state 'start': key is 86dd
[23:15:05.397] [bmv2] [T] [thread 25393] [11.0] [cxt 0] Bytes parsed: 14
[23:15:05.397] [bmv2] [D] [thread 25393] [11.0] [cxt 0] Parser 'parser': end
[23:15:05.397] [bmv2] [D] [thread 25393] [11.0] [cxt 0] Pipeline 'ingress': start
[23:15:05.398] [bmv2] [T] [thread 25393] [11.0] [cxt 0] routing.p4(123) Condition "hdr.ipv4.isValid()" (node_2) is false
[23:15:05.398] [bmv2] [D] [thread 25393] [11.0] [cxt 0] Pipeline 'ingress': end
[23:15:05.398] [bmv2] [D] [thread 25393] [11.0] [cxt 0] Egress port is 0
[23:15:05.398] [bmv2] [D] [thread 25394] [11.0] [cxt 0] Pipeline 'egress': start
[23:15:05.398] [bmv2] [D] [thread 25394] [11.0] [cxt 0] Pipeline 'egress': end
[23:15:05.398] [bmv2] [D] [thread 25394] [11.0] [cxt 0] Deparser 'deparser': start
[23:15:05.398] [bmv2] [D] [thread 25394] [11.0] [cxt 0] Deparser 'deparser': end
[23:15:05.399] [bmv2] [D] [thread 25398] [11.0] [cxt 0] Transmitting packet of size 56 out of port 0
[23:15:05.405] [bmv2] [D] [thread 25393] [12.0] [cxt 0] Processing packet received on port 3
[23:15:05.405] [bmv2] [D] [thread 25393] [12.0] [cxt 0] Parser 'parser': start
[23:15:05.405] [bmv2] [D] [thread 25393] [12.0] [cxt 0] Parser 'parser' entering state 'start'
[23:15:05.405] [bmv2] [D] [thread 25393] [12.0] [cxt 0] Extracting header 'ethernet'
[23:15:05.405] [bmv2] [D] [thread 25393] [12.0] [cxt 0] Parser state 'start': key is 86dd
[23:15:05.405] [bmv2] [T] [thread 25393] [12.0] [cxt 0] Bytes parsed: 14
[23:15:05.405] [bmv2] [D] [thread 25393] [12.0] [cxt 0] Parser 'parser': end
[23:15:05.406] [bmv2] [D] [thread 25393] [12.0] [cxt 0] Pipeline 'ingress': start
[23:15:05.406] [bmv2] [T] [thread 25393] [12.0] [cxt 0] routing.p4(123) Condition "hdr.ipv4.isValid()" (node_2) is false
[23:15:05.406] [bmv2] [D] [thread 25393] [12.0] [cxt 0] Pipeline 'ingress': end
[23:15:05.406] [bmv2] [D] [thread 25393] [12.0] [cxt 0] Egress port is 0
[23:15:05.406] [bmv2] [D] [thread 25394] [12.0] [cxt 0] Pipeline 'egress': start
[23:15:05.406] [bmv2] [D] [thread 25394] [12.0] [cxt 0] Pipeline 'egress': end
[23:15:05.407] [bmv2] [D] [thread 25394] [12.0] [cxt 0] Deparser 'deparser': start
[23:15:05.407] [bmv2] [D] [thread 25394] [12.0] [cxt 0] Deparser 'deparser': end
[23:15:05.407] [bmv2] [D] [thread 25398] [12.0] [cxt 0] Transmitting packet of size 76 out of port 0
[23:15:05.432] [bmv2] [D] [thread 25393] [13.0] [cxt 0] Processing packet received on port 3
[23:15:05.432] [bmv2] [D] [thread 25393] [13.0] [cxt 0] Parser 'parser': start
[23:15:05.432] [bmv2] [D] [thread 25393] [13.0] [cxt 0] Parser 'parser' entering state 'start'
[23:15:05.433] [bmv2] [D] [thread 25393] [13.0] [cxt 0] Extracting header 'ethernet'
[23:15:05.433] [bmv2] [D] [thread 25393] [13.0] [cxt 0] Parser state 'start': key is 86dd
[23:15:05.433] [bmv2] [T] [thread 25393] [13.0] [cxt 0] Bytes parsed: 14
[23:15:05.433] [bmv2] [D] [thread 25393] [13.0] [cxt 0] Parser 'parser': end
[23:15:05.434] [bmv2] [D] [thread 25393] [13.0] [cxt 0] Pipeline 'ingress': start
[23:15:05.434] [bmv2] [T] [thread 25393] [13.0] [cxt 0] routing.p4(123) Condition "hdr.ipv4.isValid()" (node_2) is false
[23:15:05.434] [bmv2] [D] [thread 25393] [13.0] [cxt 0] Pipeline 'ingress': end
[23:15:05.434] [bmv2] [D] [thread 25393] [13.0] [cxt 0] Egress port is 0
[23:15:05.435] [bmv2] [D] [thread 25394] [13.0] [cxt 0] Pipeline 'egress': start
[23:15:05.435] [bmv2] [D] [thread 25394] [13.0] [cxt 0] Pipeline 'egress': end
[23:15:05.435] [bmv2] [D] [thread 25394] [13.0] [cxt 0] Deparser 'deparser': start
[23:15:05.435] [bmv2] [D] [thread 25394] [13.0] [cxt 0] Deparser 'deparser': end
[23:15:05.435] [bmv2] [D] [thread 25398] [13.0] [cxt 0] Transmitting packet of size 76 out of port 0
[23:15:05.435] [bmv2] [D] [thread 25393] [14.0] [cxt 0] Processing packet received on port 3
[23:15:05.436] [bmv2] [D] [thread 25393] [14.0] [cxt 0] Parser 'parser': start
[23:15:05.436] [bmv2] [D] [thread 25393] [14.0] [cxt 0] Parser 'parser' entering state 'start'
[23:15:05.436] [bmv2] [D] [thread 25393] [14.0] [cxt 0] Extracting header 'ethernet'
[23:15:05.436] [bmv2] [D] [thread 25393] [14.0] [cxt 0] Parser state 'start': key is 86dd
[23:15:05.436] [bmv2] [T] [thread 25393] [14.0] [cxt 0] Bytes parsed: 14
[23:15:05.436] [bmv2] [D] [thread 25393] [14.0] [cxt 0] Parser 'parser': end
[23:15:05.437] [bmv2] [D] [thread 25393] [14.0] [cxt 0] Pipeline 'ingress': start
[23:15:05.437] [bmv2] [T] [thread 25393] [14.0] [cxt 0] routing.p4(123) Condition "hdr.ipv4.isValid()" (node_2) is false
[23:15:05.437] [bmv2] [D] [thread 25393] [14.0] [cxt 0] Pipeline 'ingress': end
[23:15:05.437] [bmv2] [D] [thread 25393] [14.0] [cxt 0] Egress port is 0
[23:15:05.437] [bmv2] [D] [thread 25394] [14.0] [cxt 0] Pipeline 'egress': start
[23:15:05.438] [bmv2] [D] [thread 25394] [14.0] [cxt 0] Pipeline 'egress': end
[23:15:05.438] [bmv2] [D] [thread 25394] [14.0] [cxt 0] Deparser 'deparser': start
[23:15:05.438] [bmv2] [D] [thread 25394] [14.0] [cxt 0] Deparser 'deparser': end
[23:15:05.438] [bmv2] [D] [thread 25398] [14.0] [cxt 0] Transmitting packet of size 56 out of port 0
[23:15:05.440] [bmv2] [D] [thread 25393] [15.0] [cxt 0] Processing packet received on port 3
[23:15:05.440] [bmv2] [D] [thread 25393] [15.0] [cxt 0] Parser 'parser': start
[23:15:05.440] [bmv2] [D] [thread 25393] [15.0] [cxt 0] Parser 'parser' entering state 'start'
[23:15:05.440] [bmv2] [D] [thread 25393] [15.0] [cxt 0] Extracting header 'ethernet'
[23:15:05.441] [bmv2] [D] [thread 25393] [15.0] [cxt 0] Parser state 'start': key is 86dd
[23:15:05.441] [bmv2] [T] [thread 25393] [15.0] [cxt 0] Bytes parsed: 14
[23:15:05.441] [bmv2] [D] [thread 25393] [15.0] [cxt 0] Parser 'parser': end
[23:15:05.441] [bmv2] [D] [thread 25393] [15.0] [cxt 0] Pipeline 'ingress': start
[23:15:05.441] [bmv2] [T] [thread 25393] [15.0] [cxt 0] routing.p4(123) Condition "hdr.ipv4.isValid()" (node_2) is false
[23:15:05.441] [bmv2] [D] [thread 25393] [15.0] [cxt 0] Pipeline 'ingress': end
[23:15:05.441] [bmv2] [D] [thread 25393] [15.0] [cxt 0] Egress port is 0
[23:15:05.442] [bmv2] [D] [thread 25394] [15.0] [cxt 0] Pipeline 'egress': start
[23:15:05.442] [bmv2] [D] [thread 25394] [15.0] [cxt 0] Pipeline 'egress': end
[23:15:05.442] [bmv2] [D] [thread 25394] [15.0] [cxt 0] Deparser 'deparser': start
[23:15:05.442] [bmv2] [D] [thread 25394] [15.0] [cxt 0] Deparser 'deparser': end
[23:15:05.442] [bmv2] [D] [thread 25398] [15.0] [cxt 0] Transmitting packet of size 76 out of port 0
[23:15:05.469] [bmv2] [D] [thread 25393] [16.0] [cxt 0] Processing packet received on port 1
[23:15:05.470] [bmv2] [D] [thread 25393] [16.0] [cxt 0] Parser 'parser': start
[23:15:05.470] [bmv2] [D] [thread 25393] [16.0] [cxt 0] Parser 'parser' entering state 'start'
[23:15:05.470] [bmv2] [D] [thread 25393] [16.0] [cxt 0] Extracting header 'ethernet'
[23:15:05.470] [bmv2] [D] [thread 25393] [16.0] [cxt 0] Parser state 'start': key is 86dd
[23:15:05.470] [bmv2] [T] [thread 25393] [16.0] [cxt 0] Bytes parsed: 14
[23:15:05.471] [bmv2] [D] [thread 25393] [16.0] [cxt 0] Parser 'parser': end
[23:15:05.471] [bmv2] [D] [thread 25393] [16.0] [cxt 0] Pipeline 'ingress': start
[23:15:05.471] [bmv2] [T] [thread 25393] [16.0] [cxt 0] routing.p4(123) Condition "hdr.ipv4.isValid()" (node_2) is false
[23:15:05.471] [bmv2] [D] [thread 25393] [16.0] [cxt 0] Pipeline 'ingress': end
[23:15:05.471] [bmv2] [D] [thread 25393] [16.0] [cxt 0] Egress port is 0
[23:15:05.472] [bmv2] [D] [thread 25394] [16.0] [cxt 0] Pipeline 'egress': start
[23:15:05.472] [bmv2] [D] [thread 25394] [16.0] [cxt 0] Pipeline 'egress': end
[23:15:05.472] [bmv2] [D] [thread 25394] [16.0] [cxt 0] Deparser 'deparser': start
[23:15:05.472] [bmv2] [D] [thread 25394] [16.0] [cxt 0] Deparser 'deparser': end
[23:15:05.472] [bmv2] [D] [thread 25398] [16.0] [cxt 0] Transmitting packet of size 205 out of port 0
[23:15:05.494] [bmv2] [D] [thread 25393] [17.0] [cxt 0] Processing packet received on port 2
[23:15:05.494] [bmv2] [D] [thread 25393] [17.0] [cxt 0] Parser 'parser': start
[23:15:05.494] [bmv2] [D] [thread 25393] [17.0] [cxt 0] Parser 'parser' entering state 'start'
[23:15:05.494] [bmv2] [D] [thread 25393] [17.0] [cxt 0] Extracting header 'ethernet'
[23:15:05.494] [bmv2] [D] [thread 25393] [17.0] [cxt 0] Parser state 'start': key is 86dd
[23:15:05.494] [bmv2] [T] [thread 25393] [17.0] [cxt 0] Bytes parsed: 14
[23:15:05.495] [bmv2] [D] [thread 25393] [17.0] [cxt 0] Parser 'parser': end
[23:15:05.495] [bmv2] [D] [thread 25393] [17.0] [cxt 0] Pipeline 'ingress': start
[23:15:05.495] [bmv2] [T] [thread 25393] [17.0] [cxt 0] routing.p4(123) Condition "hdr.ipv4.isValid()" (node_2) is false
[23:15:05.495] [bmv2] [D] [thread 25393] [17.0] [cxt 0] Pipeline 'ingress': end
[23:15:05.496] [bmv2] [D] [thread 25393] [17.0] [cxt 0] Egress port is 0
[23:15:05.496] [bmv2] [D] [thread 25394] [17.0] [cxt 0] Pipeline 'egress': start
[23:15:05.496] [bmv2] [D] [thread 25394] [17.0] [cxt 0] Pipeline 'egress': end
[23:15:05.496] [bmv2] [D] [thread 25394] [17.0] [cxt 0] Deparser 'deparser': start
[23:15:05.496] [bmv2] [D] [thread 25394] [17.0] [cxt 0] Deparser 'deparser': end
[23:15:05.496] [bmv2] [D] [thread 25398] [17.0] [cxt 0] Transmitting packet of size 76 out of port 0
[23:15:05.556] [bmv2] [D] [thread 25393] [18.0] [cxt 0] Processing packet received on port 2
[23:15:05.556] [bmv2] [D] [thread 25393] [18.0] [cxt 0] Parser 'parser': start
[23:15:05.556] [bmv2] [D] [thread 25393] [18.0] [cxt 0] Parser 'parser' entering state 'start'
[23:15:05.556] [bmv2] [D] [thread 25393] [18.0] [cxt 0] Extracting header 'ethernet'
[23:15:05.556] [bmv2] [D] [thread 25393] [18.0] [cxt 0] Parser state 'start': key is 86dd
[23:15:05.557] [bmv2] [T] [thread 25393] [18.0] [cxt 0] Bytes parsed: 14
[23:15:05.557] [bmv2] [D] [thread 25393] [18.0] [cxt 0] Parser 'parser': end
[23:15:05.557] [bmv2] [D] [thread 25393] [18.0] [cxt 0] Pipeline 'ingress': start
[23:15:05.557] [bmv2] [T] [thread 25393] [18.0] [cxt 0] routing.p4(123) Condition "hdr.ipv4.isValid()" (node_2) is false
[23:15:05.557] [bmv2] [D] [thread 25393] [18.0] [cxt 0] Pipeline 'ingress': end
[23:15:05.558] [bmv2] [D] [thread 25393] [18.0] [cxt 0] Egress port is 0
[23:15:05.558] [bmv2] [D] [thread 25394] [18.0] [cxt 0] Pipeline 'egress': start
[23:15:05.558] [bmv2] [D] [thread 25394] [18.0] [cxt 0] Pipeline 'egress': end
[23:15:05.558] [bmv2] [D] [thread 25394] [18.0] [cxt 0] Deparser 'deparser': start
[23:15:05.559] [bmv2] [D] [thread 25394] [18.0] [cxt 0] Deparser 'deparser': end
[23:15:05.559] [bmv2] [D] [thread 25398] [18.0] [cxt 0] Transmitting packet of size 76 out of port 0
[23:15:05.558] [bmv2] [D] [thread 25393] [19.0] [cxt 0] Processing packet received on port 2
[23:15:05.559] [bmv2] [D] [thread 25393] [19.0] [cxt 0] Parser 'parser': start
[23:15:05.559] [bmv2] [D] [thread 25393] [19.0] [cxt 0] Parser 'parser' entering state 'start'
[23:15:05.559] [bmv2] [D] [thread 25393] [19.0] [cxt 0] Extracting header 'ethernet'
[23:15:05.560] [bmv2] [D] [thread 25393] [19.0] [cxt 0] Parser state 'start': key is 86dd
[23:15:05.560] [bmv2] [T] [thread 25393] [19.0] [cxt 0] Bytes parsed: 14
[23:15:05.560] [bmv2] [D] [thread 25393] [19.0] [cxt 0] Parser 'parser': end
[23:15:05.560] [bmv2] [D] [thread 25393] [19.0] [cxt 0] Pipeline 'ingress': start
[23:15:05.560] [bmv2] [T] [thread 25393] [19.0] [cxt 0] routing.p4(123) Condition "hdr.ipv4.isValid()" (node_2) is false
[23:15:05.560] [bmv2] [D] [thread 25393] [19.0] [cxt 0] Pipeline 'ingress': end
[23:15:05.561] [bmv2] [D] [thread 25393] [19.0] [cxt 0] Egress port is 0
[23:15:05.561] [bmv2] [D] [thread 25394] [19.0] [cxt 0] Pipeline 'egress': start
[23:15:05.561] [bmv2] [D] [thread 25394] [19.0] [cxt 0] Pipeline 'egress': end
[23:15:05.561] [bmv2] [D] [thread 25394] [19.0] [cxt 0] Deparser 'deparser': start
[23:15:05.561] [bmv2] [D] [thread 25394] [19.0] [cxt 0] Deparser 'deparser': end
[23:15:05.561] [bmv2] [D] [thread 25398] [19.0] [cxt 0] Transmitting packet of size 56 out of port 0
[23:15:05.564] [bmv2] [D] [thread 25393] [20.0] [cxt 0] Processing packet received on port 2
[23:15:05.564] [bmv2] [D] [thread 25393] [20.0] [cxt 0] Parser 'parser': start
[23:15:05.564] [bmv2] [D] [thread 25393] [20.0] [cxt 0] Parser 'parser' entering state 'start'
[23:15:05.565] [bmv2] [D] [thread 25393] [20.0] [cxt 0] Extracting header 'ethernet'
[23:15:05.565] [bmv2] [D] [thread 25393] [20.0] [cxt 0] Parser state 'start': key is 86dd
[23:15:05.565] [bmv2] [T] [thread 25393] [20.0] [cxt 0] Bytes parsed: 14
[23:15:05.565] [bmv2] [D] [thread 25393] [20.0] [cxt 0] Parser 'parser': end
[23:15:05.565] [bmv2] [D] [thread 25393] [20.0] [cxt 0] Pipeline 'ingress': start
[23:15:05.566] [bmv2] [T] [thread 25393] [20.0] [cxt 0] routing.p4(123) Condition "hdr.ipv4.isValid()" (node_2) is false
[23:15:05.566] [bmv2] [D] [thread 25393] [20.0] [cxt 0] Pipeline 'ingress': end
[23:15:05.566] [bmv2] [D] [thread 25393] [20.0] [cxt 0] Egress port is 0
[23:15:05.566] [bmv2] [D] [thread 25394] [20.0] [cxt 0] Pipeline 'egress': start
[23:15:05.567] [bmv2] [D] [thread 25394] [20.0] [cxt 0] Pipeline 'egress': end
[23:15:05.567] [bmv2] [D] [thread 25394] [20.0] [cxt 0] Deparser 'deparser': start
[23:15:05.567] [bmv2] [D] [thread 25394] [20.0] [cxt 0] Deparser 'deparser': end
[23:15:05.567] [bmv2] [D] [thread 25398] [20.0] [cxt 0] Transmitting packet of size 76 out of port 0
[23:15:05.592] [bmv2] [D] [thread 25393] [21.0] [cxt 0] Processing packet received on port 2
[23:15:05.592] [bmv2] [D] [thread 25393] [21.0] [cxt 0] Parser 'parser': start
[23:15:05.593] [bmv2] [D] [thread 25393] [21.0] [cxt 0] Parser 'parser' entering state 'start'
[23:15:05.593] [bmv2] [D] [thread 25393] [21.0] [cxt 0] Extracting header 'ethernet'
[23:15:05.593] [bmv2] [D] [thread 25393] [21.0] [cxt 0] Parser state 'start': key is 86dd
[23:15:05.593] [bmv2] [T] [thread 25393] [21.0] [cxt 0] Bytes parsed: 14
[23:15:05.594] [bmv2] [D] [thread 25393] [21.0] [cxt 0] Parser 'parser': end
[23:15:05.594] [bmv2] [D] [thread 25393] [21.0] [cxt 0] Pipeline 'ingress': start
[23:15:05.594] [bmv2] [T] [thread 25393] [21.0] [cxt 0] routing.p4(123) Condition "hdr.ipv4.isValid()" (node_2) is false
[23:15:05.594] [bmv2] [D] [thread 25393] [21.0] [cxt 0] Pipeline 'ingress': end
[23:15:05.594] [bmv2] [D] [thread 25393] [21.0] [cxt 0] Egress port is 0
[23:15:05.594] [bmv2] [D] [thread 25394] [21.0] [cxt 0] Pipeline 'egress': start
[23:15:05.594] [bmv2] [D] [thread 25394] [21.0] [cxt 0] Pipeline 'egress': end
[23:15:05.594] [bmv2] [D] [thread 25394] [21.0] [cxt 0] Deparser 'deparser': start
[23:15:05.595] [bmv2] [D] [thread 25394] [21.0] [cxt 0] Deparser 'deparser': end
[23:15:05.595] [bmv2] [D] [thread 25398] [21.0] [cxt 0] Transmitting packet of size 205 out of port 0
[23:15:05.619] [bmv2] [D] [thread 25393] [22.0] [cxt 0] Processing packet received on port 3
[23:15:05.619] [bmv2] [D] [thread 25393] [22.0] [cxt 0] Parser 'parser': start
[23:15:05.620] [bmv2] [D] [thread 25393] [22.0] [cxt 0] Parser 'parser' entering state 'start'
[23:15:05.620] [bmv2] [D] [thread 25393] [22.0] [cxt 0] Extracting header 'ethernet'
[23:15:05.620] [bmv2] [D] [thread 25393] [22.0] [cxt 0] Parser state 'start': key is 86dd
[23:15:05.620] [bmv2] [T] [thread 25393] [22.0] [cxt 0] Bytes parsed: 14
[23:15:05.620] [bmv2] [D] [thread 25393] [22.0] [cxt 0] Parser 'parser': end
[23:15:05.620] [bmv2] [D] [thread 25393] [22.0] [cxt 0] Pipeline 'ingress': start
[23:15:05.620] [bmv2] [T] [thread 25393] [22.0] [cxt 0] routing.p4(123) Condition "hdr.ipv4.isValid()" (node_2) is false
[23:15:05.620] [bmv2] [D] [thread 25393] [22.0] [cxt 0] Pipeline 'ingress': end
[23:15:05.621] [bmv2] [D] [thread 25393] [22.0] [cxt 0] Egress port is 0
[23:15:05.621] [bmv2] [D] [thread 25394] [22.0] [cxt 0] Pipeline 'egress': start
[23:15:05.621] [bmv2] [D] [thread 25394] [22.0] [cxt 0] Pipeline 'egress': end
[23:15:05.621] [bmv2] [D] [thread 25394] [22.0] [cxt 0] Deparser 'deparser': start
[23:15:05.621] [bmv2] [D] [thread 25394] [22.0] [cxt 0] Deparser 'deparser': end
[23:15:05.621] [bmv2] [D] [thread 25398] [22.0] [cxt 0] Transmitting packet of size 96 out of port 0
[23:15:05.656] [bmv2] [D] [thread 25393] [23.0] [cxt 0] Processing packet received on port 2
[23:15:05.656] [bmv2] [D] [thread 25393] [23.0] [cxt 0] Parser 'parser': start
[23:15:05.656] [bmv2] [D] [thread 25393] [23.0] [cxt 0] Parser 'parser' entering state 'start'
[23:15:05.657] [bmv2] [D] [thread 25393] [23.0] [cxt 0] Extracting header 'ethernet'
[23:15:05.657] [bmv2] [D] [thread 25393] [23.0] [cxt 0] Parser state 'start': key is 86dd
[23:15:05.657] [bmv2] [T] [thread 25393] [23.0] [cxt 0] Bytes parsed: 14
[23:15:05.657] [bmv2] [D] [thread 25393] [23.0] [cxt 0] Parser 'parser': end
[23:15:05.658] [bmv2] [D] [thread 25393] [23.0] [cxt 0] Pipeline 'ingress': start
[23:15:05.658] [bmv2] [T] [thread 25393] [23.0] [cxt 0] routing.p4(123) Condition "hdr.ipv4.isValid()" (node_2) is false
[23:15:05.658] [bmv2] [D] [thread 25393] [23.0] [cxt 0] Pipeline 'ingress': end
[23:15:05.658] [bmv2] [D] [thread 25393] [23.0] [cxt 0] Egress port is 0
[23:15:05.658] [bmv2] [D] [thread 25394] [23.0] [cxt 0] Pipeline 'egress': start
[23:15:05.658] [bmv2] [D] [thread 25394] [23.0] [cxt 0] Pipeline 'egress': end
[23:15:05.659] [bmv2] [D] [thread 25394] [23.0] [cxt 0] Deparser 'deparser': start
[23:15:05.659] [bmv2] [D] [thread 25394] [23.0] [cxt 0] Deparser 'deparser': end
[23:15:05.659] [bmv2] [D] [thread 25398] [23.0] [cxt 0] Transmitting packet of size 96 out of port 0
[23:15:05.658] [bmv2] [D] [thread 25393] [24.0] [cxt 0] Processing packet received on port 3
[23:15:05.659] [bmv2] [D] [thread 25393] [24.0] [cxt 0] Parser 'parser': start
[23:15:05.660] [bmv2] [D] [thread 25393] [24.0] [cxt 0] Parser 'parser' entering state 'start'
[23:15:05.660] [bmv2] [D] [thread 25393] [24.0] [cxt 0] Extracting header 'ethernet'
[23:15:05.660] [bmv2] [D] [thread 25393] [24.0] [cxt 0] Parser state 'start': key is 86dd
[23:15:05.660] [bmv2] [T] [thread 25393] [24.0] [cxt 0] Bytes parsed: 14
[23:15:05.660] [bmv2] [D] [thread 25393] [24.0] [cxt 0] Parser 'parser': end
[23:15:05.660] [bmv2] [D] [thread 25393] [24.0] [cxt 0] Pipeline 'ingress': start
[23:15:05.661] [bmv2] [T] [thread 25393] [24.0] [cxt 0] routing.p4(123) Condition "hdr.ipv4.isValid()" (node_2) is false
[23:15:05.661] [bmv2] [D] [thread 25393] [24.0] [cxt 0] Pipeline 'ingress': end
[23:15:05.661] [bmv2] [D] [thread 25393] [24.0] [cxt 0] Egress port is 0
[23:15:05.661] [bmv2] [D] [thread 25394] [24.0] [cxt 0] Pipeline 'egress': start
[23:15:05.661] [bmv2] [D] [thread 25394] [24.0] [cxt 0] Pipeline 'egress': end
[23:15:05.661] [bmv2] [D] [thread 25394] [24.0] [cxt 0] Deparser 'deparser': start
[23:15:05.661] [bmv2] [D] [thread 25394] [24.0] [cxt 0] Deparser 'deparser': end
[23:15:05.662] [bmv2] [D] [thread 25398] [24.0] [cxt 0] Transmitting packet of size 76 out of port 0
[23:15:05.662] [bmv2] [D] [thread 25393] [25.0] [cxt 0] Processing packet received on port 3
[23:15:05.662] [bmv2] [D] [thread 25393] [25.0] [cxt 0] Parser 'parser': start
[23:15:05.663] [bmv2] [D] [thread 25393] [25.0] [cxt 0] Parser 'parser' entering state 'start'
[23:15:05.663] [bmv2] [D] [thread 25393] [25.0] [cxt 0] Extracting header 'ethernet'
[23:15:05.663] [bmv2] [D] [thread 25393] [25.0] [cxt 0] Parser state 'start': key is 86dd
[23:15:05.663] [bmv2] [T] [thread 25393] [25.0] [cxt 0] Bytes parsed: 14
[23:15:05.663] [bmv2] [D] [thread 25393] [25.0] [cxt 0] Parser 'parser': end
[23:15:05.663] [bmv2] [D] [thread 25393] [25.0] [cxt 0] Pipeline 'ingress': start
[23:15:05.664] [bmv2] [T] [thread 25393] [25.0] [cxt 0] routing.p4(123) Condition "hdr.ipv4.isValid()" (node_2) is false
[23:15:05.664] [bmv2] [D] [thread 25393] [25.0] [cxt 0] Pipeline 'ingress': end
[23:15:05.664] [bmv2] [D] [thread 25393] [25.0] [cxt 0] Egress port is 0
[23:15:05.665] [bmv2] [D] [thread 25394] [25.0] [cxt 0] Pipeline 'egress': start
[23:15:05.665] [bmv2] [D] [thread 25394] [25.0] [cxt 0] Pipeline 'egress': end
[23:15:05.665] [bmv2] [D] [thread 25394] [25.0] [cxt 0] Deparser 'deparser': start
[23:15:05.665] [bmv2] [D] [thread 25394] [25.0] [cxt 0] Deparser 'deparser': end
[23:15:05.665] [bmv2] [D] [thread 25398] [25.0] [cxt 0] Transmitting packet of size 205 out of port 0
[23:15:05.764] [bmv2] [D] [thread 25393] [26.0] [cxt 0] Processing packet received on port 1
[23:15:05.764] [bmv2] [D] [thread 25393] [26.0] [cxt 0] Parser 'parser': start
[23:15:05.764] [bmv2] [D] [thread 25393] [26.0] [cxt 0] Parser 'parser' entering state 'start'
[23:15:05.764] [bmv2] [D] [thread 25393] [26.0] [cxt 0] Extracting header 'ethernet'
[23:15:05.764] [bmv2] [D] [thread 25393] [26.0] [cxt 0] Parser state 'start': key is 86dd
[23:15:05.764] [bmv2] [T] [thread 25393] [26.0] [cxt 0] Bytes parsed: 14
[23:15:05.765] [bmv2] [D] [thread 25393] [26.0] [cxt 0] Parser 'parser': end
[23:15:05.765] [bmv2] [D] [thread 25393] [26.0] [cxt 0] Pipeline 'ingress': start
[23:15:05.765] [bmv2] [T] [thread 25393] [26.0] [cxt 0] routing.p4(123) Condition "hdr.ipv4.isValid()" (node_2) is false
[23:15:05.765] [bmv2] [D] [thread 25393] [26.0] [cxt 0] Pipeline 'ingress': end
[23:15:05.765] [bmv2] [D] [thread 25393] [26.0] [cxt 0] Egress port is 0
[23:15:05.766] [bmv2] [D] [thread 25394] [26.0] [cxt 0] Pipeline 'egress': start
[23:15:05.766] [bmv2] [D] [thread 25394] [26.0] [cxt 0] Pipeline 'egress': end
[23:15:05.766] [bmv2] [D] [thread 25394] [26.0] [cxt 0] Deparser 'deparser': start
[23:15:05.766] [bmv2] [D] [thread 25394] [26.0] [cxt 0] Deparser 'deparser': end
[23:15:05.766] [bmv2] [D] [thread 25398] [26.0] [cxt 0] Transmitting packet of size 76 out of port 0
[23:15:05.766] [bmv2] [D] [thread 25393] [27.0] [cxt 0] Processing packet received on port 1
[23:15:05.767] [bmv2] [D] [thread 25393] [27.0] [cxt 0] Parser 'parser': start
[23:15:05.767] [bmv2] [D] [thread 25393] [27.0] [cxt 0] Parser 'parser' entering state 'start'
[23:15:05.767] [bmv2] [D] [thread 25393] [27.0] [cxt 0] Extracting header 'ethernet'
[23:15:05.767] [bmv2] [D] [thread 25393] [27.0] [cxt 0] Parser state 'start': key is 86dd
[23:15:05.768] [bmv2] [T] [thread 25393] [27.0] [cxt 0] Bytes parsed: 14
[23:15:05.768] [bmv2] [D] [thread 25393] [27.0] [cxt 0] Parser 'parser': end
[23:15:05.768] [bmv2] [D] [thread 25393] [27.0] [cxt 0] Pipeline 'ingress': start
[23:15:05.768] [bmv2] [T] [thread 25393] [27.0] [cxt 0] routing.p4(123) Condition "hdr.ipv4.isValid()" (node_2) is false
[23:15:05.768] [bmv2] [D] [thread 25393] [27.0] [cxt 0] Pipeline 'ingress': end
[23:15:05.769] [bmv2] [D] [thread 25393] [27.0] [cxt 0] Egress port is 0
[23:15:05.769] [bmv2] [D] [thread 25394] [27.0] [cxt 0] Pipeline 'egress': start
[23:15:05.769] [bmv2] [D] [thread 25394] [27.0] [cxt 0] Pipeline 'egress': end
[23:15:05.769] [bmv2] [D] [thread 25394] [27.0] [cxt 0] Deparser 'deparser': start
[23:15:05.769] [bmv2] [D] [thread 25394] [27.0] [cxt 0] Deparser 'deparser': end
[23:15:05.770] [bmv2] [D] [thread 25398] [27.0] [cxt 0] Transmitting packet of size 205 out of port 0
[23:15:05.769] [bmv2] [D] [thread 25393] [28.0] [cxt 0] Processing packet received on port 3
[23:15:05.770] [bmv2] [D] [thread 25393] [28.0] [cxt 0] Parser 'parser': start
[23:15:05.770] [bmv2] [D] [thread 25393] [28.0] [cxt 0] Parser 'parser' entering state 'start'
[23:15:05.770] [bmv2] [D] [thread 25393] [28.0] [cxt 0] Extracting header 'ethernet'
[23:15:05.770] [bmv2] [D] [thread 25393] [28.0] [cxt 0] Parser state 'start': key is 86dd
[23:15:05.770] [bmv2] [T] [thread 25393] [28.0] [cxt 0] Bytes parsed: 14
[23:15:05.771] [bmv2] [D] [thread 25393] [28.0] [cxt 0] Parser 'parser': end
[23:15:05.771] [bmv2] [D] [thread 25393] [28.0] [cxt 0] Pipeline 'ingress': start
[23:15:05.771] [bmv2] [T] [thread 25393] [28.0] [cxt 0] routing.p4(123) Condition "hdr.ipv4.isValid()" (node_2) is false
[23:15:05.771] [bmv2] [D] [thread 25393] [28.0] [cxt 0] Pipeline 'ingress': end
[23:15:05.771] [bmv2] [D] [thread 25393] [28.0] [cxt 0] Egress port is 0
[23:15:05.771] [bmv2] [D] [thread 25394] [28.0] [cxt 0] Pipeline 'egress': start
[23:15:05.771] [bmv2] [D] [thread 25394] [28.0] [cxt 0] Pipeline 'egress': end
[23:15:05.771] [bmv2] [D] [thread 25394] [28.0] [cxt 0] Deparser 'deparser': start
[23:15:05.771] [bmv2] [D] [thread 25394] [28.0] [cxt 0] Deparser 'deparser': end
[23:15:05.771] [bmv2] [D] [thread 25398] [28.0] [cxt 0] Transmitting packet of size 205 out of port 0
[23:15:05.829] [bmv2] [D] [thread 25393] [29.0] [cxt 0] Processing packet received on port 2
[23:15:05.830] [bmv2] [D] [thread 25393] [29.0] [cxt 0] Parser 'parser': start
[23:15:05.830] [bmv2] [D] [thread 25393] [29.0] [cxt 0] Parser 'parser' entering state 'start'
[23:15:05.830] [bmv2] [D] [thread 25393] [29.0] [cxt 0] Extracting header 'ethernet'
[23:15:05.830] [bmv2] [D] [thread 25393] [29.0] [cxt 0] Parser state 'start': key is 86dd
[23:15:05.830] [bmv2] [T] [thread 25393] [29.0] [cxt 0] Bytes parsed: 14
[23:15:05.830] [bmv2] [D] [thread 25393] [29.0] [cxt 0] Parser 'parser': end
[23:15:05.830] [bmv2] [D] [thread 25393] [29.0] [cxt 0] Pipeline 'ingress': start
[23:15:05.830] [bmv2] [T] [thread 25393] [29.0] [cxt 0] routing.p4(123) Condition "hdr.ipv4.isValid()" (node_2) is false
[23:15:05.831] [bmv2] [D] [thread 25393] [29.0] [cxt 0] Pipeline 'ingress': end
[23:15:05.831] [bmv2] [D] [thread 25393] [29.0] [cxt 0] Egress port is 0
[23:15:05.831] [bmv2] [D] [thread 25394] [29.0] [cxt 0] Pipeline 'egress': start
[23:15:05.831] [bmv2] [D] [thread 25394] [29.0] [cxt 0] Pipeline 'egress': end
[23:15:05.831] [bmv2] [D] [thread 25394] [29.0] [cxt 0] Deparser 'deparser': start
[23:15:05.831] [bmv2] [D] [thread 25394] [29.0] [cxt 0] Deparser 'deparser': end
[23:15:05.831] [bmv2] [D] [thread 25398] [29.0] [cxt 0] Transmitting packet of size 205 out of port 0
[23:15:05.857] [bmv2] [D] [thread 25393] [30.0] [cxt 0] Processing packet received on port 2
[23:15:05.857] [bmv2] [D] [thread 25393] [30.0] [cxt 0] Parser 'parser': start
[23:15:05.858] [bmv2] [D] [thread 25393] [30.0] [cxt 0] Parser 'parser' entering state 'start'
[23:15:05.858] [bmv2] [D] [thread 25393] [30.0] [cxt 0] Extracting header 'ethernet'
[23:15:05.858] [bmv2] [D] [thread 25393] [30.0] [cxt 0] Parser state 'start': key is 86dd
[23:15:05.858] [bmv2] [T] [thread 25393] [30.0] [cxt 0] Bytes parsed: 14
[23:15:05.858] [bmv2] [D] [thread 25393] [30.0] [cxt 0] Parser 'parser': end
[23:15:05.858] [bmv2] [D] [thread 25393] [30.0] [cxt 0] Pipeline 'ingress': start
[23:15:05.858] [bmv2] [T] [thread 25393] [30.0] [cxt 0] routing.p4(123) Condition "hdr.ipv4.isValid()" (node_2) is false
[23:15:05.859] [bmv2] [D] [thread 25393] [30.0] [cxt 0] Pipeline 'ingress': end
[23:15:05.859] [bmv2] [D] [thread 25393] [30.0] [cxt 0] Egress port is 0
[23:15:05.859] [bmv2] [D] [thread 25394] [30.0] [cxt 0] Pipeline 'egress': start
[23:15:05.859] [bmv2] [D] [thread 25394] [30.0] [cxt 0] Pipeline 'egress': end
[23:15:05.860] [bmv2] [D] [thread 25394] [30.0] [cxt 0] Deparser 'deparser': start
[23:15:05.860] [bmv2] [D] [thread 25394] [30.0] [cxt 0] Deparser 'deparser': end
[23:15:05.860] [bmv2] [D] [thread 25398] [30.0] [cxt 0] Transmitting packet of size 205 out of port 0
[23:15:05.956] [bmv2] [D] [thread 25393] [31.0] [cxt 0] Processing packet received on port 3
[23:15:05.956] [bmv2] [D] [thread 25393] [31.0] [cxt 0] Parser 'parser': start
[23:15:05.956] [bmv2] [D] [thread 25393] [31.0] [cxt 0] Parser 'parser' entering state 'start'
[23:15:05.956] [bmv2] [D] [thread 25393] [31.0] [cxt 0] Extracting header 'ethernet'
[23:15:05.956] [bmv2] [D] [thread 25393] [31.0] [cxt 0] Parser state 'start': key is 86dd
[23:15:05.957] [bmv2] [T] [thread 25393] [31.0] [cxt 0] Bytes parsed: 14
[23:15:05.957] [bmv2] [D] [thread 25393] [31.0] [cxt 0] Parser 'parser': end
[23:15:05.957] [bmv2] [D] [thread 25393] [31.0] [cxt 0] Pipeline 'ingress': start
[23:15:05.957] [bmv2] [T] [thread 25393] [31.0] [cxt 0] routing.p4(123) Condition "hdr.ipv4.isValid()" (node_2) is false
[23:15:05.957] [bmv2] [D] [thread 25393] [31.0] [cxt 0] Pipeline 'ingress': end
[23:15:05.958] [bmv2] [D] [thread 25393] [31.0] [cxt 0] Egress port is 0
[23:15:05.958] [bmv2] [D] [thread 25394] [31.0] [cxt 0] Pipeline 'egress': start
[23:15:05.958] [bmv2] [D] [thread 25394] [31.0] [cxt 0] Pipeline 'egress': end
[23:15:05.958] [bmv2] [D] [thread 25394] [31.0] [cxt 0] Deparser 'deparser': start
[23:15:05.959] [bmv2] [D] [thread 25394] [31.0] [cxt 0] Deparser 'deparser': end
[23:15:05.959] [bmv2] [D] [thread 25398] [31.0] [cxt 0] Transmitting packet of size 96 out of port 0
[23:15:05.958] [bmv2] [D] [thread 25393] [32.0] [cxt 0] Processing packet received on port 1
[23:15:05.959] [bmv2] [D] [thread 25393] [32.0] [cxt 0] Parser 'parser': start
[23:15:05.960] [bmv2] [D] [thread 25393] [32.0] [cxt 0] Parser 'parser' entering state 'start'
[23:15:05.960] [bmv2] [D] [thread 25393] [32.0] [cxt 0] Extracting header 'ethernet'
[23:15:05.960] [bmv2] [D] [thread 25393] [32.0] [cxt 0] Parser state 'start': key is 86dd
[23:15:05.960] [bmv2] [T] [thread 25393] [32.0] [cxt 0] Bytes parsed: 14
[23:15:05.960] [bmv2] [D] [thread 25393] [32.0] [cxt 0] Parser 'parser': end
[23:15:05.961] [bmv2] [D] [thread 25393] [32.0] [cxt 0] Pipeline 'ingress': start
[23:15:05.961] [bmv2] [T] [thread 25393] [32.0] [cxt 0] routing.p4(123) Condition "hdr.ipv4.isValid()" (node_2) is false
[23:15:05.961] [bmv2] [D] [thread 25393] [32.0] [cxt 0] Pipeline 'ingress': end
[23:15:05.962] [bmv2] [D] [thread 25393] [32.0] [cxt 0] Egress port is 0
[23:15:05.962] [bmv2] [D] [thread 25394] [32.0] [cxt 0] Pipeline 'egress': start
[23:15:05.962] [bmv2] [D] [thread 25394] [32.0] [cxt 0] Pipeline 'egress': end
[23:15:05.962] [bmv2] [D] [thread 25394] [32.0] [cxt 0] Deparser 'deparser': start
[23:15:05.962] [bmv2] [D] [thread 25394] [32.0] [cxt 0] Deparser 'deparser': end
[23:15:05.962] [bmv2] [D] [thread 25398] [32.0] [cxt 0] Transmitting packet of size 193 out of port 0
[23:15:05.962] [bmv2] [D] [thread 25393] [33.0] [cxt 0] Processing packet received on port 3
[23:15:05.963] [bmv2] [D] [thread 25393] [33.0] [cxt 0] Parser 'parser': start
[23:15:05.963] [bmv2] [D] [thread 25393] [33.0] [cxt 0] Parser 'parser' entering state 'start'
[23:15:05.963] [bmv2] [D] [thread 25393] [33.0] [cxt 0] Extracting header 'ethernet'
[23:15:05.963] [bmv2] [D] [thread 25393] [33.0] [cxt 0] Parser state 'start': key is 86dd
[23:15:05.963] [bmv2] [T] [thread 25393] [33.0] [cxt 0] Bytes parsed: 14
[23:15:05.964] [bmv2] [D] [thread 25393] [33.0] [cxt 0] Parser 'parser': end
[23:15:05.964] [bmv2] [D] [thread 25393] [33.0] [cxt 0] Pipeline 'ingress': start
[23:15:05.964] [bmv2] [T] [thread 25393] [33.0] [cxt 0] routing.p4(123) Condition "hdr.ipv4.isValid()" (node_2) is false
[23:15:05.964] [bmv2] [D] [thread 25393] [33.0] [cxt 0] Pipeline 'ingress': end
[23:15:05.964] [bmv2] [D] [thread 25393] [33.0] [cxt 0] Egress port is 0
[23:15:05.964] [bmv2] [D] [thread 25394] [33.0] [cxt 0] Pipeline 'egress': start
[23:15:05.964] [bmv2] [D] [thread 25394] [33.0] [cxt 0] Pipeline 'egress': end
[23:15:05.965] [bmv2] [D] [thread 25394] [33.0] [cxt 0] Deparser 'deparser': start
[23:15:05.965] [bmv2] [D] [thread 25394] [33.0] [cxt 0] Deparser 'deparser': end
[23:15:05.965] [bmv2] [D] [thread 25398] [33.0] [cxt 0] Transmitting packet of size 205 out of port 0
[23:15:05.968] [bmv2] [D] [thread 25393] [34.0] [cxt 0] Processing packet received on port 3
[23:15:05.968] [bmv2] [D] [thread 25393] [34.0] [cxt 0] Parser 'parser': start
[23:15:05.969] [bmv2] [D] [thread 25393] [34.0] [cxt 0] Parser 'parser' entering state 'start'
[23:15:05.969] [bmv2] [D] [thread 25393] [34.0] [cxt 0] Extracting header 'ethernet'
[23:15:05.969] [bmv2] [D] [thread 25393] [34.0] [cxt 0] Parser state 'start': key is 86dd
[23:15:05.969] [bmv2] [T] [thread 25393] [34.0] [cxt 0] Bytes parsed: 14
[23:15:05.969] [bmv2] [D] [thread 25393] [34.0] [cxt 0] Parser 'parser': end
[23:15:05.970] [bmv2] [D] [thread 25393] [34.0] [cxt 0] Pipeline 'ingress': start
[23:15:05.970] [bmv2] [T] [thread 25393] [34.0] [cxt 0] routing.p4(123) Condition "hdr.ipv4.isValid()" (node_2) is false
[23:15:05.970] [bmv2] [D] [thread 25393] [34.0] [cxt 0] Pipeline 'ingress': end
[23:15:05.970] [bmv2] [D] [thread 25393] [34.0] [cxt 0] Egress port is 0
[23:15:05.970] [bmv2] [D] [thread 25394] [34.0] [cxt 0] Pipeline 'egress': start
[23:15:05.971] [bmv2] [D] [thread 25394] [34.0] [cxt 0] Pipeline 'egress': end
[23:15:05.971] [bmv2] [D] [thread 25394] [34.0] [cxt 0] Deparser 'deparser': start
[23:15:05.971] [bmv2] [D] [thread 25394] [34.0] [cxt 0] Deparser 'deparser': end
[23:15:05.971] [bmv2] [D] [thread 25398] [34.0] [cxt 0] Transmitting packet of size 76 out of port 0
[23:15:06.050] [bmv2] [D] [thread 25393] [35.0] [cxt 0] Processing packet received on port 2
[23:15:06.050] [bmv2] [D] [thread 25393] [35.0] [cxt 0] Parser 'parser': start
[23:15:06.050] [bmv2] [D] [thread 25393] [35.0] [cxt 0] Parser 'parser' entering state 'start'
[23:15:06.050] [bmv2] [D] [thread 25393] [35.0] [cxt 0] Extracting header 'ethernet'
[23:15:06.050] [bmv2] [D] [thread 25393] [35.0] [cxt 0] Parser state 'start': key is 86dd
[23:15:06.050] [bmv2] [T] [thread 25393] [35.0] [cxt 0] Bytes parsed: 14
[23:15:06.051] [bmv2] [D] [thread 25393] [35.0] [cxt 0] Parser 'parser': end
[23:15:06.051] [bmv2] [D] [thread 25393] [35.0] [cxt 0] Pipeline 'ingress': start
[23:15:06.051] [bmv2] [T] [thread 25393] [35.0] [cxt 0] routing.p4(123) Condition "hdr.ipv4.isValid()" (node_2) is false
[23:15:06.051] [bmv2] [D] [thread 25393] [35.0] [cxt 0] Pipeline 'ingress': end
[23:15:06.051] [bmv2] [D] [thread 25393] [35.0] [cxt 0] Egress port is 0
[23:15:06.052] [bmv2] [D] [thread 25394] [35.0] [cxt 0] Pipeline 'egress': start
[23:15:06.052] [bmv2] [D] [thread 25394] [35.0] [cxt 0] Pipeline 'egress': end
[23:15:06.052] [bmv2] [D] [thread 25394] [35.0] [cxt 0] Deparser 'deparser': start
[23:15:06.052] [bmv2] [D] [thread 25394] [35.0] [cxt 0] Deparser 'deparser': end
[23:15:06.052] [bmv2] [D] [thread 25398] [35.0] [cxt 0] Transmitting packet of size 193 out of port 0
[23:15:06.080] [bmv2] [D] [thread 25393] [36.0] [cxt 0] Processing packet received on port 2
[23:15:06.080] [bmv2] [D] [thread 25393] [36.0] [cxt 0] Parser 'parser': start
[23:15:06.081] [bmv2] [D] [thread 25393] [36.0] [cxt 0] Parser 'parser' entering state 'start'
[23:15:06.081] [bmv2] [D] [thread 25393] [36.0] [cxt 0] Extracting header 'ethernet'
[23:15:06.081] [bmv2] [D] [thread 25393] [36.0] [cxt 0] Parser state 'start': key is 86dd
[23:15:06.081] [bmv2] [T] [thread 25393] [36.0] [cxt 0] Bytes parsed: 14
[23:15:06.081] [bmv2] [D] [thread 25393] [36.0] [cxt 0] Parser 'parser': end
[23:15:06.082] [bmv2] [D] [thread 25393] [36.0] [cxt 0] Pipeline 'ingress': start
[23:15:06.082] [bmv2] [T] [thread 25393] [36.0] [cxt 0] routing.p4(123) Condition "hdr.ipv4.isValid()" (node_2) is false
[23:15:06.082] [bmv2] [D] [thread 25393] [36.0] [cxt 0] Pipeline 'ingress': end
[23:15:06.082] [bmv2] [D] [thread 25393] [36.0] [cxt 0] Egress port is 0
[23:15:06.082] [bmv2] [D] [thread 25394] [36.0] [cxt 0] Pipeline 'egress': start
[23:15:06.082] [bmv2] [D] [thread 25394] [36.0] [cxt 0] Pipeline 'egress': end
[23:15:06.083] [bmv2] [D] [thread 25394] [36.0] [cxt 0] Deparser 'deparser': start
[23:15:06.083] [bmv2] [D] [thread 25394] [36.0] [cxt 0] Deparser 'deparser': end
[23:15:06.083] [bmv2] [D] [thread 25398] [36.0] [cxt 0] Transmitting packet of size 205 out of port 0
[23:15:06.171] [bmv2] [D] [thread 25393] [37.0] [cxt 0] Processing packet received on port 3
[23:15:06.171] [bmv2] [D] [thread 25393] [37.0] [cxt 0] Parser 'parser': start
[23:15:06.172] [bmv2] [D] [thread 25393] [37.0] [cxt 0] Parser 'parser' entering state 'start'
[23:15:06.172] [bmv2] [D] [thread 25393] [37.0] [cxt 0] Extracting header 'ethernet'
[23:15:06.172] [bmv2] [D] [thread 25393] [37.0] [cxt 0] Parser state 'start': key is 86dd
[23:15:06.172] [bmv2] [T] [thread 25393] [37.0] [cxt 0] Bytes parsed: 14
[23:15:06.172] [bmv2] [D] [thread 25393] [37.0] [cxt 0] Parser 'parser': end
[23:15:06.173] [bmv2] [D] [thread 25393] [37.0] [cxt 0] Pipeline 'ingress': start
[23:15:06.173] [bmv2] [T] [thread 25393] [37.0] [cxt 0] routing.p4(123) Condition "hdr.ipv4.isValid()" (node_2) is false
[23:15:06.173] [bmv2] [D] [thread 25393] [37.0] [cxt 0] Pipeline 'ingress': end
[23:15:06.173] [bmv2] [D] [thread 25393] [37.0] [cxt 0] Egress port is 0
[23:15:06.173] [bmv2] [D] [thread 25394] [37.0] [cxt 0] Pipeline 'egress': start
[23:15:06.174] [bmv2] [D] [thread 25394] [37.0] [cxt 0] Pipeline 'egress': end
[23:15:06.174] [bmv2] [D] [thread 25394] [37.0] [cxt 0] Deparser 'deparser': start
[23:15:06.174] [bmv2] [D] [thread 25394] [37.0] [cxt 0] Deparser 'deparser': end
[23:15:06.174] [bmv2] [D] [thread 25398] [37.0] [cxt 0] Transmitting packet of size 205 out of port 0
[23:15:06.202] [bmv2] [D] [thread 25393] [38.0] [cxt 0] Processing packet received on port 3
[23:15:06.202] [bmv2] [D] [thread 25393] [38.0] [cxt 0] Parser 'parser': start
[23:15:06.202] [bmv2] [D] [thread 25393] [38.0] [cxt 0] Parser 'parser' entering state 'start'
[23:15:06.202] [bmv2] [D] [thread 25393] [38.0] [cxt 0] Extracting header 'ethernet'
[23:15:06.202] [bmv2] [D] [thread 25393] [38.0] [cxt 0] Parser state 'start': key is 86dd
[23:15:06.202] [bmv2] [T] [thread 25393] [38.0] [cxt 0] Bytes parsed: 14
[23:15:06.203] [bmv2] [D] [thread 25393] [38.0] [cxt 0] Parser 'parser': end
[23:15:06.203] [bmv2] [D] [thread 25393] [38.0] [cxt 0] Pipeline 'ingress': start
[23:15:06.203] [bmv2] [T] [thread 25393] [38.0] [cxt 0] routing.p4(123) Condition "hdr.ipv4.isValid()" (node_2) is false
[23:15:06.203] [bmv2] [D] [thread 25393] [38.0] [cxt 0] Pipeline 'ingress': end
[23:15:06.204] [bmv2] [D] [thread 25393] [38.0] [cxt 0] Egress port is 0
[23:15:06.204] [bmv2] [D] [thread 25394] [38.0] [cxt 0] Pipeline 'egress': start
[23:15:06.204] [bmv2] [D] [thread 25394] [38.0] [cxt 0] Pipeline 'egress': end
[23:15:06.204] [bmv2] [D] [thread 25394] [38.0] [cxt 0] Deparser 'deparser': start
[23:15:06.204] [bmv2] [D] [thread 25394] [38.0] [cxt 0] Deparser 'deparser': end
[23:15:06.205] [bmv2] [D] [thread 25398] [38.0] [cxt 0] Transmitting packet of size 205 out of port 0
[23:15:06.226] [bmv2] [D] [thread 25393] [39.0] [cxt 0] Processing packet received on port 2
[23:15:06.226] [bmv2] [D] [thread 25393] [39.0] [cxt 0] Parser 'parser': start
[23:15:06.226] [bmv2] [D] [thread 25393] [39.0] [cxt 0] Parser 'parser' entering state 'start'
[23:15:06.226] [bmv2] [D] [thread 25393] [39.0] [cxt 0] Extracting header 'ethernet'
[23:15:06.226] [bmv2] [D] [thread 25393] [39.0] [cxt 0] Parser state 'start': key is 86dd
[23:15:06.226] [bmv2] [T] [thread 25393] [39.0] [cxt 0] Bytes parsed: 14
[23:15:06.226] [bmv2] [D] [thread 25393] [39.0] [cxt 0] Parser 'parser': end
[23:15:06.227] [bmv2] [D] [thread 25393] [39.0] [cxt 0] Pipeline 'ingress': start
[23:15:06.227] [bmv2] [T] [thread 25393] [39.0] [cxt 0] routing.p4(123) Condition "hdr.ipv4.isValid()" (node_2) is false
[23:15:06.227] [bmv2] [D] [thread 25393] [39.0] [cxt 0] Pipeline 'ingress': end
[23:15:06.227] [bmv2] [D] [thread 25393] [39.0] [cxt 0] Egress port is 0
[23:15:06.227] [bmv2] [D] [thread 25394] [39.0] [cxt 0] Pipeline 'egress': start
[23:15:06.228] [bmv2] [D] [thread 25394] [39.0] [cxt 0] Pipeline 'egress': end
[23:15:06.228] [bmv2] [D] [thread 25394] [39.0] [cxt 0] Deparser 'deparser': start
[23:15:06.228] [bmv2] [D] [thread 25394] [39.0] [cxt 0] Deparser 'deparser': end
[23:15:06.228] [bmv2] [D] [thread 25398] [39.0] [cxt 0] Transmitting packet of size 96 out of port 0
[23:15:06.345] [bmv2] [D] [thread 25393] [40.0] [cxt 0] Processing packet received on port 2
[23:15:06.345] [bmv2] [D] [thread 25393] [40.0] [cxt 0] Parser 'parser': start
[23:15:06.345] [bmv2] [D] [thread 25393] [40.0] [cxt 0] Parser 'parser' entering state 'start'
[23:15:06.345] [bmv2] [D] [thread 25393] [40.0] [cxt 0] Extracting header 'ethernet'
[23:15:06.345] [bmv2] [D] [thread 25393] [40.0] [cxt 0] Parser state 'start': key is 86dd
[23:15:06.345] [bmv2] [T] [thread 25393] [40.0] [cxt 0] Bytes parsed: 14
[23:15:06.346] [bmv2] [D] [thread 25393] [40.0] [cxt 0] Parser 'parser': end
[23:15:06.346] [bmv2] [D] [thread 25393] [40.0] [cxt 0] Pipeline 'ingress': start
[23:15:06.346] [bmv2] [T] [thread 25393] [40.0] [cxt 0] routing.p4(123) Condition "hdr.ipv4.isValid()" (node_2) is false
[23:15:06.346] [bmv2] [D] [thread 25393] [40.0] [cxt 0] Pipeline 'ingress': end
[23:15:06.346] [bmv2] [D] [thread 25393] [40.0] [cxt 0] Egress port is 0
[23:15:06.346] [bmv2] [D] [thread 25394] [40.0] [cxt 0] Pipeline 'egress': start
[23:15:06.347] [bmv2] [D] [thread 25394] [40.0] [cxt 0] Pipeline 'egress': end
[23:15:06.347] [bmv2] [D] [thread 25394] [40.0] [cxt 0] Deparser 'deparser': start
[23:15:06.347] [bmv2] [D] [thread 25394] [40.0] [cxt 0] Deparser 'deparser': end
[23:15:06.347] [bmv2] [D] [thread 25398] [40.0] [cxt 0] Transmitting packet of size 205 out of port 0
[23:15:06.386] [bmv2] [D] [thread 25393] [41.0] [cxt 0] Processing packet received on port 3
[23:15:06.386] [bmv2] [D] [thread 25393] [41.0] [cxt 0] Parser 'parser': start
[23:15:06.386] [bmv2] [D] [thread 25393] [41.0] [cxt 0] Parser 'parser' entering state 'start'
[23:15:06.386] [bmv2] [D] [thread 25393] [41.0] [cxt 0] Extracting header 'ethernet'
[23:15:06.387] [bmv2] [D] [thread 25393] [41.0] [cxt 0] Parser state 'start': key is 86dd
[23:15:06.387] [bmv2] [T] [thread 25393] [41.0] [cxt 0] Bytes parsed: 14
[23:15:06.387] [bmv2] [D] [thread 25393] [41.0] [cxt 0] Parser 'parser': end
[23:15:06.387] [bmv2] [D] [thread 25393] [41.0] [cxt 0] Pipeline 'ingress': start
[23:15:06.387] [bmv2] [T] [thread 25393] [41.0] [cxt 0] routing.p4(123) Condition "hdr.ipv4.isValid()" (node_2) is false
[23:15:06.388] [bmv2] [D] [thread 25393] [41.0] [cxt 0] Pipeline 'ingress': end
[23:15:06.388] [bmv2] [D] [thread 25393] [41.0] [cxt 0] Egress port is 0
[23:15:06.388] [bmv2] [D] [thread 25394] [41.0] [cxt 0] Pipeline 'egress': start
[23:15:06.388] [bmv2] [D] [thread 25394] [41.0] [cxt 0] Pipeline 'egress': end
[23:15:06.389] [bmv2] [D] [thread 25394] [41.0] [cxt 0] Deparser 'deparser': start
[23:15:06.389] [bmv2] [D] [thread 25394] [41.0] [cxt 0] Deparser 'deparser': end
[23:15:06.389] [bmv2] [D] [thread 25398] [41.0] [cxt 0] Transmitting packet of size 193 out of port 0
[23:15:06.400] [bmv2] [D] [thread 25393] [42.0] [cxt 0] Processing packet received on port 3
[23:15:06.401] [bmv2] [D] [thread 25393] [42.0] [cxt 0] Parser 'parser': start
[23:15:06.401] [bmv2] [D] [thread 25393] [42.0] [cxt 0] Parser 'parser' entering state 'start'
[23:15:06.401] [bmv2] [D] [thread 25393] [42.0] [cxt 0] Extracting header 'ethernet'
[23:15:06.401] [bmv2] [D] [thread 25393] [42.0] [cxt 0] Parser state 'start': key is 86dd
[23:15:06.401] [bmv2] [T] [thread 25393] [42.0] [cxt 0] Bytes parsed: 14
[23:15:06.401] [bmv2] [D] [thread 25393] [42.0] [cxt 0] Parser 'parser': end
[23:15:06.402] [bmv2] [D] [thread 25393] [42.0] [cxt 0] Pipeline 'ingress': start
[23:15:06.402] [bmv2] [T] [thread 25393] [42.0] [cxt 0] routing.p4(123) Condition "hdr.ipv4.isValid()" (node_2) is false
[23:15:06.402] [bmv2] [D] [thread 25393] [42.0] [cxt 0] Pipeline 'ingress': end
[23:15:06.402] [bmv2] [D] [thread 25393] [42.0] [cxt 0] Egress port is 0
[23:15:06.402] [bmv2] [D] [thread 25394] [42.0] [cxt 0] Pipeline 'egress': start
[23:15:06.402] [bmv2] [D] [thread 25394] [42.0] [cxt 0] Pipeline 'egress': end
[23:15:06.402] [bmv2] [D] [thread 25394] [42.0] [cxt 0] Deparser 'deparser': start
[23:15:06.402] [bmv2] [D] [thread 25394] [42.0] [cxt 0] Deparser 'deparser': end
[23:15:06.403] [bmv2] [D] [thread 25398] [42.0] [cxt 0] Transmitting packet of size 193 out of port 0
[23:15:06.512] [bmv2] [D] [thread 25393] [43.0] [cxt 0] Processing packet received on port 2
[23:15:06.513] [bmv2] [D] [thread 25393] [43.0] [cxt 0] Parser 'parser': start
[23:15:06.513] [bmv2] [D] [thread 25393] [43.0] [cxt 0] Parser 'parser' entering state 'start'
[23:15:06.513] [bmv2] [D] [thread 25393] [43.0] [cxt 0] Extracting header 'ethernet'
[23:15:06.513] [bmv2] [D] [thread 25393] [43.0] [cxt 0] Parser state 'start': key is 86dd
[23:15:06.513] [bmv2] [T] [thread 25393] [43.0] [cxt 0] Bytes parsed: 14
[23:15:06.514] [bmv2] [D] [thread 25393] [43.0] [cxt 0] Parser 'parser': end
[23:15:06.514] [bmv2] [D] [thread 25393] [43.0] [cxt 0] Pipeline 'ingress': start
[23:15:06.514] [bmv2] [T] [thread 25393] [43.0] [cxt 0] routing.p4(123) Condition "hdr.ipv4.isValid()" (node_2) is false
[23:15:06.514] [bmv2] [D] [thread 25393] [43.0] [cxt 0] Pipeline 'ingress': end
[23:15:06.515] [bmv2] [D] [thread 25393] [43.0] [cxt 0] Egress port is 0
[23:15:06.515] [bmv2] [D] [thread 25394] [43.0] [cxt 0] Pipeline 'egress': start
[23:15:06.515] [bmv2] [D] [thread 25394] [43.0] [cxt 0] Pipeline 'egress': end
[23:15:06.515] [bmv2] [D] [thread 25394] [43.0] [cxt 0] Deparser 'deparser': start
[23:15:06.515] [bmv2] [D] [thread 25394] [43.0] [cxt 0] Deparser 'deparser': end
[23:15:06.516] [bmv2] [D] [thread 25398] [43.0] [cxt 0] Transmitting packet of size 76 out of port 0
[23:15:06.549] [bmv2] [D] [thread 25393] [44.0] [cxt 0] Processing packet received on port 2
[23:15:06.549] [bmv2] [D] [thread 25393] [44.0] [cxt 0] Parser 'parser': start
[23:15:06.549] [bmv2] [D] [thread 25393] [44.0] [cxt 0] Parser 'parser' entering state 'start'
[23:15:06.549] [bmv2] [D] [thread 25393] [44.0] [cxt 0] Extracting header 'ethernet'
[23:15:06.549] [bmv2] [D] [thread 25393] [44.0] [cxt 0] Parser state 'start': key is 86dd
[23:15:06.549] [bmv2] [T] [thread 25393] [44.0] [cxt 0] Bytes parsed: 14
[23:15:06.550] [bmv2] [D] [thread 25393] [44.0] [cxt 0] Parser 'parser': end
[23:15:06.550] [bmv2] [D] [thread 25393] [44.0] [cxt 0] Pipeline 'ingress': start
[23:15:06.550] [bmv2] [T] [thread 25393] [44.0] [cxt 0] routing.p4(123) Condition "hdr.ipv4.isValid()" (node_2) is false
[23:15:06.550] [bmv2] [D] [thread 25393] [44.0] [cxt 0] Pipeline 'ingress': end
[23:15:06.550] [bmv2] [D] [thread 25393] [44.0] [cxt 0] Egress port is 0
[23:15:06.550] [bmv2] [D] [thread 25394] [44.0] [cxt 0] Pipeline 'egress': start
[23:15:06.550] [bmv2] [D] [thread 25394] [44.0] [cxt 0] Pipeline 'egress': end
[23:15:06.550] [bmv2] [D] [thread 25394] [44.0] [cxt 0] Deparser 'deparser': start
[23:15:06.550] [bmv2] [D] [thread 25394] [44.0] [cxt 0] Deparser 'deparser': end
[23:15:06.551] [bmv2] [D] [thread 25398] [44.0] [cxt 0] Transmitting packet of size 193 out of port 0
New connection
P4Runtime SetForwardingPipelineConfig
[23:15:06.592] [bmv2] [W] [thread 25436] [P4Runtime] p4::tmp::P4DeviceConfig is deprecated
[23:15:06.593] [bmv2] [D] [thread 25436] Set default default entry for table 'MyIngress.ipv4_lpm': NoAction - 
[23:15:06.594] [bmv2] [D] [thread 25436] simple_switch target has been notified of a config swap
