Calling target program-options parser
[23:15:04.937] [bmv2] [D] [thread 25400] Set default default entry for table 'MyIngress.ipv4_lpm': NoAction - 
Adding interface s3-eth1 as port 1
[23:15:04.939] [bmv2] [D] [thread 25400] Adding interface s3-eth1 as port 1
Adding interface s3-eth2 as port 2
[23:15:04.978] [bmv2] [D] [thread 25400] Adding interface s3-eth2 as port 2
Adding interface s3-eth3 as port 3
[23:15:05.015] [bmv2] [D] [thread 25400] Adding interface s3-eth3 as port 3
Server listening on 0.0.0.0:50053
[23:15:05.052] [bmv2] [I] [thread 25400] Starting Thrift server on port 9092
[23:15:05.053] [bmv2] [I] [thread 25400] Thrift server was started
[23:15:05.086] [bmv2] [D] [thread 25410] [0.0] [cxt 0] Processing packet received on port 2
[23:15:05.086] [bmv2] [D] [thread 25410] [0.0] [cxt 0] Parser 'parser': start
[23:15:05.086] [bmv2] [D] [thread 25410] [0.0] [cxt 0] Parser 'parser' entering state 'start'
[23:15:05.086] [bmv2] [D] [thread 25410] [0.0] [cxt 0] Extracting header 'ethernet'
[23:15:05.087] [bmv2] [D] [thread 25410] [0.0] [cxt 0] Parser state 'start': key is 86dd
[23:15:05.087] [bmv2] [T] [thread 25410] [0.0] [cxt 0] Bytes parsed: 14
[23:15:05.087] [bmv2] [D] [thread 25410] [0.0] [cxt 0] Parser 'parser': end
[23:15:05.087] [bmv2] [D] [thread 25410] [0.0] [cxt 0] Pipeline 'ingress': start
[23:15:05.087] [bmv2] [T] [thread 25410] [0.0] [cxt 0] routing.p4(123) Condition "hdr.ipv4.isValid()" (node_2) is false
[23:15:05.087] [bmv2] [D] [thread 25410] [0.0] [cxt 0] Pipeline 'ingress': end
[23:15:05.087] [bmv2] [D] [thread 25410] [0.0] [cxt 0] Egress port is 0
[23:15:05.088] [bmv2] [D] [thread 25411] [0.0] [cxt 0] Pipeline 'egress': start
[23:15:05.088] [bmv2] [D] [thread 25411] [0.0] [cxt 0] Pipeline 'egress': end
[23:15:05.088] [bmv2] [D] [thread 25411] [0.0] [cxt 0] Deparser 'deparser': start
[23:15:05.088] [bmv2] [D] [thread 25411] [0.0] [cxt 0] Deparser 'deparser': end
[23:15:05.088] [bmv2] [D] [thread 25415] [0.0] [cxt 0] Transmitting packet of size 205 out of port 0
[23:15:05.390] [bmv2] [D] [thread 25410] [1.0] [cxt 0] Processing packet received on port 2
[23:15:05.390] [bmv2] [D] [thread 25410] [1.0] [cxt 0] Parser 'parser': start
[23:15:05.390] [bmv2] [D] [thread 25410] [1.0] [cxt 0] Parser 'parser' entering state 'start'
[23:15:05.391] [bmv2] [D] [thread 25410] [1.0] [cxt 0] Extracting header 'ethernet'
[23:15:05.391] [bmv2] [D] [thread 25410] [1.0] [cxt 0] Parser state 'start': key is 86dd
[23:15:05.391] [bmv2] [T] [thread 25410] [1.0] [cxt 0] Bytes parsed: 14
[23:15:05.391] [bmv2] [D] [thread 25410] [1.0] [cxt 0] Parser 'parser': end
[23:15:05.391] [bmv2] [D] [thread 25410] [1.0] [cxt 0] Pipeline 'ingress': start
[23:15:05.391] [bmv2] [T] [thread 25410] [1.0] [cxt 0] routing.p4(123) Condition "hdr.ipv4.isValid()" (node_2) is false
[23:15:05.391] [bmv2] [D] [thread 25410] [1.0] [cxt 0] Pipeline 'ingress': end
[23:15:05.391] [bmv2] [D] [thread 25410] [1.0] [cxt 0] Egress port is 0
[23:15:05.395] [bmv2] [D] [thread 25411] [1.0] [cxt 0] Pipeline 'egress': start
[23:15:05.395] [bmv2] [D] [thread 25410] [2.0] [cxt 0] Processing packet received on port 3
[23:15:05.395] [bmv2] [D] [thread 25410] [2.0] [cxt 0] Parser 'parser': start
[23:15:05.395] [bmv2] [D] [thread 25410] [2.0] [cxt 0] Parser 'parser' entering state 'start'
[23:15:05.396] [bmv2] [D] [thread 25410] [2.0] [cxt 0] Extracting header 'ethernet'
[23:15:05.395] [bmv2] [D] [thread 25411] [1.0] [cxt 0] Pipeline 'egress': end
[23:15:05.396] [bmv2] [D] [thread 25410] [2.0] [cxt 0] Parser state 'start': key is 86dd
[23:15:05.396] [bmv2] [T] [thread 25410] [2.0] [cxt 0] Bytes parsed: 14
[23:15:05.396] [bmv2] [D] [thread 25410] [2.0] [cxt 0] Parser 'parser': end
[23:15:05.396] [bmv2] [D] [thread 25410] [2.0] [cxt 0] Pipeline 'ingress': start
[23:15:05.397] [bmv2] [T] [thread 25410] [2.0] [cxt 0] routing.p4(123) Condition "hdr.ipv4.isValid()" (node_2) is false
[23:15:05.397] [bmv2] [D] [thread 25410] [2.0] [cxt 0] Pipeline 'ingress': end
[23:15:05.397] [bmv2] [D] [thread 25410] [2.0] [cxt 0] Egress port is 0
[23:15:05.397] [bmv2] [D] [thread 25410] [3.0] [cxt 0] Processing packet received on port 3
[23:15:05.397] [bmv2] [D] [thread 25410] [3.0] [cxt 0] Parser 'parser': start
[23:15:05.397] [bmv2] [D] [thread 25410] [3.0] [cxt 0] Parser 'parser' entering state 'start'
[23:15:05.397] [bmv2] [D] [thread 25410] [3.0] [cxt 0] Extracting header 'ethernet'
[23:15:05.397] [bmv2] [D] [thread 25410] [3.0] [cxt 0] Parser state 'start': key is 86dd
[23:15:05.397] [bmv2] [T] [thread 25410] [3.0] [cxt 0] Bytes parsed: 14
[23:15:05.398] [bmv2] [D] [thread 25410] [3.0] [cxt 0] Parser 'parser': end
[23:15:05.398] [bmv2] [D] [thread 25410] [3.0] [cxt 0] Pipeline 'ingress': start
[23:15:05.398] [bmv2] [T] [thread 25410] [3.0] [cxt 0] routing.p4(123) Condition "hdr.ipv4.isValid()" (node_2) is false
[23:15:05.398] [bmv2] [D] [thread 25410] [3.0] [cxt 0] Pipeline 'ingress': end
[23:15:05.398] [bmv2] [D] [thread 25410] [3.0] [cxt 0] Egress port is 0
[23:15:05.396] [bmv2] [D] [thread 25411] [1.0] [cxt 0] Deparser 'deparser': start
[23:15:05.399] [bmv2] [D] [thread 25411] [1.0] [cxt 0] Deparser 'deparser': end
[23:15:05.399] [bmv2] [D] [thread 25411] [2.0] [cxt 0] Pipeline 'egress': start
[23:15:05.399] [bmv2] [D] [thread 25411] [2.0] [cxt 0] Pipeline 'egress': end
[23:15:05.399] [bmv2] [D] [thread 25411] [2.0] [cxt 0] Deparser 'deparser': start
[23:15:05.399] [bmv2] [D] [thread 25411] [2.0] [cxt 0] Deparser 'deparser': end
[23:15:05.399] [bmv2] [D] [thread 25411] [3.0] [cxt 0] Pipeline 'egress': start
[23:15:05.399] [bmv2] [D] [thread 25411] [3.0] [cxt 0] Pipeline 'egress': end
[23:15:05.399] [bmv2] [D] [thread 25411] [3.0] [cxt 0] Deparser 'deparser': start
[23:15:05.399] [bmv2] [D] [thread 25411] [3.0] [cxt 0] Deparser 'deparser': end
[23:15:05.399] [bmv2] [D] [thread 25415] [1.0] [cxt 0] Transmitting packet of size 205 out of port 0
[23:15:05.399] [bmv2] [D] [thread 25415] [2.0] [cxt 0] Transmitting packet of size 76 out of port 0
[23:15:05.399] [bmv2] [D] [thread 25415] [3.0] [cxt 0] Transmitting packet of size 56 out of port 0
[23:15:05.405] [bmv2] [D] [thread 25410] [4.0] [cxt 0] Processing packet received on port 3
[23:15:05.405] [bmv2] [D] [thread 25410] [4.0] [cxt 0] Parser 'parser': start
[23:15:05.405] [bmv2] [D] [thread 25410] [4.0] [cxt 0] Parser 'parser' entering state 'start'
[23:15:05.405] [bmv2] [D] [thread 25410] [4.0] [cxt 0] Extracting header 'ethernet'
[23:15:05.405] [bmv2] [D] [thread 25410] [4.0] [cxt 0] Parser state 'start': key is 86dd
[23:15:05.405] [bmv2] [T] [thread 25410] [4.0] [cxt 0] Bytes parsed: 14
[23:15:05.405] [bmv2] [D] [thread 25410] [4.0] [cxt 0] Parser 'parser': end
[23:15:05.406] [bmv2] [D] [thread 25410] [4.0] [cxt 0] Pipeline 'ingress': start
[23:15:05.406] [bmv2] [T] [thread 25410] [4.0] [cxt 0] routing.p4(123) Condition "hdr.ipv4.isValid()" (node_2) is false
[23:15:05.406] [bmv2] [D] [thread 25410] [4.0] [cxt 0] Pipeline 'ingress': end
[23:15:05.406] [bmv2] [D] [thread 25410] [4.0] [cxt 0] Egress port is 0
[23:15:05.407] [bmv2] [D] [thread 25411] [4.0] [cxt 0] Pipeline 'egress': start
[23:15:05.407] [bmv2] [D] [thread 25411] [4.0] [cxt 0] Pipeline 'egress': end
[23:15:05.407] [bmv2] [D] [thread 25411] [4.0] [cxt 0] Deparser 'deparser': start
[23:15:05.407] [bmv2] [D] [thread 25411] [4.0] [cxt 0] Deparser 'deparser': end
[23:15:05.407] [bmv2] [D] [thread 25415] [4.0] [cxt 0] Transmitting packet of size 76 out of port 0
[23:15:05.432] [bmv2] [D] [thread 25410] [5.0] [cxt 0] Processing packet received on port 3
[23:15:05.432] [bmv2] [D] [thread 25410] [5.0] [cxt 0] Parser 'parser': start
[23:15:05.432] [bmv2] [D] [thread 25410] [5.0] [cxt 0] Parser 'parser' entering state 'start'
[23:15:05.433] [bmv2] [D] [thread 25410] [5.0] [cxt 0] Extracting header 'ethernet'
[23:15:05.433] [bmv2] [D] [thread 25410] [5.0] [cxt 0] Parser state 'start': key is 86dd
[23:15:05.433] [bmv2] [T] [thread 25410] [5.0] [cxt 0] Bytes parsed: 14
[23:15:05.434] [bmv2] [D] [thread 25410] [5.0] [cxt 0] Parser 'parser': end
[23:15:05.434] [bmv2] [D] [thread 25410] [5.0] [cxt 0] Pipeline 'ingress': start
[23:15:05.434] [bmv2] [T] [thread 25410] [5.0] [cxt 0] routing.p4(123) Condition "hdr.ipv4.isValid()" (node_2) is false
[23:15:05.435] [bmv2] [D] [thread 25410] [5.0] [cxt 0] Pipeline 'ingress': end
[23:15:05.435] [bmv2] [D] [thread 25410] [5.0] [cxt 0] Egress port is 0
[23:15:05.435] [bmv2] [D] [thread 25410] [6.0] [cxt 0] Processing packet received on port 3
[23:15:05.435] [bmv2] [D] [thread 25410] [6.0] [cxt 0] Parser 'parser': start
[23:15:05.435] [bmv2] [D] [thread 25410] [6.0] [cxt 0] Parser 'parser' entering state 'start'
[23:15:05.435] [bmv2] [D] [thread 25410] [6.0] [cxt 0] Extracting header 'ethernet'
[23:15:05.435] [bmv2] [D] [thread 25410] [6.0] [cxt 0] Parser state 'start': key is 86dd
[23:15:05.436] [bmv2] [T] [thread 25410] [6.0] [cxt 0] Bytes parsed: 14
[23:15:05.436] [bmv2] [D] [thread 25410] [6.0] [cxt 0] Parser 'parser': end
[23:15:05.436] [bmv2] [D] [thread 25410] [6.0] [cxt 0] Pipeline 'ingress': start
[23:15:05.436] [bmv2] [T] [thread 25410] [6.0] [cxt 0] routing.p4(123) Condition "hdr.ipv4.isValid()" (node_2) is false
[23:15:05.436] [bmv2] [D] [thread 25410] [6.0] [cxt 0] Pipeline 'ingress': end
[23:15:05.436] [bmv2] [D] [thread 25410] [6.0] [cxt 0] Egress port is 0
[23:15:05.435] [bmv2] [D] [thread 25411] [5.0] [cxt 0] Pipeline 'egress': start
[23:15:05.437] [bmv2] [D] [thread 25411] [5.0] [cxt 0] Pipeline 'egress': end
[23:15:05.437] [bmv2] [D] [thread 25411] [5.0] [cxt 0] Deparser 'deparser': start
[23:15:05.437] [bmv2] [D] [thread 25411] [5.0] [cxt 0] Deparser 'deparser': end
[23:15:05.438] [bmv2] [D] [thread 25411] [6.0] [cxt 0] Pipeline 'egress': start
[23:15:05.438] [bmv2] [D] [thread 25411] [6.0] [cxt 0] Pipeline 'egress': end
[23:15:05.438] [bmv2] [D] [thread 25411] [6.0] [cxt 0] Deparser 'deparser': start
[23:15:05.438] [bmv2] [D] [thread 25411] [6.0] [cxt 0] Deparser 'deparser': end
[23:15:05.438] [bmv2] [D] [thread 25415] [5.0] [cxt 0] Transmitting packet of size 76 out of port 0
[23:15:05.439] [bmv2] [D] [thread 25415] [6.0] [cxt 0] Transmitting packet of size 56 out of port 0
[23:15:05.440] [bmv2] [D] [thread 25410] [7.0] [cxt 0] Processing packet received on port 3
[23:15:05.440] [bmv2] [D] [thread 25410] [7.0] [cxt 0] Parser 'parser': start
[23:15:05.440] [bmv2] [D] [thread 25410] [7.0] [cxt 0] Parser 'parser' entering state 'start'
[23:15:05.440] [bmv2] [D] [thread 25410] [7.0] [cxt 0] Extracting header 'ethernet'
[23:15:05.441] [bmv2] [D] [thread 25410] [7.0] [cxt 0] Parser state 'start': key is 86dd
[23:15:05.441] [bmv2] [T] [thread 25410] [7.0] [cxt 0] Bytes parsed: 14
[23:15:05.441] [bmv2] [D] [thread 25410] [7.0] [cxt 0] Parser 'parser': end
[23:15:05.441] [bmv2] [D] [thread 25410] [7.0] [cxt 0] Pipeline 'ingress': start
[23:15:05.441] [bmv2] [T] [thread 25410] [7.0] [cxt 0] routing.p4(123) Condition "hdr.ipv4.isValid()" (node_2) is false
[23:15:05.441] [bmv2] [D] [thread 25410] [7.0] [cxt 0] Pipeline 'ingress': end
[23:15:05.441] [bmv2] [D] [thread 25410] [7.0] [cxt 0] Egress port is 0
[23:15:05.442] [bmv2] [D] [thread 25411] [7.0] [cxt 0] Pipeline 'egress': start
[23:15:05.442] [bmv2] [D] [thread 25411] [7.0] [cxt 0] Pipeline 'egress': end
[23:15:05.442] [bmv2] [D] [thread 25411] [7.0] [cxt 0] Deparser 'deparser': start
[23:15:05.442] [bmv2] [D] [thread 25411] [7.0] [cxt 0] Deparser 'deparser': end
[23:15:05.442] [bmv2] [D] [thread 25415] [7.0] [cxt 0] Transmitting packet of size 76 out of port 0
[23:15:05.556] [bmv2] [D] [thread 25410] [8.0] [cxt 0] Processing packet received on port 1
[23:15:05.556] [bmv2] [D] [thread 25410] [8.0] [cxt 0] Parser 'parser': start
[23:15:05.557] [bmv2] [D] [thread 25410] [8.0] [cxt 0] Parser 'parser' entering state 'start'
[23:15:05.557] [bmv2] [D] [thread 25410] [8.0] [cxt 0] Extracting header 'ethernet'
[23:15:05.557] [bmv2] [D] [thread 25410] [8.0] [cxt 0] Parser state 'start': key is 86dd
[23:15:05.558] [bmv2] [T] [thread 25410] [8.0] [cxt 0] Bytes parsed: 14
[23:15:05.558] [bmv2] [D] [thread 25410] [8.0] [cxt 0] Parser 'parser': end
[23:15:05.558] [bmv2] [D] [thread 25410] [8.0] [cxt 0] Pipeline 'ingress': start
[23:15:05.558] [bmv2] [T] [thread 25410] [8.0] [cxt 0] routing.p4(123) Condition "hdr.ipv4.isValid()" (node_2) is false
[23:15:05.558] [bmv2] [D] [thread 25410] [8.0] [cxt 0] Pipeline 'ingress': end
[23:15:05.558] [bmv2] [D] [thread 25410] [8.0] [cxt 0] Egress port is 0
[23:15:05.559] [bmv2] [D] [thread 25410] [9.0] [cxt 0] Processing packet received on port 1
[23:15:05.559] [bmv2] [D] [thread 25411] [8.0] [cxt 0] Pipeline 'egress': start
[23:15:05.559] [bmv2] [D] [thread 25411] [8.0] [cxt 0] Pipeline 'egress': end
[23:15:05.560] [bmv2] [D] [thread 25411] [8.0] [cxt 0] Deparser 'deparser': start
[23:15:05.560] [bmv2] [D] [thread 25411] [8.0] [cxt 0] Deparser 'deparser': end
[23:15:05.560] [bmv2] [D] [thread 25415] [8.0] [cxt 0] Transmitting packet of size 76 out of port 0
[23:15:05.559] [bmv2] [D] [thread 25410] [9.0] [cxt 0] Parser 'parser': start
[23:15:05.560] [bmv2] [D] [thread 25410] [9.0] [cxt 0] Parser 'parser' entering state 'start'
[23:15:05.560] [bmv2] [D] [thread 25410] [9.0] [cxt 0] Extracting header 'ethernet'
[23:15:05.560] [bmv2] [D] [thread 25410] [9.0] [cxt 0] Parser state 'start': key is 86dd
[23:15:05.560] [bmv2] [T] [thread 25410] [9.0] [cxt 0] Bytes parsed: 14
[23:15:05.560] [bmv2] [D] [thread 25410] [9.0] [cxt 0] Parser 'parser': end
[23:15:05.561] [bmv2] [D] [thread 25410] [9.0] [cxt 0] Pipeline 'ingress': start
[23:15:05.561] [bmv2] [T] [thread 25410] [9.0] [cxt 0] routing.p4(123) Condition "hdr.ipv4.isValid()" (node_2) is false
[23:15:05.561] [bmv2] [D] [thread 25410] [9.0] [cxt 0] Pipeline 'ingress': end
[23:15:05.561] [bmv2] [D] [thread 25410] [9.0] [cxt 0] Egress port is 0
[23:15:05.561] [bmv2] [D] [thread 25411] [9.0] [cxt 0] Pipeline 'egress': start
[23:15:05.561] [bmv2] [D] [thread 25411] [9.0] [cxt 0] Pipeline 'egress': end
[23:15:05.561] [bmv2] [D] [thread 25411] [9.0] [cxt 0] Deparser 'deparser': start
[23:15:05.561] [bmv2] [D] [thread 25411] [9.0] [cxt 0] Deparser 'deparser': end
[23:15:05.562] [bmv2] [D] [thread 25415] [9.0] [cxt 0] Transmitting packet of size 56 out of port 0
[23:15:05.564] [bmv2] [D] [thread 25410] [10.0] [cxt 0] Processing packet received on port 1
[23:15:05.564] [bmv2] [D] [thread 25410] [10.0] [cxt 0] Parser 'parser': start
[23:15:05.565] [bmv2] [D] [thread 25410] [10.0] [cxt 0] Parser 'parser' entering state 'start'
[23:15:05.565] [bmv2] [D] [thread 25410] [10.0] [cxt 0] Extracting header 'ethernet'
[23:15:05.565] [bmv2] [D] [thread 25410] [10.0] [cxt 0] Parser state 'start': key is 86dd
[23:15:05.565] [bmv2] [T] [thread 25410] [10.0] [cxt 0] Bytes parsed: 14
[23:15:05.566] [bmv2] [D] [thread 25410] [10.0] [cxt 0] Parser 'parser': end
[23:15:05.566] [bmv2] [D] [thread 25410] [10.0] [cxt 0] Pipeline 'ingress': start
[23:15:05.566] [bmv2] [T] [thread 25410] [10.0] [cxt 0] routing.p4(123) Condition "hdr.ipv4.isValid()" (node_2) is false
[23:15:05.566] [bmv2] [D] [thread 25410] [10.0] [cxt 0] Pipeline 'ingress': end
[23:15:05.566] [bmv2] [D] [thread 25410] [10.0] [cxt 0] Egress port is 0
[23:15:05.566] [bmv2] [D] [thread 25411] [10.0] [cxt 0] Pipeline 'egress': start
[23:15:05.567] [bmv2] [D] [thread 25411] [10.0] [cxt 0] Pipeline 'egress': end
[23:15:05.567] [bmv2] [D] [thread 25411] [10.0] [cxt 0] Deparser 'deparser': start
[23:15:05.567] [bmv2] [D] [thread 25411] [10.0] [cxt 0] Deparser 'deparser': end
[23:15:05.567] [bmv2] [D] [thread 25415] [10.0] [cxt 0] Transmitting packet of size 76 out of port 0
[23:15:05.592] [bmv2] [D] [thread 25410] [11.0] [cxt 0] Processing packet received on port 2
[23:15:05.592] [bmv2] [D] [thread 25410] [11.0] [cxt 0] Parser 'parser': start
[23:15:05.593] [bmv2] [D] [thread 25410] [11.0] [cxt 0] Parser 'parser' entering state 'start'
[23:15:05.593] [bmv2] [D] [thread 25410] [11.0] [cxt 0] Extracting header 'ethernet'
[23:15:05.593] [bmv2] [D] [thread 25410] [11.0] [cxt 0] Parser state 'start': key is 86dd
[23:15:05.594] [bmv2] [T] [thread 25410] [11.0] [cxt 0] Bytes parsed: 14
[23:15:05.594] [bmv2] [D] [thread 25410] [11.0] [cxt 0] Parser 'parser': end
[23:15:05.594] [bmv2] [D] [thread 25410] [11.0] [cxt 0] Pipeline 'ingress': start
[23:15:05.594] [bmv2] [T] [thread 25410] [11.0] [cxt 0] routing.p4(123) Condition "hdr.ipv4.isValid()" (node_2) is false
[23:15:05.594] [bmv2] [D] [thread 25410] [11.0] [cxt 0] Pipeline 'ingress': end
[23:15:05.594] [bmv2] [D] [thread 25410] [11.0] [cxt 0] Egress port is 0
[23:15:05.595] [bmv2] [D] [thread 25411] [11.0] [cxt 0] Pipeline 'egress': start
[23:15:05.595] [bmv2] [D] [thread 25411] [11.0] [cxt 0] Pipeline 'egress': end
[23:15:05.595] [bmv2] [D] [thread 25411] [11.0] [cxt 0] Deparser 'deparser': start
[23:15:05.595] [bmv2] [D] [thread 25411] [11.0] [cxt 0] Deparser 'deparser': end
[23:15:05.595] [bmv2] [D] [thread 25415] [11.0] [cxt 0] Transmitting packet of size 205 out of port 0
[23:15:05.619] [bmv2] [D] [thread 25410] [12.0] [cxt 0] Processing packet received on port 2
[23:15:05.620] [bmv2] [D] [thread 25410] [12.0] [cxt 0] Parser 'parser': start
[23:15:05.620] [bmv2] [D] [thread 25410] [12.0] [cxt 0] Parser 'parser' entering state 'start'
[23:15:05.620] [bmv2] [D] [thread 25410] [12.0] [cxt 0] Extracting header 'ethernet'
[23:15:05.620] [bmv2] [D] [thread 25410] [12.0] [cxt 0] Parser state 'start': key is 86dd
[23:15:05.620] [bmv2] [T] [thread 25410] [12.0] [cxt 0] Bytes parsed: 14
[23:15:05.620] [bmv2] [D] [thread 25410] [12.0] [cxt 0] Parser 'parser': end
[23:15:05.620] [bmv2] [D] [thread 25410] [12.0] [cxt 0] Pipeline 'ingress': start
[23:15:05.621] [bmv2] [T] [thread 25410] [12.0] [cxt 0] routing.p4(123) Condition "hdr.ipv4.isValid()" (node_2) is false
[23:15:05.621] [bmv2] [D] [thread 25410] [12.0] [cxt 0] Pipeline 'ingress': end
[23:15:05.621] [bmv2] [D] [thread 25410] [12.0] [cxt 0] Egress port is 0
[23:15:05.621] [bmv2] [D] [thread 25410] [13.0] [cxt 0] Processing packet received on port 3
[23:15:05.621] [bmv2] [D] [thread 25410] [13.0] [cxt 0] Parser 'parser': start
[23:15:05.621] [bmv2] [D] [thread 25410] [13.0] [cxt 0] Parser 'parser' entering state 'start'
[23:15:05.622] [bmv2] [D] [thread 25410] [13.0] [cxt 0] Extracting header 'ethernet'
[23:15:05.622] [bmv2] [D] [thread 25410] [13.0] [cxt 0] Parser state 'start': key is 86dd
[23:15:05.622] [bmv2] [T] [thread 25410] [13.0] [cxt 0] Bytes parsed: 14
[23:15:05.622] [bmv2] [D] [thread 25410] [13.0] [cxt 0] Parser 'parser': end
[23:15:05.622] [bmv2] [D] [thread 25410] [13.0] [cxt 0] Pipeline 'ingress': start
[23:15:05.621] [bmv2] [D] [thread 25411] [12.0] [cxt 0] Pipeline 'egress': start
[23:15:05.622] [bmv2] [D] [thread 25411] [12.0] [cxt 0] Pipeline 'egress': end
[23:15:05.623] [bmv2] [D] [thread 25411] [12.0] [cxt 0] Deparser 'deparser': start
[23:15:05.623] [bmv2] [D] [thread 25411] [12.0] [cxt 0] Deparser 'deparser': end
[23:15:05.623] [bmv2] [D] [thread 25415] [12.0] [cxt 0] Transmitting packet of size 76 out of port 0
[23:15:05.622] [bmv2] [T] [thread 25410] [13.0] [cxt 0] routing.p4(123) Condition "hdr.ipv4.isValid()" (node_2) is false
[23:15:05.624] [bmv2] [D] [thread 25410] [13.0] [cxt 0] Pipeline 'ingress': end
[23:15:05.624] [bmv2] [D] [thread 25410] [13.0] [cxt 0] Egress port is 0
[23:15:05.624] [bmv2] [D] [thread 25410] [14.0] [cxt 0] Processing packet received on port 2
[23:15:05.624] [bmv2] [D] [thread 25410] [14.0] [cxt 0] Parser 'parser': start
[23:15:05.624] [bmv2] [D] [thread 25411] [13.0] [cxt 0] Pipeline 'egress': start
[23:15:05.624] [bmv2] [D] [thread 25411] [13.0] [cxt 0] Pipeline 'egress': end
[23:15:05.624] [bmv2] [D] [thread 25411] [13.0] [cxt 0] Deparser 'deparser': start
[23:15:05.625] [bmv2] [D] [thread 25411] [13.0] [cxt 0] Deparser 'deparser': end
[23:15:05.625] [bmv2] [D] [thread 25415] [13.0] [cxt 0] Transmitting packet of size 96 out of port 0
[23:15:05.624] [bmv2] [D] [thread 25410] [14.0] [cxt 0] Parser 'parser' entering state 'start'
[23:15:05.625] [bmv2] [D] [thread 25410] [14.0] [cxt 0] Extracting header 'ethernet'
[23:15:05.625] [bmv2] [D] [thread 25410] [14.0] [cxt 0] Parser state 'start': key is 86dd
[23:15:05.625] [bmv2] [T] [thread 25410] [14.0] [cxt 0] Bytes parsed: 14
[23:15:05.626] [bmv2] [D] [thread 25410] [14.0] [cxt 0] Parser 'parser': end
[23:15:05.626] [bmv2] [D] [thread 25410] [14.0] [cxt 0] Pipeline 'ingress': start
[23:15:05.626] [bmv2] [T] [thread 25410] [14.0] [cxt 0] routing.p4(123) Condition "hdr.ipv4.isValid()" (node_2) is false
[23:15:05.626] [bmv2] [D] [thread 25410] [14.0] [cxt 0] Pipeline 'ingress': end
[23:15:05.626] [bmv2] [D] [thread 25410] [14.0] [cxt 0] Egress port is 0
[23:15:05.627] [bmv2] [D] [thread 25411] [14.0] [cxt 0] Pipeline 'egress': start
[23:15:05.627] [bmv2] [D] [thread 25411] [14.0] [cxt 0] Pipeline 'egress': end
[23:15:05.627] [bmv2] [D] [thread 25411] [14.0] [cxt 0] Deparser 'deparser': start
[23:15:05.627] [bmv2] [D] [thread 25411] [14.0] [cxt 0] Deparser 'deparser': end
[23:15:05.627] [bmv2] [D] [thread 25415] [14.0] [cxt 0] Transmitting packet of size 56 out of port 0
[23:15:05.629] [bmv2] [D] [thread 25410] [15.0] [cxt 0] Processing packet received on port 2
[23:15:05.629] [bmv2] [D] [thread 25410] [15.0] [cxt 0] Parser 'parser': start
[23:15:05.629] [bmv2] [D] [thread 25410] [15.0] [cxt 0] Parser 'parser' entering state 'start'
[23:15:05.629] [bmv2] [D] [thread 25410] [15.0] [cxt 0] Extracting header 'ethernet'
[23:15:05.629] [bmv2] [D] [thread 25410] [15.0] [cxt 0] Parser state 'start': key is 86dd
[23:15:05.629] [bmv2] [T] [thread 25410] [15.0] [cxt 0] Bytes parsed: 14
[23:15:05.629] [bmv2] [D] [thread 25410] [15.0] [cxt 0] Parser 'parser': end
[23:15:05.629] [bmv2] [D] [thread 25410] [15.0] [cxt 0] Pipeline 'ingress': start
[23:15:05.629] [bmv2] [T] [thread 25410] [15.0] [cxt 0] routing.p4(123) Condition "hdr.ipv4.isValid()" (node_2) is false
[23:15:05.630] [bmv2] [D] [thread 25410] [15.0] [cxt 0] Pipeline 'ingress': end
[23:15:05.630] [bmv2] [D] [thread 25410] [15.0] [cxt 0] Egress port is 0
[23:15:05.630] [bmv2] [D] [thread 25411] [15.0] [cxt 0] Pipeline 'egress': start
[23:15:05.630] [bmv2] [D] [thread 25411] [15.0] [cxt 0] Pipeline 'egress': end
[23:15:05.630] [bmv2] [D] [thread 25411] [15.0] [cxt 0] Deparser 'deparser': start
[23:15:05.630] [bmv2] [D] [thread 25411] [15.0] [cxt 0] Deparser 'deparser': end
[23:15:05.631] [bmv2] [D] [thread 25415] [15.0] [cxt 0] Transmitting packet of size 76 out of port 0
[23:15:05.656] [bmv2] [D] [thread 25410] [16.0] [cxt 0] Processing packet received on port 3
[23:15:05.656] [bmv2] [D] [thread 25410] [16.0] [cxt 0] Parser 'parser': start
[23:15:05.656] [bmv2] [D] [thread 25410] [16.0] [cxt 0] Parser 'parser' entering state 'start'
[23:15:05.656] [bmv2] [D] [thread 25410] [16.0] [cxt 0] Extracting header 'ethernet'
[23:15:05.657] [bmv2] [D] [thread 25410] [16.0] [cxt 0] Parser state 'start': key is 86dd
[23:15:05.657] [bmv2] [T] [thread 25410] [16.0] [cxt 0] Bytes parsed: 14
[23:15:05.657] [bmv2] [D] [thread 25410] [16.0] [cxt 0] Parser 'parser': end
[23:15:05.657] [bmv2] [D] [thread 25410] [16.0] [cxt 0] Pipeline 'ingress': start
[23:15:05.657] [bmv2] [T] [thread 25410] [16.0] [cxt 0] routing.p4(123) Condition "hdr.ipv4.isValid()" (node_2) is false
[23:15:05.657] [bmv2] [D] [thread 25410] [16.0] [cxt 0] Pipeline 'ingress': end
[23:15:05.658] [bmv2] [D] [thread 25410] [16.0] [cxt 0] Egress port is 0
[23:15:05.658] [bmv2] [D] [thread 25411] [16.0] [cxt 0] Pipeline 'egress': start
[23:15:05.658] [bmv2] [D] [thread 25411] [16.0] [cxt 0] Pipeline 'egress': end
[23:15:05.658] [bmv2] [D] [thread 25411] [16.0] [cxt 0] Deparser 'deparser': start
[23:15:05.658] [bmv2] [D] [thread 25411] [16.0] [cxt 0] Deparser 'deparser': end
[23:15:05.658] [bmv2] [D] [thread 25415] [16.0] [cxt 0] Transmitting packet of size 76 out of port 0
[23:15:05.662] [bmv2] [D] [thread 25410] [17.0] [cxt 0] Processing packet received on port 3
[23:15:05.662] [bmv2] [D] [thread 25410] [17.0] [cxt 0] Parser 'parser': start
[23:15:05.663] [bmv2] [D] [thread 25410] [17.0] [cxt 0] Parser 'parser' entering state 'start'
[23:15:05.663] [bmv2] [D] [thread 25410] [17.0] [cxt 0] Extracting header 'ethernet'
[23:15:05.663] [bmv2] [D] [thread 25410] [17.0] [cxt 0] Parser state 'start': key is 86dd
[23:15:05.663] [bmv2] [T] [thread 25410] [17.0] [cxt 0] Bytes parsed: 14
[23:15:05.663] [bmv2] [D] [thread 25410] [17.0] [cxt 0] Parser 'parser': end
[23:15:05.663] [bmv2] [D] [thread 25410] [17.0] [cxt 0] Pipeline 'ingress': start
[23:15:05.663] [bmv2] [T] [thread 25410] [17.0] [cxt 0] routing.p4(123) Condition "hdr.ipv4.isValid()" (node_2) is false
[23:15:05.664] [bmv2] [D] [thread 25410] [17.0] [cxt 0] Pipeline 'ingress': end
[23:15:05.664] [bmv2] [D] [thread 25410] [17.0] [cxt 0] Egress port is 0
[23:15:05.664] [bmv2] [D] [thread 25411] [17.0] [cxt 0] Pipeline 'egress': start
[23:15:05.664] [bmv2] [D] [thread 25411] [17.0] [cxt 0] Pipeline 'egress': end
[23:15:05.664] [bmv2] [D] [thread 25411] [17.0] [cxt 0] Deparser 'deparser': start
[23:15:05.665] [bmv2] [D] [thread 25411] [17.0] [cxt 0] Deparser 'deparser': end
[23:15:05.665] [bmv2] [D] [thread 25415] [17.0] [cxt 0] Transmitting packet of size 205 out of port 0
[23:15:05.680] [bmv2] [D] [thread 25410] [18.0] [cxt 0] Processing packet received on port 2
[23:15:05.681] [bmv2] [D] [thread 25410] [18.0] [cxt 0] Parser 'parser': start
[23:15:05.681] [bmv2] [D] [thread 25410] [18.0] [cxt 0] Parser 'parser' entering state 'start'
[23:15:05.681] [bmv2] [D] [thread 25410] [18.0] [cxt 0] Extracting header 'ethernet'
[23:15:05.681] [bmv2] [D] [thread 25410] [18.0] [cxt 0] Parser state 'start': key is 86dd
[23:15:05.681] [bmv2] [T] [thread 25410] [18.0] [cxt 0] Bytes parsed: 14
[23:15:05.681] [bmv2] [D] [thread 25410] [18.0] [cxt 0] Parser 'parser': end
[23:15:05.682] [bmv2] [D] [thread 25410] [18.0] [cxt 0] Pipeline 'ingress': start
[23:15:05.682] [bmv2] [T] [thread 25410] [18.0] [cxt 0] routing.p4(123) Condition "hdr.ipv4.isValid()" (node_2) is false
[23:15:05.682] [bmv2] [D] [thread 25410] [18.0] [cxt 0] Pipeline 'ingress': end
[23:15:05.682] [bmv2] [D] [thread 25410] [18.0] [cxt 0] Egress port is 0
[23:15:05.683] [bmv2] [D] [thread 25411] [18.0] [cxt 0] Pipeline 'egress': start
[23:15:05.683] [bmv2] [D] [thread 25411] [18.0] [cxt 0] Pipeline 'egress': end
[23:15:05.683] [bmv2] [D] [thread 25411] [18.0] [cxt 0] Deparser 'deparser': start
[23:15:05.683] [bmv2] [D] [thread 25411] [18.0] [cxt 0] Deparser 'deparser': end
[23:15:05.683] [bmv2] [D] [thread 25415] [18.0] [cxt 0] Transmitting packet of size 96 out of port 0
[23:15:05.764] [bmv2] [D] [thread 25410] [19.0] [cxt 0] Processing packet received on port 3
[23:15:05.764] [bmv2] [D] [thread 25410] [19.0] [cxt 0] Parser 'parser': start
[23:15:05.764] [bmv2] [D] [thread 25410] [19.0] [cxt 0] Parser 'parser' entering state 'start'
[23:15:05.764] [bmv2] [D] [thread 25410] [19.0] [cxt 0] Extracting header 'ethernet'
[23:15:05.765] [bmv2] [D] [thread 25410] [19.0] [cxt 0] Parser state 'start': key is 86dd
[23:15:05.765] [bmv2] [T] [thread 25410] [19.0] [cxt 0] Bytes parsed: 14
[23:15:05.765] [bmv2] [D] [thread 25410] [19.0] [cxt 0] Parser 'parser': end
[23:15:05.765] [bmv2] [D] [thread 25410] [19.0] [cxt 0] Pipeline 'ingress': start
[23:15:05.765] [bmv2] [T] [thread 25410] [19.0] [cxt 0] routing.p4(123) Condition "hdr.ipv4.isValid()" (node_2) is false
[23:15:05.766] [bmv2] [D] [thread 25410] [19.0] [cxt 0] Pipeline 'ingress': end
[23:15:05.766] [bmv2] [D] [thread 25410] [19.0] [cxt 0] Egress port is 0
[23:15:05.766] [bmv2] [D] [thread 25411] [19.0] [cxt 0] Pipeline 'egress': start
[23:15:05.766] [bmv2] [D] [thread 25411] [19.0] [cxt 0] Pipeline 'egress': end
[23:15:05.766] [bmv2] [D] [thread 25411] [19.0] [cxt 0] Deparser 'deparser': start
[23:15:05.766] [bmv2] [D] [thread 25411] [19.0] [cxt 0] Deparser 'deparser': end
[23:15:05.767] [bmv2] [D] [thread 25415] [19.0] [cxt 0] Transmitting packet of size 205 out of port 0
[23:15:05.799] [bmv2] [D] [thread 25410] [20.0] [cxt 0] Processing packet received on port 2
[23:15:05.799] [bmv2] [D] [thread 25410] [20.0] [cxt 0] Parser 'parser': start
[23:15:05.800] [bmv2] [D] [thread 25410] [20.0] [cxt 0] Parser 'parser' entering state 'start'
[23:15:05.800] [bmv2] [D] [thread 25410] [20.0] [cxt 0] Extracting header 'ethernet'
[23:15:05.800] [bmv2] [D] [thread 25410] [20.0] [cxt 0] Parser state 'start': key is 86dd
[23:15:05.800] [bmv2] [T] [thread 25410] [20.0] [cxt 0] Bytes parsed: 14
[23:15:05.800] [bmv2] [D] [thread 25410] [20.0] [cxt 0] Parser 'parser': end
[23:15:05.801] [bmv2] [D] [thread 25410] [20.0] [cxt 0] Pipeline 'ingress': start
[23:15:05.801] [bmv2] [T] [thread 25410] [20.0] [cxt 0] routing.p4(123) Condition "hdr.ipv4.isValid()" (node_2) is false
[23:15:05.801] [bmv2] [D] [thread 25410] [20.0] [cxt 0] Pipeline 'ingress': end
[23:15:05.801] [bmv2] [D] [thread 25410] [20.0] [cxt 0] Egress port is 0
[23:15:05.801] [bmv2] [D] [thread 25411] [20.0] [cxt 0] Pipeline 'egress': start
[23:15:05.801] [bmv2] [D] [thread 25411] [20.0] [cxt 0] Pipeline 'egress': end
[23:15:05.802] [bmv2] [D] [thread 25411] [20.0] [cxt 0] Deparser 'deparser': start
[23:15:05.802] [bmv2] [D] [thread 25411] [20.0] [cxt 0] Deparser 'deparser': end
[23:15:05.802] [bmv2] [D] [thread 25415] [20.0] [cxt 0] Transmitting packet of size 193 out of port 0
[23:15:05.808] [bmv2] [D] [thread 25410] [21.0] [cxt 0] Processing packet received on port 2
[23:15:05.809] [bmv2] [D] [thread 25410] [21.0] [cxt 0] Parser 'parser': start
[23:15:05.809] [bmv2] [D] [thread 25410] [21.0] [cxt 0] Parser 'parser' entering state 'start'
[23:15:05.809] [bmv2] [D] [thread 25410] [21.0] [cxt 0] Extracting header 'ethernet'
[23:15:05.809] [bmv2] [D] [thread 25410] [21.0] [cxt 0] Parser state 'start': key is 86dd
[23:15:05.810] [bmv2] [T] [thread 25410] [21.0] [cxt 0] Bytes parsed: 14
[23:15:05.810] [bmv2] [D] [thread 25410] [21.0] [cxt 0] Parser 'parser': end
[23:15:05.810] [bmv2] [D] [thread 25410] [21.0] [cxt 0] Pipeline 'ingress': start
[23:15:05.810] [bmv2] [T] [thread 25410] [21.0] [cxt 0] routing.p4(123) Condition "hdr.ipv4.isValid()" (node_2) is false
[23:15:05.811] [bmv2] [D] [thread 25410] [21.0] [cxt 0] Pipeline 'ingress': end
[23:15:05.811] [bmv2] [D] [thread 25410] [21.0] [cxt 0] Egress port is 0
[23:15:05.811] [bmv2] [D] [thread 25411] [21.0] [cxt 0] Pipeline 'egress': start
[23:15:05.811] [bmv2] [D] [thread 25411] [21.0] [cxt 0] Pipeline 'egress': end
[23:15:05.811] [bmv2] [D] [thread 25411] [21.0] [cxt 0] Deparser 'deparser': start
[23:15:05.812] [bmv2] [D] [thread 25411] [21.0] [cxt 0] Deparser 'deparser': end
[23:15:05.812] [bmv2] [D] [thread 25415] [21.0] [cxt 0] Transmitting packet of size 76 out of port 0
[23:15:05.829] [bmv2] [D] [thread 25410] [22.0] [cxt 0] Processing packet received on port 1
[23:15:05.830] [bmv2] [D] [thread 25410] [22.0] [cxt 0] Parser 'parser': start
[23:15:05.830] [bmv2] [D] [thread 25410] [22.0] [cxt 0] Parser 'parser' entering state 'start'
[23:15:05.830] [bmv2] [D] [thread 25410] [22.0] [cxt 0] Extracting header 'ethernet'
[23:15:05.830] [bmv2] [D] [thread 25410] [22.0] [cxt 0] Parser state 'start': key is 86dd
[23:15:05.830] [bmv2] [T] [thread 25410] [22.0] [cxt 0] Bytes parsed: 14
[23:15:05.830] [bmv2] [D] [thread 25410] [22.0] [cxt 0] Parser 'parser': end
[23:15:05.830] [bmv2] [D] [thread 25410] [22.0] [cxt 0] Pipeline 'ingress': start
[23:15:05.830] [bmv2] [T] [thread 25410] [22.0] [cxt 0] routing.p4(123) Condition "hdr.ipv4.isValid()" (node_2) is false
[23:15:05.831] [bmv2] [D] [thread 25410] [22.0] [cxt 0] Pipeline 'ingress': end
[23:15:05.831] [bmv2] [D] [thread 25410] [22.0] [cxt 0] Egress port is 0
[23:15:05.831] [bmv2] [D] [thread 25411] [22.0] [cxt 0] Pipeline 'egress': start
[23:15:05.831] [bmv2] [D] [thread 25411] [22.0] [cxt 0] Pipeline 'egress': end
[23:15:05.831] [bmv2] [D] [thread 25411] [22.0] [cxt 0] Deparser 'deparser': start
[23:15:05.831] [bmv2] [D] [thread 25411] [22.0] [cxt 0] Deparser 'deparser': end
[23:15:05.831] [bmv2] [D] [thread 25415] [22.0] [cxt 0] Transmitting packet of size 205 out of port 0
[23:15:05.894] [bmv2] [D] [thread 25410] [23.0] [cxt 0] Processing packet received on port 2
[23:15:05.894] [bmv2] [D] [thread 25410] [23.0] [cxt 0] Parser 'parser': start
[23:15:05.894] [bmv2] [D] [thread 25410] [23.0] [cxt 0] Parser 'parser' entering state 'start'
[23:15:05.894] [bmv2] [D] [thread 25410] [23.0] [cxt 0] Extracting header 'ethernet'
[23:15:05.894] [bmv2] [D] [thread 25410] [23.0] [cxt 0] Parser state 'start': key is 86dd
[23:15:05.895] [bmv2] [T] [thread 25410] [23.0] [cxt 0] Bytes parsed: 14
[23:15:05.895] [bmv2] [D] [thread 25410] [23.0] [cxt 0] Parser 'parser': end
[23:15:05.895] [bmv2] [D] [thread 25410] [23.0] [cxt 0] Pipeline 'ingress': start
[23:15:05.895] [bmv2] [T] [thread 25410] [23.0] [cxt 0] routing.p4(123) Condition "hdr.ipv4.isValid()" (node_2) is false
[23:15:05.895] [bmv2] [D] [thread 25410] [23.0] [cxt 0] Pipeline 'ingress': end
[23:15:05.895] [bmv2] [D] [thread 25410] [23.0] [cxt 0] Egress port is 0
[23:15:05.895] [bmv2] [D] [thread 25411] [23.0] [cxt 0] Pipeline 'egress': start
[23:15:05.896] [bmv2] [D] [thread 25411] [23.0] [cxt 0] Pipeline 'egress': end
[23:15:05.896] [bmv2] [D] [thread 25411] [23.0] [cxt 0] Deparser 'deparser': start
[23:15:05.896] [bmv2] [D] [thread 25411] [23.0] [cxt 0] Deparser 'deparser': end
[23:15:05.896] [bmv2] [D] [thread 25415] [23.0] [cxt 0] Transmitting packet of size 205 out of port 0
[23:15:05.956] [bmv2] [D] [thread 25410] [24.0] [cxt 0] Processing packet received on port 3
[23:15:05.956] [bmv2] [D] [thread 25410] [24.0] [cxt 0] Parser 'parser': start
[23:15:05.956] [bmv2] [D] [thread 25410] [24.0] [cxt 0] Parser 'parser' entering state 'start'
[23:15:05.956] [bmv2] [D] [thread 25410] [24.0] [cxt 0] Extracting header 'ethernet'
[23:15:05.956] [bmv2] [D] [thread 25410] [24.0] [cxt 0] Parser state 'start': key is 86dd
[23:15:05.957] [bmv2] [T] [thread 25410] [24.0] [cxt 0] Bytes parsed: 14
[23:15:05.957] [bmv2] [D] [thread 25410] [24.0] [cxt 0] Parser 'parser': end
[23:15:05.957] [bmv2] [D] [thread 25410] [24.0] [cxt 0] Pipeline 'ingress': start
[23:15:05.957] [bmv2] [T] [thread 25410] [24.0] [cxt 0] routing.p4(123) Condition "hdr.ipv4.isValid()" (node_2) is false
[23:15:05.958] [bmv2] [D] [thread 25410] [24.0] [cxt 0] Pipeline 'ingress': end
[23:15:05.958] [bmv2] [D] [thread 25410] [24.0] [cxt 0] Egress port is 0
[23:15:05.958] [bmv2] [D] [thread 25411] [24.0] [cxt 0] Pipeline 'egress': start
[23:15:05.958] [bmv2] [D] [thread 25411] [24.0] [cxt 0] Pipeline 'egress': end
[23:15:05.958] [bmv2] [D] [thread 25411] [24.0] [cxt 0] Deparser 'deparser': start
[23:15:05.959] [bmv2] [D] [thread 25411] [24.0] [cxt 0] Deparser 'deparser': end
[23:15:05.959] [bmv2] [D] [thread 25415] [24.0] [cxt 0] Transmitting packet of size 96 out of port 0
[23:15:05.958] [bmv2] [D] [thread 25410] [25.0] [cxt 0] Processing packet received on port 3
[23:15:05.959] [bmv2] [D] [thread 25410] [25.0] [cxt 0] Parser 'parser': start
[23:15:05.960] [bmv2] [D] [thread 25410] [25.0] [cxt 0] Parser 'parser' entering state 'start'
[23:15:05.960] [bmv2] [D] [thread 25410] [25.0] [cxt 0] Extracting header 'ethernet'
[23:15:05.960] [bmv2] [D] [thread 25410] [25.0] [cxt 0] Parser state 'start': key is 86dd
[23:15:05.960] [bmv2] [T] [thread 25410] [25.0] [cxt 0] Bytes parsed: 14
[23:15:05.960] [bmv2] [D] [thread 25410] [25.0] [cxt 0] Parser 'parser': end
[23:15:05.961] [bmv2] [D] [thread 25410] [25.0] [cxt 0] Pipeline 'ingress': start
[23:15:05.961] [bmv2] [T] [thread 25410] [25.0] [cxt 0] routing.p4(123) Condition "hdr.ipv4.isValid()" (node_2) is false
[23:15:05.961] [bmv2] [D] [thread 25410] [25.0] [cxt 0] Pipeline 'ingress': end
[23:15:05.962] [bmv2] [D] [thread 25410] [25.0] [cxt 0] Egress port is 0
[23:15:05.962] [bmv2] [D] [thread 25411] [25.0] [cxt 0] Pipeline 'egress': start
[23:15:05.962] [bmv2] [D] [thread 25411] [25.0] [cxt 0] Pipeline 'egress': end
[23:15:05.962] [bmv2] [D] [thread 25411] [25.0] [cxt 0] Deparser 'deparser': start
[23:15:05.962] [bmv2] [D] [thread 25411] [25.0] [cxt 0] Deparser 'deparser': end
[23:15:05.962] [bmv2] [D] [thread 25415] [25.0] [cxt 0] Transmitting packet of size 205 out of port 0
[23:15:05.968] [bmv2] [D] [thread 25410] [26.0] [cxt 0] Processing packet received on port 3
[23:15:05.968] [bmv2] [D] [thread 25410] [26.0] [cxt 0] Parser 'parser': start
[23:15:05.969] [bmv2] [D] [thread 25410] [26.0] [cxt 0] Parser 'parser' entering state 'start'
[23:15:05.969] [bmv2] [D] [thread 25410] [26.0] [cxt 0] Extracting header 'ethernet'
[23:15:05.969] [bmv2] [D] [thread 25410] [26.0] [cxt 0] Parser state 'start': key is 86dd
[23:15:05.969] [bmv2] [T] [thread 25410] [26.0] [cxt 0] Bytes parsed: 14
[23:15:05.969] [bmv2] [D] [thread 25410] [26.0] [cxt 0] Parser 'parser': end
[23:15:05.970] [bmv2] [D] [thread 25410] [26.0] [cxt 0] Pipeline 'ingress': start
[23:15:05.970] [bmv2] [T] [thread 25410] [26.0] [cxt 0] routing.p4(123) Condition "hdr.ipv4.isValid()" (node_2) is false
[23:15:05.970] [bmv2] [D] [thread 25410] [26.0] [cxt 0] Pipeline 'ingress': end
[23:15:05.970] [bmv2] [D] [thread 25410] [26.0] [cxt 0] Egress port is 0
[23:15:05.970] [bmv2] [D] [thread 25411] [26.0] [cxt 0] Pipeline 'egress': start
[23:15:05.971] [bmv2] [D] [thread 25411] [26.0] [cxt 0] Pipeline 'egress': end
[23:15:05.971] [bmv2] [D] [thread 25411] [26.0] [cxt 0] Deparser 'deparser': start
[23:15:05.971] [bmv2] [D] [thread 25411] [26.0] [cxt 0] Deparser 'deparser': end
[23:15:05.971] [bmv2] [D] [thread 25415] [26.0] [cxt 0] Transmitting packet of size 76 out of port 0
[23:15:06.080] [bmv2] [D] [thread 25410] [27.0] [cxt 0] Processing packet received on port 1
[23:15:06.080] [bmv2] [D] [thread 25410] [27.0] [cxt 0] Parser 'parser': start
[23:15:06.081] [bmv2] [D] [thread 25410] [27.0] [cxt 0] Parser 'parser' entering state 'start'
[23:15:06.081] [bmv2] [D] [thread 25410] [27.0] [cxt 0] Extracting header 'ethernet'
[23:15:06.081] [bmv2] [D] [thread 25410] [27.0] [cxt 0] Parser state 'start': key is 86dd
[23:15:06.081] [bmv2] [T] [thread 25410] [27.0] [cxt 0] Bytes parsed: 14
[23:15:06.081] [bmv2] [D] [thread 25410] [27.0] [cxt 0] Parser 'parser': end
[23:15:06.081] [bmv2] [D] [thread 25410] [27.0] [cxt 0] Pipeline 'ingress': start
[23:15:06.082] [bmv2] [T] [thread 25410] [27.0] [cxt 0] routing.p4(123) Condition "hdr.ipv4.isValid()" (node_2) is false
[23:15:06.082] [bmv2] [D] [thread 25410] [27.0] [cxt 0] Pipeline 'ingress': end
[23:15:06.082] [bmv2] [D] [thread 25410] [27.0] [cxt 0] Egress port is 0
[23:15:06.082] [bmv2] [D] [thread 25411] [27.0] [cxt 0] Pipeline 'egress': start
[23:15:06.082] [bmv2] [D] [thread 25411] [27.0] [cxt 0] Pipeline 'egress': end
[23:15:06.082] [bmv2] [D] [thread 25411] [27.0] [cxt 0] Deparser 'deparser': start
[23:15:06.082] [bmv2] [D] [thread 25411] [27.0] [cxt 0] Deparser 'deparser': end
[23:15:06.083] [bmv2] [D] [thread 25415] [27.0] [cxt 0] Transmitting packet of size 205 out of port 0
[23:15:06.128] [bmv2] [D] [thread 25410] [28.0] [cxt 0] Processing packet received on port 2
[23:15:06.129] [bmv2] [D] [thread 25410] [28.0] [cxt 0] Parser 'parser': start
[23:15:06.129] [bmv2] [D] [thread 25410] [28.0] [cxt 0] Parser 'parser' entering state 'start'
[23:15:06.129] [bmv2] [D] [thread 25410] [28.0] [cxt 0] Extracting header 'ethernet'
[23:15:06.129] [bmv2] [D] [thread 25410] [28.0] [cxt 0] Parser state 'start': key is 86dd
[23:15:06.129] [bmv2] [T] [thread 25410] [28.0] [cxt 0] Bytes parsed: 14
[23:15:06.129] [bmv2] [D] [thread 25410] [28.0] [cxt 0] Parser 'parser': end
[23:15:06.129] [bmv2] [D] [thread 25410] [28.0] [cxt 0] Pipeline 'ingress': start
[23:15:06.129] [bmv2] [T] [thread 25410] [28.0] [cxt 0] routing.p4(123) Condition "hdr.ipv4.isValid()" (node_2) is false
[23:15:06.130] [bmv2] [D] [thread 25410] [28.0] [cxt 0] Pipeline 'ingress': end
[23:15:06.130] [bmv2] [D] [thread 25410] [28.0] [cxt 0] Egress port is 0
[23:15:06.130] [bmv2] [D] [thread 25411] [28.0] [cxt 0] Pipeline 'egress': start
[23:15:06.130] [bmv2] [D] [thread 25411] [28.0] [cxt 0] Pipeline 'egress': end
[23:15:06.130] [bmv2] [D] [thread 25411] [28.0] [cxt 0] Deparser 'deparser': start
[23:15:06.131] [bmv2] [D] [thread 25411] [28.0] [cxt 0] Deparser 'deparser': end
[23:15:06.131] [bmv2] [D] [thread 25415] [28.0] [cxt 0] Transmitting packet of size 76 out of port 0
[23:15:06.144] [bmv2] [D] [thread 25410] [29.0] [cxt 0] Processing packet received on port 2
[23:15:06.144] [bmv2] [D] [thread 25410] [29.0] [cxt 0] Parser 'parser': start
[23:15:06.144] [bmv2] [D] [thread 25410] [29.0] [cxt 0] Parser 'parser' entering state 'start'
[23:15:06.144] [bmv2] [D] [thread 25410] [29.0] [cxt 0] Extracting header 'ethernet'
[23:15:06.145] [bmv2] [D] [thread 25410] [29.0] [cxt 0] Parser state 'start': key is 86dd
[23:15:06.145] [bmv2] [T] [thread 25410] [29.0] [cxt 0] Bytes parsed: 14
[23:15:06.145] [bmv2] [D] [thread 25410] [29.0] [cxt 0] Parser 'parser': end
[23:15:06.145] [bmv2] [D] [thread 25410] [29.0] [cxt 0] Pipeline 'ingress': start
[23:15:06.146] [bmv2] [T] [thread 25410] [29.0] [cxt 0] routing.p4(123) Condition "hdr.ipv4.isValid()" (node_2) is false
[23:15:06.146] [bmv2] [D] [thread 25410] [29.0] [cxt 0] Pipeline 'ingress': end
[23:15:06.146] [bmv2] [D] [thread 25410] [29.0] [cxt 0] Egress port is 0
[23:15:06.146] [bmv2] [D] [thread 25411] [29.0] [cxt 0] Pipeline 'egress': start
[23:15:06.146] [bmv2] [D] [thread 25411] [29.0] [cxt 0] Pipeline 'egress': end
[23:15:06.147] [bmv2] [D] [thread 25411] [29.0] [cxt 0] Deparser 'deparser': start
[23:15:06.147] [bmv2] [D] [thread 25411] [29.0] [cxt 0] Deparser 'deparser': end
[23:15:06.147] [bmv2] [D] [thread 25415] [29.0] [cxt 0] Transmitting packet of size 205 out of port 0
[23:15:06.171] [bmv2] [D] [thread 25410] [30.0] [cxt 0] Processing packet received on port 3
[23:15:06.171] [bmv2] [D] [thread 25410] [30.0] [cxt 0] Parser 'parser': start
[23:15:06.172] [bmv2] [D] [thread 25410] [30.0] [cxt 0] Parser 'parser' entering state 'start'
[23:15:06.172] [bmv2] [D] [thread 25410] [30.0] [cxt 0] Extracting header 'ethernet'
[23:15:06.172] [bmv2] [D] [thread 25410] [30.0] [cxt 0] Parser state 'start': key is 86dd
[23:15:06.172] [bmv2] [T] [thread 25410] [30.0] [cxt 0] Bytes parsed: 14
[23:15:06.172] [bmv2] [D] [thread 25410] [30.0] [cxt 0] Parser 'parser': end
[23:15:06.173] [bmv2] [D] [thread 25410] [30.0] [cxt 0] Pipeline 'ingress': start
[23:15:06.173] [bmv2] [T] [thread 25410] [30.0] [cxt 0] routing.p4(123) Condition "hdr.ipv4.isValid()" (node_2) is false
[23:15:06.173] [bmv2] [D] [thread 25410] [30.0] [cxt 0] Pipeline 'ingress': end
[23:15:06.173] [bmv2] [D] [thread 25410] [30.0] [cxt 0] Egress port is 0
[23:15:06.173] [bmv2] [D] [thread 25411] [30.0] [cxt 0] Pipeline 'egress': start
[23:15:06.174] [bmv2] [D] [thread 25411] [30.0] [cxt 0] Pipeline 'egress': end
[23:15:06.174] [bmv2] [D] [thread 25411] [30.0] [cxt 0] Deparser 'deparser': start
[23:15:06.174] [bmv2] [D] [thread 25411] [30.0] [cxt 0] Deparser 'deparser': end
[23:15:06.174] [bmv2] [D] [thread 25415] [30.0] [cxt 0] Transmitting packet of size 205 out of port 0
[23:15:06.202] [bmv2] [D] [thread 25410] [31.0] [cxt 0] Processing packet received on port 3
[23:15:06.202] [bmv2] [D] [thread 25410] [31.0] [cxt 0] Parser 'parser': start
[23:15:06.202] [bmv2] [D] [thread 25410] [31.0] [cxt 0] Parser 'parser' entering state 'start'
[23:15:06.202] [bmv2] [D] [thread 25410] [31.0] [cxt 0] Extracting header 'ethernet'
[23:15:06.202] [bmv2] [D] [thread 25410] [31.0] [cxt 0] Parser state 'start': key is 86dd
[23:15:06.203] [bmv2] [T] [thread 25410] [31.0] [cxt 0] Bytes parsed: 14
[23:15:06.203] [bmv2] [D] [thread 25410] [31.0] [cxt 0] Parser 'parser': end
[23:15:06.203] [bmv2] [D] [thread 25410] [31.0] [cxt 0] Pipeline 'ingress': start
[23:15:06.203] [bmv2] [T] [thread 25410] [31.0] [cxt 0] routing.p4(123) Condition "hdr.ipv4.isValid()" (node_2) is false
[23:15:06.204] [bmv2] [D] [thread 25410] [31.0] [cxt 0] Pipeline 'ingress': end
[23:15:06.204] [bmv2] [D] [thread 25410] [31.0] [cxt 0] Egress port is 0
[23:15:06.204] [bmv2] [D] [thread 25411] [31.0] [cxt 0] Pipeline 'egress': start
[23:15:06.204] [bmv2] [D] [thread 25411] [31.0] [cxt 0] Pipeline 'egress': end
[23:15:06.204] [bmv2] [D] [thread 25411] [31.0] [cxt 0] Deparser 'deparser': start
[23:15:06.205] [bmv2] [D] [thread 25411] [31.0] [cxt 0] Deparser 'deparser': end
[23:15:06.205] [bmv2] [D] [thread 25415] [31.0] [cxt 0] Transmitting packet of size 205 out of port 0
[23:15:06.261] [bmv2] [D] [thread 25410] [32.0] [cxt 0] Processing packet received on port 2
[23:15:06.261] [bmv2] [D] [thread 25410] [32.0] [cxt 0] Parser 'parser': start
[23:15:06.261] [bmv2] [D] [thread 25410] [32.0] [cxt 0] Parser 'parser' entering state 'start'
[23:15:06.261] [bmv2] [D] [thread 25410] [32.0] [cxt 0] Extracting header 'ethernet'
[23:15:06.261] [bmv2] [D] [thread 25410] [32.0] [cxt 0] Parser state 'start': key is 86dd
[23:15:06.262] [bmv2] [T] [thread 25410] [32.0] [cxt 0] Bytes parsed: 14
[23:15:06.262] [bmv2] [D] [thread 25410] [32.0] [cxt 0] Parser 'parser': end
[23:15:06.262] [bmv2] [D] [thread 25410] [32.0] [cxt 0] Pipeline 'ingress': start
[23:15:06.262] [bmv2] [T] [thread 25410] [32.0] [cxt 0] routing.p4(123) Condition "hdr.ipv4.isValid()" (node_2) is false
[23:15:06.262] [bmv2] [D] [thread 25410] [32.0] [cxt 0] Pipeline 'ingress': end
[23:15:06.262] [bmv2] [D] [thread 25410] [32.0] [cxt 0] Egress port is 0
[23:15:06.263] [bmv2] [D] [thread 25411] [32.0] [cxt 0] Pipeline 'egress': start
[23:15:06.263] [bmv2] [D] [thread 25411] [32.0] [cxt 0] Pipeline 'egress': end
[23:15:06.263] [bmv2] [D] [thread 25411] [32.0] [cxt 0] Deparser 'deparser': start
[23:15:06.263] [bmv2] [D] [thread 25411] [32.0] [cxt 0] Deparser 'deparser': end
[23:15:06.263] [bmv2] [D] [thread 25415] [32.0] [cxt 0] Transmitting packet of size 96 out of port 0
[23:15:06.345] [bmv2] [D] [thread 25410] [33.0] [cxt 0] Processing packet received on port 1
[23:15:06.345] [bmv2] [D] [thread 25410] [33.0] [cxt 0] Parser 'parser': start
[23:15:06.345] [bmv2] [D] [thread 25410] [33.0] [cxt 0] Parser 'parser' entering state 'start'
[23:15:06.345] [bmv2] [D] [thread 25410] [33.0] [cxt 0] Extracting header 'ethernet'
[23:15:06.345] [bmv2] [D] [thread 25410] [33.0] [cxt 0] Parser state 'start': key is 86dd
[23:15:06.346] [bmv2] [T] [thread 25410] [33.0] [cxt 0] Bytes parsed: 14
[23:15:06.346] [bmv2] [D] [thread 25410] [33.0] [cxt 0] Parser 'parser': end
[23:15:06.346] [bmv2] [D] [thread 25410] [33.0] [cxt 0] Pipeline 'ingress': start
[23:15:06.346] [bmv2] [T] [thread 25410] [33.0] [cxt 0] routing.p4(123) Condition "hdr.ipv4.isValid()" (node_2) is false
[23:15:06.347] [bmv2] [D] [thread 25410] [33.0] [cxt 0] Pipeline 'ingress': end
[23:15:06.347] [bmv2] [D] [thread 25410] [33.0] [cxt 0] Egress port is 0
[23:15:06.347] [bmv2] [D] [thread 25411] [33.0] [cxt 0] Pipeline 'egress': start
[23:15:06.347] [bmv2] [D] [thread 25411] [33.0] [cxt 0] Pipeline 'egress': end
[23:15:06.348] [bmv2] [D] [thread 25411] [33.0] [cxt 0] Deparser 'deparser': start
[23:15:06.348] [bmv2] [D] [thread 25411] [33.0] [cxt 0] Deparser 'deparser': end
[23:15:06.348] [bmv2] [D] [thread 25415] [33.0] [cxt 0] Transmitting packet of size 205 out of port 0
[23:15:06.386] [bmv2] [D] [thread 25410] [34.0] [cxt 0] Processing packet received on port 3
[23:15:06.386] [bmv2] [D] [thread 25410] [34.0] [cxt 0] Parser 'parser': start
[23:15:06.386] [bmv2] [D] [thread 25410] [34.0] [cxt 0] Parser 'parser' entering state 'start'
[23:15:06.386] [bmv2] [D] [thread 25410] [34.0] [cxt 0] Extracting header 'ethernet'
[23:15:06.387] [bmv2] [D] [thread 25410] [34.0] [cxt 0] Parser state 'start': key is 86dd
[23:15:06.387] [bmv2] [T] [thread 25410] [34.0] [cxt 0] Bytes parsed: 14
[23:15:06.387] [bmv2] [D] [thread 25410] [34.0] [cxt 0] Parser 'parser': end
[23:15:06.387] [bmv2] [D] [thread 25410] [34.0] [cxt 0] Pipeline 'ingress': start
[23:15:06.387] [bmv2] [T] [thread 25410] [34.0] [cxt 0] routing.p4(123) Condition "hdr.ipv4.isValid()" (node_2) is false
[23:15:06.388] [bmv2] [D] [thread 25410] [34.0] [cxt 0] Pipeline 'ingress': end
[23:15:06.388] [bmv2] [D] [thread 25410] [34.0] [cxt 0] Egress port is 0
[23:15:06.388] [bmv2] [D] [thread 25411] [34.0] [cxt 0] Pipeline 'egress': start
[23:15:06.388] [bmv2] [D] [thread 25411] [34.0] [cxt 0] Pipeline 'egress': end
[23:15:06.388] [bmv2] [D] [thread 25411] [34.0] [cxt 0] Deparser 'deparser': start
[23:15:06.389] [bmv2] [D] [thread 25411] [34.0] [cxt 0] Deparser 'deparser': end
[23:15:06.389] [bmv2] [D] [thread 25415] [34.0] [cxt 0] Transmitting packet of size 193 out of port 0
[23:15:06.396] [bmv2] [D] [thread 25410] [35.0] [cxt 0] Processing packet received on port 2
[23:15:06.397] [bmv2] [D] [thread 25410] [35.0] [cxt 0] Parser 'parser': start
[23:15:06.397] [bmv2] [D] [thread 25410] [35.0] [cxt 0] Parser 'parser' entering state 'start'
[23:15:06.397] [bmv2] [D] [thread 25410] [35.0] [cxt 0] Extracting header 'ethernet'
[23:15:06.397] [bmv2] [D] [thread 25410] [35.0] [cxt 0] Parser state 'start': key is 86dd
[23:15:06.397] [bmv2] [T] [thread 25410] [35.0] [cxt 0] Bytes parsed: 14
[23:15:06.397] [bmv2] [D] [thread 25410] [35.0] [cxt 0] Parser 'parser': end
[23:15:06.398] [bmv2] [D] [thread 25410] [35.0] [cxt 0] Pipeline 'ingress': start
[23:15:06.398] [bmv2] [T] [thread 25410] [35.0] [cxt 0] routing.p4(123) Condition "hdr.ipv4.isValid()" (node_2) is false
[23:15:06.398] [bmv2] [D] [thread 25410] [35.0] [cxt 0] Pipeline 'ingress': end
[23:15:06.398] [bmv2] [D] [thread 25410] [35.0] [cxt 0] Egress port is 0
[23:15:06.398] [bmv2] [D] [thread 25411] [35.0] [cxt 0] Pipeline 'egress': start
[23:15:06.398] [bmv2] [D] [thread 25411] [35.0] [cxt 0] Pipeline 'egress': end
[23:15:06.398] [bmv2] [D] [thread 25411] [35.0] [cxt 0] Deparser 'deparser': start
[23:15:06.398] [bmv2] [D] [thread 25411] [35.0] [cxt 0] Deparser 'deparser': end
[23:15:06.399] [bmv2] [D] [thread 25415] [35.0] [cxt 0] Transmitting packet of size 205 out of port 0
[23:15:06.398] [bmv2] [D] [thread 25410] [36.0] [cxt 0] Processing packet received on port 2
[23:15:06.399] [bmv2] [D] [thread 25410] [36.0] [cxt 0] Parser 'parser': start
[23:15:06.399] [bmv2] [D] [thread 25410] [36.0] [cxt 0] Parser 'parser' entering state 'start'
[23:15:06.399] [bmv2] [D] [thread 25410] [36.0] [cxt 0] Extracting header 'ethernet'
[23:15:06.399] [bmv2] [D] [thread 25410] [36.0] [cxt 0] Parser state 'start': key is 86dd
[23:15:06.399] [bmv2] [T] [thread 25410] [36.0] [cxt 0] Bytes parsed: 14
[23:15:06.399] [bmv2] [D] [thread 25410] [36.0] [cxt 0] Parser 'parser': end
[23:15:06.399] [bmv2] [D] [thread 25410] [36.0] [cxt 0] Pipeline 'ingress': start
[23:15:06.400] [bmv2] [T] [thread 25410] [36.0] [cxt 0] routing.p4(123) Condition "hdr.ipv4.isValid()" (node_2) is false
[23:15:06.400] [bmv2] [D] [thread 25410] [36.0] [cxt 0] Pipeline 'ingress': end
[23:15:06.400] [bmv2] [D] [thread 25410] [36.0] [cxt 0] Egress port is 0
[23:15:06.400] [bmv2] [D] [thread 25411] [36.0] [cxt 0] Pipeline 'egress': start
[23:15:06.400] [bmv2] [D] [thread 25411] [36.0] [cxt 0] Pipeline 'egress': end
[23:15:06.400] [bmv2] [D] [thread 25411] [36.0] [cxt 0] Deparser 'deparser': start
[23:15:06.400] [bmv2] [D] [thread 25411] [36.0] [cxt 0] Deparser 'deparser': end
[23:15:06.400] [bmv2] [D] [thread 25415] [36.0] [cxt 0] Transmitting packet of size 107 out of port 0
[23:15:06.400] [bmv2] [D] [thread 25410] [37.0] [cxt 0] Processing packet received on port 3
[23:15:06.401] [bmv2] [D] [thread 25410] [37.0] [cxt 0] Parser 'parser': start
[23:15:06.401] [bmv2] [D] [thread 25410] [37.0] [cxt 0] Parser 'parser' entering state 'start'
[23:15:06.401] [bmv2] [D] [thread 25410] [37.0] [cxt 0] Extracting header 'ethernet'
[23:15:06.401] [bmv2] [D] [thread 25410] [37.0] [cxt 0] Parser state 'start': key is 86dd
[23:15:06.401] [bmv2] [T] [thread 25410] [37.0] [cxt 0] Bytes parsed: 14
[23:15:06.402] [bmv2] [D] [thread 25410] [37.0] [cxt 0] Parser 'parser': end
[23:15:06.402] [bmv2] [D] [thread 25410] [37.0] [cxt 0] Pipeline 'ingress': start
[23:15:06.402] [bmv2] [T] [thread 25410] [37.0] [cxt 0] routing.p4(123) Condition "hdr.ipv4.isValid()" (node_2) is false
[23:15:06.402] [bmv2] [D] [thread 25410] [37.0] [cxt 0] Pipeline 'ingress': end
[23:15:06.402] [bmv2] [D] [thread 25410] [37.0] [cxt 0] Egress port is 0
[23:15:06.402] [bmv2] [D] [thread 25411] [37.0] [cxt 0] Pipeline 'egress': start
[23:15:06.402] [bmv2] [D] [thread 25411] [37.0] [cxt 0] Pipeline 'egress': end
[23:15:06.403] [bmv2] [D] [thread 25411] [37.0] [cxt 0] Deparser 'deparser': start
[23:15:06.403] [bmv2] [D] [thread 25411] [37.0] [cxt 0] Deparser 'deparser': end
[23:15:06.403] [bmv2] [D] [thread 25415] [37.0] [cxt 0] Transmitting packet of size 193 out of port 0
[23:15:06.418] [bmv2] [D] [thread 25410] [38.0] [cxt 0] Processing packet received on port 1
[23:15:06.418] [bmv2] [D] [thread 25410] [38.0] [cxt 0] Parser 'parser': start
[23:15:06.418] [bmv2] [D] [thread 25410] [38.0] [cxt 0] Parser 'parser' entering state 'start'
[23:15:06.419] [bmv2] [D] [thread 25410] [38.0] [cxt 0] Extracting header 'ethernet'
[23:15:06.419] [bmv2] [D] [thread 25410] [38.0] [cxt 0] Parser state 'start': key is 86dd
[23:15:06.419] [bmv2] [T] [thread 25410] [38.0] [cxt 0] Bytes parsed: 14
[23:15:06.419] [bmv2] [D] [thread 25410] [38.0] [cxt 0] Parser 'parser': end
[23:15:06.419] [bmv2] [D] [thread 25410] [38.0] [cxt 0] Pipeline 'ingress': start
[23:15:06.420] [bmv2] [T] [thread 25410] [38.0] [cxt 0] routing.p4(123) Condition "hdr.ipv4.isValid()" (node_2) is false
[23:15:06.420] [bmv2] [D] [thread 25410] [38.0] [cxt 0] Pipeline 'ingress': end
[23:15:06.420] [bmv2] [D] [thread 25410] [38.0] [cxt 0] Egress port is 0
[23:15:06.420] [bmv2] [D] [thread 25411] [38.0] [cxt 0] Pipeline 'egress': start
[23:15:06.420] [bmv2] [D] [thread 25411] [38.0] [cxt 0] Pipeline 'egress': end
[23:15:06.421] [bmv2] [D] [thread 25411] [38.0] [cxt 0] Deparser 'deparser': start
[23:15:06.421] [bmv2] [D] [thread 25411] [38.0] [cxt 0] Deparser 'deparser': end
[23:15:06.421] [bmv2] [D] [thread 25415] [38.0] [cxt 0] Transmitting packet of size 96 out of port 0
[23:15:06.481] [bmv2] [D] [thread 25410] [39.0] [cxt 0] Processing packet received on port 1
[23:15:06.481] [bmv2] [D] [thread 25410] [39.0] [cxt 0] Parser 'parser': start
[23:15:06.481] [bmv2] [D] [thread 25410] [39.0] [cxt 0] Parser 'parser' entering state 'start'
[23:15:06.481] [bmv2] [D] [thread 25410] [39.0] [cxt 0] Extracting header 'ethernet'
[23:15:06.481] [bmv2] [D] [thread 25410] [39.0] [cxt 0] Parser state 'start': key is 86dd
[23:15:06.481] [bmv2] [T] [thread 25410] [39.0] [cxt 0] Bytes parsed: 14
[23:15:06.482] [bmv2] [D] [thread 25410] [39.0] [cxt 0] Parser 'parser': end
[23:15:06.482] [bmv2] [D] [thread 25410] [39.0] [cxt 0] Pipeline 'ingress': start
[23:15:06.482] [bmv2] [T] [thread 25410] [39.0] [cxt 0] routing.p4(123) Condition "hdr.ipv4.isValid()" (node_2) is false
[23:15:06.482] [bmv2] [D] [thread 25410] [39.0] [cxt 0] Pipeline 'ingress': end
[23:15:06.482] [bmv2] [D] [thread 25410] [39.0] [cxt 0] Egress port is 0
[23:15:06.482] [bmv2] [D] [thread 25411] [39.0] [cxt 0] Pipeline 'egress': start
[23:15:06.483] [bmv2] [D] [thread 25411] [39.0] [cxt 0] Pipeline 'egress': end
[23:15:06.483] [bmv2] [D] [thread 25411] [39.0] [cxt 0] Deparser 'deparser': start
[23:15:06.483] [bmv2] [D] [thread 25411] [39.0] [cxt 0] Deparser 'deparser': end
[23:15:06.483] [bmv2] [D] [thread 25415] [39.0] [cxt 0] Transmitting packet of size 76 out of port 0
New connection
[23:15:06.548] [bmv2] [D] [thread 25410] [40.0] [cxt 0] Processing packet received on port 1
[23:15:06.549] [bmv2] [D] [thread 25410] [40.0] [cxt 0] Parser 'parser': start
[23:15:06.549] [bmv2] [D] [thread 25410] [40.0] [cxt 0] Parser 'parser' entering state 'start'
[23:15:06.549] [bmv2] [D] [thread 25410] [40.0] [cxt 0] Extracting header 'ethernet'
[23:15:06.549] [bmv2] [D] [thread 25410] [40.0] [cxt 0] Parser state 'start': key is 86dd
[23:15:06.549] [bmv2] [T] [thread 25410] [40.0] [cxt 0] Bytes parsed: 14
[23:15:06.549] [bmv2] [D] [thread 25410] [40.0] [cxt 0] Parser 'parser': end
[23:15:06.549] [bmv2] [D] [thread 25410] [40.0] [cxt 0] Pipeline 'ingress': start
[23:15:06.549] [bmv2] [T] [thread 25410] [40.0] [cxt 0] routing.p4(123) Condition "hdr.ipv4.isValid()" (node_2) is false
[23:15:06.550] [bmv2] [D] [thread 25410] [40.0] [cxt 0] Pipeline 'ingress': end
[23:15:06.550] [bmv2] [D] [thread 25410] [40.0] [cxt 0] Egress port is 0
[23:15:06.550] [bmv2] [D] [thread 25411] [40.0] [cxt 0] Pipeline 'egress': start
[23:15:06.550] [bmv2] [D] [thread 25411] [40.0] [cxt 0] Pipeline 'egress': end
[23:15:06.550] [bmv2] [D] [thread 25411] [40.0] [cxt 0] Deparser 'deparser': start
[23:15:06.550] [bmv2] [D] [thread 25411] [40.0] [cxt 0] Deparser 'deparser': end
[23:15:06.550] [bmv2] [D] [thread 25415] [40.0] [cxt 0] Transmitting packet of size 193 out of port 0
P4Runtime SetForwardingPipelineConfig
[23:15:06.553] [bmv2] [W] [thread 25428] [P4Runtime] p4::tmp::P4DeviceConfig is deprecated
[23:15:06.554] [bmv2] [D] [thread 25428] Set default default entry for table 'MyIngress.ipv4_lpm': NoAction - 
[23:15:06.555] [bmv2] [D] [thread 25428] simple_switch target has been notified of a config swap
Connection removed
[23:15:06.596] [bmv2] [D] [thread 25410] [41.0] [cxt 0] Processing packet received on port 2
[23:15:06.596] [bmv2] [D] [thread 25410] [41.0] [cxt 0] Parser 'parser': start
[23:15:06.596] [bmv2] [D] [thread 25410] [41.0] [cxt 0] Parser 'parser' entering state 'start'
[23:15:06.596] [bmv2] [D] [thread 25410] [41.0] [cxt 0] Extracting header 'ethernet'
[23:15:06.597] [bmv2] [D] [thread 25410] [41.0] [cxt 0] Parser state 'start': key is 86dd
[23:15:06.597] [bmv2] [T] [thread 25410] [41.0] [cxt 0] Bytes parsed: 14
[23:15:06.597] [bmv2] [D] [thread 25410] [41.0] [cxt 0] Parser 'parser': end
[23:15:06.597] [bmv2] [D] [thread 25410] [41.0] [cxt 0] Pipeline 'ingress': start
[23:15:06.597] [bmv2] [T] [thread 25410] [41.0] [cxt 0] routing.p4(123) Condition "hdr.ipv4.isValid()" (node_2) is false
[23:15:06.598] [bmv2] [D] [thread 25410] [41.0] [cxt 0] Pipeline 'ingress': end
[23:15:06.598] [bmv2] [D] [thread 25410] [41.0] [cxt 0] Egress port is 0
[23:15:06.598] [bmv2] [D] [thread 25411] [41.0] [cxt 0] Pipeline 'egress': start
[23:15:06.598] [bmv2] [D] [thread 25411] [41.0] [cxt 0] Pipeline 'egress': end
[23:15:06.599] [bmv2] [D] [thread 25411] [41.0] [cxt 0] Deparser 'deparser': start
[23:15:06.599] [bmv2] [D] [thread 25411] [41.0] [cxt 0] Deparser 'deparser': end
[23:15:06.599] [bmv2] [D] [thread 25415] [41.0] [cxt 0] Transmitting packet of size 193 out of port 0
