Calling target program-options parser
[12:03:19.722] [bmv2] [D] [thread 30098] Set default default entry for table 'MyIngress.ipv4_lpm': NoAction - 
Adding interface s1-eth1 as port 1
[12:03:19.730] [bmv2] [D] [thread 30098] Adding interface s1-eth1 as port 1
Adding interface s1-eth2 as port 2
[12:03:19.804] [bmv2] [D] [thread 30098] Adding interface s1-eth2 as port 2
Adding interface s1-eth3 as port 3
[12:03:19.861] [bmv2] [D] [thread 30098] Adding interface s1-eth3 as port 3
Server listening on 0.0.0.0:50051
[12:03:19.900] [bmv2] [I] [thread 30098] Starting Thrift server on port 9090
[12:03:19.903] [bmv2] [I] [thread 30098] Thrift server was started
[12:03:19.936] [bmv2] [D] [thread 30111] [0.0] [cxt 0] Processing packet received on port 3
[12:03:19.936] [bmv2] [D] [thread 30111] [0.0] [cxt 0] Parser 'parser': start
[12:03:19.937] [bmv2] [D] [thread 30111] [0.0] [cxt 0] Parser 'parser' entering state 'start'
[12:03:19.937] [bmv2] [D] [thread 30111] [0.0] [cxt 0] Extracting header 'ethernet'
[12:03:19.937] [bmv2] [D] [thread 30111] [0.0] [cxt 0] Parser state 'start': key is 86dd
[12:03:19.938] [bmv2] [T] [thread 30111] [0.0] [cxt 0] Bytes parsed: 14
[12:03:19.938] [bmv2] [D] [thread 30111] [0.0] [cxt 0] Parser 'parser': end
[12:03:19.938] [bmv2] [D] [thread 30111] [0.0] [cxt 0] Pipeline 'ingress': start
[12:03:19.939] [bmv2] [T] [thread 30111] [0.0] [cxt 0] streaming.p4(158) Condition "hdr.ipv4.isValid()" (node_2) is false
[12:03:19.939] [bmv2] [D] [thread 30111] [0.0] [cxt 0] Pipeline 'ingress': end
[12:03:19.939] [bmv2] [D] [thread 30111] [0.0] [cxt 0] Egress port is 0
[12:03:19.940] [bmv2] [D] [thread 30112] [0.0] [cxt 0] Pipeline 'egress': start
[12:03:19.940] [bmv2] [D] [thread 30112] [0.0] [cxt 0] Pipeline 'egress': end
[12:03:19.940] [bmv2] [D] [thread 30112] [0.0] [cxt 0] Deparser 'deparser': start
[12:03:19.941] [bmv2] [D] [thread 30112] [0.0] [cxt 0] Deparsing header 'ethernet'
[12:03:19.941] [bmv2] [D] [thread 30112] [0.0] [cxt 0] Deparser 'deparser': end
[12:03:19.941] [bmv2] [D] [thread 30116] [0.0] [cxt 0] Transmitting packet of size 110 out of port 0
[12:03:19.963] [bmv2] [D] [thread 30111] [1.0] [cxt 0] Processing packet received on port 2
[12:03:19.964] [bmv2] [D] [thread 30111] [1.0] [cxt 0] Parser 'parser': start
[12:03:19.964] [bmv2] [D] [thread 30111] [1.0] [cxt 0] Parser 'parser' entering state 'start'
[12:03:19.965] [bmv2] [D] [thread 30111] [1.0] [cxt 0] Extracting header 'ethernet'
[12:03:19.965] [bmv2] [D] [thread 30111] [1.0] [cxt 0] Parser state 'start': key is 86dd
[12:03:19.965] [bmv2] [T] [thread 30111] [1.0] [cxt 0] Bytes parsed: 14
[12:03:19.966] [bmv2] [D] [thread 30111] [1.0] [cxt 0] Parser 'parser': end
[12:03:19.966] [bmv2] [D] [thread 30111] [1.0] [cxt 0] Pipeline 'ingress': start
[12:03:19.966] [bmv2] [T] [thread 30111] [1.0] [cxt 0] streaming.p4(158) Condition "hdr.ipv4.isValid()" (node_2) is false
[12:03:19.966] [bmv2] [D] [thread 30111] [1.0] [cxt 0] Pipeline 'ingress': end
[12:03:19.967] [bmv2] [D] [thread 30111] [1.0] [cxt 0] Egress port is 0
[12:03:19.967] [bmv2] [D] [thread 30112] [1.0] [cxt 0] Pipeline 'egress': start
[12:03:19.968] [bmv2] [D] [thread 30112] [1.0] [cxt 0] Pipeline 'egress': end
[12:03:19.968] [bmv2] [D] [thread 30112] [1.0] [cxt 0] Deparser 'deparser': start
[12:03:19.968] [bmv2] [D] [thread 30112] [1.0] [cxt 0] Deparsing header 'ethernet'
[12:03:19.969] [bmv2] [D] [thread 30112] [1.0] [cxt 0] Deparser 'deparser': end
[12:03:19.969] [bmv2] [D] [thread 30116] [1.0] [cxt 0] Transmitting packet of size 110 out of port 0
[12:03:19.967] [bmv2] [D] [thread 30111] [2.0] [cxt 0] Processing packet received on port 3
[12:03:19.970] [bmv2] [D] [thread 30111] [2.0] [cxt 0] Parser 'parser': start
[12:03:19.970] [bmv2] [D] [thread 30111] [2.0] [cxt 0] Parser 'parser' entering state 'start'
[12:03:19.970] [bmv2] [D] [thread 30111] [2.0] [cxt 0] Extracting header 'ethernet'
[12:03:19.971] [bmv2] [D] [thread 30111] [2.0] [cxt 0] Parser state 'start': key is 86dd
[12:03:19.971] [bmv2] [T] [thread 30111] [2.0] [cxt 0] Bytes parsed: 14
[12:03:19.971] [bmv2] [D] [thread 30111] [2.0] [cxt 0] Parser 'parser': end
[12:03:19.972] [bmv2] [D] [thread 30111] [2.0] [cxt 0] Pipeline 'ingress': start
[12:03:19.972] [bmv2] [T] [thread 30111] [2.0] [cxt 0] streaming.p4(158) Condition "hdr.ipv4.isValid()" (node_2) is false
[12:03:19.972] [bmv2] [D] [thread 30111] [2.0] [cxt 0] Pipeline 'ingress': end
[12:03:19.973] [bmv2] [D] [thread 30111] [2.0] [cxt 0] Egress port is 0
[12:03:19.973] [bmv2] [D] [thread 30112] [2.0] [cxt 0] Pipeline 'egress': start
[12:03:19.973] [bmv2] [D] [thread 30112] [2.0] [cxt 0] Pipeline 'egress': end
[12:03:19.974] [bmv2] [D] [thread 30112] [2.0] [cxt 0] Deparser 'deparser': start
[12:03:19.974] [bmv2] [D] [thread 30112] [2.0] [cxt 0] Deparsing header 'ethernet'
[12:03:19.975] [bmv2] [D] [thread 30112] [2.0] [cxt 0] Deparser 'deparser': end
[12:03:19.975] [bmv2] [D] [thread 30116] [2.0] [cxt 0] Transmitting packet of size 90 out of port 0
[12:03:20.022] [bmv2] [D] [thread 30111] [3.0] [cxt 0] Processing packet received on port 3
[12:03:20.022] [bmv2] [D] [thread 30111] [3.0] [cxt 0] Parser 'parser': start
[12:03:20.023] [bmv2] [D] [thread 30111] [3.0] [cxt 0] Parser 'parser' entering state 'start'
[12:03:20.023] [bmv2] [D] [thread 30111] [3.0] [cxt 0] Extracting header 'ethernet'
[12:03:20.023] [bmv2] [D] [thread 30111] [3.0] [cxt 0] Parser state 'start': key is 86dd
[12:03:20.024] [bmv2] [T] [thread 30111] [3.0] [cxt 0] Bytes parsed: 14
[12:03:20.024] [bmv2] [D] [thread 30111] [3.0] [cxt 0] Parser 'parser': end
[12:03:20.024] [bmv2] [D] [thread 30111] [3.0] [cxt 0] Pipeline 'ingress': start
[12:03:20.025] [bmv2] [T] [thread 30111] [3.0] [cxt 0] streaming.p4(158) Condition "hdr.ipv4.isValid()" (node_2) is false
[12:03:20.025] [bmv2] [D] [thread 30111] [3.0] [cxt 0] Pipeline 'ingress': end
[12:03:20.026] [bmv2] [D] [thread 30111] [3.0] [cxt 0] Egress port is 0
[12:03:20.026] [bmv2] [D] [thread 30112] [3.0] [cxt 0] Pipeline 'egress': start
[12:03:20.026] [bmv2] [D] [thread 30112] [3.0] [cxt 0] Pipeline 'egress': end
[12:03:20.027] [bmv2] [D] [thread 30112] [3.0] [cxt 0] Deparser 'deparser': start
[12:03:20.027] [bmv2] [D] [thread 30112] [3.0] [cxt 0] Deparsing header 'ethernet'
[12:03:20.027] [bmv2] [D] [thread 30112] [3.0] [cxt 0] Deparser 'deparser': end
[12:03:20.028] [bmv2] [D] [thread 30116] [3.0] [cxt 0] Transmitting packet of size 219 out of port 0
[12:03:20.026] [bmv2] [D] [thread 30111] [4.0] [cxt 0] Processing packet received on port 2
[12:03:20.029] [bmv2] [D] [thread 30111] [4.0] [cxt 0] Parser 'parser': start
[12:03:20.029] [bmv2] [D] [thread 30111] [4.0] [cxt 0] Parser 'parser' entering state 'start'
[12:03:20.029] [bmv2] [D] [thread 30111] [4.0] [cxt 0] Extracting header 'ethernet'
[12:03:20.030] [bmv2] [D] [thread 30111] [4.0] [cxt 0] Parser state 'start': key is 86dd
[12:03:20.030] [bmv2] [T] [thread 30111] [4.0] [cxt 0] Bytes parsed: 14
[12:03:20.030] [bmv2] [D] [thread 30111] [4.0] [cxt 0] Parser 'parser': end
[12:03:20.031] [bmv2] [D] [thread 30111] [4.0] [cxt 0] Pipeline 'ingress': start
[12:03:20.031] [bmv2] [T] [thread 30111] [4.0] [cxt 0] streaming.p4(158) Condition "hdr.ipv4.isValid()" (node_2) is false
[12:03:20.031] [bmv2] [D] [thread 30111] [4.0] [cxt 0] Pipeline 'ingress': end
[12:03:20.032] [bmv2] [D] [thread 30111] [4.0] [cxt 0] Egress port is 0
[12:03:20.032] [bmv2] [D] [thread 30112] [4.0] [cxt 0] Pipeline 'egress': start
[12:03:20.032] [bmv2] [D] [thread 30112] [4.0] [cxt 0] Pipeline 'egress': end
[12:03:20.033] [bmv2] [D] [thread 30112] [4.0] [cxt 0] Deparser 'deparser': start
[12:03:20.033] [bmv2] [D] [thread 30112] [4.0] [cxt 0] Deparsing header 'ethernet'
[12:03:20.033] [bmv2] [D] [thread 30112] [4.0] [cxt 0] Deparser 'deparser': end
[12:03:20.034] [bmv2] [D] [thread 30116] [4.0] [cxt 0] Transmitting packet of size 219 out of port 0
[12:03:20.039] [bmv2] [D] [thread 30111] [5.0] [cxt 0] Processing packet received on port 2
[12:03:20.039] [bmv2] [D] [thread 30111] [5.0] [cxt 0] Parser 'parser': start
[12:03:20.039] [bmv2] [D] [thread 30111] [5.0] [cxt 0] Parser 'parser' entering state 'start'
[12:03:20.040] [bmv2] [D] [thread 30111] [5.0] [cxt 0] Extracting header 'ethernet'
[12:03:20.040] [bmv2] [D] [thread 30111] [5.0] [cxt 0] Parser state 'start': key is 86dd
[12:03:20.040] [bmv2] [T] [thread 30111] [5.0] [cxt 0] Bytes parsed: 14
[12:03:20.040] [bmv2] [D] [thread 30111] [5.0] [cxt 0] Parser 'parser': end
[12:03:20.041] [bmv2] [D] [thread 30111] [5.0] [cxt 0] Pipeline 'ingress': start
[12:03:20.041] [bmv2] [T] [thread 30111] [5.0] [cxt 0] streaming.p4(158) Condition "hdr.ipv4.isValid()" (node_2) is false
[12:03:20.041] [bmv2] [D] [thread 30111] [5.0] [cxt 0] Pipeline 'ingress': end
[12:03:20.042] [bmv2] [D] [thread 30111] [5.0] [cxt 0] Egress port is 0
[12:03:20.042] [bmv2] [D] [thread 30112] [5.0] [cxt 0] Pipeline 'egress': start
[12:03:20.043] [bmv2] [D] [thread 30112] [5.0] [cxt 0] Pipeline 'egress': end
[12:03:20.043] [bmv2] [D] [thread 30112] [5.0] [cxt 0] Deparser 'deparser': start
[12:03:20.044] [bmv2] [D] [thread 30112] [5.0] [cxt 0] Deparsing header 'ethernet'
[12:03:20.044] [bmv2] [D] [thread 30112] [5.0] [cxt 0] Deparser 'deparser': end
[12:03:20.044] [bmv2] [D] [thread 30116] [5.0] [cxt 0] Transmitting packet of size 90 out of port 0
[12:03:20.058] [bmv2] [D] [thread 30111] [6.0] [cxt 0] Processing packet received on port 3
[12:03:20.058] [bmv2] [D] [thread 30111] [6.0] [cxt 0] Parser 'parser': start
[12:03:20.058] [bmv2] [D] [thread 30111] [6.0] [cxt 0] Parser 'parser' entering state 'start'
[12:03:20.059] [bmv2] [D] [thread 30111] [6.0] [cxt 0] Extracting header 'ethernet'
[12:03:20.059] [bmv2] [D] [thread 30111] [6.0] [cxt 0] Parser state 'start': key is 86dd
[12:03:20.060] [bmv2] [T] [thread 30111] [6.0] [cxt 0] Bytes parsed: 14
[12:03:20.060] [bmv2] [D] [thread 30111] [6.0] [cxt 0] Parser 'parser': end
[12:03:20.060] [bmv2] [D] [thread 30111] [6.0] [cxt 0] Pipeline 'ingress': start
[12:03:20.061] [bmv2] [T] [thread 30111] [6.0] [cxt 0] streaming.p4(158) Condition "hdr.ipv4.isValid()" (node_2) is false
[12:03:20.061] [bmv2] [D] [thread 30111] [6.0] [cxt 0] Pipeline 'ingress': end
[12:03:20.061] [bmv2] [D] [thread 30111] [6.0] [cxt 0] Egress port is 0
[12:03:20.062] [bmv2] [D] [thread 30112] [6.0] [cxt 0] Pipeline 'egress': start
[12:03:20.062] [bmv2] [D] [thread 30112] [6.0] [cxt 0] Pipeline 'egress': end
[12:03:20.062] [bmv2] [D] [thread 30112] [6.0] [cxt 0] Deparser 'deparser': start
[12:03:20.066] [bmv2] [D] [thread 30112] [6.0] [cxt 0] Deparsing header 'ethernet'
[12:03:20.066] [bmv2] [D] [thread 30112] [6.0] [cxt 0] Deparser 'deparser': end
[12:03:20.066] [bmv2] [D] [thread 30116] [6.0] [cxt 0] Transmitting packet of size 219 out of port 0
[12:03:20.062] [bmv2] [D] [thread 30111] [7.0] [cxt 0] Processing packet received on port 2
[12:03:20.067] [bmv2] [D] [thread 30111] [7.0] [cxt 0] Parser 'parser': start
[12:03:20.067] [bmv2] [D] [thread 30111] [7.0] [cxt 0] Parser 'parser' entering state 'start'
[12:03:20.068] [bmv2] [D] [thread 30111] [7.0] [cxt 0] Extracting header 'ethernet'
[12:03:20.068] [bmv2] [D] [thread 30111] [7.0] [cxt 0] Parser state 'start': key is 86dd
[12:03:20.068] [bmv2] [T] [thread 30111] [7.0] [cxt 0] Bytes parsed: 14
[12:03:20.069] [bmv2] [D] [thread 30111] [7.0] [cxt 0] Parser 'parser': end
[12:03:20.069] [bmv2] [D] [thread 30111] [7.0] [cxt 0] Pipeline 'ingress': start
[12:03:20.069] [bmv2] [T] [thread 30111] [7.0] [cxt 0] streaming.p4(158) Condition "hdr.ipv4.isValid()" (node_2) is false
[12:03:20.070] [bmv2] [D] [thread 30111] [7.0] [cxt 0] Pipeline 'ingress': end
[12:03:20.070] [bmv2] [D] [thread 30111] [7.0] [cxt 0] Egress port is 0
[12:03:20.070] [bmv2] [D] [thread 30112] [7.0] [cxt 0] Pipeline 'egress': start
[12:03:20.071] [bmv2] [D] [thread 30112] [7.0] [cxt 0] Pipeline 'egress': end
[12:03:20.071] [bmv2] [D] [thread 30112] [7.0] [cxt 0] Deparser 'deparser': start
[12:03:20.071] [bmv2] [D] [thread 30112] [7.0] [cxt 0] Deparsing header 'ethernet'
[12:03:20.072] [bmv2] [D] [thread 30112] [7.0] [cxt 0] Deparser 'deparser': end
[12:03:20.072] [bmv2] [D] [thread 30116] [7.0] [cxt 0] Transmitting packet of size 219 out of port 0
[12:03:20.183] [bmv2] [D] [thread 30111] [8.0] [cxt 0] Processing packet received on port 3
[12:03:20.184] [bmv2] [D] [thread 30111] [8.0] [cxt 0] Parser 'parser': start
[12:03:20.184] [bmv2] [D] [thread 30111] [8.0] [cxt 0] Parser 'parser' entering state 'start'
[12:03:20.185] [bmv2] [D] [thread 30111] [8.0] [cxt 0] Extracting header 'ethernet'
[12:03:20.185] [bmv2] [D] [thread 30111] [8.0] [cxt 0] Parser state 'start': key is 86dd
[12:03:20.186] [bmv2] [T] [thread 30111] [8.0] [cxt 0] Bytes parsed: 14
[12:03:20.186] [bmv2] [D] [thread 30111] [8.0] [cxt 0] Parser 'parser': end
[12:03:20.187] [bmv2] [D] [thread 30111] [8.0] [cxt 0] Pipeline 'ingress': start
[12:03:20.187] [bmv2] [T] [thread 30111] [8.0] [cxt 0] streaming.p4(158) Condition "hdr.ipv4.isValid()" (node_2) is false
[12:03:20.188] [bmv2] [D] [thread 30111] [8.0] [cxt 0] Pipeline 'ingress': end
[12:03:20.189] [bmv2] [D] [thread 30111] [8.0] [cxt 0] Egress port is 0
[12:03:20.189] [bmv2] [D] [thread 30112] [8.0] [cxt 0] Pipeline 'egress': start
[12:03:20.190] [bmv2] [D] [thread 30112] [8.0] [cxt 0] Pipeline 'egress': end
[12:03:20.190] [bmv2] [D] [thread 30112] [8.0] [cxt 0] Deparser 'deparser': start
[12:03:20.191] [bmv2] [D] [thread 30112] [8.0] [cxt 0] Deparsing header 'ethernet'
[12:03:20.191] [bmv2] [D] [thread 30112] [8.0] [cxt 0] Deparser 'deparser': end
[12:03:20.192] [bmv2] [D] [thread 30116] [8.0] [cxt 0] Transmitting packet of size 90 out of port 0
[12:03:20.215] [bmv2] [D] [thread 30111] [9.0] [cxt 0] Processing packet received on port 2
[12:03:20.216] [bmv2] [D] [thread 30111] [9.0] [cxt 0] Parser 'parser': start
[12:03:20.216] [bmv2] [D] [thread 30111] [9.0] [cxt 0] Parser 'parser' entering state 'start'
[12:03:20.217] [bmv2] [D] [thread 30111] [9.0] [cxt 0] Extracting header 'ethernet'
[12:03:20.218] [bmv2] [D] [thread 30111] [9.0] [cxt 0] Parser state 'start': key is 86dd
[12:03:20.218] [bmv2] [T] [thread 30111] [9.0] [cxt 0] Bytes parsed: 14
[12:03:20.219] [bmv2] [D] [thread 30111] [9.0] [cxt 0] Parser 'parser': end
[12:03:20.219] [bmv2] [D] [thread 30111] [9.0] [cxt 0] Pipeline 'ingress': start
[12:03:20.220] [bmv2] [T] [thread 30111] [9.0] [cxt 0] streaming.p4(158) Condition "hdr.ipv4.isValid()" (node_2) is false
[12:03:20.220] [bmv2] [D] [thread 30111] [9.0] [cxt 0] Pipeline 'ingress': end
[12:03:20.221] [bmv2] [D] [thread 30111] [9.0] [cxt 0] Egress port is 0
[12:03:20.221] [bmv2] [D] [thread 30112] [9.0] [cxt 0] Pipeline 'egress': start
[12:03:20.222] [bmv2] [D] [thread 30112] [9.0] [cxt 0] Pipeline 'egress': end
[12:03:20.222] [bmv2] [D] [thread 30112] [9.0] [cxt 0] Deparser 'deparser': start
[12:03:20.223] [bmv2] [D] [thread 30112] [9.0] [cxt 0] Deparsing header 'ethernet'
[12:03:20.223] [bmv2] [D] [thread 30112] [9.0] [cxt 0] Deparser 'deparser': end
[12:03:20.224] [bmv2] [D] [thread 30116] [9.0] [cxt 0] Transmitting packet of size 90 out of port 0
[12:03:20.246] [bmv2] [D] [thread 30111] [10.0] [cxt 0] Processing packet received on port 3
[12:03:20.247] [bmv2] [D] [thread 30111] [10.0] [cxt 0] Parser 'parser': start
[12:03:20.247] [bmv2] [D] [thread 30111] [10.0] [cxt 0] Parser 'parser' entering state 'start'
[12:03:20.248] [bmv2] [D] [thread 30111] [10.0] [cxt 0] Extracting header 'ethernet'
[12:03:20.248] [bmv2] [D] [thread 30111] [10.0] [cxt 0] Parser state 'start': key is 86dd
[12:03:20.249] [bmv2] [T] [thread 30111] [10.0] [cxt 0] Bytes parsed: 14
[12:03:20.249] [bmv2] [D] [thread 30111] [10.0] [cxt 0] Parser 'parser': end
[12:03:20.250] [bmv2] [D] [thread 30111] [10.0] [cxt 0] Pipeline 'ingress': start
[12:03:20.250] [bmv2] [T] [thread 30111] [10.0] [cxt 0] streaming.p4(158) Condition "hdr.ipv4.isValid()" (node_2) is false
[12:03:20.251] [bmv2] [D] [thread 30111] [10.0] [cxt 0] Pipeline 'ingress': end
[12:03:20.251] [bmv2] [D] [thread 30111] [10.0] [cxt 0] Egress port is 0
[12:03:20.252] [bmv2] [D] [thread 30112] [10.0] [cxt 0] Pipeline 'egress': start
[12:03:20.252] [bmv2] [D] [thread 30112] [10.0] [cxt 0] Pipeline 'egress': end
[12:03:20.253] [bmv2] [D] [thread 30112] [10.0] [cxt 0] Deparser 'deparser': start
[12:03:20.253] [bmv2] [D] [thread 30112] [10.0] [cxt 0] Deparsing header 'ethernet'
[12:03:20.254] [bmv2] [D] [thread 30112] [10.0] [cxt 0] Deparser 'deparser': end
[12:03:20.254] [bmv2] [D] [thread 30116] [10.0] [cxt 0] Transmitting packet of size 110 out of port 0
[12:03:20.271] [bmv2] [D] [thread 30111] [11.0] [cxt 0] Processing packet received on port 3
[12:03:20.271] [bmv2] [D] [thread 30111] [11.0] [cxt 0] Parser 'parser': start
[12:03:20.272] [bmv2] [D] [thread 30111] [11.0] [cxt 0] Parser 'parser' entering state 'start'
[12:03:20.272] [bmv2] [D] [thread 30111] [11.0] [cxt 0] Extracting header 'ethernet'
[12:03:20.273] [bmv2] [D] [thread 30111] [11.0] [cxt 0] Parser state 'start': key is 86dd
[12:03:20.274] [bmv2] [T] [thread 30111] [11.0] [cxt 0] Bytes parsed: 14
[12:03:20.274] [bmv2] [D] [thread 30111] [11.0] [cxt 0] Parser 'parser': end
[12:03:20.275] [bmv2] [D] [thread 30111] [11.0] [cxt 0] Pipeline 'ingress': start
[12:03:20.275] [bmv2] [T] [thread 30111] [11.0] [cxt 0] streaming.p4(158) Condition "hdr.ipv4.isValid()" (node_2) is false
[12:03:20.276] [bmv2] [D] [thread 30111] [11.0] [cxt 0] Pipeline 'ingress': end
[12:03:20.276] [bmv2] [D] [thread 30111] [11.0] [cxt 0] Egress port is 0
[12:03:20.278] [bmv2] [D] [thread 30112] [11.0] [cxt 0] Pipeline 'egress': start
[12:03:20.278] [bmv2] [D] [thread 30112] [11.0] [cxt 0] Pipeline 'egress': end
[12:03:20.279] [bmv2] [D] [thread 30112] [11.0] [cxt 0] Deparser 'deparser': start
[12:03:20.279] [bmv2] [D] [thread 30112] [11.0] [cxt 0] Deparsing header 'ethernet'
[12:03:20.280] [bmv2] [D] [thread 30112] [11.0] [cxt 0] Deparser 'deparser': end
[12:03:20.280] [bmv2] [D] [thread 30116] [11.0] [cxt 0] Transmitting packet of size 219 out of port 0
[12:03:20.278] [bmv2] [D] [thread 30111] [12.0] [cxt 0] Processing packet received on port 2
[12:03:20.282] [bmv2] [D] [thread 30111] [12.0] [cxt 0] Parser 'parser': start
[12:03:20.282] [bmv2] [D] [thread 30111] [12.0] [cxt 0] Parser 'parser' entering state 'start'
[12:03:20.283] [bmv2] [D] [thread 30111] [12.0] [cxt 0] Extracting header 'ethernet'
[12:03:20.284] [bmv2] [D] [thread 30111] [12.0] [cxt 0] Parser state 'start': key is 86dd
[12:03:20.284] [bmv2] [T] [thread 30111] [12.0] [cxt 0] Bytes parsed: 14
[12:03:20.285] [bmv2] [D] [thread 30111] [12.0] [cxt 0] Parser 'parser': end
[12:03:20.285] [bmv2] [D] [thread 30111] [12.0] [cxt 0] Pipeline 'ingress': start
[12:03:20.286] [bmv2] [T] [thread 30111] [12.0] [cxt 0] streaming.p4(158) Condition "hdr.ipv4.isValid()" (node_2) is false
[12:03:20.286] [bmv2] [D] [thread 30111] [12.0] [cxt 0] Pipeline 'ingress': end
[12:03:20.287] [bmv2] [D] [thread 30111] [12.0] [cxt 0] Egress port is 0
[12:03:20.287] [bmv2] [D] [thread 30112] [12.0] [cxt 0] Pipeline 'egress': start
[12:03:20.288] [bmv2] [D] [thread 30112] [12.0] [cxt 0] Pipeline 'egress': end
[12:03:20.288] [bmv2] [D] [thread 30112] [12.0] [cxt 0] Deparser 'deparser': start
[12:03:20.289] [bmv2] [D] [thread 30112] [12.0] [cxt 0] Deparsing header 'ethernet'
[12:03:20.289] [bmv2] [D] [thread 30112] [12.0] [cxt 0] Deparser 'deparser': end
[12:03:20.290] [bmv2] [D] [thread 30116] [12.0] [cxt 0] Transmitting packet of size 219 out of port 0
[12:03:20.310] [bmv2] [D] [thread 30111] [13.0] [cxt 0] Processing packet received on port 3
[12:03:20.310] [bmv2] [D] [thread 30111] [13.0] [cxt 0] Parser 'parser': start
[12:03:20.311] [bmv2] [D] [thread 30111] [13.0] [cxt 0] Parser 'parser' entering state 'start'
[12:03:20.311] [bmv2] [D] [thread 30111] [13.0] [cxt 0] Extracting header 'ethernet'
[12:03:20.312] [bmv2] [D] [thread 30111] [13.0] [cxt 0] Parser state 'start': key is 86dd
[12:03:20.312] [bmv2] [T] [thread 30111] [13.0] [cxt 0] Bytes parsed: 14
[12:03:20.312] [bmv2] [D] [thread 30111] [13.0] [cxt 0] Parser 'parser': end
[12:03:20.313] [bmv2] [D] [thread 30111] [13.0] [cxt 0] Pipeline 'ingress': start
[12:03:20.313] [bmv2] [T] [thread 30111] [13.0] [cxt 0] streaming.p4(158) Condition "hdr.ipv4.isValid()" (node_2) is false
[12:03:20.314] [bmv2] [D] [thread 30111] [13.0] [cxt 0] Pipeline 'ingress': end
[12:03:20.314] [bmv2] [D] [thread 30111] [13.0] [cxt 0] Egress port is 0
[12:03:20.316] [bmv2] [D] [thread 30111] [14.0] [cxt 0] Processing packet received on port 2
[12:03:20.316] [bmv2] [D] [thread 30112] [13.0] [cxt 0] Pipeline 'egress': start
[12:03:20.317] [bmv2] [D] [thread 30111] [14.0] [cxt 0] Parser 'parser': start
[12:03:20.317] [bmv2] [D] [thread 30111] [14.0] [cxt 0] Parser 'parser' entering state 'start'
[12:03:20.317] [bmv2] [D] [thread 30112] [13.0] [cxt 0] Pipeline 'egress': end
[12:03:20.319] [bmv2] [D] [thread 30111] [14.0] [cxt 0] Extracting header 'ethernet'
[12:03:20.319] [bmv2] [D] [thread 30112] [13.0] [cxt 0] Deparser 'deparser': start
[12:03:20.320] [bmv2] [D] [thread 30112] [13.0] [cxt 0] Deparsing header 'ethernet'
[12:03:20.320] [bmv2] [D] [thread 30112] [13.0] [cxt 0] Deparser 'deparser': end
[12:03:20.321] [bmv2] [D] [thread 30116] [13.0] [cxt 0] Transmitting packet of size 219 out of port 0
[12:03:20.319] [bmv2] [D] [thread 30111] [14.0] [cxt 0] Parser state 'start': key is 86dd
[12:03:20.327] [bmv2] [T] [thread 30111] [14.0] [cxt 0] Bytes parsed: 14
[12:03:20.328] [bmv2] [D] [thread 30111] [14.0] [cxt 0] Parser 'parser': end
[12:03:20.328] [bmv2] [D] [thread 30111] [14.0] [cxt 0] Pipeline 'ingress': start
[12:03:20.328] [bmv2] [T] [thread 30111] [14.0] [cxt 0] streaming.p4(158) Condition "hdr.ipv4.isValid()" (node_2) is false
[12:03:20.329] [bmv2] [D] [thread 30111] [14.0] [cxt 0] Pipeline 'ingress': end
[12:03:20.329] [bmv2] [D] [thread 30111] [14.0] [cxt 0] Egress port is 0
[12:03:20.330] [bmv2] [D] [thread 30111] [15.0] [cxt 0] Processing packet received on port 2
[12:03:20.330] [bmv2] [D] [thread 30111] [15.0] [cxt 0] Parser 'parser': start
[12:03:20.331] [bmv2] [D] [thread 30111] [15.0] [cxt 0] Parser 'parser' entering state 'start'
[12:03:20.331] [bmv2] [D] [thread 30111] [15.0] [cxt 0] Extracting header 'ethernet'
[12:03:20.330] [bmv2] [D] [thread 30112] [14.0] [cxt 0] Pipeline 'egress': start
[12:03:20.332] [bmv2] [D] [thread 30112] [14.0] [cxt 0] Pipeline 'egress': end
[12:03:20.333] [bmv2] [D] [thread 30112] [14.0] [cxt 0] Deparser 'deparser': start
[12:03:20.333] [bmv2] [D] [thread 30112] [14.0] [cxt 0] Deparsing header 'ethernet'
[12:03:20.334] [bmv2] [D] [thread 30112] [14.0] [cxt 0] Deparser 'deparser': end
[12:03:20.334] [bmv2] [D] [thread 30116] [14.0] [cxt 0] Transmitting packet of size 219 out of port 0
[12:03:20.332] [bmv2] [D] [thread 30111] [15.0] [cxt 0] Parser state 'start': key is 86dd
[12:03:20.336] [bmv2] [T] [thread 30111] [15.0] [cxt 0] Bytes parsed: 14
[12:03:20.336] [bmv2] [D] [thread 30111] [15.0] [cxt 0] Parser 'parser': end
[12:03:20.336] [bmv2] [D] [thread 30111] [15.0] [cxt 0] Pipeline 'ingress': start
[12:03:20.337] [bmv2] [T] [thread 30111] [15.0] [cxt 0] streaming.p4(158) Condition "hdr.ipv4.isValid()" (node_2) is false
[12:03:20.337] [bmv2] [D] [thread 30111] [15.0] [cxt 0] Pipeline 'ingress': end
[12:03:20.338] [bmv2] [D] [thread 30111] [15.0] [cxt 0] Egress port is 0
[12:03:20.338] [bmv2] [D] [thread 30112] [15.0] [cxt 0] Pipeline 'egress': start
[12:03:20.339] [bmv2] [D] [thread 30112] [15.0] [cxt 0] Pipeline 'egress': end
[12:03:20.339] [bmv2] [D] [thread 30112] [15.0] [cxt 0] Deparser 'deparser': start
[12:03:20.340] [bmv2] [D] [thread 30112] [15.0] [cxt 0] Deparsing header 'ethernet'
[12:03:20.340] [bmv2] [D] [thread 30112] [15.0] [cxt 0] Deparser 'deparser': end
[12:03:20.341] [bmv2] [D] [thread 30116] [15.0] [cxt 0] Transmitting packet of size 110 out of port 0
[12:03:20.478] [bmv2] [D] [thread 30111] [16.0] [cxt 0] Processing packet received on port 2
[12:03:20.479] [bmv2] [D] [thread 30111] [16.0] [cxt 0] Parser 'parser': start
[12:03:20.479] [bmv2] [D] [thread 30111] [16.0] [cxt 0] Parser 'parser' entering state 'start'
[12:03:20.480] [bmv2] [D] [thread 30111] [16.0] [cxt 0] Extracting header 'ethernet'
[12:03:20.480] [bmv2] [D] [thread 30111] [16.0] [cxt 0] Parser state 'start': key is 86dd
[12:03:20.480] [bmv2] [T] [thread 30111] [16.0] [cxt 0] Bytes parsed: 14
[12:03:20.481] [bmv2] [D] [thread 30111] [16.0] [cxt 0] Parser 'parser': end
[12:03:20.481] [bmv2] [D] [thread 30111] [16.0] [cxt 0] Pipeline 'ingress': start
[12:03:20.482] [bmv2] [T] [thread 30111] [16.0] [cxt 0] streaming.p4(158) Condition "hdr.ipv4.isValid()" (node_2) is false
[12:03:20.482] [bmv2] [D] [thread 30111] [16.0] [cxt 0] Pipeline 'ingress': end
[12:03:20.483] [bmv2] [D] [thread 30111] [16.0] [cxt 0] Egress port is 0
[12:03:20.483] [bmv2] [D] [thread 30111] [17.0] [cxt 0] Processing packet received on port 3
[12:03:20.484] [bmv2] [D] [thread 30111] [17.0] [cxt 0] Parser 'parser': start
[12:03:20.484] [bmv2] [D] [thread 30111] [17.0] [cxt 0] Parser 'parser' entering state 'start'
[12:03:20.485] [bmv2] [D] [thread 30111] [17.0] [cxt 0] Extracting header 'ethernet'
[12:03:20.485] [bmv2] [D] [thread 30111] [17.0] [cxt 0] Parser state 'start': key is 86dd
[12:03:20.486] [bmv2] [T] [thread 30111] [17.0] [cxt 0] Bytes parsed: 14
[12:03:20.486] [bmv2] [D] [thread 30111] [17.0] [cxt 0] Parser 'parser': end
[12:03:20.484] [bmv2] [D] [thread 30112] [16.0] [cxt 0] Pipeline 'egress': start
[12:03:20.495] [bmv2] [D] [thread 30112] [16.0] [cxt 0] Pipeline 'egress': end
[12:03:20.496] [bmv2] [D] [thread 30112] [16.0] [cxt 0] Deparser 'deparser': start
[12:03:20.496] [bmv2] [D] [thread 30112] [16.0] [cxt 0] Deparsing header 'ethernet'
[12:03:20.497] [bmv2] [D] [thread 30112] [16.0] [cxt 0] Deparser 'deparser': end
[12:03:20.497] [bmv2] [D] [thread 30116] [16.0] [cxt 0] Transmitting packet of size 207 out of port 0
[12:03:20.495] [bmv2] [D] [thread 30111] [17.0] [cxt 0] Pipeline 'ingress': start
[12:03:20.498] [bmv2] [T] [thread 30111] [17.0] [cxt 0] streaming.p4(158) Condition "hdr.ipv4.isValid()" (node_2) is false
[12:03:20.503] [bmv2] [D] [thread 30111] [17.0] [cxt 0] Pipeline 'ingress': end
[12:03:20.504] [bmv2] [D] [thread 30111] [17.0] [cxt 0] Egress port is 0
[12:03:20.504] [bmv2] [D] [thread 30112] [17.0] [cxt 0] Pipeline 'egress': start
[12:03:20.505] [bmv2] [D] [thread 30112] [17.0] [cxt 0] Pipeline 'egress': end
[12:03:20.505] [bmv2] [D] [thread 30112] [17.0] [cxt 0] Deparser 'deparser': start
[12:03:20.506] [bmv2] [D] [thread 30112] [17.0] [cxt 0] Deparsing header 'ethernet'
[12:03:20.508] [bmv2] [D] [thread 30112] [17.0] [cxt 0] Deparser 'deparser': end
[12:03:20.508] [bmv2] [D] [thread 30116] [17.0] [cxt 0] Transmitting packet of size 207 out of port 0
[12:03:20.564] [bmv2] [D] [thread 30111] [18.0] [cxt 0] Processing packet received on port 2
[12:03:20.564] [bmv2] [D] [thread 30111] [18.0] [cxt 0] Parser 'parser': start
[12:03:20.564] [bmv2] [D] [thread 30111] [18.0] [cxt 0] Parser 'parser' entering state 'start'
[12:03:20.565] [bmv2] [D] [thread 30111] [18.0] [cxt 0] Extracting header 'ethernet'
[12:03:20.566] [bmv2] [D] [thread 30111] [18.0] [cxt 0] Parser state 'start': key is 86dd
[12:03:20.566] [bmv2] [T] [thread 30111] [18.0] [cxt 0] Bytes parsed: 14
[12:03:20.567] [bmv2] [D] [thread 30111] [18.0] [cxt 0] Parser 'parser': end
[12:03:20.567] [bmv2] [D] [thread 30111] [18.0] [cxt 0] Pipeline 'ingress': start
[12:03:20.568] [bmv2] [T] [thread 30111] [18.0] [cxt 0] streaming.p4(158) Condition "hdr.ipv4.isValid()" (node_2) is false
[12:03:20.568] [bmv2] [D] [thread 30111] [18.0] [cxt 0] Pipeline 'ingress': end
[12:03:20.569] [bmv2] [D] [thread 30111] [18.0] [cxt 0] Egress port is 0
[12:03:20.569] [bmv2] [D] [thread 30111] [19.0] [cxt 0] Processing packet received on port 3
[12:03:20.570] [bmv2] [D] [thread 30111] [19.0] [cxt 0] Parser 'parser': start
[12:03:20.570] [bmv2] [D] [thread 30111] [19.0] [cxt 0] Parser 'parser' entering state 'start'
[12:03:20.571] [bmv2] [D] [thread 30111] [19.0] [cxt 0] Extracting header 'ethernet'
[12:03:20.571] [bmv2] [D] [thread 30111] [19.0] [cxt 0] Parser state 'start': key is 86dd
[12:03:20.569] [bmv2] [D] [thread 30112] [18.0] [cxt 0] Pipeline 'egress': start
[12:03:20.572] [bmv2] [D] [thread 30112] [18.0] [cxt 0] Pipeline 'egress': end
[12:03:20.572] [bmv2] [D] [thread 30112] [18.0] [cxt 0] Deparser 'deparser': start
[12:03:20.573] [bmv2] [D] [thread 30112] [18.0] [cxt 0] Deparsing header 'ethernet'
[12:03:20.574] [bmv2] [D] [thread 30112] [18.0] [cxt 0] Deparser 'deparser': end
[12:03:20.574] [bmv2] [D] [thread 30116] [18.0] [cxt 0] Transmitting packet of size 219 out of port 0
[12:03:20.572] [bmv2] [T] [thread 30111] [19.0] [cxt 0] Bytes parsed: 14
[12:03:20.575] [bmv2] [D] [thread 30111] [19.0] [cxt 0] Parser 'parser': end
[12:03:20.576] [bmv2] [D] [thread 30111] [19.0] [cxt 0] Pipeline 'ingress': start
[12:03:20.577] [bmv2] [T] [thread 30111] [19.0] [cxt 0] streaming.p4(158) Condition "hdr.ipv4.isValid()" (node_2) is false
[12:03:20.577] [bmv2] [D] [thread 30111] [19.0] [cxt 0] Pipeline 'ingress': end
[12:03:20.578] [bmv2] [D] [thread 30111] [19.0] [cxt 0] Egress port is 0
[12:03:20.578] [bmv2] [D] [thread 30112] [19.0] [cxt 0] Pipeline 'egress': start
[12:03:20.578] [bmv2] [D] [thread 30112] [19.0] [cxt 0] Pipeline 'egress': end
[12:03:20.579] [bmv2] [D] [thread 30112] [19.0] [cxt 0] Deparser 'deparser': start
[12:03:20.579] [bmv2] [D] [thread 30112] [19.0] [cxt 0] Deparsing header 'ethernet'
[12:03:20.580] [bmv2] [D] [thread 30112] [19.0] [cxt 0] Deparser 'deparser': end
[12:03:20.580] [bmv2] [D] [thread 30116] [19.0] [cxt 0] Transmitting packet of size 219 out of port 0
[12:03:20.762] [bmv2] [D] [thread 30111] [20.0] [cxt 0] Processing packet received on port 3
[12:03:20.762] [bmv2] [D] [thread 30111] [20.0] [cxt 0] Parser 'parser': start
[12:03:20.762] [bmv2] [D] [thread 30111] [20.0] [cxt 0] Parser 'parser' entering state 'start'
[12:03:20.763] [bmv2] [D] [thread 30111] [20.0] [cxt 0] Extracting header 'ethernet'
[12:03:20.763] [bmv2] [D] [thread 30111] [20.0] [cxt 0] Parser state 'start': key is 86dd
[12:03:20.764] [bmv2] [T] [thread 30111] [20.0] [cxt 0] Bytes parsed: 14
[12:03:20.764] [bmv2] [D] [thread 30111] [20.0] [cxt 0] Parser 'parser': end
[12:03:20.765] [bmv2] [D] [thread 30111] [20.0] [cxt 0] Pipeline 'ingress': start
[12:03:20.765] [bmv2] [T] [thread 30111] [20.0] [cxt 0] streaming.p4(158) Condition "hdr.ipv4.isValid()" (node_2) is false
[12:03:20.765] [bmv2] [D] [thread 30111] [20.0] [cxt 0] Pipeline 'ingress': end
[12:03:20.766] [bmv2] [D] [thread 30111] [20.0] [cxt 0] Egress port is 0
[12:03:20.767] [bmv2] [D] [thread 30111] [21.0] [cxt 0] Processing packet received on port 2
[12:03:20.767] [bmv2] [D] [thread 30111] [21.0] [cxt 0] Parser 'parser': start
[12:03:20.768] [bmv2] [D] [thread 30111] [21.0] [cxt 0] Parser 'parser' entering state 'start'
[12:03:20.768] [bmv2] [D] [thread 30111] [21.0] [cxt 0] Extracting header 'ethernet'
[12:03:20.768] [bmv2] [D] [thread 30111] [21.0] [cxt 0] Parser state 'start': key is 86dd
[12:03:20.769] [bmv2] [T] [thread 30111] [21.0] [cxt 0] Bytes parsed: 14
[12:03:20.769] [bmv2] [D] [thread 30111] [21.0] [cxt 0] Parser 'parser': end
[12:03:20.770] [bmv2] [D] [thread 30111] [21.0] [cxt 0] Pipeline 'ingress': start
[12:03:20.771] [bmv2] [T] [thread 30111] [21.0] [cxt 0] streaming.p4(158) Condition "hdr.ipv4.isValid()" (node_2) is false
[12:03:20.771] [bmv2] [D] [thread 30111] [21.0] [cxt 0] Pipeline 'ingress': end
[12:03:20.772] [bmv2] [D] [thread 30111] [21.0] [cxt 0] Egress port is 0
[12:03:20.767] [bmv2] [D] [thread 30112] [20.0] [cxt 0] Pipeline 'egress': start
[12:03:20.772] [bmv2] [D] [thread 30112] [20.0] [cxt 0] Pipeline 'egress': end
[12:03:20.773] [bmv2] [D] [thread 30112] [20.0] [cxt 0] Deparser 'deparser': start
[12:03:20.773] [bmv2] [D] [thread 30112] [20.0] [cxt 0] Deparsing header 'ethernet'
[12:03:20.774] [bmv2] [D] [thread 30112] [20.0] [cxt 0] Deparser 'deparser': end
[12:03:20.774] [bmv2] [D] [thread 30112] [21.0] [cxt 0] Pipeline 'egress': start
[12:03:20.775] [bmv2] [D] [thread 30112] [21.0] [cxt 0] Pipeline 'egress': end
[12:03:20.775] [bmv2] [D] [thread 30112] [21.0] [cxt 0] Deparser 'deparser': start
[12:03:20.776] [bmv2] [D] [thread 30112] [21.0] [cxt 0] Deparsing header 'ethernet'
[12:03:20.776] [bmv2] [D] [thread 30112] [21.0] [cxt 0] Deparser 'deparser': end
[12:03:20.774] [bmv2] [D] [thread 30116] [20.0] [cxt 0] Transmitting packet of size 207 out of port 0
[12:03:20.777] [bmv2] [D] [thread 30116] [21.0] [cxt 0] Transmitting packet of size 207 out of port 0
[12:03:20.955] [bmv2] [D] [thread 30111] [22.0] [cxt 0] Processing packet received on port 1
[12:03:20.956] [bmv2] [D] [thread 30111] [22.0] [cxt 0] Parser 'parser': start
[12:03:20.956] [bmv2] [D] [thread 30111] [22.0] [cxt 0] Parser 'parser' entering state 'start'
[12:03:20.956] [bmv2] [D] [thread 30111] [22.0] [cxt 0] Extracting header 'ethernet'
[12:03:20.957] [bmv2] [D] [thread 30111] [22.0] [cxt 0] Parser state 'start': key is 86dd
[12:03:20.958] [bmv2] [T] [thread 30111] [22.0] [cxt 0] Bytes parsed: 14
[12:03:20.958] [bmv2] [D] [thread 30111] [22.0] [cxt 0] Parser 'parser': end
[12:03:20.958] [bmv2] [D] [thread 30111] [22.0] [cxt 0] Pipeline 'ingress': start
[12:03:20.959] [bmv2] [T] [thread 30111] [22.0] [cxt 0] streaming.p4(158) Condition "hdr.ipv4.isValid()" (node_2) is false
[12:03:20.959] [bmv2] [D] [thread 30111] [22.0] [cxt 0] Pipeline 'ingress': end
[12:03:20.960] [bmv2] [D] [thread 30111] [22.0] [cxt 0] Egress port is 0
[12:03:20.960] [bmv2] [D] [thread 30112] [22.0] [cxt 0] Pipeline 'egress': start
[12:03:20.961] [bmv2] [D] [thread 30112] [22.0] [cxt 0] Pipeline 'egress': end
[12:03:20.961] [bmv2] [D] [thread 30112] [22.0] [cxt 0] Deparser 'deparser': start
[12:03:20.962] [bmv2] [D] [thread 30112] [22.0] [cxt 0] Deparsing header 'ethernet'
[12:03:20.962] [bmv2] [D] [thread 30112] [22.0] [cxt 0] Deparser 'deparser': end
[12:03:20.963] [bmv2] [D] [thread 30116] [22.0] [cxt 0] Transmitting packet of size 207 out of port 0
[12:03:21.728] [bmv2] [D] [thread 30111] [23.0] [cxt 0] Processing packet received on port 3
[12:03:21.728] [bmv2] [D] [thread 30111] [23.0] [cxt 0] Parser 'parser': start
[12:03:21.729] [bmv2] [D] [thread 30111] [23.0] [cxt 0] Parser 'parser' entering state 'start'
[12:03:21.730] [bmv2] [D] [thread 30111] [23.0] [cxt 0] Extracting header 'ethernet'
[12:03:21.731] [bmv2] [D] [thread 30111] [23.0] [cxt 0] Parser state 'start': key is 86dd
[12:03:21.731] [bmv2] [T] [thread 30111] [23.0] [cxt 0] Bytes parsed: 14
[12:03:21.732] [bmv2] [D] [thread 30111] [23.0] [cxt 0] Parser 'parser': end
[12:03:21.732] [bmv2] [D] [thread 30111] [23.0] [cxt 0] Pipeline 'ingress': start
[12:03:21.733] [bmv2] [T] [thread 30111] [23.0] [cxt 0] streaming.p4(158) Condition "hdr.ipv4.isValid()" (node_2) is false
[12:03:21.734] [bmv2] [D] [thread 30111] [23.0] [cxt 0] Pipeline 'ingress': end
[12:03:21.734] [bmv2] [D] [thread 30111] [23.0] [cxt 0] Egress port is 0
[12:03:21.735] [bmv2] [D] [thread 30112] [23.0] [cxt 0] Pipeline 'egress': start
[12:03:21.735] [bmv2] [D] [thread 30112] [23.0] [cxt 0] Pipeline 'egress': end
[12:03:21.736] [bmv2] [D] [thread 30112] [23.0] [cxt 0] Deparser 'deparser': start
[12:03:21.737] [bmv2] [D] [thread 30112] [23.0] [cxt 0] Deparsing header 'ethernet'
[12:03:21.737] [bmv2] [D] [thread 30112] [23.0] [cxt 0] Deparser 'deparser': end
[12:03:21.735] [bmv2] [D] [thread 30111] [24.0] [cxt 0] Processing packet received on port 2
[12:03:21.739] [bmv2] [D] [thread 30116] [23.0] [cxt 0] Transmitting packet of size 207 out of port 0
[12:03:21.740] [bmv2] [D] [thread 30111] [24.0] [cxt 0] Parser 'parser': start
[12:03:21.741] [bmv2] [D] [thread 30111] [24.0] [cxt 0] Parser 'parser' entering state 'start'
[12:03:21.742] [bmv2] [D] [thread 30111] [24.0] [cxt 0] Extracting header 'ethernet'
[12:03:21.742] [bmv2] [D] [thread 30111] [24.0] [cxt 0] Parser state 'start': key is 86dd
[12:03:21.743] [bmv2] [T] [thread 30111] [24.0] [cxt 0] Bytes parsed: 14
[12:03:21.744] [bmv2] [D] [thread 30111] [24.0] [cxt 0] Parser 'parser': end
[12:03:21.745] [bmv2] [D] [thread 30111] [24.0] [cxt 0] Pipeline 'ingress': start
[12:03:21.745] [bmv2] [T] [thread 30111] [24.0] [cxt 0] streaming.p4(158) Condition "hdr.ipv4.isValid()" (node_2) is false
[12:03:21.746] [bmv2] [D] [thread 30111] [24.0] [cxt 0] Pipeline 'ingress': end
[12:03:21.746] [bmv2] [D] [thread 30111] [24.0] [cxt 0] Egress port is 0
[12:03:21.747] [bmv2] [D] [thread 30112] [24.0] [cxt 0] Pipeline 'egress': start
[12:03:21.747] [bmv2] [D] [thread 30112] [24.0] [cxt 0] Pipeline 'egress': end
[12:03:21.748] [bmv2] [D] [thread 30112] [24.0] [cxt 0] Deparser 'deparser': start
[12:03:21.748] [bmv2] [D] [thread 30112] [24.0] [cxt 0] Deparsing header 'ethernet'
[12:03:21.749] [bmv2] [D] [thread 30112] [24.0] [cxt 0] Deparser 'deparser': end
[12:03:21.750] [bmv2] [D] [thread 30116] [24.0] [cxt 0] Transmitting packet of size 207 out of port 0
[12:03:21.969] [bmv2] [D] [thread 30111] [25.0] [cxt 0] Processing packet received on port 3
[12:03:21.970] [bmv2] [D] [thread 30111] [25.0] [cxt 0] Parser 'parser': start
[12:03:21.970] [bmv2] [D] [thread 30111] [25.0] [cxt 0] Parser 'parser' entering state 'start'
[12:03:21.971] [bmv2] [D] [thread 30111] [25.0] [cxt 0] Extracting header 'ethernet'
[12:03:21.971] [bmv2] [D] [thread 30111] [25.0] [cxt 0] Parser state 'start': key is 86dd
[12:03:21.972] [bmv2] [T] [thread 30111] [25.0] [cxt 0] Bytes parsed: 14
[12:03:21.974] [bmv2] [D] [thread 30111] [25.0] [cxt 0] Parser 'parser': end
[12:03:21.974] [bmv2] [D] [thread 30111] [25.0] [cxt 0] Pipeline 'ingress': start
[12:03:21.975] [bmv2] [T] [thread 30111] [25.0] [cxt 0] streaming.p4(158) Condition "hdr.ipv4.isValid()" (node_2) is false
[12:03:21.976] [bmv2] [D] [thread 30111] [25.0] [cxt 0] Pipeline 'ingress': end
[12:03:21.977] [bmv2] [D] [thread 30111] [25.0] [cxt 0] Egress port is 0
[12:03:21.978] [bmv2] [D] [thread 30111] [26.0] [cxt 0] Processing packet received on port 2
[12:03:21.978] [bmv2] [D] [thread 30112] [25.0] [cxt 0] Pipeline 'egress': start
[12:03:21.979] [bmv2] [D] [thread 30112] [25.0] [cxt 0] Pipeline 'egress': end
[12:03:21.979] [bmv2] [D] [thread 30112] [25.0] [cxt 0] Deparser 'deparser': start
[12:03:21.980] [bmv2] [D] [thread 30112] [25.0] [cxt 0] Deparsing header 'ethernet'
[12:03:21.980] [bmv2] [D] [thread 30112] [25.0] [cxt 0] Deparser 'deparser': end
[12:03:21.978] [bmv2] [D] [thread 30111] [26.0] [cxt 0] Parser 'parser': start
[12:03:21.981] [bmv2] [D] [thread 30111] [26.0] [cxt 0] Parser 'parser' entering state 'start'
[12:03:21.981] [bmv2] [D] [thread 30116] [25.0] [cxt 0] Transmitting packet of size 207 out of port 0
[12:03:21.984] [bmv2] [D] [thread 30111] [26.0] [cxt 0] Extracting header 'ethernet'
[12:03:21.986] [bmv2] [D] [thread 30111] [26.0] [cxt 0] Parser state 'start': key is 86dd
[12:03:21.987] [bmv2] [T] [thread 30111] [26.0] [cxt 0] Bytes parsed: 14
[12:03:21.989] [bmv2] [D] [thread 30111] [26.0] [cxt 0] Parser 'parser': end
[12:03:21.989] [bmv2] [D] [thread 30111] [26.0] [cxt 0] Pipeline 'ingress': start
[12:03:21.990] [bmv2] [T] [thread 30111] [26.0] [cxt 0] streaming.p4(158) Condition "hdr.ipv4.isValid()" (node_2) is false
[12:03:21.990] [bmv2] [D] [thread 30111] [26.0] [cxt 0] Pipeline 'ingress': end
[12:03:21.991] [bmv2] [D] [thread 30111] [26.0] [cxt 0] Egress port is 0
[12:03:21.992] [bmv2] [D] [thread 30112] [26.0] [cxt 0] Pipeline 'egress': start
[12:03:21.992] [bmv2] [D] [thread 30112] [26.0] [cxt 0] Pipeline 'egress': end
[12:03:21.993] [bmv2] [D] [thread 30112] [26.0] [cxt 0] Deparser 'deparser': start
[12:03:21.993] [bmv2] [D] [thread 30112] [26.0] [cxt 0] Deparsing header 'ethernet'
[12:03:21.994] [bmv2] [D] [thread 30112] [26.0] [cxt 0] Deparser 'deparser': end
[12:03:21.995] [bmv2] [D] [thread 30116] [26.0] [cxt 0] Transmitting packet of size 207 out of port 0
[12:03:22.723] [bmv2] [D] [thread 30111] [27.0] [cxt 0] Processing packet received on port 1
[12:03:22.723] [bmv2] [D] [thread 30111] [27.0] [cxt 0] Parser 'parser': start
[12:03:22.724] [bmv2] [D] [thread 30111] [27.0] [cxt 0] Parser 'parser' entering state 'start'
[12:03:22.725] [bmv2] [D] [thread 30111] [27.0] [cxt 0] Extracting header 'ethernet'
[12:03:22.725] [bmv2] [D] [thread 30111] [27.0] [cxt 0] Parser state 'start': key is 86dd
[12:03:22.725] [bmv2] [T] [thread 30111] [27.0] [cxt 0] Bytes parsed: 14
[12:03:22.726] [bmv2] [D] [thread 30111] [27.0] [cxt 0] Parser 'parser': end
[12:03:22.726] [bmv2] [D] [thread 30111] [27.0] [cxt 0] Pipeline 'ingress': start
[12:03:22.727] [bmv2] [T] [thread 30111] [27.0] [cxt 0] streaming.p4(158) Condition "hdr.ipv4.isValid()" (node_2) is false
[12:03:22.727] [bmv2] [D] [thread 30111] [27.0] [cxt 0] Pipeline 'ingress': end
[12:03:22.728] [bmv2] [D] [thread 30111] [27.0] [cxt 0] Egress port is 0
[12:03:22.728] [bmv2] [D] [thread 30112] [27.0] [cxt 0] Pipeline 'egress': start
[12:03:22.729] [bmv2] [D] [thread 30112] [27.0] [cxt 0] Pipeline 'egress': end
[12:03:22.729] [bmv2] [D] [thread 30112] [27.0] [cxt 0] Deparser 'deparser': start
[12:03:22.730] [bmv2] [D] [thread 30112] [27.0] [cxt 0] Deparsing header 'ethernet'
[12:03:22.730] [bmv2] [D] [thread 30112] [27.0] [cxt 0] Deparser 'deparser': end
[12:03:22.731] [bmv2] [D] [thread 30116] [27.0] [cxt 0] Transmitting packet of size 70 out of port 0
[12:03:23.163] [bmv2] [D] [thread 30111] [28.0] [cxt 0] Processing packet received on port 1
[12:03:23.163] [bmv2] [D] [thread 30111] [28.0] [cxt 0] Parser 'parser': start
[12:03:23.164] [bmv2] [D] [thread 30111] [28.0] [cxt 0] Parser 'parser' entering state 'start'
[12:03:23.164] [bmv2] [D] [thread 30111] [28.0] [cxt 0] Extracting header 'ethernet'
[12:03:23.165] [bmv2] [D] [thread 30111] [28.0] [cxt 0] Parser state 'start': key is 86dd
[12:03:23.165] [bmv2] [T] [thread 30111] [28.0] [cxt 0] Bytes parsed: 14
[12:03:23.166] [bmv2] [D] [thread 30111] [28.0] [cxt 0] Parser 'parser': end
[12:03:23.166] [bmv2] [D] [thread 30111] [28.0] [cxt 0] Pipeline 'ingress': start
[12:03:23.167] [bmv2] [T] [thread 30111] [28.0] [cxt 0] streaming.p4(158) Condition "hdr.ipv4.isValid()" (node_2) is false
[12:03:23.167] [bmv2] [D] [thread 30111] [28.0] [cxt 0] Pipeline 'ingress': end
[12:03:23.168] [bmv2] [D] [thread 30111] [28.0] [cxt 0] Egress port is 0
[12:03:23.169] [bmv2] [D] [thread 30112] [28.0] [cxt 0] Pipeline 'egress': start
[12:03:23.169] [bmv2] [D] [thread 30112] [28.0] [cxt 0] Pipeline 'egress': end
[12:03:23.170] [bmv2] [D] [thread 30112] [28.0] [cxt 0] Deparser 'deparser': start
[12:03:23.171] [bmv2] [D] [thread 30112] [28.0] [cxt 0] Deparsing header 'ethernet'
[12:03:23.171] [bmv2] [D] [thread 30112] [28.0] [cxt 0] Deparser 'deparser': end
[12:03:23.172] [bmv2] [D] [thread 30116] [28.0] [cxt 0] Transmitting packet of size 207 out of port 0
[12:03:23.480] [bmv2] [D] [thread 30111] [29.0] [cxt 0] Processing packet received on port 2
[12:03:23.481] [bmv2] [D] [thread 30111] [29.0] [cxt 0] Parser 'parser': start
[12:03:23.481] [bmv2] [D] [thread 30111] [29.0] [cxt 0] Parser 'parser' entering state 'start'
[12:03:23.481] [bmv2] [D] [thread 30111] [29.0] [cxt 0] Extracting header 'ethernet'
[12:03:23.482] [bmv2] [D] [thread 30111] [29.0] [cxt 0] Parser state 'start': key is 86dd
[12:03:23.483] [bmv2] [T] [thread 30111] [29.0] [cxt 0] Bytes parsed: 14
[12:03:23.484] [bmv2] [D] [thread 30111] [29.0] [cxt 0] Parser 'parser': end
[12:03:23.485] [bmv2] [D] [thread 30111] [29.0] [cxt 0] Pipeline 'ingress': start
[12:03:23.486] [bmv2] [T] [thread 30111] [29.0] [cxt 0] streaming.p4(158) Condition "hdr.ipv4.isValid()" (node_2) is false
[12:03:23.487] [bmv2] [D] [thread 30111] [29.0] [cxt 0] Pipeline 'ingress': end
[12:03:23.488] [bmv2] [D] [thread 30111] [29.0] [cxt 0] Egress port is 0
[12:03:23.489] [bmv2] [D] [thread 30112] [29.0] [cxt 0] Pipeline 'egress': start
[12:03:23.489] [bmv2] [D] [thread 30112] [29.0] [cxt 0] Pipeline 'egress': end
[12:03:23.490] [bmv2] [D] [thread 30112] [29.0] [cxt 0] Deparser 'deparser': start
[12:03:23.491] [bmv2] [D] [thread 30112] [29.0] [cxt 0] Deparsing header 'ethernet'
[12:03:23.491] [bmv2] [D] [thread 30112] [29.0] [cxt 0] Deparser 'deparser': end
[12:03:23.492] [bmv2] [D] [thread 30116] [29.0] [cxt 0] Transmitting packet of size 70 out of port 0
[12:03:23.736] [bmv2] [D] [thread 30111] [30.0] [cxt 0] Processing packet received on port 3
[12:03:23.737] [bmv2] [D] [thread 30111] [30.0] [cxt 0] Parser 'parser': start
[12:03:23.737] [bmv2] [D] [thread 30111] [30.0] [cxt 0] Parser 'parser' entering state 'start'
[12:03:23.740] [bmv2] [D] [thread 30111] [30.0] [cxt 0] Extracting header 'ethernet'
[12:03:23.741] [bmv2] [D] [thread 30111] [30.0] [cxt 0] Parser state 'start': key is 86dd
[12:03:23.741] [bmv2] [T] [thread 30111] [30.0] [cxt 0] Bytes parsed: 14
[12:03:23.742] [bmv2] [D] [thread 30111] [30.0] [cxt 0] Parser 'parser': end
[12:03:23.742] [bmv2] [D] [thread 30111] [30.0] [cxt 0] Pipeline 'ingress': start
[12:03:23.743] [bmv2] [T] [thread 30111] [30.0] [cxt 0] streaming.p4(158) Condition "hdr.ipv4.isValid()" (node_2) is false
[12:03:23.744] [bmv2] [D] [thread 30111] [30.0] [cxt 0] Pipeline 'ingress': end
[12:03:23.745] [bmv2] [D] [thread 30111] [30.0] [cxt 0] Egress port is 0
[12:03:23.745] [bmv2] [D] [thread 30112] [30.0] [cxt 0] Pipeline 'egress': start
[12:03:23.748] [bmv2] [D] [thread 30112] [30.0] [cxt 0] Pipeline 'egress': end
[12:03:23.749] [bmv2] [D] [thread 30112] [30.0] [cxt 0] Deparser 'deparser': start
[12:03:23.749] [bmv2] [D] [thread 30112] [30.0] [cxt 0] Deparsing header 'ethernet'
[12:03:23.750] [bmv2] [D] [thread 30112] [30.0] [cxt 0] Deparser 'deparser': end
[12:03:23.751] [bmv2] [D] [thread 30116] [30.0] [cxt 0] Transmitting packet of size 70 out of port 0
[12:03:23.748] [bmv2] [D] [thread 30111] [31.0] [cxt 0] Processing packet received on port 2
[12:03:23.752] [bmv2] [D] [thread 30111] [31.0] [cxt 0] Parser 'parser': start
[12:03:23.752] [bmv2] [D] [thread 30111] [31.0] [cxt 0] Parser 'parser' entering state 'start'
[12:03:23.753] [bmv2] [D] [thread 30111] [31.0] [cxt 0] Extracting header 'ethernet'
[12:03:23.754] [bmv2] [D] [thread 30111] [31.0] [cxt 0] Parser state 'start': key is 86dd
[12:03:23.755] [bmv2] [T] [thread 30111] [31.0] [cxt 0] Bytes parsed: 14
[12:03:23.756] [bmv2] [D] [thread 30111] [31.0] [cxt 0] Parser 'parser': end
[12:03:23.757] [bmv2] [D] [thread 30111] [31.0] [cxt 0] Pipeline 'ingress': start
[12:03:23.757] [bmv2] [T] [thread 30111] [31.0] [cxt 0] streaming.p4(158) Condition "hdr.ipv4.isValid()" (node_2) is false
[12:03:23.758] [bmv2] [D] [thread 30111] [31.0] [cxt 0] Pipeline 'ingress': end
[12:03:23.759] [bmv2] [D] [thread 30111] [31.0] [cxt 0] Egress port is 0
[12:03:23.760] [bmv2] [D] [thread 30112] [31.0] [cxt 0] Pipeline 'egress': start
[12:03:23.761] [bmv2] [D] [thread 30112] [31.0] [cxt 0] Pipeline 'egress': end
[12:03:23.761] [bmv2] [D] [thread 30112] [31.0] [cxt 0] Deparser 'deparser': start
[12:03:23.762] [bmv2] [D] [thread 30112] [31.0] [cxt 0] Deparsing header 'ethernet'
[12:03:23.762] [bmv2] [D] [thread 30112] [31.0] [cxt 0] Deparser 'deparser': end
[12:03:23.763] [bmv2] [D] [thread 30116] [31.0] [cxt 0] Transmitting packet of size 70 out of port 0
[12:03:23.762] [bmv2] [D] [thread 30111] [32.0] [cxt 0] Processing packet received on port 3
[12:03:23.765] [bmv2] [D] [thread 30111] [32.0] [cxt 0] Parser 'parser': start
[12:03:23.765] [bmv2] [D] [thread 30111] [32.0] [cxt 0] Parser 'parser' entering state 'start'
[12:03:23.766] [bmv2] [D] [thread 30111] [32.0] [cxt 0] Extracting header 'ethernet'
[12:03:23.766] [bmv2] [D] [thread 30111] [32.0] [cxt 0] Parser state 'start': key is 86dd
[12:03:23.767] [bmv2] [T] [thread 30111] [32.0] [cxt 0] Bytes parsed: 14
[12:03:23.767] [bmv2] [D] [thread 30111] [32.0] [cxt 0] Parser 'parser': end
[12:03:23.768] [bmv2] [D] [thread 30111] [32.0] [cxt 0] Pipeline 'ingress': start
[12:03:23.770] [bmv2] [T] [thread 30111] [32.0] [cxt 0] streaming.p4(158) Condition "hdr.ipv4.isValid()" (node_2) is false
[12:03:23.770] [bmv2] [D] [thread 30111] [32.0] [cxt 0] Pipeline 'ingress': end
[12:03:23.771] [bmv2] [D] [thread 30111] [32.0] [cxt 0] Egress port is 0
[12:03:23.771] [bmv2] [D] [thread 30112] [32.0] [cxt 0] Pipeline 'egress': start
[12:03:23.771] [bmv2] [D] [thread 30112] [32.0] [cxt 0] Pipeline 'egress': end
[12:03:23.772] [bmv2] [D] [thread 30112] [32.0] [cxt 0] Deparser 'deparser': start
[12:03:23.772] [bmv2] [D] [thread 30112] [32.0] [cxt 0] Deparsing header 'ethernet'
[12:03:23.772] [bmv2] [D] [thread 30112] [32.0] [cxt 0] Deparser 'deparser': end
[12:03:23.772] [bmv2] [D] [thread 30116] [32.0] [cxt 0] Transmitting packet of size 70 out of port 0
[12:03:23.888] [bmv2] [D] [thread 30111] [33.0] [cxt 0] Processing packet received on port 2
[12:03:23.888] [bmv2] [D] [thread 30111] [33.0] [cxt 0] Parser 'parser': start
[12:03:23.888] [bmv2] [D] [thread 30111] [33.0] [cxt 0] Parser 'parser' entering state 'start'
[12:03:23.888] [bmv2] [D] [thread 30111] [33.0] [cxt 0] Extracting header 'ethernet'
[12:03:23.889] [bmv2] [D] [thread 30111] [33.0] [cxt 0] Parser state 'start': key is 86dd
[12:03:23.889] [bmv2] [T] [thread 30111] [33.0] [cxt 0] Bytes parsed: 14
[12:03:23.889] [bmv2] [D] [thread 30111] [33.0] [cxt 0] Parser 'parser': end
[12:03:23.889] [bmv2] [D] [thread 30111] [33.0] [cxt 0] Pipeline 'ingress': start
[12:03:23.890] [bmv2] [T] [thread 30111] [33.0] [cxt 0] streaming.p4(158) Condition "hdr.ipv4.isValid()" (node_2) is false
[12:03:23.890] [bmv2] [D] [thread 30111] [33.0] [cxt 0] Pipeline 'ingress': end
[12:03:23.890] [bmv2] [D] [thread 30111] [33.0] [cxt 0] Egress port is 0
[12:03:23.891] [bmv2] [D] [thread 30112] [33.0] [cxt 0] Pipeline 'egress': start
[12:03:23.892] [bmv2] [D] [thread 30111] [34.0] [cxt 0] Processing packet received on port 3
[12:03:23.892] [bmv2] [D] [thread 30112] [33.0] [cxt 0] Pipeline 'egress': end
[12:03:23.893] [bmv2] [D] [thread 30112] [33.0] [cxt 0] Deparser 'deparser': start
[12:03:23.893] [bmv2] [D] [thread 30112] [33.0] [cxt 0] Deparsing header 'ethernet'
[12:03:23.893] [bmv2] [D] [thread 30112] [33.0] [cxt 0] Deparser 'deparser': end
[12:03:23.893] [bmv2] [D] [thread 30116] [33.0] [cxt 0] Transmitting packet of size 207 out of port 0
[12:03:23.892] [bmv2] [D] [thread 30111] [34.0] [cxt 0] Parser 'parser': start
[12:03:23.894] [bmv2] [D] [thread 30111] [34.0] [cxt 0] Parser 'parser' entering state 'start'
[12:03:23.894] [bmv2] [D] [thread 30111] [34.0] [cxt 0] Extracting header 'ethernet'
[12:03:23.894] [bmv2] [D] [thread 30111] [34.0] [cxt 0] Parser state 'start': key is 86dd
[12:03:23.895] [bmv2] [T] [thread 30111] [34.0] [cxt 0] Bytes parsed: 14
[12:03:23.895] [bmv2] [D] [thread 30111] [34.0] [cxt 0] Parser 'parser': end
[12:03:23.895] [bmv2] [D] [thread 30111] [34.0] [cxt 0] Pipeline 'ingress': start
[12:03:23.895] [bmv2] [T] [thread 30111] [34.0] [cxt 0] streaming.p4(158) Condition "hdr.ipv4.isValid()" (node_2) is false
[12:03:23.895] [bmv2] [D] [thread 30111] [34.0] [cxt 0] Pipeline 'ingress': end
[12:03:23.896] [bmv2] [D] [thread 30111] [34.0] [cxt 0] Egress port is 0
[12:03:23.896] [bmv2] [D] [thread 30112] [34.0] [cxt 0] Pipeline 'egress': start
[12:03:23.896] [bmv2] [D] [thread 30112] [34.0] [cxt 0] Pipeline 'egress': end
[12:03:23.896] [bmv2] [D] [thread 30112] [34.0] [cxt 0] Deparser 'deparser': start
[12:03:23.897] [bmv2] [D] [thread 30112] [34.0] [cxt 0] Deparsing header 'ethernet'
[12:03:23.897] [bmv2] [D] [thread 30112] [34.0] [cxt 0] Deparser 'deparser': end
[12:03:23.897] [bmv2] [D] [thread 30116] [34.0] [cxt 0] Transmitting packet of size 207 out of port 0
[12:03:24.178] [bmv2] [D] [thread 30111] [35.0] [cxt 0] Processing packet received on port 3
[12:03:24.179] [bmv2] [D] [thread 30111] [35.0] [cxt 0] Parser 'parser': start
[12:03:24.180] [bmv2] [D] [thread 30111] [35.0] [cxt 0] Parser 'parser' entering state 'start'
[12:03:24.181] [bmv2] [D] [thread 30111] [35.0] [cxt 0] Extracting header 'ethernet'
[12:03:24.181] [bmv2] [D] [thread 30111] [35.0] [cxt 0] Parser state 'start': key is 86dd
[12:03:24.182] [bmv2] [T] [thread 30111] [35.0] [cxt 0] Bytes parsed: 14
[12:03:24.182] [bmv2] [D] [thread 30111] [35.0] [cxt 0] Parser 'parser': end
[12:03:24.182] [bmv2] [D] [thread 30111] [35.0] [cxt 0] Pipeline 'ingress': start
[12:03:24.183] [bmv2] [T] [thread 30111] [35.0] [cxt 0] streaming.p4(158) Condition "hdr.ipv4.isValid()" (node_2) is false
[12:03:24.183] [bmv2] [D] [thread 30111] [35.0] [cxt 0] Pipeline 'ingress': end
[12:03:24.184] [bmv2] [D] [thread 30111] [35.0] [cxt 0] Egress port is 0
[12:03:24.185] [bmv2] [D] [thread 30111] [36.0] [cxt 0] Processing packet received on port 2
[12:03:24.185] [bmv2] [D] [thread 30112] [35.0] [cxt 0] Pipeline 'egress': start
[12:03:24.185] [bmv2] [D] [thread 30111] [36.0] [cxt 0] Parser 'parser': start
[12:03:24.185] [bmv2] [D] [thread 30112] [35.0] [cxt 0] Pipeline 'egress': end
[12:03:24.186] [bmv2] [D] [thread 30112] [35.0] [cxt 0] Deparser 'deparser': start
[12:03:24.186] [bmv2] [D] [thread 30112] [35.0] [cxt 0] Deparsing header 'ethernet'
[12:03:24.187] [bmv2] [D] [thread 30112] [35.0] [cxt 0] Deparser 'deparser': end
[12:03:24.187] [bmv2] [D] [thread 30116] [35.0] [cxt 0] Transmitting packet of size 207 out of port 0
[12:03:24.186] [bmv2] [D] [thread 30111] [36.0] [cxt 0] Parser 'parser' entering state 'start'
[12:03:24.188] [bmv2] [D] [thread 30111] [36.0] [cxt 0] Extracting header 'ethernet'
[12:03:24.188] [bmv2] [D] [thread 30111] [36.0] [cxt 0] Parser state 'start': key is 86dd
[12:03:24.189] [bmv2] [T] [thread 30111] [36.0] [cxt 0] Bytes parsed: 14
[12:03:24.189] [bmv2] [D] [thread 30111] [36.0] [cxt 0] Parser 'parser': end
[12:03:24.189] [bmv2] [D] [thread 30111] [36.0] [cxt 0] Pipeline 'ingress': start
[12:03:24.190] [bmv2] [T] [thread 30111] [36.0] [cxt 0] streaming.p4(158) Condition "hdr.ipv4.isValid()" (node_2) is false
[12:03:24.190] [bmv2] [D] [thread 30111] [36.0] [cxt 0] Pipeline 'ingress': end
[12:03:24.190] [bmv2] [D] [thread 30111] [36.0] [cxt 0] Egress port is 0
[12:03:24.191] [bmv2] [D] [thread 30112] [36.0] [cxt 0] Pipeline 'egress': start
[12:03:24.191] [bmv2] [D] [thread 30112] [36.0] [cxt 0] Pipeline 'egress': end
[12:03:24.191] [bmv2] [D] [thread 30112] [36.0] [cxt 0] Deparser 'deparser': start
[12:03:24.192] [bmv2] [D] [thread 30112] [36.0] [cxt 0] Deparsing header 'ethernet'
[12:03:24.192] [bmv2] [D] [thread 30112] [36.0] [cxt 0] Deparser 'deparser': end
[12:03:24.193] [bmv2] [D] [thread 30116] [36.0] [cxt 0] Transmitting packet of size 207 out of port 0
New connection
P4Runtime SetForwardingPipelineConfig
[12:03:25.428] [bmv2] [W] [thread 30256] [P4Runtime] p4::tmp::P4DeviceConfig is deprecated
[12:03:25.437] [bmv2] [D] [thread 30256] Set default default entry for table 'MyIngress.ipv4_lpm': NoAction - 
[12:03:25.442] [bmv2] [D] [thread 30256] simple_switch target has been notified of a config swap
Connection removed
[12:03:30.392] [bmv2] [D] [thread 30111] [37.0] [cxt 0] Processing packet received on port 1
[12:03:30.392] [bmv2] [D] [thread 30111] [37.0] [cxt 0] Parser 'parser': start
[12:03:30.393] [bmv2] [D] [thread 30111] [37.0] [cxt 0] Parser 'parser' entering state 'start'
[12:03:30.393] [bmv2] [D] [thread 30111] [37.0] [cxt 0] Extracting header 'ethernet'
[12:03:30.394] [bmv2] [D] [thread 30111] [37.0] [cxt 0] Parser state 'start': key is 86dd
[12:03:30.395] [bmv2] [T] [thread 30111] [37.0] [cxt 0] Bytes parsed: 14
[12:03:30.395] [bmv2] [D] [thread 30111] [37.0] [cxt 0] Parser 'parser': end
[12:03:30.396] [bmv2] [D] [thread 30111] [37.0] [cxt 0] Pipeline 'ingress': start
[12:03:30.397] [bmv2] [T] [thread 30111] [37.0] [cxt 0] streaming.p4(158) Condition "hdr.ipv4.isValid()" (node_2) is false
[12:03:30.397] [bmv2] [D] [thread 30111] [37.0] [cxt 0] Pipeline 'ingress': end
[12:03:30.398] [bmv2] [D] [thread 30111] [37.0] [cxt 0] Egress port is 0
[12:03:30.399] [bmv2] [D] [thread 30112] [37.0] [cxt 0] Pipeline 'egress': start
[12:03:30.399] [bmv2] [D] [thread 30112] [37.0] [cxt 0] Pipeline 'egress': end
[12:03:30.400] [bmv2] [D] [thread 30112] [37.0] [cxt 0] Deparser 'deparser': start
[12:03:30.400] [bmv2] [D] [thread 30112] [37.0] [cxt 0] Deparsing header 'ethernet'
[12:03:30.401] [bmv2] [D] [thread 30112] [37.0] [cxt 0] Deparser 'deparser': end
[12:03:30.402] [bmv2] [D] [thread 30116] [37.0] [cxt 0] Transmitting packet of size 70 out of port 0
[12:03:30.648] [bmv2] [D] [thread 30111] [38.0] [cxt 0] Processing packet received on port 2
[12:03:30.649] [bmv2] [D] [thread 30111] [38.0] [cxt 0] Parser 'parser': start
[12:03:30.649] [bmv2] [D] [thread 30111] [38.0] [cxt 0] Parser 'parser' entering state 'start'
[12:03:30.649] [bmv2] [D] [thread 30111] [38.0] [cxt 0] Extracting header 'ethernet'
[12:03:30.650] [bmv2] [D] [thread 30111] [38.0] [cxt 0] Parser state 'start': key is 86dd
[12:03:30.651] [bmv2] [T] [thread 30111] [38.0] [cxt 0] Bytes parsed: 14
[12:03:30.652] [bmv2] [D] [thread 30111] [38.0] [cxt 0] Parser 'parser': end
[12:03:30.652] [bmv2] [D] [thread 30111] [38.0] [cxt 0] Pipeline 'ingress': start
[12:03:30.653] [bmv2] [T] [thread 30111] [38.0] [cxt 0] streaming.p4(158) Condition "hdr.ipv4.isValid()" (node_2) is false
[12:03:30.654] [bmv2] [D] [thread 30111] [38.0] [cxt 0] Pipeline 'ingress': end
[12:03:30.655] [bmv2] [D] [thread 30111] [38.0] [cxt 0] Egress port is 0
[12:03:30.656] [bmv2] [D] [thread 30112] [38.0] [cxt 0] Pipeline 'egress': start
[12:03:30.656] [bmv2] [D] [thread 30112] [38.0] [cxt 0] Pipeline 'egress': end
[12:03:30.657] [bmv2] [D] [thread 30112] [38.0] [cxt 0] Deparser 'deparser': start
[12:03:30.658] [bmv2] [D] [thread 30112] [38.0] [cxt 0] Deparsing header 'ethernet'
[12:03:30.658] [bmv2] [D] [thread 30112] [38.0] [cxt 0] Deparser 'deparser': end
[12:03:30.659] [bmv2] [D] [thread 30116] [38.0] [cxt 0] Transmitting packet of size 70 out of port 0
[12:03:31.158] [bmv2] [D] [thread 30111] [39.0] [cxt 0] Processing packet received on port 3
[12:03:31.159] [bmv2] [D] [thread 30111] [39.0] [cxt 0] Parser 'parser': start
[12:03:31.159] [bmv2] [D] [thread 30111] [39.0] [cxt 0] Parser 'parser' entering state 'start'
[12:03:31.159] [bmv2] [D] [thread 30111] [39.0] [cxt 0] Extracting header 'ethernet'
[12:03:31.159] [bmv2] [D] [thread 30111] [39.0] [cxt 0] Parser state 'start': key is 86dd
[12:03:31.159] [bmv2] [T] [thread 30111] [39.0] [cxt 0] Bytes parsed: 14
[12:03:31.159] [bmv2] [D] [thread 30111] [39.0] [cxt 0] Parser 'parser': end
[12:03:31.160] [bmv2] [D] [thread 30111] [39.0] [cxt 0] Pipeline 'ingress': start
[12:03:31.160] [bmv2] [T] [thread 30111] [39.0] [cxt 0] streaming.p4(158) Condition "hdr.ipv4.isValid()" (node_2) is false
[12:03:31.160] [bmv2] [D] [thread 30111] [39.0] [cxt 0] Pipeline 'ingress': end
[12:03:31.160] [bmv2] [D] [thread 30111] [39.0] [cxt 0] Egress port is 0
[12:03:31.160] [bmv2] [D] [thread 30112] [39.0] [cxt 0] Pipeline 'egress': start
[12:03:31.161] [bmv2] [D] [thread 30112] [39.0] [cxt 0] Pipeline 'egress': end
[12:03:31.161] [bmv2] [D] [thread 30112] [39.0] [cxt 0] Deparser 'deparser': start
[12:03:31.161] [bmv2] [D] [thread 30112] [39.0] [cxt 0] Deparsing header 'ethernet'
[12:03:31.162] [bmv2] [D] [thread 30112] [39.0] [cxt 0] Deparser 'deparser': end
[12:03:31.162] [bmv2] [D] [thread 30116] [39.0] [cxt 0] Transmitting packet of size 70 out of port 0
[12:03:32.184] [bmv2] [D] [thread 30111] [40.0] [cxt 0] Processing packet received on port 3
[12:03:32.185] [bmv2] [D] [thread 30111] [40.0] [cxt 0] Parser 'parser': start
[12:03:32.185] [bmv2] [D] [thread 30111] [40.0] [cxt 0] Parser 'parser' entering state 'start'
[12:03:32.186] [bmv2] [D] [thread 30111] [40.0] [cxt 0] Extracting header 'ethernet'
[12:03:32.186] [bmv2] [D] [thread 30111] [40.0] [cxt 0] Parser state 'start': key is 86dd
[12:03:32.187] [bmv2] [T] [thread 30111] [40.0] [cxt 0] Bytes parsed: 14
[12:03:32.187] [bmv2] [D] [thread 30111] [40.0] [cxt 0] Parser 'parser': end
[12:03:32.187] [bmv2] [D] [thread 30111] [40.0] [cxt 0] Pipeline 'ingress': start
[12:03:32.188] [bmv2] [T] [thread 30111] [40.0] [cxt 0] streaming.p4(158) Condition "hdr.ipv4.isValid()" (node_2) is false
[12:03:32.188] [bmv2] [D] [thread 30111] [40.0] [cxt 0] Pipeline 'ingress': end
[12:03:32.189] [bmv2] [D] [thread 30111] [40.0] [cxt 0] Egress port is 0
[12:03:32.190] [bmv2] [D] [thread 30112] [40.0] [cxt 0] Pipeline 'egress': start
[12:03:32.190] [bmv2] [D] [thread 30112] [40.0] [cxt 0] Pipeline 'egress': end
[12:03:32.190] [bmv2] [D] [thread 30112] [40.0] [cxt 0] Deparser 'deparser': start
[12:03:32.191] [bmv2] [D] [thread 30112] [40.0] [cxt 0] Deparsing header 'ethernet'
[12:03:32.192] [bmv2] [D] [thread 30112] [40.0] [cxt 0] Deparser 'deparser': end
[12:03:32.192] [bmv2] [D] [thread 30116] [40.0] [cxt 0] Transmitting packet of size 70 out of port 0
[12:03:32.442] [bmv2] [D] [thread 30111] [41.0] [cxt 0] Processing packet received on port 2
[12:03:32.444] [bmv2] [D] [thread 30111] [41.0] [cxt 0] Parser 'parser': start
[12:03:32.445] [bmv2] [D] [thread 30111] [41.0] [cxt 0] Parser 'parser' entering state 'start'
[12:03:32.446] [bmv2] [D] [thread 30111] [41.0] [cxt 0] Extracting header 'ethernet'
[12:03:32.446] [bmv2] [D] [thread 30111] [41.0] [cxt 0] Parser state 'start': key is 86dd
[12:03:32.447] [bmv2] [T] [thread 30111] [41.0] [cxt 0] Bytes parsed: 14
[12:03:32.449] [bmv2] [D] [thread 30111] [41.0] [cxt 0] Parser 'parser': end
[12:03:32.452] [bmv2] [D] [thread 30111] [41.0] [cxt 0] Pipeline 'ingress': start
[12:03:32.454] [bmv2] [T] [thread 30111] [41.0] [cxt 0] streaming.p4(158) Condition "hdr.ipv4.isValid()" (node_2) is false
[12:03:32.457] [bmv2] [D] [thread 30111] [41.0] [cxt 0] Pipeline 'ingress': end
[12:03:32.458] [bmv2] [D] [thread 30111] [41.0] [cxt 0] Egress port is 0
[12:03:32.459] [bmv2] [D] [thread 30112] [41.0] [cxt 0] Pipeline 'egress': start
[12:03:32.460] [bmv2] [D] [thread 30112] [41.0] [cxt 0] Pipeline 'egress': end
[12:03:32.461] [bmv2] [D] [thread 30112] [41.0] [cxt 0] Deparser 'deparser': start
[12:03:32.461] [bmv2] [D] [thread 30112] [41.0] [cxt 0] Deparsing header 'ethernet'
[12:03:32.462] [bmv2] [D] [thread 30112] [41.0] [cxt 0] Deparser 'deparser': end
[12:03:32.463] [bmv2] [D] [thread 30116] [41.0] [cxt 0] Transmitting packet of size 70 out of port 0
[12:03:45.239] [bmv2] [D] [thread 30111] [42.0] [cxt 0] Processing packet received on port 3
[12:03:45.240] [bmv2] [D] [thread 30111] [42.0] [cxt 0] Parser 'parser': start
[12:03:45.241] [bmv2] [D] [thread 30111] [42.0] [cxt 0] Parser 'parser' entering state 'start'
[12:03:45.242] [bmv2] [D] [thread 30111] [42.0] [cxt 0] Extracting header 'ethernet'
[12:03:45.243] [bmv2] [D] [thread 30111] [42.0] [cxt 0] Parser state 'start': key is 86dd
[12:03:45.243] [bmv2] [T] [thread 30111] [42.0] [cxt 0] Bytes parsed: 14
[12:03:45.245] [bmv2] [D] [thread 30111] [42.0] [cxt 0] Parser 'parser': end
[12:03:45.246] [bmv2] [D] [thread 30111] [42.0] [cxt 0] Pipeline 'ingress': start
[12:03:45.247] [bmv2] [T] [thread 30111] [42.0] [cxt 0] streaming.p4(158) Condition "hdr.ipv4.isValid()" (node_2) is false
[12:03:45.248] [bmv2] [D] [thread 30111] [42.0] [cxt 0] Pipeline 'ingress': end
[12:03:45.249] [bmv2] [D] [thread 30111] [42.0] [cxt 0] Egress port is 0
[12:03:45.250] [bmv2] [D] [thread 30111] [43.0] [cxt 0] Processing packet received on port 2
[12:03:45.251] [bmv2] [D] [thread 30111] [43.0] [cxt 0] Parser 'parser': start
[12:03:45.250] [bmv2] [D] [thread 30112] [42.0] [cxt 0] Pipeline 'egress': start
[12:03:45.252] [bmv2] [D] [thread 30112] [42.0] [cxt 0] Pipeline 'egress': end
[12:03:45.252] [bmv2] [D] [thread 30112] [42.0] [cxt 0] Deparser 'deparser': start
[12:03:45.253] [bmv2] [D] [thread 30112] [42.0] [cxt 0] Deparsing header 'ethernet'
[12:03:45.254] [bmv2] [D] [thread 30112] [42.0] [cxt 0] Deparser 'deparser': end
[12:03:45.252] [bmv2] [D] [thread 30111] [43.0] [cxt 0] Parser 'parser' entering state 'start'
[12:03:45.255] [bmv2] [D] [thread 30111] [43.0] [cxt 0] Extracting header 'ethernet'
[12:03:45.256] [bmv2] [D] [thread 30111] [43.0] [cxt 0] Parser state 'start': key is 86dd
[12:03:45.256] [bmv2] [T] [thread 30111] [43.0] [cxt 0] Bytes parsed: 14
[12:03:45.257] [bmv2] [D] [thread 30111] [43.0] [cxt 0] Parser 'parser': end
[12:03:45.257] [bmv2] [D] [thread 30111] [43.0] [cxt 0] Pipeline 'ingress': start
[12:03:45.258] [bmv2] [T] [thread 30111] [43.0] [cxt 0] streaming.p4(158) Condition "hdr.ipv4.isValid()" (node_2) is false
[12:03:45.258] [bmv2] [D] [thread 30111] [43.0] [cxt 0] Pipeline 'ingress': end
[12:03:45.259] [bmv2] [D] [thread 30111] [43.0] [cxt 0] Egress port is 0
[12:03:45.255] [bmv2] [D] [thread 30116] [42.0] [cxt 0] Transmitting packet of size 70 out of port 0
[12:03:45.259] [bmv2] [D] [thread 30112] [43.0] [cxt 0] Pipeline 'egress': start
[12:03:45.261] [bmv2] [D] [thread 30112] [43.0] [cxt 0] Pipeline 'egress': end
[12:03:45.261] [bmv2] [D] [thread 30112] [43.0] [cxt 0] Deparser 'deparser': start
[12:03:45.262] [bmv2] [D] [thread 30112] [43.0] [cxt 0] Deparsing header 'ethernet'
[12:03:45.262] [bmv2] [D] [thread 30112] [43.0] [cxt 0] Deparser 'deparser': end
[12:03:45.263] [bmv2] [D] [thread 30116] [43.0] [cxt 0] Transmitting packet of size 70 out of port 0
[12:03:46.049] [bmv2] [D] [thread 30111] [44.0] [cxt 0] Processing packet received on port 1
[12:03:46.049] [bmv2] [D] [thread 30111] [44.0] [cxt 0] Parser 'parser': start
[12:03:46.050] [bmv2] [D] [thread 30111] [44.0] [cxt 0] Parser 'parser' entering state 'start'
[12:03:46.051] [bmv2] [D] [thread 30111] [44.0] [cxt 0] Extracting header 'ethernet'
[12:03:46.051] [bmv2] [D] [thread 30111] [44.0] [cxt 0] Parser state 'start': key is 86dd
[12:03:46.052] [bmv2] [T] [thread 30111] [44.0] [cxt 0] Bytes parsed: 14
[12:03:46.052] [bmv2] [D] [thread 30111] [44.0] [cxt 0] Parser 'parser': end
[12:03:46.053] [bmv2] [D] [thread 30111] [44.0] [cxt 0] Pipeline 'ingress': start
[12:03:46.053] [bmv2] [T] [thread 30111] [44.0] [cxt 0] streaming.p4(158) Condition "hdr.ipv4.isValid()" (node_2) is false
[12:03:46.054] [bmv2] [D] [thread 30111] [44.0] [cxt 0] Pipeline 'ingress': end
[12:03:46.055] [bmv2] [D] [thread 30111] [44.0] [cxt 0] Egress port is 0
[12:03:46.055] [bmv2] [D] [thread 30112] [44.0] [cxt 0] Pipeline 'egress': start
[12:03:46.056] [bmv2] [D] [thread 30112] [44.0] [cxt 0] Pipeline 'egress': end
[12:03:46.056] [bmv2] [D] [thread 30112] [44.0] [cxt 0] Deparser 'deparser': start
[12:03:46.057] [bmv2] [D] [thread 30112] [44.0] [cxt 0] Deparsing header 'ethernet'
[12:03:46.057] [bmv2] [D] [thread 30112] [44.0] [cxt 0] Deparser 'deparser': end
[12:03:46.058] [bmv2] [D] [thread 30116] [44.0] [cxt 0] Transmitting packet of size 70 out of port 0
[12:03:49.335] [bmv2] [D] [thread 30111] [45.0] [cxt 0] Processing packet received on port 2
[12:03:49.337] [bmv2] [D] [thread 30111] [45.0] [cxt 0] Parser 'parser': start
[12:03:49.339] [bmv2] [D] [thread 30111] [45.0] [cxt 0] Parser 'parser' entering state 'start'
[12:03:49.341] [bmv2] [D] [thread 30111] [45.0] [cxt 0] Extracting header 'ethernet'
[12:03:49.342] [bmv2] [D] [thread 30111] [45.0] [cxt 0] Parser state 'start': key is 86dd
[12:03:49.344] [bmv2] [T] [thread 30111] [45.0] [cxt 0] Bytes parsed: 14
[12:03:49.346] [bmv2] [D] [thread 30111] [45.0] [cxt 0] Parser 'parser': end
[12:03:49.348] [bmv2] [D] [thread 30111] [45.0] [cxt 0] Pipeline 'ingress': start
[12:03:49.350] [bmv2] [T] [thread 30111] [45.0] [cxt 0] streaming.p4(158) Condition "hdr.ipv4.isValid()" (node_2) is false
[12:03:49.352] [bmv2] [D] [thread 30111] [45.0] [cxt 0] Pipeline 'ingress': end
[12:03:49.354] [bmv2] [D] [thread 30111] [45.0] [cxt 0] Egress port is 0
[12:03:49.356] [bmv2] [D] [thread 30112] [45.0] [cxt 0] Pipeline 'egress': start
[12:03:49.358] [bmv2] [D] [thread 30112] [45.0] [cxt 0] Pipeline 'egress': end
[12:03:49.360] [bmv2] [D] [thread 30112] [45.0] [cxt 0] Deparser 'deparser': start
[12:03:49.361] [bmv2] [D] [thread 30112] [45.0] [cxt 0] Deparsing header 'ethernet'
[12:03:49.363] [bmv2] [D] [thread 30112] [45.0] [cxt 0] Deparser 'deparser': end
[12:03:49.366] [bmv2] [D] [thread 30116] [45.0] [cxt 0] Transmitting packet of size 70 out of port 0
[12:03:51.385] [bmv2] [D] [thread 30111] [46.0] [cxt 0] Processing packet received on port 3
[12:03:51.386] [bmv2] [D] [thread 30111] [46.0] [cxt 0] Parser 'parser': start
[12:03:51.386] [bmv2] [D] [thread 30111] [46.0] [cxt 0] Parser 'parser' entering state 'start'
[12:03:51.387] [bmv2] [D] [thread 30111] [46.0] [cxt 0] Extracting header 'ethernet'
[12:03:51.389] [bmv2] [D] [thread 30111] [46.0] [cxt 0] Parser state 'start': key is 86dd
[12:03:51.389] [bmv2] [T] [thread 30111] [46.0] [cxt 0] Bytes parsed: 14
[12:03:51.390] [bmv2] [D] [thread 30111] [46.0] [cxt 0] Parser 'parser': end
[12:03:51.390] [bmv2] [D] [thread 30111] [46.0] [cxt 0] Pipeline 'ingress': start
[12:03:51.391] [bmv2] [T] [thread 30111] [46.0] [cxt 0] streaming.p4(158) Condition "hdr.ipv4.isValid()" (node_2) is false
[12:03:51.393] [bmv2] [D] [thread 30111] [46.0] [cxt 0] Pipeline 'ingress': end
[12:03:51.395] [bmv2] [D] [thread 30111] [46.0] [cxt 0] Egress port is 0
[12:03:51.398] [bmv2] [D] [thread 30112] [46.0] [cxt 0] Pipeline 'egress': start
[12:03:51.399] [bmv2] [D] [thread 30112] [46.0] [cxt 0] Pipeline 'egress': end
[12:03:51.401] [bmv2] [D] [thread 30112] [46.0] [cxt 0] Deparser 'deparser': start
[12:03:51.403] [bmv2] [D] [thread 30112] [46.0] [cxt 0] Deparsing header 'ethernet'
[12:03:51.404] [bmv2] [D] [thread 30112] [46.0] [cxt 0] Deparser 'deparser': end
[12:03:51.405] [bmv2] [D] [thread 30116] [46.0] [cxt 0] Transmitting packet of size 70 out of port 0
[12:04:13.911] [bmv2] [D] [thread 30111] [47.0] [cxt 0] Processing packet received on port 3
[12:04:13.912] [bmv2] [D] [thread 30111] [47.0] [cxt 0] Parser 'parser': start
[12:04:13.912] [bmv2] [D] [thread 30111] [47.0] [cxt 0] Parser 'parser' entering state 'start'
[12:04:13.913] [bmv2] [D] [thread 30111] [47.0] [cxt 0] Extracting header 'ethernet'
[12:04:13.914] [bmv2] [D] [thread 30111] [47.0] [cxt 0] Parser state 'start': key is 86dd
[12:04:13.915] [bmv2] [T] [thread 30111] [47.0] [cxt 0] Bytes parsed: 14
[12:04:13.915] [bmv2] [D] [thread 30111] [47.0] [cxt 0] Parser 'parser': end
[12:04:13.916] [bmv2] [D] [thread 30111] [47.0] [cxt 0] Pipeline 'ingress': start
[12:04:13.917] [bmv2] [T] [thread 30111] [47.0] [cxt 0] streaming.p4(158) Condition "hdr.ipv4.isValid()" (node_2) is false
[12:04:13.917] [bmv2] [D] [thread 30111] [47.0] [cxt 0] Pipeline 'ingress': end
[12:04:13.918] [bmv2] [D] [thread 30111] [47.0] [cxt 0] Egress port is 0
[12:04:13.919] [bmv2] [D] [thread 30112] [47.0] [cxt 0] Pipeline 'egress': start
[12:04:13.919] [bmv2] [D] [thread 30112] [47.0] [cxt 0] Pipeline 'egress': end
[12:04:13.920] [bmv2] [D] [thread 30112] [47.0] [cxt 0] Deparser 'deparser': start
[12:04:13.920] [bmv2] [D] [thread 30112] [47.0] [cxt 0] Deparsing header 'ethernet'
[12:04:13.921] [bmv2] [D] [thread 30112] [47.0] [cxt 0] Deparser 'deparser': end
[12:04:13.922] [bmv2] [D] [thread 30116] [47.0] [cxt 0] Transmitting packet of size 70 out of port 0
[12:04:15.960] [bmv2] [D] [thread 30111] [48.0] [cxt 0] Processing packet received on port 2
[12:04:15.961] [bmv2] [D] [thread 30111] [48.0] [cxt 0] Parser 'parser': start
[12:04:15.961] [bmv2] [D] [thread 30111] [48.0] [cxt 0] Parser 'parser' entering state 'start'
[12:04:15.963] [bmv2] [D] [thread 30111] [48.0] [cxt 0] Extracting header 'ethernet'
[12:04:15.964] [bmv2] [D] [thread 30111] [48.0] [cxt 0] Parser state 'start': key is 86dd
[12:04:15.965] [bmv2] [T] [thread 30111] [48.0] [cxt 0] Bytes parsed: 14
[12:04:15.966] [bmv2] [D] [thread 30111] [48.0] [cxt 0] Parser 'parser': end
[12:04:15.967] [bmv2] [D] [thread 30111] [48.0] [cxt 0] Pipeline 'ingress': start
[12:04:15.970] [bmv2] [T] [thread 30111] [48.0] [cxt 0] streaming.p4(158) Condition "hdr.ipv4.isValid()" (node_2) is false
[12:04:15.971] [bmv2] [D] [thread 30111] [48.0] [cxt 0] Pipeline 'ingress': end
[12:04:15.972] [bmv2] [D] [thread 30111] [48.0] [cxt 0] Egress port is 0
[12:04:15.973] [bmv2] [D] [thread 30112] [48.0] [cxt 0] Pipeline 'egress': start
[12:04:15.974] [bmv2] [D] [thread 30112] [48.0] [cxt 0] Pipeline 'egress': end
[12:04:15.975] [bmv2] [D] [thread 30112] [48.0] [cxt 0] Deparser 'deparser': start
[12:04:15.975] [bmv2] [D] [thread 30112] [48.0] [cxt 0] Deparsing header 'ethernet'
[12:04:15.976] [bmv2] [D] [thread 30112] [48.0] [cxt 0] Deparser 'deparser': end
[12:04:15.977] [bmv2] [D] [thread 30116] [48.0] [cxt 0] Transmitting packet of size 70 out of port 0
[12:04:20.054] [bmv2] [D] [thread 30111] [49.0] [cxt 0] Processing packet received on port 1
[12:04:20.054] [bmv2] [D] [thread 30111] [49.0] [cxt 0] Parser 'parser': start
[12:04:20.055] [bmv2] [D] [thread 30111] [49.0] [cxt 0] Parser 'parser' entering state 'start'
[12:04:20.055] [bmv2] [D] [thread 30111] [49.0] [cxt 0] Extracting header 'ethernet'
[12:04:20.055] [bmv2] [D] [thread 30111] [49.0] [cxt 0] Parser state 'start': key is 86dd
[12:04:20.056] [bmv2] [T] [thread 30111] [49.0] [cxt 0] Bytes parsed: 14
[12:04:20.056] [bmv2] [D] [thread 30111] [49.0] [cxt 0] Parser 'parser': end
[12:04:20.057] [bmv2] [D] [thread 30111] [49.0] [cxt 0] Pipeline 'ingress': start
[12:04:20.057] [bmv2] [T] [thread 30111] [49.0] [cxt 0] streaming.p4(158) Condition "hdr.ipv4.isValid()" (node_2) is false
[12:04:20.058] [bmv2] [D] [thread 30111] [49.0] [cxt 0] Pipeline 'ingress': end
[12:04:20.058] [bmv2] [D] [thread 30111] [49.0] [cxt 0] Egress port is 0
[12:04:20.059] [bmv2] [D] [thread 30112] [49.0] [cxt 0] Pipeline 'egress': start
[12:04:20.060] [bmv2] [D] [thread 30112] [49.0] [cxt 0] Pipeline 'egress': end
[12:04:20.060] [bmv2] [D] [thread 30112] [49.0] [cxt 0] Deparser 'deparser': start
[12:04:20.060] [bmv2] [D] [thread 30112] [49.0] [cxt 0] Deparsing header 'ethernet'
[12:04:20.061] [bmv2] [D] [thread 30112] [49.0] [cxt 0] Deparser 'deparser': end
[12:04:20.062] [bmv2] [D] [thread 30116] [49.0] [cxt 0] Transmitting packet of size 70 out of port 0
[12:04:24.152] [bmv2] [D] [thread 30111] [50.0] [cxt 0] Processing packet received on port 2
[12:04:24.154] [bmv2] [D] [thread 30111] [50.0] [cxt 0] Parser 'parser': start
[12:04:24.154] [bmv2] [D] [thread 30111] [50.0] [cxt 0] Parser 'parser' entering state 'start'
[12:04:24.156] [bmv2] [D] [thread 30111] [50.0] [cxt 0] Extracting header 'ethernet'
[12:04:24.158] [bmv2] [D] [thread 30111] [50.0] [cxt 0] Parser state 'start': key is 86dd
[12:04:24.160] [bmv2] [T] [thread 30111] [50.0] [cxt 0] Bytes parsed: 14
[12:04:24.161] [bmv2] [D] [thread 30111] [50.0] [cxt 0] Parser 'parser': end
[12:04:24.161] [bmv2] [D] [thread 30111] [50.0] [cxt 0] Pipeline 'ingress': start
[12:04:24.162] [bmv2] [T] [thread 30111] [50.0] [cxt 0] streaming.p4(158) Condition "hdr.ipv4.isValid()" (node_2) is false
[12:04:24.164] [bmv2] [D] [thread 30111] [50.0] [cxt 0] Pipeline 'ingress': end
[12:04:24.166] [bmv2] [D] [thread 30111] [50.0] [cxt 0] Egress port is 0
[12:04:24.167] [bmv2] [D] [thread 30112] [50.0] [cxt 0] Pipeline 'egress': start
[12:04:24.170] [bmv2] [D] [thread 30112] [50.0] [cxt 0] Pipeline 'egress': end
[12:04:24.170] [bmv2] [D] [thread 30112] [50.0] [cxt 0] Deparser 'deparser': start
[12:04:24.171] [bmv2] [D] [thread 30112] [50.0] [cxt 0] Deparsing header 'ethernet'
[12:04:24.171] [bmv2] [D] [thread 30112] [50.0] [cxt 0] Deparser 'deparser': end
[12:04:24.172] [bmv2] [D] [thread 30116] [50.0] [cxt 0] Transmitting packet of size 70 out of port 0
[12:04:28.247] [bmv2] [D] [thread 30111] [51.0] [cxt 0] Processing packet received on port 3
[12:04:28.248] [bmv2] [D] [thread 30111] [51.0] [cxt 0] Parser 'parser': start
[12:04:28.248] [bmv2] [D] [thread 30111] [51.0] [cxt 0] Parser 'parser' entering state 'start'
[12:04:28.249] [bmv2] [D] [thread 30111] [51.0] [cxt 0] Extracting header 'ethernet'
[12:04:28.249] [bmv2] [D] [thread 30111] [51.0] [cxt 0] Parser state 'start': key is 86dd
[12:04:28.250] [bmv2] [T] [thread 30111] [51.0] [cxt 0] Bytes parsed: 14
[12:04:28.251] [bmv2] [D] [thread 30111] [51.0] [cxt 0] Parser 'parser': end
[12:04:28.251] [bmv2] [D] [thread 30111] [51.0] [cxt 0] Pipeline 'ingress': start
[12:04:28.251] [bmv2] [T] [thread 30111] [51.0] [cxt 0] streaming.p4(158) Condition "hdr.ipv4.isValid()" (node_2) is false
[12:04:28.252] [bmv2] [D] [thread 30111] [51.0] [cxt 0] Pipeline 'ingress': end
[12:04:28.252] [bmv2] [D] [thread 30111] [51.0] [cxt 0] Egress port is 0
[12:04:28.253] [bmv2] [D] [thread 30112] [51.0] [cxt 0] Pipeline 'egress': start
[12:04:28.254] [bmv2] [D] [thread 30112] [51.0] [cxt 0] Pipeline 'egress': end
[12:04:28.255] [bmv2] [D] [thread 30112] [51.0] [cxt 0] Deparser 'deparser': start
[12:04:28.256] [bmv2] [D] [thread 30112] [51.0] [cxt 0] Deparsing header 'ethernet'
[12:04:28.258] [bmv2] [D] [thread 30112] [51.0] [cxt 0] Deparser 'deparser': end
[12:04:28.259] [bmv2] [D] [thread 30116] [51.0] [cxt 0] Transmitting packet of size 70 out of port 0
[12:05:07.158] [bmv2] [D] [thread 30111] [52.0] [cxt 0] Processing packet received on port 3
[12:05:07.159] [bmv2] [D] [thread 30111] [52.0] [cxt 0] Parser 'parser': start
[12:05:07.159] [bmv2] [D] [thread 30111] [52.0] [cxt 0] Parser 'parser' entering state 'start'
[12:05:07.160] [bmv2] [D] [thread 30111] [52.0] [cxt 0] Extracting header 'ethernet'
[12:05:07.163] [bmv2] [D] [thread 30111] [52.0] [cxt 0] Parser state 'start': key is 86dd
[12:05:07.163] [bmv2] [T] [thread 30111] [52.0] [cxt 0] Bytes parsed: 14
[12:05:07.164] [bmv2] [D] [thread 30111] [52.0] [cxt 0] Parser 'parser': end
[12:05:07.165] [bmv2] [D] [thread 30111] [52.0] [cxt 0] Pipeline 'ingress': start
[12:05:07.165] [bmv2] [T] [thread 30111] [52.0] [cxt 0] streaming.p4(158) Condition "hdr.ipv4.isValid()" (node_2) is false
[12:05:07.166] [bmv2] [D] [thread 30111] [52.0] [cxt 0] Pipeline 'ingress': end
[12:05:07.167] [bmv2] [D] [thread 30111] [52.0] [cxt 0] Egress port is 0
[12:05:07.168] [bmv2] [D] [thread 30112] [52.0] [cxt 0] Pipeline 'egress': start
[12:05:07.168] [bmv2] [D] [thread 30112] [52.0] [cxt 0] Pipeline 'egress': end
[12:05:07.169] [bmv2] [D] [thread 30112] [52.0] [cxt 0] Deparser 'deparser': start
[12:05:07.169] [bmv2] [D] [thread 30112] [52.0] [cxt 0] Deparsing header 'ethernet'
[12:05:07.169] [bmv2] [D] [thread 30112] [52.0] [cxt 0] Deparser 'deparser': end
[12:05:07.170] [bmv2] [D] [thread 30116] [52.0] [cxt 0] Transmitting packet of size 70 out of port 0
[12:05:17.400] [bmv2] [D] [thread 30111] [53.0] [cxt 0] Processing packet received on port 2
[12:05:17.400] [bmv2] [D] [thread 30111] [53.0] [cxt 0] Parser 'parser': start
[12:05:17.400] [bmv2] [D] [thread 30111] [53.0] [cxt 0] Parser 'parser' entering state 'start'
[12:05:17.400] [bmv2] [D] [thread 30111] [53.0] [cxt 0] Extracting header 'ethernet'
[12:05:17.400] [bmv2] [D] [thread 30111] [53.0] [cxt 0] Parser state 'start': key is 86dd
[12:05:17.401] [bmv2] [T] [thread 30111] [53.0] [cxt 0] Bytes parsed: 14
[12:05:17.401] [bmv2] [D] [thread 30111] [53.0] [cxt 0] Parser 'parser': end
[12:05:17.401] [bmv2] [D] [thread 30111] [53.0] [cxt 0] Pipeline 'ingress': start
[12:05:17.401] [bmv2] [T] [thread 30111] [53.0] [cxt 0] streaming.p4(158) Condition "hdr.ipv4.isValid()" (node_2) is false
[12:05:17.401] [bmv2] [D] [thread 30111] [53.0] [cxt 0] Pipeline 'ingress': end
[12:05:17.403] [bmv2] [D] [thread 30111] [53.0] [cxt 0] Egress port is 0
[12:05:17.403] [bmv2] [D] [thread 30112] [53.0] [cxt 0] Pipeline 'egress': start
[12:05:17.403] [bmv2] [D] [thread 30112] [53.0] [cxt 0] Pipeline 'egress': end
[12:05:17.404] [bmv2] [D] [thread 30112] [53.0] [cxt 0] Deparser 'deparser': start
[12:05:17.404] [bmv2] [D] [thread 30112] [53.0] [cxt 0] Deparsing header 'ethernet'
[12:05:17.404] [bmv2] [D] [thread 30112] [53.0] [cxt 0] Deparser 'deparser': end
[12:05:17.404] [bmv2] [D] [thread 30116] [53.0] [cxt 0] Transmitting packet of size 70 out of port 0
[12:05:23.560] [bmv2] [D] [thread 30111] [54.0] [cxt 0] Processing packet received on port 1
[12:05:23.561] [bmv2] [D] [thread 30111] [54.0] [cxt 0] Parser 'parser': start
[12:05:23.562] [bmv2] [D] [thread 30111] [54.0] [cxt 0] Parser 'parser' entering state 'start'
[12:05:23.562] [bmv2] [D] [thread 30111] [54.0] [cxt 0] Extracting header 'ethernet'
[12:05:23.564] [bmv2] [D] [thread 30111] [54.0] [cxt 0] Parser state 'start': key is 86dd
[12:05:23.565] [bmv2] [T] [thread 30111] [54.0] [cxt 0] Bytes parsed: 14
[12:05:23.566] [bmv2] [D] [thread 30111] [54.0] [cxt 0] Parser 'parser': end
[12:05:23.566] [bmv2] [D] [thread 30111] [54.0] [cxt 0] Pipeline 'ingress': start
[12:05:23.567] [bmv2] [T] [thread 30111] [54.0] [cxt 0] streaming.p4(158) Condition "hdr.ipv4.isValid()" (node_2) is false
[12:05:23.568] [bmv2] [D] [thread 30111] [54.0] [cxt 0] Pipeline 'ingress': end
[12:05:23.569] [bmv2] [D] [thread 30111] [54.0] [cxt 0] Egress port is 0
[12:05:23.572] [bmv2] [D] [thread 30112] [54.0] [cxt 0] Pipeline 'egress': start
[12:05:23.572] [bmv2] [D] [thread 30112] [54.0] [cxt 0] Pipeline 'egress': end
[12:05:23.573] [bmv2] [D] [thread 30112] [54.0] [cxt 0] Deparser 'deparser': start
[12:05:23.573] [bmv2] [D] [thread 30112] [54.0] [cxt 0] Deparsing header 'ethernet'
[12:05:23.574] [bmv2] [D] [thread 30112] [54.0] [cxt 0] Deparser 'deparser': end
[12:05:23.574] [bmv2] [D] [thread 30116] [54.0] [cxt 0] Transmitting packet of size 70 out of port 0
[12:05:29.724] [bmv2] [D] [thread 30111] [55.0] [cxt 0] Processing packet received on port 2
[12:05:29.725] [bmv2] [D] [thread 30111] [55.0] [cxt 0] Parser 'parser': start
[12:05:29.726] [bmv2] [D] [thread 30111] [55.0] [cxt 0] Parser 'parser' entering state 'start'
[12:05:29.727] [bmv2] [D] [thread 30111] [55.0] [cxt 0] Extracting header 'ethernet'
[12:05:29.728] [bmv2] [D] [thread 30111] [55.0] [cxt 0] Parser state 'start': key is 86dd
[12:05:29.729] [bmv2] [T] [thread 30111] [55.0] [cxt 0] Bytes parsed: 14
[12:05:29.730] [bmv2] [D] [thread 30111] [55.0] [cxt 0] Parser 'parser': end
[12:05:29.731] [bmv2] [D] [thread 30111] [55.0] [cxt 0] Pipeline 'ingress': start
[12:05:29.738] [bmv2] [T] [thread 30111] [55.0] [cxt 0] streaming.p4(158) Condition "hdr.ipv4.isValid()" (node_2) is false
[12:05:29.744] [bmv2] [D] [thread 30111] [55.0] [cxt 0] Pipeline 'ingress': end
[12:05:29.746] [bmv2] [D] [thread 30111] [55.0] [cxt 0] Egress port is 0
[12:05:29.747] [bmv2] [D] [thread 30112] [55.0] [cxt 0] Pipeline 'egress': start
[12:05:29.748] [bmv2] [D] [thread 30112] [55.0] [cxt 0] Pipeline 'egress': end
[12:05:29.749] [bmv2] [D] [thread 30112] [55.0] [cxt 0] Deparser 'deparser': start
[12:05:29.751] [bmv2] [D] [thread 30112] [55.0] [cxt 0] Deparsing header 'ethernet'
[12:05:29.753] [bmv2] [D] [thread 30112] [55.0] [cxt 0] Deparser 'deparser': end
[12:05:29.754] [bmv2] [D] [thread 30116] [55.0] [cxt 0] Transmitting packet of size 70 out of port 0
[12:05:41.991] [bmv2] [D] [thread 30111] [56.0] [cxt 0] Processing packet received on port 3
[12:05:41.991] [bmv2] [D] [thread 30111] [56.0] [cxt 0] Parser 'parser': start
[12:05:41.991] [bmv2] [D] [thread 30111] [56.0] [cxt 0] Parser 'parser' entering state 'start'
[12:05:41.992] [bmv2] [D] [thread 30111] [56.0] [cxt 0] Extracting header 'ethernet'
[12:05:41.992] [bmv2] [D] [thread 30111] [56.0] [cxt 0] Parser state 'start': key is 86dd
[12:05:41.992] [bmv2] [T] [thread 30111] [56.0] [cxt 0] Bytes parsed: 14
[12:05:41.992] [bmv2] [D] [thread 30111] [56.0] [cxt 0] Parser 'parser': end
[12:05:41.993] [bmv2] [D] [thread 30111] [56.0] [cxt 0] Pipeline 'ingress': start
[12:05:41.993] [bmv2] [T] [thread 30111] [56.0] [cxt 0] streaming.p4(158) Condition "hdr.ipv4.isValid()" (node_2) is false
[12:05:41.993] [bmv2] [D] [thread 30111] [56.0] [cxt 0] Pipeline 'ingress': end
[12:05:41.993] [bmv2] [D] [thread 30111] [56.0] [cxt 0] Egress port is 0
[12:05:41.994] [bmv2] [D] [thread 30112] [56.0] [cxt 0] Pipeline 'egress': start
[12:05:41.994] [bmv2] [D] [thread 30112] [56.0] [cxt 0] Pipeline 'egress': end
[12:05:41.994] [bmv2] [D] [thread 30112] [56.0] [cxt 0] Deparser 'deparser': start
[12:05:41.994] [bmv2] [D] [thread 30112] [56.0] [cxt 0] Deparsing header 'ethernet'
[12:05:41.995] [bmv2] [D] [thread 30112] [56.0] [cxt 0] Deparser 'deparser': end
[12:05:41.995] [bmv2] [D] [thread 30116] [56.0] [cxt 0] Transmitting packet of size 70 out of port 0
[12:06:49.583] [bmv2] [D] [thread 30111] [57.0] [cxt 0] Processing packet received on port 3
[12:06:49.584] [bmv2] [D] [thread 30111] [57.0] [cxt 0] Parser 'parser': start
[12:06:49.585] [bmv2] [D] [thread 30111] [57.0] [cxt 0] Parser 'parser' entering state 'start'
[12:06:49.586] [bmv2] [D] [thread 30111] [57.0] [cxt 0] Extracting header 'ethernet'
[12:06:49.587] [bmv2] [D] [thread 30111] [57.0] [cxt 0] Parser state 'start': key is 86dd
[12:06:49.587] [bmv2] [T] [thread 30111] [57.0] [cxt 0] Bytes parsed: 14
[12:06:49.587] [bmv2] [D] [thread 30111] [57.0] [cxt 0] Parser 'parser': end
[12:06:49.588] [bmv2] [D] [thread 30111] [57.0] [cxt 0] Pipeline 'ingress': start
[12:06:49.589] [bmv2] [T] [thread 30111] [57.0] [cxt 0] streaming.p4(158) Condition "hdr.ipv4.isValid()" (node_2) is false
[12:06:49.589] [bmv2] [D] [thread 30111] [57.0] [cxt 0] Pipeline 'ingress': end
[12:06:49.592] [bmv2] [D] [thread 30111] [57.0] [cxt 0] Egress port is 0
[12:06:49.598] [bmv2] [D] [thread 30112] [57.0] [cxt 0] Pipeline 'egress': start
[12:06:49.598] [bmv2] [D] [thread 30112] [57.0] [cxt 0] Pipeline 'egress': end
[12:06:49.599] [bmv2] [D] [thread 30112] [57.0] [cxt 0] Deparser 'deparser': start
[12:06:49.599] [bmv2] [D] [thread 30112] [57.0] [cxt 0] Deparsing header 'ethernet'
[12:06:49.600] [bmv2] [D] [thread 30112] [57.0] [cxt 0] Deparser 'deparser': end
[12:06:49.600] [bmv2] [D] [thread 30116] [57.0] [cxt 0] Transmitting packet of size 70 out of port 0
[12:07:24.375] [bmv2] [D] [thread 30111] [58.0] [cxt 0] Processing packet received on port 1
[12:07:24.376] [bmv2] [D] [thread 30111] [58.0] [cxt 0] Parser 'parser': start
[12:07:24.378] [bmv2] [D] [thread 30111] [58.0] [cxt 0] Parser 'parser' entering state 'start'
[12:07:24.384] [bmv2] [D] [thread 30111] [58.0] [cxt 0] Extracting header 'ethernet'
[12:07:24.385] [bmv2] [D] [thread 30111] [58.0] [cxt 0] Parser state 'start': key is 86dd
[12:07:24.387] [bmv2] [T] [thread 30111] [58.0] [cxt 0] Bytes parsed: 14
[12:07:24.388] [bmv2] [D] [thread 30111] [58.0] [cxt 0] Parser 'parser': end
[12:07:24.393] [bmv2] [D] [thread 30111] [58.0] [cxt 0] Pipeline 'ingress': start
[12:07:24.394] [bmv2] [T] [thread 30111] [58.0] [cxt 0] streaming.p4(158) Condition "hdr.ipv4.isValid()" (node_2) is false
[12:07:24.394] [bmv2] [D] [thread 30111] [58.0] [cxt 0] Pipeline 'ingress': end
[12:07:24.395] [bmv2] [D] [thread 30111] [58.0] [cxt 0] Egress port is 0
[12:07:24.400] [bmv2] [D] [thread 30111] [59.0] [cxt 0] Processing packet received on port 2
[12:07:24.400] [bmv2] [D] [thread 30111] [59.0] [cxt 0] Parser 'parser': start
[12:07:24.401] [bmv2] [D] [thread 30111] [59.0] [cxt 0] Parser 'parser' entering state 'start'
[12:07:24.401] [bmv2] [D] [thread 30111] [59.0] [cxt 0] Extracting header 'ethernet'
[12:07:24.400] [bmv2] [D] [thread 30112] [58.0] [cxt 0] Pipeline 'egress': start
[12:07:24.402] [bmv2] [D] [thread 30112] [58.0] [cxt 0] Pipeline 'egress': end
[12:07:24.402] [bmv2] [D] [thread 30112] [58.0] [cxt 0] Deparser 'deparser': start
[12:07:24.403] [bmv2] [D] [thread 30112] [58.0] [cxt 0] Deparsing header 'ethernet'
[12:07:24.403] [bmv2] [D] [thread 30112] [58.0] [cxt 0] Deparser 'deparser': end
[12:07:24.404] [bmv2] [D] [thread 30116] [58.0] [cxt 0] Transmitting packet of size 70 out of port 0
[12:07:24.403] [bmv2] [D] [thread 30111] [59.0] [cxt 0] Parser state 'start': key is 86dd
[12:07:24.405] [bmv2] [T] [thread 30111] [59.0] [cxt 0] Bytes parsed: 14
[12:07:24.405] [bmv2] [D] [thread 30111] [59.0] [cxt 0] Parser 'parser': end
[12:07:24.406] [bmv2] [D] [thread 30111] [59.0] [cxt 0] Pipeline 'ingress': start
[12:07:24.406] [bmv2] [T] [thread 30111] [59.0] [cxt 0] streaming.p4(158) Condition "hdr.ipv4.isValid()" (node_2) is false
[12:07:24.406] [bmv2] [D] [thread 30111] [59.0] [cxt 0] Pipeline 'ingress': end
[12:07:24.406] [bmv2] [D] [thread 30111] [59.0] [cxt 0] Egress port is 0
[12:07:24.407] [bmv2] [D] [thread 30112] [59.0] [cxt 0] Pipeline 'egress': start
[12:07:24.407] [bmv2] [D] [thread 30112] [59.0] [cxt 0] Pipeline 'egress': end
[12:07:24.407] [bmv2] [D] [thread 30112] [59.0] [cxt 0] Deparser 'deparser': start
[12:07:24.408] [bmv2] [D] [thread 30112] [59.0] [cxt 0] Deparsing header 'ethernet'
[12:07:24.408] [bmv2] [D] [thread 30112] [59.0] [cxt 0] Deparser 'deparser': end
[12:07:24.408] [bmv2] [D] [thread 30116] [59.0] [cxt 0] Transmitting packet of size 70 out of port 0
[12:07:34.618] [bmv2] [D] [thread 30111] [60.0] [cxt 0] Processing packet received on port 2
[12:07:34.619] [bmv2] [D] [thread 30111] [60.0] [cxt 0] Parser 'parser': start
[12:07:34.619] [bmv2] [D] [thread 30111] [60.0] [cxt 0] Parser 'parser' entering state 'start'
[12:07:34.619] [bmv2] [D] [thread 30111] [60.0] [cxt 0] Extracting header 'ethernet'
[12:07:34.620] [bmv2] [D] [thread 30111] [60.0] [cxt 0] Parser state 'start': key is 86dd
[12:07:34.621] [bmv2] [T] [thread 30111] [60.0] [cxt 0] Bytes parsed: 14
[12:07:34.621] [bmv2] [D] [thread 30111] [60.0] [cxt 0] Parser 'parser': end
[12:07:34.623] [bmv2] [D] [thread 30111] [60.0] [cxt 0] Pipeline 'ingress': start
[12:07:34.625] [bmv2] [T] [thread 30111] [60.0] [cxt 0] streaming.p4(158) Condition "hdr.ipv4.isValid()" (node_2) is false
[12:07:34.627] [bmv2] [D] [thread 30111] [60.0] [cxt 0] Pipeline 'ingress': end
[12:07:34.629] [bmv2] [D] [thread 30111] [60.0] [cxt 0] Egress port is 0
[12:07:34.630] [bmv2] [D] [thread 30112] [60.0] [cxt 0] Pipeline 'egress': start
[12:07:34.631] [bmv2] [D] [thread 30112] [60.0] [cxt 0] Pipeline 'egress': end
[12:07:34.631] [bmv2] [D] [thread 30112] [60.0] [cxt 0] Deparser 'deparser': start
[12:07:34.632] [bmv2] [D] [thread 30112] [60.0] [cxt 0] Deparsing header 'ethernet'
[12:07:34.633] [bmv2] [D] [thread 30112] [60.0] [cxt 0] Deparser 'deparser': end
[12:07:34.633] [bmv2] [D] [thread 30116] [60.0] [cxt 0] Transmitting packet of size 70 out of port 0
[12:08:13.547] [bmv2] [D] [thread 30111] [61.0] [cxt 0] Processing packet received on port 3
[12:08:13.548] [bmv2] [D] [thread 30111] [61.0] [cxt 0] Parser 'parser': start
[12:08:13.549] [bmv2] [D] [thread 30111] [61.0] [cxt 0] Parser 'parser' entering state 'start'
[12:08:13.550] [bmv2] [D] [thread 30111] [61.0] [cxt 0] Extracting header 'ethernet'
[12:08:13.550] [bmv2] [D] [thread 30111] [61.0] [cxt 0] Parser state 'start': key is 86dd
[12:08:13.553] [bmv2] [T] [thread 30111] [61.0] [cxt 0] Bytes parsed: 14
[12:08:13.554] [bmv2] [D] [thread 30111] [61.0] [cxt 0] Parser 'parser': end
[12:08:13.556] [bmv2] [D] [thread 30111] [61.0] [cxt 0] Pipeline 'ingress': start
[12:08:13.558] [bmv2] [T] [thread 30111] [61.0] [cxt 0] streaming.p4(158) Condition "hdr.ipv4.isValid()" (node_2) is false
[12:08:13.559] [bmv2] [D] [thread 30111] [61.0] [cxt 0] Pipeline 'ingress': end
[12:08:13.561] [bmv2] [D] [thread 30111] [61.0] [cxt 0] Egress port is 0
[12:08:13.563] [bmv2] [D] [thread 30112] [61.0] [cxt 0] Pipeline 'egress': start
[12:08:13.564] [bmv2] [D] [thread 30112] [61.0] [cxt 0] Pipeline 'egress': end
[12:08:13.566] [bmv2] [D] [thread 30112] [61.0] [cxt 0] Deparser 'deparser': start
[12:08:13.569] [bmv2] [D] [thread 30112] [61.0] [cxt 0] Deparsing header 'ethernet'
[12:08:13.571] [bmv2] [D] [thread 30112] [61.0] [cxt 0] Deparser 'deparser': end
[12:08:13.573] [bmv2] [D] [thread 30116] [61.0] [cxt 0] Transmitting packet of size 70 out of port 0
[12:10:08.241] [bmv2] [D] [thread 30111] [62.0] [cxt 0] Processing packet received on port 3
[12:10:08.242] [bmv2] [D] [thread 30111] [62.0] [cxt 0] Parser 'parser': start
[12:10:08.242] [bmv2] [D] [thread 30111] [62.0] [cxt 0] Parser 'parser' entering state 'start'
[12:10:08.243] [bmv2] [D] [thread 30111] [62.0] [cxt 0] Extracting header 'ethernet'
[12:10:08.243] [bmv2] [D] [thread 30111] [62.0] [cxt 0] Parser state 'start': key is 86dd
[12:10:08.244] [bmv2] [T] [thread 30111] [62.0] [cxt 0] Bytes parsed: 14
[12:10:08.245] [bmv2] [D] [thread 30111] [62.0] [cxt 0] Parser 'parser': end
[12:10:08.245] [bmv2] [D] [thread 30111] [62.0] [cxt 0] Pipeline 'ingress': start
[12:10:08.246] [bmv2] [T] [thread 30111] [62.0] [cxt 0] streaming.p4(158) Condition "hdr.ipv4.isValid()" (node_2) is false
[12:10:08.247] [bmv2] [D] [thread 30111] [62.0] [cxt 0] Pipeline 'ingress': end
[12:10:08.247] [bmv2] [D] [thread 30111] [62.0] [cxt 0] Egress port is 0
[12:10:08.248] [bmv2] [D] [thread 30112] [62.0] [cxt 0] Pipeline 'egress': start
[12:10:08.249] [bmv2] [D] [thread 30112] [62.0] [cxt 0] Pipeline 'egress': end
[12:10:08.249] [bmv2] [D] [thread 30112] [62.0] [cxt 0] Deparser 'deparser': start
[12:10:08.250] [bmv2] [D] [thread 30112] [62.0] [cxt 0] Deparsing header 'ethernet'
[12:10:08.251] [bmv2] [D] [thread 30112] [62.0] [cxt 0] Deparser 'deparser': end
[12:10:08.251] [bmv2] [D] [thread 30116] [62.0] [cxt 0] Transmitting packet of size 70 out of port 0
[12:11:30.135] [bmv2] [D] [thread 30111] [63.0] [cxt 0] Processing packet received on port 1
[12:11:30.136] [bmv2] [D] [thread 30111] [63.0] [cxt 0] Parser 'parser': start
[12:11:30.136] [bmv2] [D] [thread 30111] [63.0] [cxt 0] Parser 'parser' entering state 'start'
[12:11:30.137] [bmv2] [D] [thread 30111] [63.0] [cxt 0] Extracting header 'ethernet'
[12:11:30.138] [bmv2] [D] [thread 30111] [63.0] [cxt 0] Parser state 'start': key is 86dd
[12:11:30.138] [bmv2] [T] [thread 30111] [63.0] [cxt 0] Bytes parsed: 14
[12:11:30.139] [bmv2] [D] [thread 30111] [63.0] [cxt 0] Parser 'parser': end
[12:11:30.139] [bmv2] [D] [thread 30111] [63.0] [cxt 0] Pipeline 'ingress': start
[12:11:30.140] [bmv2] [T] [thread 30111] [63.0] [cxt 0] streaming.p4(158) Condition "hdr.ipv4.isValid()" (node_2) is false
[12:11:30.145] [bmv2] [D] [thread 30111] [63.0] [cxt 0] Pipeline 'ingress': end
[12:11:30.145] [bmv2] [D] [thread 30111] [63.0] [cxt 0] Egress port is 0
[12:11:30.146] [bmv2] [D] [thread 30112] [63.0] [cxt 0] Pipeline 'egress': start
[12:11:30.147] [bmv2] [D] [thread 30112] [63.0] [cxt 0] Pipeline 'egress': end
[12:11:30.147] [bmv2] [D] [thread 30112] [63.0] [cxt 0] Deparser 'deparser': start
[12:11:30.148] [bmv2] [D] [thread 30112] [63.0] [cxt 0] Deparsing header 'ethernet'
[12:11:30.149] [bmv2] [D] [thread 30112] [63.0] [cxt 0] Deparser 'deparser': end
[12:11:30.150] [bmv2] [D] [thread 30116] [63.0] [cxt 0] Transmitting packet of size 70 out of port 0
[12:12:02.952] [bmv2] [D] [thread 30111] [64.0] [cxt 0] Processing packet received on port 2
[12:12:02.954] [bmv2] [D] [thread 30111] [64.0] [cxt 0] Parser 'parser': start
[12:12:02.956] [bmv2] [D] [thread 30111] [64.0] [cxt 0] Parser 'parser' entering state 'start'
[12:12:02.957] [bmv2] [D] [thread 30111] [64.0] [cxt 0] Extracting header 'ethernet'
[12:12:02.958] [bmv2] [D] [thread 30111] [64.0] [cxt 0] Parser state 'start': key is 86dd
[12:12:02.959] [bmv2] [T] [thread 30111] [64.0] [cxt 0] Bytes parsed: 14
[12:12:02.960] [bmv2] [D] [thread 30111] [64.0] [cxt 0] Parser 'parser': end
[12:12:02.960] [bmv2] [D] [thread 30111] [64.0] [cxt 0] Pipeline 'ingress': start
[12:12:02.960] [bmv2] [T] [thread 30111] [64.0] [cxt 0] streaming.p4(158) Condition "hdr.ipv4.isValid()" (node_2) is false
[12:12:02.961] [bmv2] [D] [thread 30111] [64.0] [cxt 0] Pipeline 'ingress': end
[12:12:02.961] [bmv2] [D] [thread 30111] [64.0] [cxt 0] Egress port is 0
[12:12:02.962] [bmv2] [D] [thread 30112] [64.0] [cxt 0] Pipeline 'egress': start
[12:12:02.962] [bmv2] [D] [thread 30112] [64.0] [cxt 0] Pipeline 'egress': end
[12:12:02.963] [bmv2] [D] [thread 30112] [64.0] [cxt 0] Deparser 'deparser': start
[12:12:02.963] [bmv2] [D] [thread 30112] [64.0] [cxt 0] Deparsing header 'ethernet'
[12:12:02.964] [bmv2] [D] [thread 30112] [64.0] [cxt 0] Deparser 'deparser': end
[12:12:02.964] [bmv2] [D] [thread 30116] [64.0] [cxt 0] Transmitting packet of size 70 out of port 0
[12:12:02.962] [bmv2] [D] [thread 30111] [65.0] [cxt 0] Processing packet received on port 2
[12:12:02.966] [bmv2] [D] [thread 30111] [65.0] [cxt 0] Parser 'parser': start
[12:12:02.966] [bmv2] [D] [thread 30111] [65.0] [cxt 0] Parser 'parser' entering state 'start'
[12:12:02.967] [bmv2] [D] [thread 30111] [65.0] [cxt 0] Extracting header 'ethernet'
[12:12:02.968] [bmv2] [D] [thread 30111] [65.0] [cxt 0] Parser state 'start': key is 86dd
[12:12:02.969] [bmv2] [T] [thread 30111] [65.0] [cxt 0] Bytes parsed: 14
[12:12:02.970] [bmv2] [D] [thread 30111] [65.0] [cxt 0] Parser 'parser': end
[12:12:02.970] [bmv2] [D] [thread 30111] [65.0] [cxt 0] Pipeline 'ingress': start
[12:12:02.971] [bmv2] [T] [thread 30111] [65.0] [cxt 0] streaming.p4(158) Condition "hdr.ipv4.isValid()" (node_2) is false
[12:12:02.972] [bmv2] [D] [thread 30111] [65.0] [cxt 0] Pipeline 'ingress': end
[12:12:02.972] [bmv2] [D] [thread 30111] [65.0] [cxt 0] Egress port is 0
[12:12:02.972] [bmv2] [D] [thread 30112] [65.0] [cxt 0] Pipeline 'egress': start
[12:12:02.973] [bmv2] [D] [thread 30112] [65.0] [cxt 0] Pipeline 'egress': end
[12:12:02.974] [bmv2] [D] [thread 30112] [65.0] [cxt 0] Deparser 'deparser': start
[12:12:02.974] [bmv2] [D] [thread 30112] [65.0] [cxt 0] Deparsing header 'ethernet'
[12:12:02.974] [bmv2] [D] [thread 30112] [65.0] [cxt 0] Deparser 'deparser': end
[12:12:02.975] [bmv2] [D] [thread 30116] [65.0] [cxt 0] Transmitting packet of size 70 out of port 0
[12:13:24.824] [bmv2] [D] [thread 30111] [66.0] [cxt 0] Processing packet received on port 3
[12:13:24.824] [bmv2] [D] [thread 30111] [66.0] [cxt 0] Parser 'parser': start
[12:13:24.825] [bmv2] [D] [thread 30111] [66.0] [cxt 0] Parser 'parser' entering state 'start'
[12:13:24.825] [bmv2] [D] [thread 30111] [66.0] [cxt 0] Extracting header 'ethernet'
[12:13:24.826] [bmv2] [D] [thread 30111] [66.0] [cxt 0] Parser state 'start': key is 86dd
[12:13:24.827] [bmv2] [T] [thread 30111] [66.0] [cxt 0] Bytes parsed: 14
[12:13:24.828] [bmv2] [D] [thread 30111] [66.0] [cxt 0] Parser 'parser': end
[12:13:24.828] [bmv2] [D] [thread 30111] [66.0] [cxt 0] Pipeline 'ingress': start
[12:13:24.829] [bmv2] [T] [thread 30111] [66.0] [cxt 0] streaming.p4(158) Condition "hdr.ipv4.isValid()" (node_2) is false
[12:13:24.830] [bmv2] [D] [thread 30111] [66.0] [cxt 0] Pipeline 'ingress': end
[12:13:24.830] [bmv2] [D] [thread 30111] [66.0] [cxt 0] Egress port is 0
[12:13:24.831] [bmv2] [D] [thread 30112] [66.0] [cxt 0] Pipeline 'egress': start
[12:13:24.832] [bmv2] [D] [thread 30112] [66.0] [cxt 0] Pipeline 'egress': end
[12:13:24.832] [bmv2] [D] [thread 30112] [66.0] [cxt 0] Deparser 'deparser': start
[12:13:24.832] [bmv2] [D] [thread 30112] [66.0] [cxt 0] Deparsing header 'ethernet'
[12:13:24.833] [bmv2] [D] [thread 30112] [66.0] [cxt 0] Deparser 'deparser': end
[12:13:24.834] [bmv2] [D] [thread 30116] [66.0] [cxt 0] Transmitting packet of size 70 out of port 0
