Calling target program-options parser
[12:03:20.492] [bmv2] [D] [thread 30123] Set default default entry for table 'MyIngress.ipv4_lpm': NoAction - 
Adding interface s2-eth1 as port 1
[12:03:20.503] [bmv2] [D] [thread 30123] Adding interface s2-eth1 as port 1
Adding interface s2-eth2 as port 2
[12:03:20.546] [bmv2] [D] [thread 30123] Adding interface s2-eth2 as port 2
Adding interface s2-eth3 as port 3
[12:03:20.597] [bmv2] [D] [thread 30123] Adding interface s2-eth3 as port 3
Server listening on 0.0.0.0:50052
[12:03:20.646] [bmv2] [I] [thread 30123] Starting Thrift server on port 9091
[12:03:20.647] [bmv2] [I] [thread 30123] Thrift server was started
[12:03:20.653] [bmv2] [D] [thread 30134] [0.0] [cxt 0] Processing packet received on port 1
[12:03:20.653] [bmv2] [D] [thread 30134] [0.0] [cxt 0] Parser 'parser': start
[12:03:20.654] [bmv2] [D] [thread 30134] [0.0] [cxt 0] Parser 'parser' entering state 'start'
[12:03:20.655] [bmv2] [D] [thread 30134] [0.0] [cxt 0] Extracting header 'ethernet'
[12:03:20.655] [bmv2] [D] [thread 30134] [0.0] [cxt 0] Parser state 'start': key is 86dd
[12:03:20.656] [bmv2] [T] [thread 30134] [0.0] [cxt 0] Bytes parsed: 14
[12:03:20.656] [bmv2] [D] [thread 30134] [0.0] [cxt 0] Parser 'parser': end
[12:03:20.657] [bmv2] [D] [thread 30134] [0.0] [cxt 0] Pipeline 'ingress': start
[12:03:20.659] [bmv2] [T] [thread 30134] [0.0] [cxt 0] streaming.p4(158) Condition "hdr.ipv4.isValid()" (node_2) is false
[12:03:20.660] [bmv2] [D] [thread 30134] [0.0] [cxt 0] Pipeline 'ingress': end
[12:03:20.660] [bmv2] [D] [thread 30134] [0.0] [cxt 0] Egress port is 0
[12:03:20.661] [bmv2] [D] [thread 30134] [1.0] [cxt 0] Processing packet received on port 3
[12:03:20.662] [bmv2] [D] [thread 30134] [1.0] [cxt 0] Parser 'parser': start
[12:03:20.662] [bmv2] [D] [thread 30135] [0.0] [cxt 0] Pipeline 'egress': start
[12:03:20.663] [bmv2] [D] [thread 30135] [0.0] [cxt 0] Pipeline 'egress': end
[12:03:20.663] [bmv2] [D] [thread 30135] [0.0] [cxt 0] Deparser 'deparser': start
[12:03:20.664] [bmv2] [D] [thread 30135] [0.0] [cxt 0] Deparsing header 'ethernet'
[12:03:20.664] [bmv2] [D] [thread 30135] [0.0] [cxt 0] Deparser 'deparser': end
[12:03:20.662] [bmv2] [D] [thread 30134] [1.0] [cxt 0] Parser 'parser' entering state 'start'
[12:03:20.665] [bmv2] [D] [thread 30134] [1.0] [cxt 0] Extracting header 'ethernet'
[12:03:20.666] [bmv2] [D] [thread 30134] [1.0] [cxt 0] Parser state 'start': key is 86dd
[12:03:20.666] [bmv2] [T] [thread 30134] [1.0] [cxt 0] Bytes parsed: 14
[12:03:20.665] [bmv2] [D] [thread 30139] [0.0] [cxt 0] Transmitting packet of size 219 out of port 0
[12:03:20.667] [bmv2] [D] [thread 30134] [1.0] [cxt 0] Parser 'parser': end
[12:03:20.668] [bmv2] [D] [thread 30134] [1.0] [cxt 0] Pipeline 'ingress': start
[12:03:20.668] [bmv2] [T] [thread 30134] [1.0] [cxt 0] streaming.p4(158) Condition "hdr.ipv4.isValid()" (node_2) is false
[12:03:20.668] [bmv2] [D] [thread 30134] [1.0] [cxt 0] Pipeline 'ingress': end
[12:03:20.669] [bmv2] [D] [thread 30134] [1.0] [cxt 0] Egress port is 0
[12:03:20.669] [bmv2] [D] [thread 30135] [1.0] [cxt 0] Pipeline 'egress': start
[12:03:20.670] [bmv2] [D] [thread 30135] [1.0] [cxt 0] Pipeline 'egress': end
[12:03:20.671] [bmv2] [D] [thread 30135] [1.0] [cxt 0] Deparser 'deparser': start
[12:03:20.672] [bmv2] [D] [thread 30135] [1.0] [cxt 0] Deparsing header 'ethernet'
[12:03:20.672] [bmv2] [D] [thread 30135] [1.0] [cxt 0] Deparser 'deparser': end
[12:03:20.673] [bmv2] [D] [thread 30139] [1.0] [cxt 0] Transmitting packet of size 110 out of port 0
[12:03:20.671] [bmv2] [D] [thread 30134] [2.0] [cxt 0] Processing packet received on port 2
[12:03:20.674] [bmv2] [D] [thread 30134] [2.0] [cxt 0] Parser 'parser': start
[12:03:20.675] [bmv2] [D] [thread 30134] [2.0] [cxt 0] Parser 'parser' entering state 'start'
[12:03:20.675] [bmv2] [D] [thread 30134] [2.0] [cxt 0] Extracting header 'ethernet'
[12:03:20.676] [bmv2] [D] [thread 30134] [2.0] [cxt 0] Parser state 'start': key is 86dd
[12:03:20.676] [bmv2] [T] [thread 30134] [2.0] [cxt 0] Bytes parsed: 14
[12:03:20.677] [bmv2] [D] [thread 30134] [2.0] [cxt 0] Parser 'parser': end
[12:03:20.677] [bmv2] [D] [thread 30134] [2.0] [cxt 0] Pipeline 'ingress': start
[12:03:20.678] [bmv2] [T] [thread 30134] [2.0] [cxt 0] streaming.p4(158) Condition "hdr.ipv4.isValid()" (node_2) is false
[12:03:20.678] [bmv2] [D] [thread 30134] [2.0] [cxt 0] Pipeline 'ingress': end
[12:03:20.678] [bmv2] [D] [thread 30134] [2.0] [cxt 0] Egress port is 0
[12:03:20.679] [bmv2] [D] [thread 30135] [2.0] [cxt 0] Pipeline 'egress': start
[12:03:20.679] [bmv2] [D] [thread 30135] [2.0] [cxt 0] Pipeline 'egress': end
[12:03:20.680] [bmv2] [D] [thread 30135] [2.0] [cxt 0] Deparser 'deparser': start
[12:03:20.680] [bmv2] [D] [thread 30135] [2.0] [cxt 0] Deparsing header 'ethernet'
[12:03:20.681] [bmv2] [D] [thread 30135] [2.0] [cxt 0] Deparser 'deparser': end
[12:03:20.682] [bmv2] [D] [thread 30139] [2.0] [cxt 0] Transmitting packet of size 219 out of port 0
[12:03:20.761] [bmv2] [D] [thread 30134] [3.0] [cxt 0] Processing packet received on port 2
[12:03:20.762] [bmv2] [D] [thread 30134] [3.0] [cxt 0] Parser 'parser': start
[12:03:20.763] [bmv2] [D] [thread 30134] [3.0] [cxt 0] Parser 'parser' entering state 'start'
[12:03:20.764] [bmv2] [D] [thread 30134] [3.0] [cxt 0] Extracting header 'ethernet'
[12:03:20.764] [bmv2] [D] [thread 30134] [3.0] [cxt 0] Parser state 'start': key is 86dd
[12:03:20.765] [bmv2] [T] [thread 30134] [3.0] [cxt 0] Bytes parsed: 14
[12:03:20.766] [bmv2] [D] [thread 30134] [3.0] [cxt 0] Parser 'parser': end
[12:03:20.766] [bmv2] [D] [thread 30134] [3.0] [cxt 0] Pipeline 'ingress': start
[12:03:20.767] [bmv2] [T] [thread 30134] [3.0] [cxt 0] streaming.p4(158) Condition "hdr.ipv4.isValid()" (node_2) is false
[12:03:20.767] [bmv2] [D] [thread 30134] [3.0] [cxt 0] Pipeline 'ingress': end
[12:03:20.768] [bmv2] [D] [thread 30134] [3.0] [cxt 0] Egress port is 0
[12:03:20.769] [bmv2] [D] [thread 30135] [3.0] [cxt 0] Pipeline 'egress': start
[12:03:20.769] [bmv2] [D] [thread 30135] [3.0] [cxt 0] Pipeline 'egress': end
[12:03:20.770] [bmv2] [D] [thread 30135] [3.0] [cxt 0] Deparser 'deparser': start
[12:03:20.770] [bmv2] [D] [thread 30135] [3.0] [cxt 0] Deparsing header 'ethernet'
[12:03:20.770] [bmv2] [D] [thread 30135] [3.0] [cxt 0] Deparser 'deparser': end
[12:03:20.771] [bmv2] [D] [thread 30139] [3.0] [cxt 0] Transmitting packet of size 207 out of port 0
[12:03:20.770] [bmv2] [D] [thread 30134] [4.0] [cxt 0] Processing packet received on port 1
[12:03:20.772] [bmv2] [D] [thread 30134] [4.0] [cxt 0] Parser 'parser': start
[12:03:20.772] [bmv2] [D] [thread 30134] [4.0] [cxt 0] Parser 'parser' entering state 'start'
[12:03:20.773] [bmv2] [D] [thread 30134] [4.0] [cxt 0] Extracting header 'ethernet'
[12:03:20.773] [bmv2] [D] [thread 30134] [4.0] [cxt 0] Parser state 'start': key is 86dd
[12:03:20.774] [bmv2] [T] [thread 30134] [4.0] [cxt 0] Bytes parsed: 14
[12:03:20.775] [bmv2] [D] [thread 30134] [4.0] [cxt 0] Parser 'parser': end
[12:03:20.775] [bmv2] [D] [thread 30134] [4.0] [cxt 0] Pipeline 'ingress': start
[12:03:20.776] [bmv2] [T] [thread 30134] [4.0] [cxt 0] streaming.p4(158) Condition "hdr.ipv4.isValid()" (node_2) is false
[12:03:20.777] [bmv2] [D] [thread 30134] [4.0] [cxt 0] Pipeline 'ingress': end
[12:03:20.777] [bmv2] [D] [thread 30134] [4.0] [cxt 0] Egress port is 0
[12:03:20.777] [bmv2] [D] [thread 30135] [4.0] [cxt 0] Pipeline 'egress': start
[12:03:20.778] [bmv2] [D] [thread 30135] [4.0] [cxt 0] Pipeline 'egress': end
[12:03:20.778] [bmv2] [D] [thread 30135] [4.0] [cxt 0] Deparser 'deparser': start
[12:03:20.779] [bmv2] [D] [thread 30135] [4.0] [cxt 0] Deparsing header 'ethernet'
[12:03:20.779] [bmv2] [D] [thread 30135] [4.0] [cxt 0] Deparser 'deparser': end
[12:03:20.780] [bmv2] [D] [thread 30139] [4.0] [cxt 0] Transmitting packet of size 207 out of port 0
[12:03:20.871] [bmv2] [D] [thread 30134] [5.0] [cxt 0] Processing packet received on port 3
[12:03:20.871] [bmv2] [D] [thread 30134] [5.0] [cxt 0] Parser 'parser': start
[12:03:20.872] [bmv2] [D] [thread 30134] [5.0] [cxt 0] Parser 'parser' entering state 'start'
[12:03:20.872] [bmv2] [D] [thread 30134] [5.0] [cxt 0] Extracting header 'ethernet'
[12:03:20.873] [bmv2] [D] [thread 30134] [5.0] [cxt 0] Parser state 'start': key is 86dd
[12:03:20.875] [bmv2] [T] [thread 30134] [5.0] [cxt 0] Bytes parsed: 14
[12:03:20.876] [bmv2] [D] [thread 30134] [5.0] [cxt 0] Parser 'parser': end
[12:03:20.876] [bmv2] [D] [thread 30134] [5.0] [cxt 0] Pipeline 'ingress': start
[12:03:20.877] [bmv2] [T] [thread 30134] [5.0] [cxt 0] streaming.p4(158) Condition "hdr.ipv4.isValid()" (node_2) is false
[12:03:20.877] [bmv2] [D] [thread 30134] [5.0] [cxt 0] Pipeline 'ingress': end
[12:03:20.878] [bmv2] [D] [thread 30134] [5.0] [cxt 0] Egress port is 0
[12:03:20.878] [bmv2] [D] [thread 30134] [6.0] [cxt 0] Processing packet received on port 3
[12:03:20.879] [bmv2] [D] [thread 30134] [6.0] [cxt 0] Parser 'parser': start
[12:03:20.879] [bmv2] [D] [thread 30134] [6.0] [cxt 0] Parser 'parser' entering state 'start'
[12:03:20.880] [bmv2] [D] [thread 30134] [6.0] [cxt 0] Extracting header 'ethernet'
[12:03:20.878] [bmv2] [D] [thread 30135] [5.0] [cxt 0] Pipeline 'egress': start
[12:03:20.881] [bmv2] [D] [thread 30135] [5.0] [cxt 0] Pipeline 'egress': end
[12:03:20.881] [bmv2] [D] [thread 30135] [5.0] [cxt 0] Deparser 'deparser': start
[12:03:20.882] [bmv2] [D] [thread 30135] [5.0] [cxt 0] Deparsing header 'ethernet'
[12:03:20.882] [bmv2] [D] [thread 30135] [5.0] [cxt 0] Deparser 'deparser': end
[12:03:20.880] [bmv2] [D] [thread 30134] [6.0] [cxt 0] Parser state 'start': key is 86dd
[12:03:20.883] [bmv2] [T] [thread 30134] [6.0] [cxt 0] Bytes parsed: 14
[12:03:20.884] [bmv2] [D] [thread 30134] [6.0] [cxt 0] Parser 'parser': end
[12:03:20.884] [bmv2] [D] [thread 30134] [6.0] [cxt 0] Pipeline 'ingress': start
[12:03:20.883] [bmv2] [D] [thread 30139] [5.0] [cxt 0] Transmitting packet of size 207 out of port 0
[12:03:20.885] [bmv2] [T] [thread 30134] [6.0] [cxt 0] streaming.p4(158) Condition "hdr.ipv4.isValid()" (node_2) is false
[12:03:20.886] [bmv2] [D] [thread 30134] [6.0] [cxt 0] Pipeline 'ingress': end
[12:03:20.886] [bmv2] [D] [thread 30134] [6.0] [cxt 0] Egress port is 0
[12:03:20.887] [bmv2] [D] [thread 30135] [6.0] [cxt 0] Pipeline 'egress': start
[12:03:20.887] [bmv2] [D] [thread 30135] [6.0] [cxt 0] Pipeline 'egress': end
[12:03:20.887] [bmv2] [D] [thread 30135] [6.0] [cxt 0] Deparser 'deparser': start
[12:03:20.888] [bmv2] [D] [thread 30135] [6.0] [cxt 0] Deparsing header 'ethernet'
[12:03:20.888] [bmv2] [D] [thread 30135] [6.0] [cxt 0] Deparser 'deparser': end
[12:03:20.888] [bmv2] [D] [thread 30139] [6.0] [cxt 0] Transmitting packet of size 207 out of port 0
[12:03:20.923] [bmv2] [D] [thread 30134] [7.0] [cxt 0] Processing packet received on port 2
[12:03:20.924] [bmv2] [D] [thread 30134] [7.0] [cxt 0] Parser 'parser': start
[12:03:20.924] [bmv2] [D] [thread 30134] [7.0] [cxt 0] Parser 'parser' entering state 'start'
[12:03:20.925] [bmv2] [D] [thread 30134] [7.0] [cxt 0] Extracting header 'ethernet'
[12:03:20.925] [bmv2] [D] [thread 30134] [7.0] [cxt 0] Parser state 'start': key is 86dd
[12:03:20.925] [bmv2] [T] [thread 30134] [7.0] [cxt 0] Bytes parsed: 14
[12:03:20.926] [bmv2] [D] [thread 30134] [7.0] [cxt 0] Parser 'parser': end
[12:03:20.926] [bmv2] [D] [thread 30134] [7.0] [cxt 0] Pipeline 'ingress': start
[12:03:20.927] [bmv2] [T] [thread 30134] [7.0] [cxt 0] streaming.p4(158) Condition "hdr.ipv4.isValid()" (node_2) is false
[12:03:20.927] [bmv2] [D] [thread 30134] [7.0] [cxt 0] Pipeline 'ingress': end
[12:03:20.928] [bmv2] [D] [thread 30134] [7.0] [cxt 0] Egress port is 0
[12:03:20.928] [bmv2] [D] [thread 30135] [7.0] [cxt 0] Pipeline 'egress': start
[12:03:20.929] [bmv2] [D] [thread 30135] [7.0] [cxt 0] Pipeline 'egress': end
[12:03:20.929] [bmv2] [D] [thread 30135] [7.0] [cxt 0] Deparser 'deparser': start
[12:03:20.930] [bmv2] [D] [thread 30135] [7.0] [cxt 0] Deparsing header 'ethernet'
[12:03:20.930] [bmv2] [D] [thread 30135] [7.0] [cxt 0] Deparser 'deparser': end
[12:03:20.931] [bmv2] [D] [thread 30139] [7.0] [cxt 0] Transmitting packet of size 219 out of port 0
[12:03:20.949] [bmv2] [D] [thread 30134] [8.0] [cxt 0] Processing packet received on port 2
[12:03:20.950] [bmv2] [D] [thread 30134] [8.0] [cxt 0] Parser 'parser': start
[12:03:20.950] [bmv2] [D] [thread 30134] [8.0] [cxt 0] Parser 'parser' entering state 'start'
[12:03:20.951] [bmv2] [D] [thread 30134] [8.0] [cxt 0] Extracting header 'ethernet'
[12:03:20.951] [bmv2] [D] [thread 30134] [8.0] [cxt 0] Parser state 'start': key is 86dd
[12:03:20.951] [bmv2] [T] [thread 30134] [8.0] [cxt 0] Bytes parsed: 14
[12:03:20.952] [bmv2] [D] [thread 30134] [8.0] [cxt 0] Parser 'parser': end
[12:03:20.953] [bmv2] [D] [thread 30134] [8.0] [cxt 0] Pipeline 'ingress': start
[12:03:20.953] [bmv2] [T] [thread 30134] [8.0] [cxt 0] streaming.p4(158) Condition "hdr.ipv4.isValid()" (node_2) is false
[12:03:20.954] [bmv2] [D] [thread 30134] [8.0] [cxt 0] Pipeline 'ingress': end
[12:03:20.954] [bmv2] [D] [thread 30134] [8.0] [cxt 0] Egress port is 0
[12:03:20.955] [bmv2] [D] [thread 30135] [8.0] [cxt 0] Pipeline 'egress': start
[12:03:20.956] [bmv2] [D] [thread 30135] [8.0] [cxt 0] Pipeline 'egress': end
[12:03:20.956] [bmv2] [D] [thread 30135] [8.0] [cxt 0] Deparser 'deparser': start
[12:03:20.957] [bmv2] [D] [thread 30135] [8.0] [cxt 0] Deparsing header 'ethernet'
[12:03:20.957] [bmv2] [D] [thread 30135] [8.0] [cxt 0] Deparser 'deparser': end
[12:03:20.957] [bmv2] [D] [thread 30139] [8.0] [cxt 0] Transmitting packet of size 110 out of port 0
[12:03:21.124] [bmv2] [D] [thread 30134] [9.0] [cxt 0] Processing packet received on port 2
[12:03:21.125] [bmv2] [D] [thread 30134] [9.0] [cxt 0] Parser 'parser': start
[12:03:21.125] [bmv2] [D] [thread 30134] [9.0] [cxt 0] Parser 'parser' entering state 'start'
[12:03:21.126] [bmv2] [D] [thread 30134] [9.0] [cxt 0] Extracting header 'ethernet'
[12:03:21.127] [bmv2] [D] [thread 30134] [9.0] [cxt 0] Parser state 'start': key is 86dd
[12:03:21.127] [bmv2] [T] [thread 30134] [9.0] [cxt 0] Bytes parsed: 14
[12:03:21.128] [bmv2] [D] [thread 30134] [9.0] [cxt 0] Parser 'parser': end
[12:03:21.128] [bmv2] [D] [thread 30134] [9.0] [cxt 0] Pipeline 'ingress': start
[12:03:21.128] [bmv2] [T] [thread 30134] [9.0] [cxt 0] streaming.p4(158) Condition "hdr.ipv4.isValid()" (node_2) is false
[12:03:21.129] [bmv2] [D] [thread 30134] [9.0] [cxt 0] Pipeline 'ingress': end
[12:03:21.130] [bmv2] [D] [thread 30134] [9.0] [cxt 0] Egress port is 0
[12:03:21.131] [bmv2] [D] [thread 30135] [9.0] [cxt 0] Pipeline 'egress': start
[12:03:21.131] [bmv2] [D] [thread 30135] [9.0] [cxt 0] Pipeline 'egress': end
[12:03:21.131] [bmv2] [D] [thread 30135] [9.0] [cxt 0] Deparser 'deparser': start
[12:03:21.132] [bmv2] [D] [thread 30135] [9.0] [cxt 0] Deparsing header 'ethernet'
[12:03:21.133] [bmv2] [D] [thread 30135] [9.0] [cxt 0] Deparser 'deparser': end
[12:03:21.133] [bmv2] [D] [thread 30139] [9.0] [cxt 0] Transmitting packet of size 207 out of port 0
[12:03:21.145] [bmv2] [D] [thread 30134] [10.0] [cxt 0] Processing packet received on port 2
[12:03:21.146] [bmv2] [D] [thread 30134] [10.0] [cxt 0] Parser 'parser': start
[12:03:21.146] [bmv2] [D] [thread 30134] [10.0] [cxt 0] Parser 'parser' entering state 'start'
[12:03:21.147] [bmv2] [D] [thread 30134] [10.0] [cxt 0] Extracting header 'ethernet'
[12:03:21.147] [bmv2] [D] [thread 30134] [10.0] [cxt 0] Parser state 'start': key is 86dd
[12:03:21.147] [bmv2] [T] [thread 30134] [10.0] [cxt 0] Bytes parsed: 14
[12:03:21.148] [bmv2] [D] [thread 30134] [10.0] [cxt 0] Parser 'parser': end
[12:03:21.148] [bmv2] [D] [thread 30134] [10.0] [cxt 0] Pipeline 'ingress': start
[12:03:21.149] [bmv2] [T] [thread 30134] [10.0] [cxt 0] streaming.p4(158) Condition "hdr.ipv4.isValid()" (node_2) is false
[12:03:21.149] [bmv2] [D] [thread 30134] [10.0] [cxt 0] Pipeline 'ingress': end
[12:03:21.150] [bmv2] [D] [thread 30134] [10.0] [cxt 0] Egress port is 0
[12:03:21.151] [bmv2] [D] [thread 30135] [10.0] [cxt 0] Pipeline 'egress': start
[12:03:21.151] [bmv2] [D] [thread 30135] [10.0] [cxt 0] Pipeline 'egress': end
[12:03:21.151] [bmv2] [D] [thread 30135] [10.0] [cxt 0] Deparser 'deparser': start
[12:03:21.151] [bmv2] [D] [thread 30135] [10.0] [cxt 0] Deparsing header 'ethernet'
[12:03:21.152] [bmv2] [D] [thread 30135] [10.0] [cxt 0] Deparser 'deparser': end
[12:03:21.152] [bmv2] [D] [thread 30139] [10.0] [cxt 0] Transmitting packet of size 90 out of port 0
[12:03:21.729] [bmv2] [D] [thread 30134] [11.0] [cxt 0] Processing packet received on port 1
[12:03:21.730] [bmv2] [D] [thread 30134] [11.0] [cxt 0] Parser 'parser': start
[12:03:21.730] [bmv2] [D] [thread 30134] [11.0] [cxt 0] Parser 'parser' entering state 'start'
[12:03:21.731] [bmv2] [D] [thread 30134] [11.0] [cxt 0] Extracting header 'ethernet'
[12:03:21.732] [bmv2] [D] [thread 30134] [11.0] [cxt 0] Parser state 'start': key is 86dd
[12:03:21.732] [bmv2] [T] [thread 30134] [11.0] [cxt 0] Bytes parsed: 14
[12:03:21.733] [bmv2] [D] [thread 30134] [11.0] [cxt 0] Parser 'parser': end
[12:03:21.734] [bmv2] [D] [thread 30134] [11.0] [cxt 0] Pipeline 'ingress': start
[12:03:21.734] [bmv2] [T] [thread 30134] [11.0] [cxt 0] streaming.p4(158) Condition "hdr.ipv4.isValid()" (node_2) is false
[12:03:21.735] [bmv2] [D] [thread 30134] [11.0] [cxt 0] Pipeline 'ingress': end
[12:03:21.736] [bmv2] [D] [thread 30134] [11.0] [cxt 0] Egress port is 0
[12:03:21.736] [bmv2] [D] [thread 30135] [11.0] [cxt 0] Pipeline 'egress': start
[12:03:21.737] [bmv2] [D] [thread 30135] [11.0] [cxt 0] Pipeline 'egress': end
[12:03:21.738] [bmv2] [D] [thread 30135] [11.0] [cxt 0] Deparser 'deparser': start
[12:03:21.739] [bmv2] [D] [thread 30135] [11.0] [cxt 0] Deparsing header 'ethernet'
[12:03:21.739] [bmv2] [D] [thread 30135] [11.0] [cxt 0] Deparser 'deparser': end
[12:03:21.740] [bmv2] [D] [thread 30139] [11.0] [cxt 0] Transmitting packet of size 207 out of port 0
[12:03:21.968] [bmv2] [D] [thread 30134] [12.0] [cxt 0] Processing packet received on port 2
[12:03:21.969] [bmv2] [D] [thread 30134] [12.0] [cxt 0] Parser 'parser': start
[12:03:21.970] [bmv2] [D] [thread 30134] [12.0] [cxt 0] Parser 'parser' entering state 'start'
[12:03:21.971] [bmv2] [D] [thread 30134] [12.0] [cxt 0] Extracting header 'ethernet'
[12:03:21.971] [bmv2] [D] [thread 30134] [12.0] [cxt 0] Parser state 'start': key is 86dd
[12:03:21.972] [bmv2] [T] [thread 30134] [12.0] [cxt 0] Bytes parsed: 14
[12:03:21.973] [bmv2] [D] [thread 30134] [12.0] [cxt 0] Parser 'parser': end
[12:03:21.974] [bmv2] [D] [thread 30134] [12.0] [cxt 0] Pipeline 'ingress': start
[12:03:21.974] [bmv2] [T] [thread 30134] [12.0] [cxt 0] streaming.p4(158) Condition "hdr.ipv4.isValid()" (node_2) is false
[12:03:21.975] [bmv2] [D] [thread 30134] [12.0] [cxt 0] Pipeline 'ingress': end
[12:03:21.975] [bmv2] [D] [thread 30134] [12.0] [cxt 0] Egress port is 0
[12:03:21.976] [bmv2] [D] [thread 30134] [13.0] [cxt 0] Processing packet received on port 1
[12:03:21.976] [bmv2] [D] [thread 30134] [13.0] [cxt 0] Parser 'parser': start
[12:03:21.977] [bmv2] [D] [thread 30134] [13.0] [cxt 0] Parser 'parser' entering state 'start'
[12:03:21.978] [bmv2] [D] [thread 30134] [13.0] [cxt 0] Extracting header 'ethernet'
[12:03:21.978] [bmv2] [D] [thread 30134] [13.0] [cxt 0] Parser state 'start': key is 86dd
[12:03:21.979] [bmv2] [T] [thread 30134] [13.0] [cxt 0] Bytes parsed: 14
[12:03:21.979] [bmv2] [D] [thread 30134] [13.0] [cxt 0] Parser 'parser': end
[12:03:21.980] [bmv2] [D] [thread 30134] [13.0] [cxt 0] Pipeline 'ingress': start
[12:03:21.981] [bmv2] [T] [thread 30134] [13.0] [cxt 0] streaming.p4(158) Condition "hdr.ipv4.isValid()" (node_2) is false
[12:03:21.981] [bmv2] [D] [thread 30134] [13.0] [cxt 0] Pipeline 'ingress': end
[12:03:21.982] [bmv2] [D] [thread 30134] [13.0] [cxt 0] Egress port is 0
[12:03:21.976] [bmv2] [D] [thread 30135] [12.0] [cxt 0] Pipeline 'egress': start
[12:03:21.982] [bmv2] [D] [thread 30135] [12.0] [cxt 0] Pipeline 'egress': end
[12:03:21.983] [bmv2] [D] [thread 30135] [12.0] [cxt 0] Deparser 'deparser': start
[12:03:21.984] [bmv2] [D] [thread 30135] [12.0] [cxt 0] Deparsing header 'ethernet'
[12:03:21.984] [bmv2] [D] [thread 30135] [12.0] [cxt 0] Deparser 'deparser': end
[12:03:21.985] [bmv2] [D] [thread 30135] [13.0] [cxt 0] Pipeline 'egress': start
[12:03:21.986] [bmv2] [D] [thread 30135] [13.0] [cxt 0] Pipeline 'egress': end
[12:03:21.985] [bmv2] [D] [thread 30139] [12.0] [cxt 0] Transmitting packet of size 207 out of port 0
[12:03:21.986] [bmv2] [D] [thread 30135] [13.0] [cxt 0] Deparser 'deparser': start
[12:03:21.987] [bmv2] [D] [thread 30135] [13.0] [cxt 0] Deparsing header 'ethernet'
[12:03:21.988] [bmv2] [D] [thread 30135] [13.0] [cxt 0] Deparser 'deparser': end
[12:03:21.988] [bmv2] [D] [thread 30139] [13.0] [cxt 0] Transmitting packet of size 207 out of port 0
[12:03:22.085] [bmv2] [D] [thread 30134] [14.0] [cxt 0] Processing packet received on port 3
[12:03:22.086] [bmv2] [D] [thread 30134] [14.0] [cxt 0] Parser 'parser': start
[12:03:22.086] [bmv2] [D] [thread 30134] [14.0] [cxt 0] Parser 'parser' entering state 'start'
[12:03:22.087] [bmv2] [D] [thread 30134] [14.0] [cxt 0] Extracting header 'ethernet'
[12:03:22.088] [bmv2] [D] [thread 30134] [14.0] [cxt 0] Parser state 'start': key is 86dd
[12:03:22.088] [bmv2] [T] [thread 30134] [14.0] [cxt 0] Bytes parsed: 14
[12:03:22.089] [bmv2] [D] [thread 30134] [14.0] [cxt 0] Parser 'parser': end
[12:03:22.090] [bmv2] [D] [thread 30134] [14.0] [cxt 0] Pipeline 'ingress': start
[12:03:22.090] [bmv2] [T] [thread 30134] [14.0] [cxt 0] streaming.p4(158) Condition "hdr.ipv4.isValid()" (node_2) is false
[12:03:22.091] [bmv2] [D] [thread 30134] [14.0] [cxt 0] Pipeline 'ingress': end
[12:03:22.092] [bmv2] [D] [thread 30134] [14.0] [cxt 0] Egress port is 0
[12:03:22.092] [bmv2] [D] [thread 30134] [15.0] [cxt 0] Processing packet received on port 3
[12:03:22.093] [bmv2] [D] [thread 30134] [15.0] [cxt 0] Parser 'parser': start
[12:03:22.093] [bmv2] [D] [thread 30134] [15.0] [cxt 0] Parser 'parser' entering state 'start'
[12:03:22.094] [bmv2] [D] [thread 30134] [15.0] [cxt 0] Extracting header 'ethernet'
[12:03:22.094] [bmv2] [D] [thread 30134] [15.0] [cxt 0] Parser state 'start': key is 86dd
[12:03:22.095] [bmv2] [T] [thread 30134] [15.0] [cxt 0] Bytes parsed: 14
[12:03:22.096] [bmv2] [D] [thread 30134] [15.0] [cxt 0] Parser 'parser': end
[12:03:22.096] [bmv2] [D] [thread 30134] [15.0] [cxt 0] Pipeline 'ingress': start
[12:03:22.097] [bmv2] [T] [thread 30134] [15.0] [cxt 0] streaming.p4(158) Condition "hdr.ipv4.isValid()" (node_2) is false
[12:03:22.097] [bmv2] [D] [thread 30134] [15.0] [cxt 0] Pipeline 'ingress': end
[12:03:22.098] [bmv2] [D] [thread 30134] [15.0] [cxt 0] Egress port is 0
[12:03:22.094] [bmv2] [D] [thread 30135] [14.0] [cxt 0] Pipeline 'egress': start
[12:03:22.099] [bmv2] [D] [thread 30135] [14.0] [cxt 0] Pipeline 'egress': end
[12:03:22.100] [bmv2] [D] [thread 30135] [14.0] [cxt 0] Deparser 'deparser': start
[12:03:22.100] [bmv2] [D] [thread 30135] [14.0] [cxt 0] Deparsing header 'ethernet'
[12:03:22.101] [bmv2] [D] [thread 30135] [14.0] [cxt 0] Deparser 'deparser': end
[12:03:22.101] [bmv2] [D] [thread 30135] [15.0] [cxt 0] Pipeline 'egress': start
[12:03:22.101] [bmv2] [D] [thread 30139] [14.0] [cxt 0] Transmitting packet of size 207 out of port 0
[12:03:22.103] [bmv2] [D] [thread 30135] [15.0] [cxt 0] Pipeline 'egress': end
[12:03:22.104] [bmv2] [D] [thread 30135] [15.0] [cxt 0] Deparser 'deparser': start
[12:03:22.104] [bmv2] [D] [thread 30135] [15.0] [cxt 0] Deparsing header 'ethernet'
[12:03:22.105] [bmv2] [D] [thread 30135] [15.0] [cxt 0] Deparser 'deparser': end
[12:03:22.106] [bmv2] [D] [thread 30139] [15.0] [cxt 0] Transmitting packet of size 207 out of port 0
[12:03:22.336] [bmv2] [D] [thread 30134] [16.0] [cxt 0] Processing packet received on port 2
[12:03:22.337] [bmv2] [D] [thread 30134] [16.0] [cxt 0] Parser 'parser': start
[12:03:22.337] [bmv2] [D] [thread 30134] [16.0] [cxt 0] Parser 'parser' entering state 'start'
[12:03:22.337] [bmv2] [D] [thread 30134] [16.0] [cxt 0] Extracting header 'ethernet'
[12:03:22.338] [bmv2] [D] [thread 30134] [16.0] [cxt 0] Parser state 'start': key is 86dd
[12:03:22.338] [bmv2] [T] [thread 30134] [16.0] [cxt 0] Bytes parsed: 14
[12:03:22.338] [bmv2] [D] [thread 30134] [16.0] [cxt 0] Parser 'parser': end
[12:03:22.339] [bmv2] [D] [thread 30134] [16.0] [cxt 0] Pipeline 'ingress': start
[12:03:22.340] [bmv2] [T] [thread 30134] [16.0] [cxt 0] streaming.p4(158) Condition "hdr.ipv4.isValid()" (node_2) is false
[12:03:22.340] [bmv2] [D] [thread 30134] [16.0] [cxt 0] Pipeline 'ingress': end
[12:03:22.341] [bmv2] [D] [thread 30134] [16.0] [cxt 0] Egress port is 0
[12:03:22.341] [bmv2] [D] [thread 30135] [16.0] [cxt 0] Pipeline 'egress': start
[12:03:22.342] [bmv2] [D] [thread 30135] [16.0] [cxt 0] Pipeline 'egress': end
[12:03:22.342] [bmv2] [D] [thread 30135] [16.0] [cxt 0] Deparser 'deparser': start
[12:03:22.342] [bmv2] [D] [thread 30135] [16.0] [cxt 0] Deparsing header 'ethernet'
[12:03:22.343] [bmv2] [D] [thread 30135] [16.0] [cxt 0] Deparser 'deparser': end
[12:03:22.343] [bmv2] [D] [thread 30139] [16.0] [cxt 0] Transmitting packet of size 207 out of port 0
[12:03:23.480] [bmv2] [D] [thread 30134] [17.0] [cxt 0] Processing packet received on port 1
[12:03:23.482] [bmv2] [D] [thread 30134] [17.0] [cxt 0] Parser 'parser': start
[12:03:23.483] [bmv2] [D] [thread 30134] [17.0] [cxt 0] Parser 'parser' entering state 'start'
[12:03:23.483] [bmv2] [D] [thread 30134] [17.0] [cxt 0] Extracting header 'ethernet'
[12:03:23.484] [bmv2] [D] [thread 30134] [17.0] [cxt 0] Parser state 'start': key is 86dd
[12:03:23.485] [bmv2] [T] [thread 30134] [17.0] [cxt 0] Bytes parsed: 14
[12:03:23.485] [bmv2] [D] [thread 30134] [17.0] [cxt 0] Parser 'parser': end
[12:03:23.486] [bmv2] [D] [thread 30134] [17.0] [cxt 0] Pipeline 'ingress': start
[12:03:23.487] [bmv2] [T] [thread 30134] [17.0] [cxt 0] streaming.p4(158) Condition "hdr.ipv4.isValid()" (node_2) is false
[12:03:23.487] [bmv2] [D] [thread 30134] [17.0] [cxt 0] Pipeline 'ingress': end
[12:03:23.488] [bmv2] [D] [thread 30134] [17.0] [cxt 0] Egress port is 0
[12:03:23.489] [bmv2] [D] [thread 30135] [17.0] [cxt 0] Pipeline 'egress': start
[12:03:23.490] [bmv2] [D] [thread 30135] [17.0] [cxt 0] Pipeline 'egress': end
[12:03:23.490] [bmv2] [D] [thread 30135] [17.0] [cxt 0] Deparser 'deparser': start
[12:03:23.491] [bmv2] [D] [thread 30135] [17.0] [cxt 0] Deparsing header 'ethernet'
[12:03:23.492] [bmv2] [D] [thread 30135] [17.0] [cxt 0] Deparser 'deparser': end
[12:03:23.492] [bmv2] [D] [thread 30139] [17.0] [cxt 0] Transmitting packet of size 70 out of port 0
[12:03:23.739] [bmv2] [D] [thread 30134] [18.0] [cxt 0] Processing packet received on port 3
[12:03:23.740] [bmv2] [D] [thread 30134] [18.0] [cxt 0] Parser 'parser': start
[12:03:23.742] [bmv2] [D] [thread 30134] [18.0] [cxt 0] Parser 'parser' entering state 'start'
[12:03:23.742] [bmv2] [D] [thread 30134] [18.0] [cxt 0] Extracting header 'ethernet'
[12:03:23.743] [bmv2] [D] [thread 30134] [18.0] [cxt 0] Parser state 'start': key is 86dd
[12:03:23.744] [bmv2] [T] [thread 30134] [18.0] [cxt 0] Bytes parsed: 14
[12:03:23.748] [bmv2] [D] [thread 30134] [18.0] [cxt 0] Parser 'parser': end
[12:03:23.749] [bmv2] [D] [thread 30134] [18.0] [cxt 0] Pipeline 'ingress': start
[12:03:23.750] [bmv2] [T] [thread 30134] [18.0] [cxt 0] streaming.p4(158) Condition "hdr.ipv4.isValid()" (node_2) is false
[12:03:23.751] [bmv2] [D] [thread 30134] [18.0] [cxt 0] Pipeline 'ingress': end
[12:03:23.751] [bmv2] [D] [thread 30134] [18.0] [cxt 0] Egress port is 0
[12:03:23.753] [bmv2] [D] [thread 30135] [18.0] [cxt 0] Pipeline 'egress': start
[12:03:23.754] [bmv2] [D] [thread 30135] [18.0] [cxt 0] Pipeline 'egress': end
[12:03:23.755] [bmv2] [D] [thread 30135] [18.0] [cxt 0] Deparser 'deparser': start
[12:03:23.757] [bmv2] [D] [thread 30135] [18.0] [cxt 0] Deparsing header 'ethernet'
[12:03:23.757] [bmv2] [D] [thread 30135] [18.0] [cxt 0] Deparser 'deparser': end
[12:03:23.758] [bmv2] [D] [thread 30139] [18.0] [cxt 0] Transmitting packet of size 70 out of port 0
[12:03:23.758] [bmv2] [D] [thread 30134] [19.0] [cxt 0] Processing packet received on port 1
[12:03:23.763] [bmv2] [D] [thread 30134] [19.0] [cxt 0] Parser 'parser': start
[12:03:23.763] [bmv2] [D] [thread 30134] [19.0] [cxt 0] Parser 'parser' entering state 'start'
[12:03:23.764] [bmv2] [D] [thread 30134] [19.0] [cxt 0] Extracting header 'ethernet'
[12:03:23.765] [bmv2] [D] [thread 30134] [19.0] [cxt 0] Parser state 'start': key is 86dd
[12:03:23.767] [bmv2] [T] [thread 30134] [19.0] [cxt 0] Bytes parsed: 14
[12:03:23.767] [bmv2] [D] [thread 30134] [19.0] [cxt 0] Parser 'parser': end
[12:03:23.768] [bmv2] [D] [thread 30134] [19.0] [cxt 0] Pipeline 'ingress': start
[12:03:23.769] [bmv2] [T] [thread 30134] [19.0] [cxt 0] streaming.p4(158) Condition "hdr.ipv4.isValid()" (node_2) is false
[12:03:23.770] [bmv2] [D] [thread 30134] [19.0] [cxt 0] Pipeline 'ingress': end
[12:03:23.770] [bmv2] [D] [thread 30134] [19.0] [cxt 0] Egress port is 0
[12:03:23.771] [bmv2] [D] [thread 30135] [19.0] [cxt 0] Pipeline 'egress': start
[12:03:23.771] [bmv2] [D] [thread 30135] [19.0] [cxt 0] Pipeline 'egress': end
[12:03:23.771] [bmv2] [D] [thread 30135] [19.0] [cxt 0] Deparser 'deparser': start
[12:03:23.772] [bmv2] [D] [thread 30135] [19.0] [cxt 0] Deparsing header 'ethernet'
[12:03:23.772] [bmv2] [D] [thread 30135] [19.0] [cxt 0] Deparser 'deparser': end
[12:03:23.773] [bmv2] [D] [thread 30139] [19.0] [cxt 0] Transmitting packet of size 70 out of port 0
[12:03:23.887] [bmv2] [D] [thread 30134] [20.0] [cxt 0] Processing packet received on port 1
[12:03:23.888] [bmv2] [D] [thread 30134] [20.0] [cxt 0] Parser 'parser': start
[12:03:23.888] [bmv2] [D] [thread 30134] [20.0] [cxt 0] Parser 'parser' entering state 'start'
[12:03:23.888] [bmv2] [D] [thread 30134] [20.0] [cxt 0] Extracting header 'ethernet'
[12:03:23.888] [bmv2] [D] [thread 30134] [20.0] [cxt 0] Parser state 'start': key is 86dd
[12:03:23.889] [bmv2] [T] [thread 30134] [20.0] [cxt 0] Bytes parsed: 14
[12:03:23.889] [bmv2] [D] [thread 30134] [20.0] [cxt 0] Parser 'parser': end
[12:03:23.889] [bmv2] [D] [thread 30134] [20.0] [cxt 0] Pipeline 'ingress': start
[12:03:23.889] [bmv2] [T] [thread 30134] [20.0] [cxt 0] streaming.p4(158) Condition "hdr.ipv4.isValid()" (node_2) is false
[12:03:23.890] [bmv2] [D] [thread 30134] [20.0] [cxt 0] Pipeline 'ingress': end
[12:03:23.890] [bmv2] [D] [thread 30134] [20.0] [cxt 0] Egress port is 0
[12:03:23.890] [bmv2] [D] [thread 30135] [20.0] [cxt 0] Pipeline 'egress': start
[12:03:23.891] [bmv2] [D] [thread 30135] [20.0] [cxt 0] Pipeline 'egress': end
[12:03:23.891] [bmv2] [D] [thread 30135] [20.0] [cxt 0] Deparser 'deparser': start
[12:03:23.891] [bmv2] [D] [thread 30135] [20.0] [cxt 0] Deparsing header 'ethernet'
[12:03:23.891] [bmv2] [D] [thread 30135] [20.0] [cxt 0] Deparser 'deparser': end
[12:03:23.892] [bmv2] [D] [thread 30139] [20.0] [cxt 0] Transmitting packet of size 207 out of port 0
[12:03:23.989] [bmv2] [D] [thread 30134] [21.0] [cxt 0] Processing packet received on port 3
[12:03:23.990] [bmv2] [D] [thread 30134] [21.0] [cxt 0] Parser 'parser': start
[12:03:23.991] [bmv2] [D] [thread 30134] [21.0] [cxt 0] Parser 'parser' entering state 'start'
[12:03:23.991] [bmv2] [D] [thread 30134] [21.0] [cxt 0] Extracting header 'ethernet'
[12:03:23.992] [bmv2] [D] [thread 30134] [21.0] [cxt 0] Parser state 'start': key is 86dd
[12:03:23.992] [bmv2] [T] [thread 30134] [21.0] [cxt 0] Bytes parsed: 14
[12:03:23.993] [bmv2] [D] [thread 30134] [21.0] [cxt 0] Parser 'parser': end
[12:03:23.994] [bmv2] [D] [thread 30134] [21.0] [cxt 0] Pipeline 'ingress': start
[12:03:23.994] [bmv2] [T] [thread 30134] [21.0] [cxt 0] streaming.p4(158) Condition "hdr.ipv4.isValid()" (node_2) is false
[12:03:23.994] [bmv2] [D] [thread 30134] [21.0] [cxt 0] Pipeline 'ingress': end
[12:03:23.996] [bmv2] [D] [thread 30134] [21.0] [cxt 0] Egress port is 0
[12:03:23.996] [bmv2] [D] [thread 30134] [22.0] [cxt 0] Processing packet received on port 2
[12:03:23.997] [bmv2] [D] [thread 30134] [22.0] [cxt 0] Parser 'parser': start
[12:03:23.998] [bmv2] [D] [thread 30134] [22.0] [cxt 0] Parser 'parser' entering state 'start'
[12:03:23.998] [bmv2] [D] [thread 30134] [22.0] [cxt 0] Extracting header 'ethernet'
[12:03:23.998] [bmv2] [D] [thread 30134] [22.0] [cxt 0] Parser state 'start': key is 86dd
[12:03:23.999] [bmv2] [T] [thread 30134] [22.0] [cxt 0] Bytes parsed: 14
[12:03:23.997] [bmv2] [D] [thread 30135] [21.0] [cxt 0] Pipeline 'egress': start
[12:03:23.999] [bmv2] [D] [thread 30135] [21.0] [cxt 0] Pipeline 'egress': end
[12:03:24.000] [bmv2] [D] [thread 30135] [21.0] [cxt 0] Deparser 'deparser': start
[12:03:24.000] [bmv2] [D] [thread 30135] [21.0] [cxt 0] Deparsing header 'ethernet'
[12:03:24.000] [bmv2] [D] [thread 30135] [21.0] [cxt 0] Deparser 'deparser': end
[12:03:24.001] [bmv2] [D] [thread 30139] [21.0] [cxt 0] Transmitting packet of size 70 out of port 0
[12:03:23.999] [bmv2] [D] [thread 30134] [22.0] [cxt 0] Parser 'parser': end
[12:03:24.001] [bmv2] [D] [thread 30134] [22.0] [cxt 0] Pipeline 'ingress': start
[12:03:24.002] [bmv2] [T] [thread 30134] [22.0] [cxt 0] streaming.p4(158) Condition "hdr.ipv4.isValid()" (node_2) is false
[12:03:24.002] [bmv2] [D] [thread 30134] [22.0] [cxt 0] Pipeline 'ingress': end
[12:03:24.002] [bmv2] [D] [thread 30134] [22.0] [cxt 0] Egress port is 0
[12:03:24.003] [bmv2] [D] [thread 30135] [22.0] [cxt 0] Pipeline 'egress': start
[12:03:24.003] [bmv2] [D] [thread 30135] [22.0] [cxt 0] Pipeline 'egress': end
[12:03:24.003] [bmv2] [D] [thread 30135] [22.0] [cxt 0] Deparser 'deparser': start
[12:03:24.004] [bmv2] [D] [thread 30135] [22.0] [cxt 0] Deparsing header 'ethernet'
[12:03:24.004] [bmv2] [D] [thread 30135] [22.0] [cxt 0] Deparser 'deparser': end
[12:03:24.004] [bmv2] [D] [thread 30139] [22.0] [cxt 0] Transmitting packet of size 70 out of port 0
[12:03:24.177] [bmv2] [D] [thread 30134] [23.0] [cxt 0] Processing packet received on port 2
[12:03:24.178] [bmv2] [D] [thread 30134] [23.0] [cxt 0] Parser 'parser': start
[12:03:24.178] [bmv2] [D] [thread 30134] [23.0] [cxt 0] Parser 'parser' entering state 'start'
[12:03:24.179] [bmv2] [D] [thread 30134] [23.0] [cxt 0] Extracting header 'ethernet'
[12:03:24.180] [bmv2] [D] [thread 30134] [23.0] [cxt 0] Parser state 'start': key is 86dd
[12:03:24.180] [bmv2] [T] [thread 30134] [23.0] [cxt 0] Bytes parsed: 14
[12:03:24.180] [bmv2] [D] [thread 30134] [23.0] [cxt 0] Parser 'parser': end
[12:03:24.181] [bmv2] [D] [thread 30134] [23.0] [cxt 0] Pipeline 'ingress': start
[12:03:24.181] [bmv2] [T] [thread 30134] [23.0] [cxt 0] streaming.p4(158) Condition "hdr.ipv4.isValid()" (node_2) is false
[12:03:24.182] [bmv2] [D] [thread 30134] [23.0] [cxt 0] Pipeline 'ingress': end
[12:03:24.182] [bmv2] [D] [thread 30134] [23.0] [cxt 0] Egress port is 0
[12:03:24.182] [bmv2] [D] [thread 30135] [23.0] [cxt 0] Pipeline 'egress': start
[12:03:24.183] [bmv2] [D] [thread 30135] [23.0] [cxt 0] Pipeline 'egress': end
[12:03:24.183] [bmv2] [D] [thread 30135] [23.0] [cxt 0] Deparser 'deparser': start
[12:03:24.184] [bmv2] [D] [thread 30135] [23.0] [cxt 0] Deparsing header 'ethernet'
[12:03:24.184] [bmv2] [D] [thread 30135] [23.0] [cxt 0] Deparser 'deparser': end
[12:03:24.184] [bmv2] [D] [thread 30139] [23.0] [cxt 0] Transmitting packet of size 207 out of port 0
[12:03:24.184] [bmv2] [D] [thread 30134] [24.0] [cxt 0] Processing packet received on port 1
[12:03:24.185] [bmv2] [D] [thread 30134] [24.0] [cxt 0] Parser 'parser': start
[12:03:24.186] [bmv2] [D] [thread 30134] [24.0] [cxt 0] Parser 'parser' entering state 'start'
[12:03:24.186] [bmv2] [D] [thread 30134] [24.0] [cxt 0] Extracting header 'ethernet'
[12:03:24.186] [bmv2] [D] [thread 30134] [24.0] [cxt 0] Parser state 'start': key is 86dd
[12:03:24.187] [bmv2] [T] [thread 30134] [24.0] [cxt 0] Bytes parsed: 14
[12:03:24.188] [bmv2] [D] [thread 30134] [24.0] [cxt 0] Parser 'parser': end
[12:03:24.189] [bmv2] [D] [thread 30134] [24.0] [cxt 0] Pipeline 'ingress': start
[12:03:24.189] [bmv2] [T] [thread 30134] [24.0] [cxt 0] streaming.p4(158) Condition "hdr.ipv4.isValid()" (node_2) is false
[12:03:24.189] [bmv2] [D] [thread 30134] [24.0] [cxt 0] Pipeline 'ingress': end
[12:03:24.190] [bmv2] [D] [thread 30134] [24.0] [cxt 0] Egress port is 0
[12:03:24.190] [bmv2] [D] [thread 30135] [24.0] [cxt 0] Pipeline 'egress': start
[12:03:24.190] [bmv2] [D] [thread 30135] [24.0] [cxt 0] Pipeline 'egress': end
[12:03:24.191] [bmv2] [D] [thread 30135] [24.0] [cxt 0] Deparser 'deparser': start
[12:03:24.191] [bmv2] [D] [thread 30135] [24.0] [cxt 0] Deparsing header 'ethernet'
[12:03:24.192] [bmv2] [D] [thread 30135] [24.0] [cxt 0] Deparser 'deparser': end
[12:03:24.192] [bmv2] [D] [thread 30139] [24.0] [cxt 0] Transmitting packet of size 207 out of port 0
[12:03:24.280] [bmv2] [D] [thread 30134] [25.0] [cxt 0] Processing packet received on port 3
[12:03:24.281] [bmv2] [D] [thread 30134] [25.0] [cxt 0] Parser 'parser': start
[12:03:24.281] [bmv2] [D] [thread 30134] [25.0] [cxt 0] Parser 'parser' entering state 'start'
[12:03:24.282] [bmv2] [D] [thread 30134] [25.0] [cxt 0] Extracting header 'ethernet'
[12:03:24.282] [bmv2] [D] [thread 30134] [25.0] [cxt 0] Parser state 'start': key is 86dd
[12:03:24.283] [bmv2] [T] [thread 30134] [25.0] [cxt 0] Bytes parsed: 14
[12:03:24.283] [bmv2] [D] [thread 30134] [25.0] [cxt 0] Parser 'parser': end
[12:03:24.284] [bmv2] [D] [thread 30134] [25.0] [cxt 0] Pipeline 'ingress': start
[12:03:24.284] [bmv2] [T] [thread 30134] [25.0] [cxt 0] streaming.p4(158) Condition "hdr.ipv4.isValid()" (node_2) is false
[12:03:24.285] [bmv2] [D] [thread 30134] [25.0] [cxt 0] Pipeline 'ingress': end
[12:03:24.285] [bmv2] [D] [thread 30134] [25.0] [cxt 0] Egress port is 0
[12:03:24.286] [bmv2] [D] [thread 30134] [26.0] [cxt 0] Processing packet received on port 3
[12:03:24.286] [bmv2] [D] [thread 30135] [25.0] [cxt 0] Pipeline 'egress': start
[12:03:24.287] [bmv2] [D] [thread 30135] [25.0] [cxt 0] Pipeline 'egress': end
[12:03:24.286] [bmv2] [D] [thread 30134] [26.0] [cxt 0] Parser 'parser': start
[12:03:24.287] [bmv2] [D] [thread 30135] [25.0] [cxt 0] Deparser 'deparser': start
[12:03:24.288] [bmv2] [D] [thread 30134] [26.0] [cxt 0] Parser 'parser' entering state 'start'
[12:03:24.289] [bmv2] [D] [thread 30134] [26.0] [cxt 0] Extracting header 'ethernet'
[12:03:24.288] [bmv2] [D] [thread 30135] [25.0] [cxt 0] Deparsing header 'ethernet'
[12:03:24.289] [bmv2] [D] [thread 30134] [26.0] [cxt 0] Parser state 'start': key is 86dd
[12:03:24.290] [bmv2] [D] [thread 30135] [25.0] [cxt 0] Deparser 'deparser': end
[12:03:24.291] [bmv2] [D] [thread 30139] [25.0] [cxt 0] Transmitting packet of size 207 out of port 0
[12:03:24.290] [bmv2] [T] [thread 30134] [26.0] [cxt 0] Bytes parsed: 14
[12:03:24.292] [bmv2] [D] [thread 30134] [26.0] [cxt 0] Parser 'parser': end
[12:03:24.292] [bmv2] [D] [thread 30134] [26.0] [cxt 0] Pipeline 'ingress': start
[12:03:24.293] [bmv2] [T] [thread 30134] [26.0] [cxt 0] streaming.p4(158) Condition "hdr.ipv4.isValid()" (node_2) is false
[12:03:24.293] [bmv2] [D] [thread 30134] [26.0] [cxt 0] Pipeline 'ingress': end
[12:03:24.294] [bmv2] [D] [thread 30134] [26.0] [cxt 0] Egress port is 0
[12:03:24.295] [bmv2] [D] [thread 30135] [26.0] [cxt 0] Pipeline 'egress': start
[12:03:24.295] [bmv2] [D] [thread 30135] [26.0] [cxt 0] Pipeline 'egress': end
[12:03:24.295] [bmv2] [D] [thread 30135] [26.0] [cxt 0] Deparser 'deparser': start
[12:03:24.296] [bmv2] [D] [thread 30135] [26.0] [cxt 0] Deparsing header 'ethernet'
[12:03:24.296] [bmv2] [D] [thread 30135] [26.0] [cxt 0] Deparser 'deparser': end
[12:03:24.297] [bmv2] [D] [thread 30139] [26.0] [cxt 0] Transmitting packet of size 207 out of port 0
[12:03:24.502] [bmv2] [D] [thread 30134] [27.0] [cxt 0] Processing packet received on port 2
[12:03:24.510] [bmv2] [D] [thread 30134] [27.0] [cxt 0] Parser 'parser': start
[12:03:24.510] [bmv2] [D] [thread 30134] [27.0] [cxt 0] Parser 'parser' entering state 'start'
[12:03:24.510] [bmv2] [D] [thread 30134] [27.0] [cxt 0] Extracting header 'ethernet'
[12:03:24.511] [bmv2] [D] [thread 30134] [27.0] [cxt 0] Parser state 'start': key is 86dd
[12:03:24.513] [bmv2] [T] [thread 30134] [27.0] [cxt 0] Bytes parsed: 14
[12:03:24.515] [bmv2] [D] [thread 30134] [27.0] [cxt 0] Parser 'parser': end
[12:03:24.516] [bmv2] [D] [thread 30134] [27.0] [cxt 0] Pipeline 'ingress': start
[12:03:24.521] [bmv2] [T] [thread 30134] [27.0] [cxt 0] streaming.p4(158) Condition "hdr.ipv4.isValid()" (node_2) is false
[12:03:24.524] [bmv2] [D] [thread 30134] [27.0] [cxt 0] Pipeline 'ingress': end
[12:03:24.526] [bmv2] [D] [thread 30134] [27.0] [cxt 0] Egress port is 0
[12:03:24.527] [bmv2] [D] [thread 30135] [27.0] [cxt 0] Pipeline 'egress': start
[12:03:24.528] [bmv2] [D] [thread 30135] [27.0] [cxt 0] Pipeline 'egress': end
[12:03:24.529] [bmv2] [D] [thread 30135] [27.0] [cxt 0] Deparser 'deparser': start
[12:03:24.529] [bmv2] [D] [thread 30135] [27.0] [cxt 0] Deparsing header 'ethernet'
[12:03:24.530] [bmv2] [D] [thread 30135] [27.0] [cxt 0] Deparser 'deparser': end
[12:03:24.530] [bmv2] [D] [thread 30139] [27.0] [cxt 0] Transmitting packet of size 70 out of port 0
[12:03:24.541] [bmv2] [D] [thread 30134] [28.0] [cxt 0] Processing packet received on port 2
[12:03:24.542] [bmv2] [D] [thread 30134] [28.0] [cxt 0] Parser 'parser': start
[12:03:24.543] [bmv2] [D] [thread 30134] [28.0] [cxt 0] Parser 'parser' entering state 'start'
[12:03:24.543] [bmv2] [D] [thread 30134] [28.0] [cxt 0] Extracting header 'ethernet'
[12:03:24.545] [bmv2] [D] [thread 30134] [28.0] [cxt 0] Parser state 'start': key is 86dd
[12:03:24.545] [bmv2] [T] [thread 30134] [28.0] [cxt 0] Bytes parsed: 14
[12:03:24.545] [bmv2] [D] [thread 30134] [28.0] [cxt 0] Parser 'parser': end
[12:03:24.546] [bmv2] [D] [thread 30134] [28.0] [cxt 0] Pipeline 'ingress': start
[12:03:24.547] [bmv2] [T] [thread 30134] [28.0] [cxt 0] streaming.p4(158) Condition "hdr.ipv4.isValid()" (node_2) is false
[12:03:24.547] [bmv2] [D] [thread 30134] [28.0] [cxt 0] Pipeline 'ingress': end
[12:03:24.548] [bmv2] [D] [thread 30134] [28.0] [cxt 0] Egress port is 0
[12:03:24.548] [bmv2] [D] [thread 30135] [28.0] [cxt 0] Pipeline 'egress': start
[12:03:24.549] [bmv2] [D] [thread 30135] [28.0] [cxt 0] Pipeline 'egress': end
[12:03:24.549] [bmv2] [D] [thread 30135] [28.0] [cxt 0] Deparser 'deparser': start
[12:03:24.550] [bmv2] [D] [thread 30135] [28.0] [cxt 0] Deparsing header 'ethernet'
[12:03:24.550] [bmv2] [D] [thread 30135] [28.0] [cxt 0] Deparser 'deparser': end
[12:03:24.551] [bmv2] [D] [thread 30139] [28.0] [cxt 0] Transmitting packet of size 207 out of port 0
New connection
P4Runtime SetForwardingPipelineConfig
[12:03:25.313] [bmv2] [W] [thread 30247] [P4Runtime] p4::tmp::P4DeviceConfig is deprecated
[12:03:25.321] [bmv2] [D] [thread 30247] Set default default entry for table 'MyIngress.ipv4_lpm': NoAction - 
[12:03:25.326] [bmv2] [D] [thread 30247] simple_switch target has been notified of a config swap
Connection removed
[12:03:30.648] [bmv2] [D] [thread 30134] [29.0] [cxt 0] Processing packet received on port 1
[12:03:30.649] [bmv2] [D] [thread 30134] [29.0] [cxt 0] Parser 'parser': start
[12:03:30.649] [bmv2] [D] [thread 30134] [29.0] [cxt 0] Parser 'parser' entering state 'start'
[12:03:30.649] [bmv2] [D] [thread 30134] [29.0] [cxt 0] Extracting header 'ethernet'
[12:03:30.650] [bmv2] [D] [thread 30134] [29.0] [cxt 0] Parser state 'start': key is 86dd
[12:03:30.650] [bmv2] [T] [thread 30134] [29.0] [cxt 0] Bytes parsed: 14
[12:03:30.651] [bmv2] [D] [thread 30134] [29.0] [cxt 0] Parser 'parser': end
[12:03:30.652] [bmv2] [D] [thread 30134] [29.0] [cxt 0] Pipeline 'ingress': start
[12:03:30.652] [bmv2] [T] [thread 30134] [29.0] [cxt 0] streaming.p4(158) Condition "hdr.ipv4.isValid()" (node_2) is false
[12:03:30.652] [bmv2] [D] [thread 30134] [29.0] [cxt 0] Pipeline 'ingress': end
[12:03:30.653] [bmv2] [D] [thread 30134] [29.0] [cxt 0] Egress port is 0
[12:03:30.654] [bmv2] [D] [thread 30135] [29.0] [cxt 0] Pipeline 'egress': start
[12:03:30.654] [bmv2] [D] [thread 30135] [29.0] [cxt 0] Pipeline 'egress': end
[12:03:30.655] [bmv2] [D] [thread 30135] [29.0] [cxt 0] Deparser 'deparser': start
[12:03:30.655] [bmv2] [D] [thread 30135] [29.0] [cxt 0] Deparsing header 'ethernet'
[12:03:30.656] [bmv2] [D] [thread 30135] [29.0] [cxt 0] Deparser 'deparser': end
[12:03:30.657] [bmv2] [D] [thread 30139] [29.0] [cxt 0] Transmitting packet of size 70 out of port 0
[12:03:31.158] [bmv2] [D] [thread 30134] [30.0] [cxt 0] Processing packet received on port 3
[12:03:31.158] [bmv2] [D] [thread 30134] [30.0] [cxt 0] Parser 'parser': start
[12:03:31.159] [bmv2] [D] [thread 30134] [30.0] [cxt 0] Parser 'parser' entering state 'start'
[12:03:31.159] [bmv2] [D] [thread 30134] [30.0] [cxt 0] Extracting header 'ethernet'
[12:03:31.159] [bmv2] [D] [thread 30134] [30.0] [cxt 0] Parser state 'start': key is 86dd
[12:03:31.159] [bmv2] [T] [thread 30134] [30.0] [cxt 0] Bytes parsed: 14
[12:03:31.160] [bmv2] [D] [thread 30134] [30.0] [cxt 0] Parser 'parser': end
[12:03:31.160] [bmv2] [D] [thread 30134] [30.0] [cxt 0] Pipeline 'ingress': start
[12:03:31.160] [bmv2] [T] [thread 30134] [30.0] [cxt 0] streaming.p4(158) Condition "hdr.ipv4.isValid()" (node_2) is false
[12:03:31.160] [bmv2] [D] [thread 30134] [30.0] [cxt 0] Pipeline 'ingress': end
[12:03:31.160] [bmv2] [D] [thread 30134] [30.0] [cxt 0] Egress port is 0
[12:03:31.161] [bmv2] [D] [thread 30135] [30.0] [cxt 0] Pipeline 'egress': start
[12:03:31.161] [bmv2] [D] [thread 30135] [30.0] [cxt 0] Pipeline 'egress': end
[12:03:31.161] [bmv2] [D] [thread 30135] [30.0] [cxt 0] Deparser 'deparser': start
[12:03:31.161] [bmv2] [D] [thread 30135] [30.0] [cxt 0] Deparsing header 'ethernet'
[12:03:31.161] [bmv2] [D] [thread 30135] [30.0] [cxt 0] Deparser 'deparser': end
[12:03:31.161] [bmv2] [D] [thread 30139] [30.0] [cxt 0] Transmitting packet of size 70 out of port 0
[12:03:31.928] [bmv2] [D] [thread 30134] [31.0] [cxt 0] Processing packet received on port 3
[12:03:31.929] [bmv2] [D] [thread 30134] [31.0] [cxt 0] Parser 'parser': start
[12:03:31.930] [bmv2] [D] [thread 30134] [31.0] [cxt 0] Parser 'parser' entering state 'start'
[12:03:31.931] [bmv2] [D] [thread 30134] [31.0] [cxt 0] Extracting header 'ethernet'
[12:03:31.932] [bmv2] [D] [thread 30134] [31.0] [cxt 0] Parser state 'start': key is 86dd
[12:03:31.934] [bmv2] [T] [thread 30134] [31.0] [cxt 0] Bytes parsed: 14
[12:03:31.935] [bmv2] [D] [thread 30134] [31.0] [cxt 0] Parser 'parser': end
[12:03:31.936] [bmv2] [D] [thread 30134] [31.0] [cxt 0] Pipeline 'ingress': start
[12:03:31.936] [bmv2] [T] [thread 30134] [31.0] [cxt 0] streaming.p4(158) Condition "hdr.ipv4.isValid()" (node_2) is false
[12:03:31.937] [bmv2] [D] [thread 30134] [31.0] [cxt 0] Pipeline 'ingress': end
[12:03:31.937] [bmv2] [D] [thread 30134] [31.0] [cxt 0] Egress port is 0
[12:03:31.938] [bmv2] [D] [thread 30135] [31.0] [cxt 0] Pipeline 'egress': start
[12:03:31.938] [bmv2] [D] [thread 30135] [31.0] [cxt 0] Pipeline 'egress': end
[12:03:31.939] [bmv2] [D] [thread 30135] [31.0] [cxt 0] Deparser 'deparser': start
[12:03:31.939] [bmv2] [D] [thread 30135] [31.0] [cxt 0] Deparsing header 'ethernet'
[12:03:31.940] [bmv2] [D] [thread 30135] [31.0] [cxt 0] Deparser 'deparser': end
[12:03:31.940] [bmv2] [D] [thread 30139] [31.0] [cxt 0] Transmitting packet of size 70 out of port 0
[12:03:32.439] [bmv2] [D] [thread 30134] [32.0] [cxt 0] Processing packet received on port 2
[12:03:32.441] [bmv2] [D] [thread 30134] [32.0] [cxt 0] Parser 'parser': start
[12:03:32.443] [bmv2] [D] [thread 30134] [32.0] [cxt 0] Parser 'parser' entering state 'start'
[12:03:32.444] [bmv2] [D] [thread 30134] [32.0] [cxt 0] Extracting header 'ethernet'
[12:03:32.445] [bmv2] [D] [thread 30134] [32.0] [cxt 0] Parser state 'start': key is 86dd
[12:03:32.446] [bmv2] [T] [thread 30134] [32.0] [cxt 0] Bytes parsed: 14
[12:03:32.446] [bmv2] [D] [thread 30134] [32.0] [cxt 0] Parser 'parser': end
[12:03:32.446] [bmv2] [D] [thread 30134] [32.0] [cxt 0] Pipeline 'ingress': start
[12:03:32.447] [bmv2] [T] [thread 30134] [32.0] [cxt 0] streaming.p4(158) Condition "hdr.ipv4.isValid()" (node_2) is false
[12:03:32.448] [bmv2] [D] [thread 30134] [32.0] [cxt 0] Pipeline 'ingress': end
[12:03:32.448] [bmv2] [D] [thread 30134] [32.0] [cxt 0] Egress port is 0
[12:03:32.449] [bmv2] [D] [thread 30135] [32.0] [cxt 0] Pipeline 'egress': start
[12:03:32.449] [bmv2] [D] [thread 30135] [32.0] [cxt 0] Pipeline 'egress': end
[12:03:32.450] [bmv2] [D] [thread 30135] [32.0] [cxt 0] Deparser 'deparser': start
[12:03:32.450] [bmv2] [D] [thread 30135] [32.0] [cxt 0] Deparsing header 'ethernet'
[12:03:32.451] [bmv2] [D] [thread 30135] [32.0] [cxt 0] Deparser 'deparser': end
[12:03:32.451] [bmv2] [D] [thread 30139] [32.0] [cxt 0] Transmitting packet of size 70 out of port 0
[12:03:32.449] [bmv2] [D] [thread 30134] [33.0] [cxt 0] Processing packet received on port 1
[12:03:32.454] [bmv2] [D] [thread 30134] [33.0] [cxt 0] Parser 'parser': start
[12:03:32.454] [bmv2] [D] [thread 30134] [33.0] [cxt 0] Parser 'parser' entering state 'start'
[12:03:32.455] [bmv2] [D] [thread 30134] [33.0] [cxt 0] Extracting header 'ethernet'
[12:03:32.456] [bmv2] [D] [thread 30134] [33.0] [cxt 0] Parser state 'start': key is 86dd
[12:03:32.459] [bmv2] [T] [thread 30134] [33.0] [cxt 0] Bytes parsed: 14
[12:03:32.460] [bmv2] [D] [thread 30134] [33.0] [cxt 0] Parser 'parser': end
[12:03:32.461] [bmv2] [D] [thread 30134] [33.0] [cxt 0] Pipeline 'ingress': start
[12:03:32.461] [bmv2] [T] [thread 30134] [33.0] [cxt 0] streaming.p4(158) Condition "hdr.ipv4.isValid()" (node_2) is false
[12:03:32.463] [bmv2] [D] [thread 30134] [33.0] [cxt 0] Pipeline 'ingress': end
[12:03:32.464] [bmv2] [D] [thread 30134] [33.0] [cxt 0] Egress port is 0
[12:03:32.465] [bmv2] [D] [thread 30135] [33.0] [cxt 0] Pipeline 'egress': start
[12:03:32.465] [bmv2] [D] [thread 30135] [33.0] [cxt 0] Pipeline 'egress': end
[12:03:32.466] [bmv2] [D] [thread 30135] [33.0] [cxt 0] Deparser 'deparser': start
[12:03:32.466] [bmv2] [D] [thread 30135] [33.0] [cxt 0] Deparsing header 'ethernet'
[12:03:32.467] [bmv2] [D] [thread 30135] [33.0] [cxt 0] Deparser 'deparser': end
[12:03:32.468] [bmv2] [D] [thread 30139] [33.0] [cxt 0] Transmitting packet of size 70 out of port 0
[12:03:32.693] [bmv2] [D] [thread 30134] [34.0] [cxt 0] Processing packet received on port 2
[12:03:32.694] [bmv2] [D] [thread 30134] [34.0] [cxt 0] Parser 'parser': start
[12:03:32.694] [bmv2] [D] [thread 30134] [34.0] [cxt 0] Parser 'parser' entering state 'start'
[12:03:32.694] [bmv2] [D] [thread 30134] [34.0] [cxt 0] Extracting header 'ethernet'
[12:03:32.695] [bmv2] [D] [thread 30134] [34.0] [cxt 0] Parser state 'start': key is 86dd
[12:03:32.696] [bmv2] [T] [thread 30134] [34.0] [cxt 0] Bytes parsed: 14
[12:03:32.696] [bmv2] [D] [thread 30134] [34.0] [cxt 0] Parser 'parser': end
[12:03:32.697] [bmv2] [D] [thread 30134] [34.0] [cxt 0] Pipeline 'ingress': start
[12:03:32.697] [bmv2] [T] [thread 30134] [34.0] [cxt 0] streaming.p4(158) Condition "hdr.ipv4.isValid()" (node_2) is false
[12:03:32.698] [bmv2] [D] [thread 30134] [34.0] [cxt 0] Pipeline 'ingress': end
[12:03:32.698] [bmv2] [D] [thread 30134] [34.0] [cxt 0] Egress port is 0
[12:03:32.700] [bmv2] [D] [thread 30135] [34.0] [cxt 0] Pipeline 'egress': start
[12:03:32.700] [bmv2] [D] [thread 30135] [34.0] [cxt 0] Pipeline 'egress': end
[12:03:32.701] [bmv2] [D] [thread 30135] [34.0] [cxt 0] Deparser 'deparser': start
[12:03:32.701] [bmv2] [D] [thread 30135] [34.0] [cxt 0] Deparsing header 'ethernet'
[12:03:32.702] [bmv2] [D] [thread 30135] [34.0] [cxt 0] Deparser 'deparser': end
[12:03:32.702] [bmv2] [D] [thread 30139] [34.0] [cxt 0] Transmitting packet of size 70 out of port 0
[12:03:45.240] [bmv2] [D] [thread 30134] [35.0] [cxt 0] Processing packet received on port 1
[12:03:45.241] [bmv2] [D] [thread 30134] [35.0] [cxt 0] Parser 'parser': start
[12:03:45.242] [bmv2] [D] [thread 30134] [35.0] [cxt 0] Parser 'parser' entering state 'start'
[12:03:45.243] [bmv2] [D] [thread 30134] [35.0] [cxt 0] Extracting header 'ethernet'
[12:03:45.244] [bmv2] [D] [thread 30134] [35.0] [cxt 0] Parser state 'start': key is 86dd
[12:03:45.246] [bmv2] [T] [thread 30134] [35.0] [cxt 0] Bytes parsed: 14
[12:03:45.247] [bmv2] [D] [thread 30134] [35.0] [cxt 0] Parser 'parser': end
[12:03:45.248] [bmv2] [D] [thread 30134] [35.0] [cxt 0] Pipeline 'ingress': start
[12:03:45.248] [bmv2] [T] [thread 30134] [35.0] [cxt 0] streaming.p4(158) Condition "hdr.ipv4.isValid()" (node_2) is false
[12:03:45.249] [bmv2] [D] [thread 30134] [35.0] [cxt 0] Pipeline 'ingress': end
[12:03:45.250] [bmv2] [D] [thread 30134] [35.0] [cxt 0] Egress port is 0
[12:03:45.251] [bmv2] [D] [thread 30135] [35.0] [cxt 0] Pipeline 'egress': start
[12:03:45.251] [bmv2] [D] [thread 30135] [35.0] [cxt 0] Pipeline 'egress': end
[12:03:45.252] [bmv2] [D] [thread 30135] [35.0] [cxt 0] Deparser 'deparser': start
[12:03:45.252] [bmv2] [D] [thread 30135] [35.0] [cxt 0] Deparsing header 'ethernet'
[12:03:45.253] [bmv2] [D] [thread 30135] [35.0] [cxt 0] Deparser 'deparser': end
[12:03:45.254] [bmv2] [D] [thread 30139] [35.0] [cxt 0] Transmitting packet of size 70 out of port 0
[12:03:46.261] [bmv2] [D] [thread 30134] [36.0] [cxt 0] Processing packet received on port 3
[12:03:46.261] [bmv2] [D] [thread 30134] [36.0] [cxt 0] Parser 'parser': start
[12:03:46.262] [bmv2] [D] [thread 30134] [36.0] [cxt 0] Parser 'parser' entering state 'start'
[12:03:46.263] [bmv2] [D] [thread 30134] [36.0] [cxt 0] Extracting header 'ethernet'
[12:03:46.263] [bmv2] [D] [thread 30134] [36.0] [cxt 0] Parser state 'start': key is 86dd
[12:03:46.264] [bmv2] [T] [thread 30134] [36.0] [cxt 0] Bytes parsed: 14
[12:03:46.264] [bmv2] [D] [thread 30134] [36.0] [cxt 0] Parser 'parser': end
[12:03:46.265] [bmv2] [D] [thread 30134] [36.0] [cxt 0] Pipeline 'ingress': start
[12:03:46.266] [bmv2] [T] [thread 30134] [36.0] [cxt 0] streaming.p4(158) Condition "hdr.ipv4.isValid()" (node_2) is false
[12:03:46.266] [bmv2] [D] [thread 30134] [36.0] [cxt 0] Pipeline 'ingress': end
[12:03:46.267] [bmv2] [D] [thread 30134] [36.0] [cxt 0] Egress port is 0
[12:03:46.268] [bmv2] [D] [thread 30135] [36.0] [cxt 0] Pipeline 'egress': start
[12:03:46.268] [bmv2] [D] [thread 30135] [36.0] [cxt 0] Pipeline 'egress': end
[12:03:46.268] [bmv2] [D] [thread 30135] [36.0] [cxt 0] Deparser 'deparser': start
[12:03:46.269] [bmv2] [D] [thread 30135] [36.0] [cxt 0] Deparsing header 'ethernet'
[12:03:46.270] [bmv2] [D] [thread 30135] [36.0] [cxt 0] Deparser 'deparser': end
[12:03:46.270] [bmv2] [D] [thread 30139] [36.0] [cxt 0] Transmitting packet of size 70 out of port 0
[12:03:47.030] [bmv2] [D] [thread 30134] [37.0] [cxt 0] Processing packet received on port 3
[12:03:47.031] [bmv2] [D] [thread 30134] [37.0] [cxt 0] Parser 'parser': start
[12:03:47.031] [bmv2] [D] [thread 30134] [37.0] [cxt 0] Parser 'parser' entering state 'start'
[12:03:47.031] [bmv2] [D] [thread 30134] [37.0] [cxt 0] Extracting header 'ethernet'
[12:03:47.032] [bmv2] [D] [thread 30134] [37.0] [cxt 0] Parser state 'start': key is 86dd
[12:03:47.032] [bmv2] [T] [thread 30134] [37.0] [cxt 0] Bytes parsed: 14
[12:03:47.033] [bmv2] [D] [thread 30134] [37.0] [cxt 0] Parser 'parser': end
[12:03:47.033] [bmv2] [D] [thread 30134] [37.0] [cxt 0] Pipeline 'ingress': start
[12:03:47.034] [bmv2] [T] [thread 30134] [37.0] [cxt 0] streaming.p4(158) Condition "hdr.ipv4.isValid()" (node_2) is false
[12:03:47.034] [bmv2] [D] [thread 30134] [37.0] [cxt 0] Pipeline 'ingress': end
[12:03:47.035] [bmv2] [D] [thread 30134] [37.0] [cxt 0] Egress port is 0
[12:03:47.036] [bmv2] [D] [thread 30135] [37.0] [cxt 0] Pipeline 'egress': start
[12:03:47.036] [bmv2] [D] [thread 30135] [37.0] [cxt 0] Pipeline 'egress': end
[12:03:47.037] [bmv2] [D] [thread 30135] [37.0] [cxt 0] Deparser 'deparser': start
[12:03:47.038] [bmv2] [D] [thread 30135] [37.0] [cxt 0] Deparsing header 'ethernet'
[12:03:47.038] [bmv2] [D] [thread 30135] [37.0] [cxt 0] Deparser 'deparser': end
[12:03:47.039] [bmv2] [D] [thread 30139] [37.0] [cxt 0] Transmitting packet of size 70 out of port 0
[12:03:48.565] [bmv2] [D] [thread 30134] [38.0] [cxt 0] Processing packet received on port 2
[12:03:48.566] [bmv2] [D] [thread 30134] [38.0] [cxt 0] Parser 'parser': start
[12:03:48.566] [bmv2] [D] [thread 30134] [38.0] [cxt 0] Parser 'parser' entering state 'start'
[12:03:48.566] [bmv2] [D] [thread 30134] [38.0] [cxt 0] Extracting header 'ethernet'
[12:03:48.567] [bmv2] [D] [thread 30134] [38.0] [cxt 0] Parser state 'start': key is 86dd
[12:03:48.567] [bmv2] [T] [thread 30134] [38.0] [cxt 0] Bytes parsed: 14
[12:03:48.568] [bmv2] [D] [thread 30134] [38.0] [cxt 0] Parser 'parser': end
[12:03:48.568] [bmv2] [D] [thread 30134] [38.0] [cxt 0] Pipeline 'ingress': start
[12:03:48.569] [bmv2] [T] [thread 30134] [38.0] [cxt 0] streaming.p4(158) Condition "hdr.ipv4.isValid()" (node_2) is false
[12:03:48.569] [bmv2] [D] [thread 30134] [38.0] [cxt 0] Pipeline 'ingress': end
[12:03:48.570] [bmv2] [D] [thread 30134] [38.0] [cxt 0] Egress port is 0
[12:03:48.570] [bmv2] [D] [thread 30135] [38.0] [cxt 0] Pipeline 'egress': start
[12:03:48.571] [bmv2] [D] [thread 30135] [38.0] [cxt 0] Pipeline 'egress': end
[12:03:48.572] [bmv2] [D] [thread 30135] [38.0] [cxt 0] Deparser 'deparser': start
[12:03:48.572] [bmv2] [D] [thread 30135] [38.0] [cxt 0] Deparsing header 'ethernet'
[12:03:48.572] [bmv2] [D] [thread 30135] [38.0] [cxt 0] Deparser 'deparser': end
[12:03:48.573] [bmv2] [D] [thread 30139] [38.0] [cxt 0] Transmitting packet of size 70 out of port 0
[12:03:49.336] [bmv2] [D] [thread 30134] [39.0] [cxt 0] Processing packet received on port 2
[12:03:49.339] [bmv2] [D] [thread 30134] [39.0] [cxt 0] Parser 'parser': start
[12:03:49.340] [bmv2] [D] [thread 30134] [39.0] [cxt 0] Parser 'parser' entering state 'start'
[12:03:49.343] [bmv2] [D] [thread 30134] [39.0] [cxt 0] Extracting header 'ethernet'
[12:03:49.345] [bmv2] [D] [thread 30134] [39.0] [cxt 0] Parser state 'start': key is 86dd
[12:03:49.347] [bmv2] [T] [thread 30134] [39.0] [cxt 0] Bytes parsed: 14
[12:03:49.350] [bmv2] [D] [thread 30134] [39.0] [cxt 0] Parser 'parser': end
[12:03:49.352] [bmv2] [D] [thread 30134] [39.0] [cxt 0] Pipeline 'ingress': start
[12:03:49.354] [bmv2] [T] [thread 30134] [39.0] [cxt 0] streaming.p4(158) Condition "hdr.ipv4.isValid()" (node_2) is false
[12:03:49.356] [bmv2] [D] [thread 30134] [39.0] [cxt 0] Pipeline 'ingress': end
[12:03:49.359] [bmv2] [D] [thread 30134] [39.0] [cxt 0] Egress port is 0
[12:03:49.362] [bmv2] [D] [thread 30134] [40.0] [cxt 0] Processing packet received on port 1
[12:03:49.362] [bmv2] [D] [thread 30135] [39.0] [cxt 0] Pipeline 'egress': start
[12:03:49.364] [bmv2] [D] [thread 30135] [39.0] [cxt 0] Pipeline 'egress': end
[12:03:49.365] [bmv2] [D] [thread 30135] [39.0] [cxt 0] Deparser 'deparser': start
[12:03:49.366] [bmv2] [D] [thread 30135] [39.0] [cxt 0] Deparsing header 'ethernet'
[12:03:49.366] [bmv2] [D] [thread 30135] [39.0] [cxt 0] Deparser 'deparser': end
[12:03:49.367] [bmv2] [D] [thread 30139] [39.0] [cxt 0] Transmitting packet of size 70 out of port 0
[12:03:49.364] [bmv2] [D] [thread 30134] [40.0] [cxt 0] Parser 'parser': start
[12:03:49.370] [bmv2] [D] [thread 30134] [40.0] [cxt 0] Parser 'parser' entering state 'start'
[12:03:49.370] [bmv2] [D] [thread 30134] [40.0] [cxt 0] Extracting header 'ethernet'
[12:03:49.371] [bmv2] [D] [thread 30134] [40.0] [cxt 0] Parser state 'start': key is 86dd
[12:03:49.372] [bmv2] [T] [thread 30134] [40.0] [cxt 0] Bytes parsed: 14
[12:03:49.372] [bmv2] [D] [thread 30134] [40.0] [cxt 0] Parser 'parser': end
[12:03:49.373] [bmv2] [D] [thread 30134] [40.0] [cxt 0] Pipeline 'ingress': start
[12:03:49.373] [bmv2] [T] [thread 30134] [40.0] [cxt 0] streaming.p4(158) Condition "hdr.ipv4.isValid()" (node_2) is false
[12:03:49.374] [bmv2] [D] [thread 30134] [40.0] [cxt 0] Pipeline 'ingress': end
[12:03:49.375] [bmv2] [D] [thread 30134] [40.0] [cxt 0] Egress port is 0
[12:03:49.376] [bmv2] [D] [thread 30135] [40.0] [cxt 0] Pipeline 'egress': start
[12:03:49.377] [bmv2] [D] [thread 30135] [40.0] [cxt 0] Pipeline 'egress': end
[12:03:49.378] [bmv2] [D] [thread 30135] [40.0] [cxt 0] Deparser 'deparser': start
[12:03:49.378] [bmv2] [D] [thread 30135] [40.0] [cxt 0] Deparsing header 'ethernet'
[12:03:49.378] [bmv2] [D] [thread 30135] [40.0] [cxt 0] Deparser 'deparser': end
[12:03:49.379] [bmv2] [D] [thread 30139] [40.0] [cxt 0] Transmitting packet of size 70 out of port 0
[12:04:15.960] [bmv2] [D] [thread 30134] [41.0] [cxt 0] Processing packet received on port 1
[12:04:15.961] [bmv2] [D] [thread 30134] [41.0] [cxt 0] Parser 'parser': start
[12:04:15.962] [bmv2] [D] [thread 30134] [41.0] [cxt 0] Parser 'parser' entering state 'start'
[12:04:15.962] [bmv2] [D] [thread 30134] [41.0] [cxt 0] Extracting header 'ethernet'
[12:04:15.964] [bmv2] [D] [thread 30134] [41.0] [cxt 0] Parser state 'start': key is 86dd
[12:04:15.965] [bmv2] [T] [thread 30134] [41.0] [cxt 0] Bytes parsed: 14
[12:04:15.966] [bmv2] [D] [thread 30134] [41.0] [cxt 0] Parser 'parser': end
[12:04:15.966] [bmv2] [D] [thread 30134] [41.0] [cxt 0] Pipeline 'ingress': start
[12:04:15.968] [bmv2] [T] [thread 30134] [41.0] [cxt 0] streaming.p4(158) Condition "hdr.ipv4.isValid()" (node_2) is false
[12:04:15.968] [bmv2] [D] [thread 30134] [41.0] [cxt 0] Pipeline 'ingress': end
[12:04:15.969] [bmv2] [D] [thread 30134] [41.0] [cxt 0] Egress port is 0
[12:04:15.970] [bmv2] [D] [thread 30135] [41.0] [cxt 0] Pipeline 'egress': start
[12:04:15.970] [bmv2] [D] [thread 30135] [41.0] [cxt 0] Pipeline 'egress': end
[12:04:15.970] [bmv2] [D] [thread 30135] [41.0] [cxt 0] Deparser 'deparser': start
[12:04:15.971] [bmv2] [D] [thread 30135] [41.0] [cxt 0] Deparsing header 'ethernet'
[12:04:15.972] [bmv2] [D] [thread 30135] [41.0] [cxt 0] Deparser 'deparser': end
[12:04:15.972] [bmv2] [D] [thread 30139] [41.0] [cxt 0] Transmitting packet of size 70 out of port 0
[12:04:18.007] [bmv2] [D] [thread 30134] [42.0] [cxt 0] Processing packet received on port 3
[12:04:18.007] [bmv2] [D] [thread 30134] [42.0] [cxt 0] Parser 'parser': start
[12:04:18.008] [bmv2] [D] [thread 30134] [42.0] [cxt 0] Parser 'parser' entering state 'start'
[12:04:18.008] [bmv2] [D] [thread 30134] [42.0] [cxt 0] Extracting header 'ethernet'
[12:04:18.009] [bmv2] [D] [thread 30134] [42.0] [cxt 0] Parser state 'start': key is 86dd
[12:04:18.009] [bmv2] [T] [thread 30134] [42.0] [cxt 0] Bytes parsed: 14
[12:04:18.010] [bmv2] [D] [thread 30134] [42.0] [cxt 0] Parser 'parser': end
[12:04:18.010] [bmv2] [D] [thread 30134] [42.0] [cxt 0] Pipeline 'ingress': start
[12:04:18.011] [bmv2] [T] [thread 30134] [42.0] [cxt 0] streaming.p4(158) Condition "hdr.ipv4.isValid()" (node_2) is false
[12:04:18.011] [bmv2] [D] [thread 30134] [42.0] [cxt 0] Pipeline 'ingress': end
[12:04:18.012] [bmv2] [D] [thread 30134] [42.0] [cxt 0] Egress port is 0
[12:04:18.012] [bmv2] [D] [thread 30135] [42.0] [cxt 0] Pipeline 'egress': start
[12:04:18.013] [bmv2] [D] [thread 30135] [42.0] [cxt 0] Pipeline 'egress': end
[12:04:18.013] [bmv2] [D] [thread 30135] [42.0] [cxt 0] Deparser 'deparser': start
[12:04:18.014] [bmv2] [D] [thread 30135] [42.0] [cxt 0] Deparsing header 'ethernet'
[12:04:18.014] [bmv2] [D] [thread 30135] [42.0] [cxt 0] Deparser 'deparser': end
[12:04:18.012] [bmv2] [D] [thread 30134] [43.0] [cxt 0] Processing packet received on port 3
[12:04:18.015] [bmv2] [D] [thread 30134] [43.0] [cxt 0] Parser 'parser': start
[12:04:18.016] [bmv2] [D] [thread 30134] [43.0] [cxt 0] Parser 'parser' entering state 'start'
[12:04:18.016] [bmv2] [D] [thread 30134] [43.0] [cxt 0] Extracting header 'ethernet'
[12:04:18.015] [bmv2] [D] [thread 30139] [42.0] [cxt 0] Transmitting packet of size 70 out of port 0
[12:04:18.017] [bmv2] [D] [thread 30134] [43.0] [cxt 0] Parser state 'start': key is 86dd
[12:04:18.018] [bmv2] [T] [thread 30134] [43.0] [cxt 0] Bytes parsed: 14
[12:04:18.018] [bmv2] [D] [thread 30134] [43.0] [cxt 0] Parser 'parser': end
[12:04:18.019] [bmv2] [D] [thread 30134] [43.0] [cxt 0] Pipeline 'ingress': start
[12:04:18.020] [bmv2] [T] [thread 30134] [43.0] [cxt 0] streaming.p4(158) Condition "hdr.ipv4.isValid()" (node_2) is false
[12:04:18.021] [bmv2] [D] [thread 30134] [43.0] [cxt 0] Pipeline 'ingress': end
[12:04:18.021] [bmv2] [D] [thread 30134] [43.0] [cxt 0] Egress port is 0
[12:04:18.022] [bmv2] [D] [thread 30135] [43.0] [cxt 0] Pipeline 'egress': start
[12:04:18.022] [bmv2] [D] [thread 30135] [43.0] [cxt 0] Pipeline 'egress': end
[12:04:18.023] [bmv2] [D] [thread 30135] [43.0] [cxt 0] Deparser 'deparser': start
[12:04:18.023] [bmv2] [D] [thread 30135] [43.0] [cxt 0] Deparsing header 'ethernet'
[12:04:18.024] [bmv2] [D] [thread 30135] [43.0] [cxt 0] Deparser 'deparser': end
[12:04:18.025] [bmv2] [D] [thread 30139] [43.0] [cxt 0] Transmitting packet of size 70 out of port 0
[12:04:22.105] [bmv2] [D] [thread 30134] [44.0] [cxt 0] Processing packet received on port 2
[12:04:22.105] [bmv2] [D] [thread 30134] [44.0] [cxt 0] Parser 'parser': start
[12:04:22.106] [bmv2] [D] [thread 30134] [44.0] [cxt 0] Parser 'parser' entering state 'start'
[12:04:22.106] [bmv2] [D] [thread 30134] [44.0] [cxt 0] Extracting header 'ethernet'
[12:04:22.107] [bmv2] [D] [thread 30134] [44.0] [cxt 0] Parser state 'start': key is 86dd
[12:04:22.108] [bmv2] [T] [thread 30134] [44.0] [cxt 0] Bytes parsed: 14
[12:04:22.109] [bmv2] [D] [thread 30134] [44.0] [cxt 0] Parser 'parser': end
[12:04:22.110] [bmv2] [D] [thread 30134] [44.0] [cxt 0] Pipeline 'ingress': start
[12:04:22.112] [bmv2] [T] [thread 30134] [44.0] [cxt 0] streaming.p4(158) Condition "hdr.ipv4.isValid()" (node_2) is false
[12:04:22.115] [bmv2] [D] [thread 30134] [44.0] [cxt 0] Pipeline 'ingress': end
[12:04:22.115] [bmv2] [D] [thread 30134] [44.0] [cxt 0] Egress port is 0
[12:04:22.116] [bmv2] [D] [thread 30135] [44.0] [cxt 0] Pipeline 'egress': start
[12:04:22.117] [bmv2] [D] [thread 30135] [44.0] [cxt 0] Pipeline 'egress': end
[12:04:22.117] [bmv2] [D] [thread 30135] [44.0] [cxt 0] Deparser 'deparser': start
[12:04:22.118] [bmv2] [D] [thread 30135] [44.0] [cxt 0] Deparsing header 'ethernet'
[12:04:22.118] [bmv2] [D] [thread 30135] [44.0] [cxt 0] Deparser 'deparser': end
[12:04:22.119] [bmv2] [D] [thread 30139] [44.0] [cxt 0] Transmitting packet of size 70 out of port 0
[12:04:24.155] [bmv2] [D] [thread 30134] [45.0] [cxt 0] Processing packet received on port 1
[12:04:24.157] [bmv2] [D] [thread 30134] [45.0] [cxt 0] Parser 'parser': start
[12:04:24.159] [bmv2] [D] [thread 30134] [45.0] [cxt 0] Parser 'parser' entering state 'start'
[12:04:24.160] [bmv2] [D] [thread 30134] [45.0] [cxt 0] Extracting header 'ethernet'
[12:04:24.161] [bmv2] [D] [thread 30134] [45.0] [cxt 0] Parser state 'start': key is 86dd
[12:04:24.162] [bmv2] [T] [thread 30134] [45.0] [cxt 0] Bytes parsed: 14
[12:04:24.164] [bmv2] [D] [thread 30134] [45.0] [cxt 0] Parser 'parser': end
[12:04:24.166] [bmv2] [D] [thread 30134] [45.0] [cxt 0] Pipeline 'ingress': start
[12:04:24.169] [bmv2] [T] [thread 30134] [45.0] [cxt 0] streaming.p4(158) Condition "hdr.ipv4.isValid()" (node_2) is false
[12:04:24.172] [bmv2] [D] [thread 30134] [45.0] [cxt 0] Pipeline 'ingress': end
[12:04:24.173] [bmv2] [D] [thread 30134] [45.0] [cxt 0] Egress port is 0
[12:04:24.174] [bmv2] [D] [thread 30134] [46.0] [cxt 0] Processing packet received on port 2
[12:04:24.175] [bmv2] [D] [thread 30134] [46.0] [cxt 0] Parser 'parser': start
[12:04:24.174] [bmv2] [D] [thread 30135] [45.0] [cxt 0] Pipeline 'egress': start
[12:04:24.177] [bmv2] [D] [thread 30135] [45.0] [cxt 0] Pipeline 'egress': end
[12:04:24.177] [bmv2] [D] [thread 30135] [45.0] [cxt 0] Deparser 'deparser': start
[12:04:24.177] [bmv2] [D] [thread 30135] [45.0] [cxt 0] Deparsing header 'ethernet'
[12:04:24.177] [bmv2] [D] [thread 30135] [45.0] [cxt 0] Deparser 'deparser': end
[12:04:24.178] [bmv2] [D] [thread 30139] [45.0] [cxt 0] Transmitting packet of size 70 out of port 0
[12:04:24.176] [bmv2] [D] [thread 30134] [46.0] [cxt 0] Parser 'parser' entering state 'start'
[12:04:24.179] [bmv2] [D] [thread 30134] [46.0] [cxt 0] Extracting header 'ethernet'
[12:04:24.184] [bmv2] [D] [thread 30134] [46.0] [cxt 0] Parser state 'start': key is 86dd
[12:04:24.185] [bmv2] [T] [thread 30134] [46.0] [cxt 0] Bytes parsed: 14
[12:04:24.185] [bmv2] [D] [thread 30134] [46.0] [cxt 0] Parser 'parser': end
[12:04:24.186] [bmv2] [D] [thread 30134] [46.0] [cxt 0] Pipeline 'ingress': start
[12:04:24.187] [bmv2] [T] [thread 30134] [46.0] [cxt 0] streaming.p4(158) Condition "hdr.ipv4.isValid()" (node_2) is false
[12:04:24.187] [bmv2] [D] [thread 30134] [46.0] [cxt 0] Pipeline 'ingress': end
[12:04:24.188] [bmv2] [D] [thread 30134] [46.0] [cxt 0] Egress port is 0
[12:04:24.189] [bmv2] [D] [thread 30135] [46.0] [cxt 0] Pipeline 'egress': start
[12:04:24.190] [bmv2] [D] [thread 30135] [46.0] [cxt 0] Pipeline 'egress': end
[12:04:24.191] [bmv2] [D] [thread 30135] [46.0] [cxt 0] Deparser 'deparser': start
[12:04:24.191] [bmv2] [D] [thread 30135] [46.0] [cxt 0] Deparsing header 'ethernet'
[12:04:24.192] [bmv2] [D] [thread 30135] [46.0] [cxt 0] Deparser 'deparser': end
[12:04:24.192] [bmv2] [D] [thread 30139] [46.0] [cxt 0] Transmitting packet of size 70 out of port 0
[12:05:17.400] [bmv2] [D] [thread 30134] [47.0] [cxt 0] Processing packet received on port 1
[12:05:17.400] [bmv2] [D] [thread 30134] [47.0] [cxt 0] Parser 'parser': start
[12:05:17.400] [bmv2] [D] [thread 30134] [47.0] [cxt 0] Parser 'parser' entering state 'start'
[12:05:17.400] [bmv2] [D] [thread 30134] [47.0] [cxt 0] Extracting header 'ethernet'
[12:05:17.401] [bmv2] [D] [thread 30134] [47.0] [cxt 0] Parser state 'start': key is 86dd
[12:05:17.401] [bmv2] [T] [thread 30134] [47.0] [cxt 0] Bytes parsed: 14
[12:05:17.401] [bmv2] [D] [thread 30134] [47.0] [cxt 0] Parser 'parser': end
[12:05:17.402] [bmv2] [D] [thread 30134] [47.0] [cxt 0] Pipeline 'ingress': start
[12:05:17.402] [bmv2] [T] [thread 30134] [47.0] [cxt 0] streaming.p4(158) Condition "hdr.ipv4.isValid()" (node_2) is false
[12:05:17.402] [bmv2] [D] [thread 30134] [47.0] [cxt 0] Pipeline 'ingress': end
[12:05:17.402] [bmv2] [D] [thread 30134] [47.0] [cxt 0] Egress port is 0
[12:05:17.403] [bmv2] [D] [thread 30135] [47.0] [cxt 0] Pipeline 'egress': start
[12:05:17.403] [bmv2] [D] [thread 30135] [47.0] [cxt 0] Pipeline 'egress': end
[12:05:17.403] [bmv2] [D] [thread 30135] [47.0] [cxt 0] Deparser 'deparser': start
[12:05:17.403] [bmv2] [D] [thread 30135] [47.0] [cxt 0] Deparsing header 'ethernet'
[12:05:17.403] [bmv2] [D] [thread 30135] [47.0] [cxt 0] Deparser 'deparser': end
[12:05:17.404] [bmv2] [D] [thread 30139] [47.0] [cxt 0] Transmitting packet of size 70 out of port 0
[12:05:21.494] [bmv2] [D] [thread 30134] [48.0] [cxt 0] Processing packet received on port 3
[12:05:21.495] [bmv2] [D] [thread 30134] [48.0] [cxt 0] Parser 'parser': start
[12:05:21.495] [bmv2] [D] [thread 30134] [48.0] [cxt 0] Parser 'parser' entering state 'start'
[12:05:21.496] [bmv2] [D] [thread 30134] [48.0] [cxt 0] Extracting header 'ethernet'
[12:05:21.496] [bmv2] [D] [thread 30134] [48.0] [cxt 0] Parser state 'start': key is 86dd
[12:05:21.497] [bmv2] [T] [thread 30134] [48.0] [cxt 0] Bytes parsed: 14
[12:05:21.497] [bmv2] [D] [thread 30134] [48.0] [cxt 0] Parser 'parser': end
[12:05:21.498] [bmv2] [D] [thread 30134] [48.0] [cxt 0] Pipeline 'ingress': start
[12:05:21.498] [bmv2] [T] [thread 30134] [48.0] [cxt 0] streaming.p4(158) Condition "hdr.ipv4.isValid()" (node_2) is false
[12:05:21.499] [bmv2] [D] [thread 30134] [48.0] [cxt 0] Pipeline 'ingress': end
[12:05:21.499] [bmv2] [D] [thread 30134] [48.0] [cxt 0] Egress port is 0
[12:05:21.500] [bmv2] [D] [thread 30134] [49.0] [cxt 0] Processing packet received on port 3
[12:05:21.500] [bmv2] [D] [thread 30134] [49.0] [cxt 0] Parser 'parser': start
[12:05:21.501] [bmv2] [D] [thread 30134] [49.0] [cxt 0] Parser 'parser' entering state 'start'
[12:05:21.501] [bmv2] [D] [thread 30134] [49.0] [cxt 0] Extracting header 'ethernet'
[12:05:21.500] [bmv2] [D] [thread 30135] [48.0] [cxt 0] Pipeline 'egress': start
[12:05:21.502] [bmv2] [D] [thread 30135] [48.0] [cxt 0] Pipeline 'egress': end
[12:05:21.503] [bmv2] [D] [thread 30135] [48.0] [cxt 0] Deparser 'deparser': start
[12:05:21.503] [bmv2] [D] [thread 30135] [48.0] [cxt 0] Deparsing header 'ethernet'
[12:05:21.502] [bmv2] [D] [thread 30134] [49.0] [cxt 0] Parser state 'start': key is 86dd
[12:05:21.504] [bmv2] [T] [thread 30134] [49.0] [cxt 0] Bytes parsed: 14
[12:05:21.505] [bmv2] [D] [thread 30134] [49.0] [cxt 0] Parser 'parser': end
[12:05:21.504] [bmv2] [D] [thread 30135] [48.0] [cxt 0] Deparser 'deparser': end
[12:05:21.505] [bmv2] [D] [thread 30134] [49.0] [cxt 0] Pipeline 'ingress': start
[12:05:21.507] [bmv2] [T] [thread 30134] [49.0] [cxt 0] streaming.p4(158) Condition "hdr.ipv4.isValid()" (node_2) is false
[12:05:21.506] [bmv2] [D] [thread 30139] [48.0] [cxt 0] Transmitting packet of size 70 out of port 0
[12:05:21.507] [bmv2] [D] [thread 30134] [49.0] [cxt 0] Pipeline 'ingress': end
[12:05:21.508] [bmv2] [D] [thread 30134] [49.0] [cxt 0] Egress port is 0
[12:05:21.509] [bmv2] [D] [thread 30135] [49.0] [cxt 0] Pipeline 'egress': start
[12:05:21.509] [bmv2] [D] [thread 30135] [49.0] [cxt 0] Pipeline 'egress': end
[12:05:21.510] [bmv2] [D] [thread 30135] [49.0] [cxt 0] Deparser 'deparser': start
[12:05:21.511] [bmv2] [D] [thread 30135] [49.0] [cxt 0] Deparsing header 'ethernet'
[12:05:21.512] [bmv2] [D] [thread 30135] [49.0] [cxt 0] Deparser 'deparser': end
[12:05:21.512] [bmv2] [D] [thread 30139] [49.0] [cxt 0] Transmitting packet of size 70 out of port 0
[12:05:27.639] [bmv2] [D] [thread 30134] [50.0] [cxt 0] Processing packet received on port 2
[12:05:27.639] [bmv2] [D] [thread 30134] [50.0] [cxt 0] Parser 'parser': start
[12:05:27.640] [bmv2] [D] [thread 30134] [50.0] [cxt 0] Parser 'parser' entering state 'start'
[12:05:27.643] [bmv2] [D] [thread 30134] [50.0] [cxt 0] Extracting header 'ethernet'
[12:05:27.645] [bmv2] [D] [thread 30134] [50.0] [cxt 0] Parser state 'start': key is 86dd
[12:05:27.647] [bmv2] [T] [thread 30134] [50.0] [cxt 0] Bytes parsed: 14
[12:05:27.647] [bmv2] [D] [thread 30134] [50.0] [cxt 0] Parser 'parser': end
[12:05:27.649] [bmv2] [D] [thread 30134] [50.0] [cxt 0] Pipeline 'ingress': start
[12:05:27.650] [bmv2] [T] [thread 30134] [50.0] [cxt 0] streaming.p4(158) Condition "hdr.ipv4.isValid()" (node_2) is false
[12:05:27.650] [bmv2] [D] [thread 30134] [50.0] [cxt 0] Pipeline 'ingress': end
[12:05:27.651] [bmv2] [D] [thread 30134] [50.0] [cxt 0] Egress port is 0
[12:05:27.652] [bmv2] [D] [thread 30135] [50.0] [cxt 0] Pipeline 'egress': start
[12:05:27.653] [bmv2] [D] [thread 30135] [50.0] [cxt 0] Pipeline 'egress': end
[12:05:27.653] [bmv2] [D] [thread 30135] [50.0] [cxt 0] Deparser 'deparser': start
[12:05:27.654] [bmv2] [D] [thread 30135] [50.0] [cxt 0] Deparsing header 'ethernet'
[12:05:27.655] [bmv2] [D] [thread 30135] [50.0] [cxt 0] Deparser 'deparser': end
[12:05:27.655] [bmv2] [D] [thread 30139] [50.0] [cxt 0] Transmitting packet of size 70 out of port 0
[12:05:29.725] [bmv2] [D] [thread 30134] [51.0] [cxt 0] Processing packet received on port 1
[12:05:29.732] [bmv2] [D] [thread 30134] [51.0] [cxt 0] Parser 'parser': start
[12:05:29.733] [bmv2] [D] [thread 30134] [51.0] [cxt 0] Parser 'parser' entering state 'start'
[12:05:29.735] [bmv2] [D] [thread 30134] [51.0] [cxt 0] Extracting header 'ethernet'
[12:05:29.737] [bmv2] [D] [thread 30134] [51.0] [cxt 0] Parser state 'start': key is 86dd
[12:05:29.744] [bmv2] [T] [thread 30134] [51.0] [cxt 0] Bytes parsed: 14
[12:05:29.746] [bmv2] [D] [thread 30134] [51.0] [cxt 0] Parser 'parser': end
[12:05:29.747] [bmv2] [D] [thread 30134] [51.0] [cxt 0] Pipeline 'ingress': start
[12:05:29.747] [bmv2] [T] [thread 30134] [51.0] [cxt 0] streaming.p4(158) Condition "hdr.ipv4.isValid()" (node_2) is false
[12:05:29.748] [bmv2] [D] [thread 30134] [51.0] [cxt 0] Pipeline 'ingress': end
[12:05:29.748] [bmv2] [D] [thread 30134] [51.0] [cxt 0] Egress port is 0
[12:05:29.748] [bmv2] [D] [thread 30135] [51.0] [cxt 0] Pipeline 'egress': start
[12:05:29.749] [bmv2] [D] [thread 30135] [51.0] [cxt 0] Pipeline 'egress': end
[12:05:29.749] [bmv2] [D] [thread 30135] [51.0] [cxt 0] Deparser 'deparser': start
[12:05:29.750] [bmv2] [D] [thread 30135] [51.0] [cxt 0] Deparsing header 'ethernet'
[12:05:29.750] [bmv2] [D] [thread 30135] [51.0] [cxt 0] Deparser 'deparser': end
[12:05:29.751] [bmv2] [D] [thread 30139] [51.0] [cxt 0] Transmitting packet of size 70 out of port 0
[12:05:29.752] [bmv2] [D] [thread 30134] [52.0] [cxt 0] Processing packet received on port 2
[12:05:29.753] [bmv2] [D] [thread 30134] [52.0] [cxt 0] Parser 'parser': start
[12:05:29.754] [bmv2] [D] [thread 30134] [52.0] [cxt 0] Parser 'parser' entering state 'start'
[12:05:29.755] [bmv2] [D] [thread 30134] [52.0] [cxt 0] Extracting header 'ethernet'
[12:05:29.756] [bmv2] [D] [thread 30134] [52.0] [cxt 0] Parser state 'start': key is 86dd
[12:05:29.757] [bmv2] [T] [thread 30134] [52.0] [cxt 0] Bytes parsed: 14
[12:05:29.758] [bmv2] [D] [thread 30134] [52.0] [cxt 0] Parser 'parser': end
[12:05:29.759] [bmv2] [D] [thread 30134] [52.0] [cxt 0] Pipeline 'ingress': start
[12:05:29.759] [bmv2] [T] [thread 30134] [52.0] [cxt 0] streaming.p4(158) Condition "hdr.ipv4.isValid()" (node_2) is false
[12:05:29.760] [bmv2] [D] [thread 30134] [52.0] [cxt 0] Pipeline 'ingress': end
[12:05:29.761] [bmv2] [D] [thread 30134] [52.0] [cxt 0] Egress port is 0
[12:05:29.761] [bmv2] [D] [thread 30135] [52.0] [cxt 0] Pipeline 'egress': start
[12:05:29.762] [bmv2] [D] [thread 30135] [52.0] [cxt 0] Pipeline 'egress': end
[12:05:29.763] [bmv2] [D] [thread 30135] [52.0] [cxt 0] Deparser 'deparser': start
[12:05:29.763] [bmv2] [D] [thread 30135] [52.0] [cxt 0] Deparsing header 'ethernet'
[12:05:29.764] [bmv2] [D] [thread 30135] [52.0] [cxt 0] Deparser 'deparser': end
[12:05:29.764] [bmv2] [D] [thread 30139] [52.0] [cxt 0] Transmitting packet of size 70 out of port 0
[12:07:22.325] [bmv2] [D] [thread 30134] [53.0] [cxt 0] Processing packet received on port 3
[12:07:22.325] [bmv2] [D] [thread 30134] [53.0] [cxt 0] Parser 'parser': start
[12:07:22.325] [bmv2] [D] [thread 30134] [53.0] [cxt 0] Parser 'parser' entering state 'start'
[12:07:22.325] [bmv2] [D] [thread 30134] [53.0] [cxt 0] Extracting header 'ethernet'
[12:07:22.325] [bmv2] [D] [thread 30134] [53.0] [cxt 0] Parser state 'start': key is 86dd
[12:07:22.326] [bmv2] [T] [thread 30134] [53.0] [cxt 0] Bytes parsed: 14
[12:07:22.326] [bmv2] [D] [thread 30134] [53.0] [cxt 0] Parser 'parser': end
[12:07:22.326] [bmv2] [D] [thread 30134] [53.0] [cxt 0] Pipeline 'ingress': start
[12:07:22.326] [bmv2] [T] [thread 30134] [53.0] [cxt 0] streaming.p4(158) Condition "hdr.ipv4.isValid()" (node_2) is false
[12:07:22.327] [bmv2] [D] [thread 30134] [53.0] [cxt 0] Pipeline 'ingress': end
[12:07:22.327] [bmv2] [D] [thread 30134] [53.0] [cxt 0] Egress port is 0
[12:07:22.327] [bmv2] [D] [thread 30135] [53.0] [cxt 0] Pipeline 'egress': start
[12:07:22.327] [bmv2] [D] [thread 30135] [53.0] [cxt 0] Pipeline 'egress': end
[12:07:22.327] [bmv2] [D] [thread 30135] [53.0] [cxt 0] Deparser 'deparser': start
[12:07:22.328] [bmv2] [D] [thread 30135] [53.0] [cxt 0] Deparsing header 'ethernet'
[12:07:22.328] [bmv2] [D] [thread 30135] [53.0] [cxt 0] Deparser 'deparser': end
[12:07:22.328] [bmv2] [D] [thread 30139] [53.0] [cxt 0] Transmitting packet of size 70 out of port 0
[12:07:24.376] [bmv2] [D] [thread 30134] [54.0] [cxt 0] Processing packet received on port 3
[12:07:24.376] [bmv2] [D] [thread 30134] [54.0] [cxt 0] Parser 'parser': start
[12:07:24.379] [bmv2] [D] [thread 30134] [54.0] [cxt 0] Parser 'parser' entering state 'start'
[12:07:24.385] [bmv2] [D] [thread 30134] [54.0] [cxt 0] Extracting header 'ethernet'
[12:07:24.386] [bmv2] [D] [thread 30134] [54.0] [cxt 0] Parser state 'start': key is 86dd
[12:07:24.387] [bmv2] [T] [thread 30134] [54.0] [cxt 0] Bytes parsed: 14
[12:07:24.388] [bmv2] [D] [thread 30134] [54.0] [cxt 0] Parser 'parser': end
[12:07:24.390] [bmv2] [D] [thread 30134] [54.0] [cxt 0] Pipeline 'ingress': start
[12:07:24.391] [bmv2] [T] [thread 30134] [54.0] [cxt 0] streaming.p4(158) Condition "hdr.ipv4.isValid()" (node_2) is false
[12:07:24.392] [bmv2] [D] [thread 30134] [54.0] [cxt 0] Pipeline 'ingress': end
[12:07:24.393] [bmv2] [D] [thread 30134] [54.0] [cxt 0] Egress port is 0
[12:07:24.394] [bmv2] [D] [thread 30135] [54.0] [cxt 0] Pipeline 'egress': start
[12:07:24.397] [bmv2] [D] [thread 30135] [54.0] [cxt 0] Pipeline 'egress': end
[12:07:24.398] [bmv2] [D] [thread 30135] [54.0] [cxt 0] Deparser 'deparser': start
[12:07:24.394] [bmv2] [D] [thread 30134] [55.0] [cxt 0] Processing packet received on port 1
[12:07:24.398] [bmv2] [D] [thread 30135] [54.0] [cxt 0] Deparsing header 'ethernet'
[12:07:24.401] [bmv2] [D] [thread 30135] [54.0] [cxt 0] Deparser 'deparser': end
[12:07:24.401] [bmv2] [D] [thread 30139] [54.0] [cxt 0] Transmitting packet of size 70 out of port 0
[12:07:24.400] [bmv2] [D] [thread 30134] [55.0] [cxt 0] Parser 'parser': start
[12:07:24.402] [bmv2] [D] [thread 30134] [55.0] [cxt 0] Parser 'parser' entering state 'start'
[12:07:24.403] [bmv2] [D] [thread 30134] [55.0] [cxt 0] Extracting header 'ethernet'
[12:07:24.404] [bmv2] [D] [thread 30134] [55.0] [cxt 0] Parser state 'start': key is 86dd
[12:07:24.404] [bmv2] [T] [thread 30134] [55.0] [cxt 0] Bytes parsed: 14
[12:07:24.405] [bmv2] [D] [thread 30134] [55.0] [cxt 0] Parser 'parser': end
[12:07:24.405] [bmv2] [D] [thread 30134] [55.0] [cxt 0] Pipeline 'ingress': start
[12:07:24.405] [bmv2] [T] [thread 30134] [55.0] [cxt 0] streaming.p4(158) Condition "hdr.ipv4.isValid()" (node_2) is false
[12:07:24.405] [bmv2] [D] [thread 30134] [55.0] [cxt 0] Pipeline 'ingress': end
[12:07:24.406] [bmv2] [D] [thread 30134] [55.0] [cxt 0] Egress port is 0
[12:07:24.406] [bmv2] [D] [thread 30135] [55.0] [cxt 0] Pipeline 'egress': start
[12:07:24.406] [bmv2] [D] [thread 30135] [55.0] [cxt 0] Pipeline 'egress': end
[12:07:24.406] [bmv2] [D] [thread 30135] [55.0] [cxt 0] Deparser 'deparser': start
[12:07:24.407] [bmv2] [D] [thread 30135] [55.0] [cxt 0] Deparsing header 'ethernet'
[12:07:24.407] [bmv2] [D] [thread 30135] [55.0] [cxt 0] Deparser 'deparser': end
[12:07:24.407] [bmv2] [D] [thread 30139] [55.0] [cxt 0] Transmitting packet of size 70 out of port 0
[12:07:34.617] [bmv2] [D] [thread 30134] [56.0] [cxt 0] Processing packet received on port 2
[12:07:34.619] [bmv2] [D] [thread 30134] [56.0] [cxt 0] Parser 'parser': start
[12:07:34.620] [bmv2] [D] [thread 30134] [56.0] [cxt 0] Parser 'parser' entering state 'start'
[12:07:34.622] [bmv2] [D] [thread 30134] [56.0] [cxt 0] Extracting header 'ethernet'
[12:07:34.624] [bmv2] [D] [thread 30134] [56.0] [cxt 0] Parser state 'start': key is 86dd
[12:07:34.626] [bmv2] [T] [thread 30134] [56.0] [cxt 0] Bytes parsed: 14
[12:07:34.627] [bmv2] [D] [thread 30134] [56.0] [cxt 0] Parser 'parser': end
[12:07:34.630] [bmv2] [D] [thread 30134] [56.0] [cxt 0] Pipeline 'ingress': start
[12:07:34.631] [bmv2] [T] [thread 30134] [56.0] [cxt 0] streaming.p4(158) Condition "hdr.ipv4.isValid()" (node_2) is false
[12:07:34.632] [bmv2] [D] [thread 30134] [56.0] [cxt 0] Pipeline 'ingress': end
[12:07:34.632] [bmv2] [D] [thread 30134] [56.0] [cxt 0] Egress port is 0
[12:07:34.633] [bmv2] [D] [thread 30135] [56.0] [cxt 0] Pipeline 'egress': start
[12:07:34.635] [bmv2] [D] [thread 30135] [56.0] [cxt 0] Pipeline 'egress': end
[12:07:34.636] [bmv2] [D] [thread 30135] [56.0] [cxt 0] Deparser 'deparser': start
[12:07:34.637] [bmv2] [D] [thread 30135] [56.0] [cxt 0] Deparsing header 'ethernet'
[12:07:34.639] [bmv2] [D] [thread 30135] [56.0] [cxt 0] Deparser 'deparser': end
[12:07:34.640] [bmv2] [D] [thread 30134] [57.0] [cxt 0] Processing packet received on port 1
[12:07:34.640] [bmv2] [D] [thread 30134] [57.0] [cxt 0] Parser 'parser': start
[12:07:34.641] [bmv2] [D] [thread 30134] [57.0] [cxt 0] Parser 'parser' entering state 'start'
[12:07:34.641] [bmv2] [D] [thread 30134] [57.0] [cxt 0] Extracting header 'ethernet'
[12:07:34.640] [bmv2] [D] [thread 30139] [56.0] [cxt 0] Transmitting packet of size 70 out of port 0
[12:07:34.642] [bmv2] [D] [thread 30134] [57.0] [cxt 0] Parser state 'start': key is 86dd
[12:07:34.643] [bmv2] [T] [thread 30134] [57.0] [cxt 0] Bytes parsed: 14
[12:07:34.644] [bmv2] [D] [thread 30134] [57.0] [cxt 0] Parser 'parser': end
[12:07:34.644] [bmv2] [D] [thread 30134] [57.0] [cxt 0] Pipeline 'ingress': start
[12:07:34.645] [bmv2] [T] [thread 30134] [57.0] [cxt 0] streaming.p4(158) Condition "hdr.ipv4.isValid()" (node_2) is false
[12:07:34.646] [bmv2] [D] [thread 30134] [57.0] [cxt 0] Pipeline 'ingress': end
[12:07:34.646] [bmv2] [D] [thread 30134] [57.0] [cxt 0] Egress port is 0
[12:07:34.647] [bmv2] [D] [thread 30135] [57.0] [cxt 0] Pipeline 'egress': start
[12:07:34.647] [bmv2] [D] [thread 30135] [57.0] [cxt 0] Pipeline 'egress': end
[12:07:34.648] [bmv2] [D] [thread 30135] [57.0] [cxt 0] Deparser 'deparser': start
[12:07:34.648] [bmv2] [D] [thread 30135] [57.0] [cxt 0] Deparsing header 'ethernet'
[12:07:34.649] [bmv2] [D] [thread 30135] [57.0] [cxt 0] Deparser 'deparser': end
[12:07:34.650] [bmv2] [D] [thread 30139] [57.0] [cxt 0] Transmitting packet of size 70 out of port 0
[12:07:40.774] [bmv2] [D] [thread 30134] [58.0] [cxt 0] Processing packet received on port 2
[12:07:40.774] [bmv2] [D] [thread 30134] [58.0] [cxt 0] Parser 'parser': start
[12:07:40.774] [bmv2] [D] [thread 30134] [58.0] [cxt 0] Parser 'parser' entering state 'start'
[12:07:40.775] [bmv2] [D] [thread 30134] [58.0] [cxt 0] Extracting header 'ethernet'
[12:07:40.777] [bmv2] [D] [thread 30134] [58.0] [cxt 0] Parser state 'start': key is 86dd
[12:07:40.777] [bmv2] [T] [thread 30134] [58.0] [cxt 0] Bytes parsed: 14
[12:07:40.778] [bmv2] [D] [thread 30134] [58.0] [cxt 0] Parser 'parser': end
[12:07:40.778] [bmv2] [D] [thread 30134] [58.0] [cxt 0] Pipeline 'ingress': start
[12:07:40.778] [bmv2] [T] [thread 30134] [58.0] [cxt 0] streaming.p4(158) Condition "hdr.ipv4.isValid()" (node_2) is false
[12:07:40.778] [bmv2] [D] [thread 30134] [58.0] [cxt 0] Pipeline 'ingress': end
[12:07:40.779] [bmv2] [D] [thread 30134] [58.0] [cxt 0] Egress port is 0
[12:07:40.779] [bmv2] [D] [thread 30135] [58.0] [cxt 0] Pipeline 'egress': start
[12:07:40.779] [bmv2] [D] [thread 30135] [58.0] [cxt 0] Pipeline 'egress': end
[12:07:40.780] [bmv2] [D] [thread 30135] [58.0] [cxt 0] Deparser 'deparser': start
[12:07:40.780] [bmv2] [D] [thread 30135] [58.0] [cxt 0] Deparsing header 'ethernet'
[12:07:40.780] [bmv2] [D] [thread 30135] [58.0] [cxt 0] Deparser 'deparser': end
[12:07:40.780] [bmv2] [D] [thread 30139] [58.0] [cxt 0] Transmitting packet of size 70 out of port 0
[12:11:30.134] [bmv2] [D] [thread 30134] [59.0] [cxt 0] Processing packet received on port 3
[12:11:30.135] [bmv2] [D] [thread 30134] [59.0] [cxt 0] Parser 'parser': start
[12:11:30.136] [bmv2] [D] [thread 30134] [59.0] [cxt 0] Parser 'parser' entering state 'start'
[12:11:30.136] [bmv2] [D] [thread 30134] [59.0] [cxt 0] Extracting header 'ethernet'
[12:11:30.137] [bmv2] [D] [thread 30134] [59.0] [cxt 0] Parser state 'start': key is 86dd
[12:11:30.137] [bmv2] [T] [thread 30134] [59.0] [cxt 0] Bytes parsed: 14
[12:11:30.138] [bmv2] [D] [thread 30134] [59.0] [cxt 0] Parser 'parser': end
[12:11:30.139] [bmv2] [D] [thread 30134] [59.0] [cxt 0] Pipeline 'ingress': start
[12:11:30.140] [bmv2] [T] [thread 30134] [59.0] [cxt 0] streaming.p4(158) Condition "hdr.ipv4.isValid()" (node_2) is false
[12:11:30.141] [bmv2] [D] [thread 30134] [59.0] [cxt 0] Pipeline 'ingress': end
[12:11:30.142] [bmv2] [D] [thread 30134] [59.0] [cxt 0] Egress port is 0
[12:11:30.142] [bmv2] [D] [thread 30135] [59.0] [cxt 0] Pipeline 'egress': start
[12:11:30.143] [bmv2] [D] [thread 30135] [59.0] [cxt 0] Pipeline 'egress': end
[12:11:30.143] [bmv2] [D] [thread 30135] [59.0] [cxt 0] Deparser 'deparser': start
[12:11:30.144] [bmv2] [D] [thread 30135] [59.0] [cxt 0] Deparsing header 'ethernet'
[12:11:30.145] [bmv2] [D] [thread 30135] [59.0] [cxt 0] Deparser 'deparser': end
[12:11:30.145] [bmv2] [D] [thread 30139] [59.0] [cxt 0] Transmitting packet of size 70 out of port 0
[12:11:46.522] [bmv2] [D] [thread 30134] [60.0] [cxt 0] Processing packet received on port 2
[12:11:46.522] [bmv2] [D] [thread 30134] [60.0] [cxt 0] Parser 'parser': start
[12:11:46.526] [bmv2] [D] [thread 30134] [60.0] [cxt 0] Parser 'parser' entering state 'start'
[12:11:46.527] [bmv2] [D] [thread 30134] [60.0] [cxt 0] Extracting header 'ethernet'
[12:11:46.529] [bmv2] [D] [thread 30134] [60.0] [cxt 0] Parser state 'start': key is 86dd
[12:11:46.530] [bmv2] [T] [thread 30134] [60.0] [cxt 0] Bytes parsed: 14
[12:11:46.532] [bmv2] [D] [thread 30134] [60.0] [cxt 0] Parser 'parser': end
[12:11:46.535] [bmv2] [D] [thread 30134] [60.0] [cxt 0] Pipeline 'ingress': start
[12:11:46.536] [bmv2] [T] [thread 30134] [60.0] [cxt 0] streaming.p4(158) Condition "hdr.ipv4.isValid()" (node_2) is false
[12:11:46.538] [bmv2] [D] [thread 30134] [60.0] [cxt 0] Pipeline 'ingress': end
[12:11:46.541] [bmv2] [D] [thread 30134] [60.0] [cxt 0] Egress port is 0
[12:11:46.544] [bmv2] [D] [thread 30134] [61.0] [cxt 0] Processing packet received on port 3
[12:11:46.548] [bmv2] [D] [thread 30134] [61.0] [cxt 0] Parser 'parser': start
[12:11:46.548] [bmv2] [D] [thread 30134] [61.0] [cxt 0] Parser 'parser' entering state 'start'
[12:11:46.544] [bmv2] [D] [thread 30135] [60.0] [cxt 0] Pipeline 'egress': start
[12:11:46.549] [bmv2] [D] [thread 30135] [60.0] [cxt 0] Pipeline 'egress': end
[12:11:46.550] [bmv2] [D] [thread 30135] [60.0] [cxt 0] Deparser 'deparser': start
[12:11:46.550] [bmv2] [D] [thread 30135] [60.0] [cxt 0] Deparsing header 'ethernet'
[12:11:46.551] [bmv2] [D] [thread 30135] [60.0] [cxt 0] Deparser 'deparser': end
[12:11:46.551] [bmv2] [D] [thread 30139] [60.0] [cxt 0] Transmitting packet of size 70 out of port 0
[12:11:46.549] [bmv2] [D] [thread 30134] [61.0] [cxt 0] Extracting header 'ethernet'
[12:11:46.553] [bmv2] [D] [thread 30134] [61.0] [cxt 0] Parser state 'start': key is 86dd
[12:11:46.554] [bmv2] [T] [thread 30134] [61.0] [cxt 0] Bytes parsed: 14
[12:11:46.554] [bmv2] [D] [thread 30134] [61.0] [cxt 0] Parser 'parser': end
[12:11:46.555] [bmv2] [D] [thread 30134] [61.0] [cxt 0] Pipeline 'ingress': start
[12:11:46.556] [bmv2] [T] [thread 30134] [61.0] [cxt 0] streaming.p4(158) Condition "hdr.ipv4.isValid()" (node_2) is false
[12:11:46.556] [bmv2] [D] [thread 30134] [61.0] [cxt 0] Pipeline 'ingress': end
[12:11:46.557] [bmv2] [D] [thread 30134] [61.0] [cxt 0] Egress port is 0
[12:11:46.558] [bmv2] [D] [thread 30135] [61.0] [cxt 0] Pipeline 'egress': start
[12:11:46.558] [bmv2] [D] [thread 30135] [61.0] [cxt 0] Pipeline 'egress': end
[12:11:46.559] [bmv2] [D] [thread 30135] [61.0] [cxt 0] Deparser 'deparser': start
[12:11:46.559] [bmv2] [D] [thread 30135] [61.0] [cxt 0] Deparsing header 'ethernet'
[12:11:46.560] [bmv2] [D] [thread 30135] [61.0] [cxt 0] Deparser 'deparser': end
[12:11:46.560] [bmv2] [D] [thread 30139] [61.0] [cxt 0] Transmitting packet of size 70 out of port 0
[12:12:02.905] [bmv2] [D] [thread 30134] [62.0] [cxt 0] Processing packet received on port 1
[12:12:02.906] [bmv2] [D] [thread 30134] [62.0] [cxt 0] Parser 'parser': start
[12:12:02.951] [bmv2] [D] [thread 30134] [62.0] [cxt 0] Parser 'parser' entering state 'start'
[12:12:02.952] [bmv2] [D] [thread 30134] [62.0] [cxt 0] Extracting header 'ethernet'
[12:12:02.954] [bmv2] [D] [thread 30134] [62.0] [cxt 0] Parser state 'start': key is 86dd
[12:12:02.956] [bmv2] [T] [thread 30134] [62.0] [cxt 0] Bytes parsed: 14
[12:12:02.958] [bmv2] [D] [thread 30134] [62.0] [cxt 0] Parser 'parser': end
[12:12:02.959] [bmv2] [D] [thread 30134] [62.0] [cxt 0] Pipeline 'ingress': start
[12:12:02.960] [bmv2] [T] [thread 30134] [62.0] [cxt 0] streaming.p4(158) Condition "hdr.ipv4.isValid()" (node_2) is false
[12:12:02.960] [bmv2] [D] [thread 30134] [62.0] [cxt 0] Pipeline 'ingress': end
[12:12:02.963] [bmv2] [D] [thread 30134] [62.0] [cxt 0] Egress port is 0
[12:12:02.966] [bmv2] [D] [thread 30135] [62.0] [cxt 0] Pipeline 'egress': start
[12:12:02.967] [bmv2] [D] [thread 30135] [62.0] [cxt 0] Pipeline 'egress': end
[12:12:02.967] [bmv2] [D] [thread 30135] [62.0] [cxt 0] Deparser 'deparser': start
[12:12:02.968] [bmv2] [D] [thread 30135] [62.0] [cxt 0] Deparsing header 'ethernet'
[12:12:02.969] [bmv2] [D] [thread 30135] [62.0] [cxt 0] Deparser 'deparser': end
[12:12:02.970] [bmv2] [D] [thread 30139] [62.0] [cxt 0] Transmitting packet of size 70 out of port 0
[12:12:02.967] [bmv2] [D] [thread 30134] [63.0] [cxt 0] Processing packet received on port 2
[12:12:02.971] [bmv2] [D] [thread 30134] [63.0] [cxt 0] Parser 'parser': start
[12:12:02.971] [bmv2] [D] [thread 30134] [63.0] [cxt 0] Parser 'parser' entering state 'start'
[12:12:02.972] [bmv2] [D] [thread 30134] [63.0] [cxt 0] Extracting header 'ethernet'
[12:12:02.973] [bmv2] [D] [thread 30134] [63.0] [cxt 0] Parser state 'start': key is 86dd
[12:12:02.973] [bmv2] [T] [thread 30134] [63.0] [cxt 0] Bytes parsed: 14
[12:12:02.974] [bmv2] [D] [thread 30134] [63.0] [cxt 0] Parser 'parser': end
[12:12:02.974] [bmv2] [D] [thread 30134] [63.0] [cxt 0] Pipeline 'ingress': start
[12:12:02.975] [bmv2] [T] [thread 30134] [63.0] [cxt 0] streaming.p4(158) Condition "hdr.ipv4.isValid()" (node_2) is false
[12:12:02.975] [bmv2] [D] [thread 30134] [63.0] [cxt 0] Pipeline 'ingress': end
[12:12:02.976] [bmv2] [D] [thread 30134] [63.0] [cxt 0] Egress port is 0
[12:12:02.978] [bmv2] [D] [thread 30135] [63.0] [cxt 0] Pipeline 'egress': start
[12:12:02.978] [bmv2] [D] [thread 30135] [63.0] [cxt 0] Pipeline 'egress': end
[12:12:02.979] [bmv2] [D] [thread 30135] [63.0] [cxt 0] Deparser 'deparser': start
[12:12:02.979] [bmv2] [D] [thread 30135] [63.0] [cxt 0] Deparsing header 'ethernet'
[12:12:02.980] [bmv2] [D] [thread 30135] [63.0] [cxt 0] Deparser 'deparser': end
[12:12:02.980] [bmv2] [D] [thread 30139] [63.0] [cxt 0] Transmitting packet of size 70 out of port 0
[12:12:02.979] [bmv2] [D] [thread 30134] [64.0] [cxt 0] Processing packet received on port 1
[12:12:02.981] [bmv2] [D] [thread 30134] [64.0] [cxt 0] Parser 'parser': start
[12:12:02.982] [bmv2] [D] [thread 30134] [64.0] [cxt 0] Parser 'parser' entering state 'start'
[12:12:02.982] [bmv2] [D] [thread 30134] [64.0] [cxt 0] Extracting header 'ethernet'
[12:12:02.983] [bmv2] [D] [thread 30134] [64.0] [cxt 0] Parser state 'start': key is 86dd
[12:12:02.983] [bmv2] [T] [thread 30134] [64.0] [cxt 0] Bytes parsed: 14
[12:12:02.983] [bmv2] [D] [thread 30134] [64.0] [cxt 0] Parser 'parser': end
[12:12:02.984] [bmv2] [D] [thread 30134] [64.0] [cxt 0] Pipeline 'ingress': start
[12:12:02.984] [bmv2] [T] [thread 30134] [64.0] [cxt 0] streaming.p4(158) Condition "hdr.ipv4.isValid()" (node_2) is false
[12:12:02.985] [bmv2] [D] [thread 30134] [64.0] [cxt 0] Pipeline 'ingress': end
[12:12:02.985] [bmv2] [D] [thread 30134] [64.0] [cxt 0] Egress port is 0
[12:12:02.986] [bmv2] [D] [thread 30135] [64.0] [cxt 0] Pipeline 'egress': start
[12:12:02.987] [bmv2] [D] [thread 30135] [64.0] [cxt 0] Pipeline 'egress': end
[12:12:02.987] [bmv2] [D] [thread 30135] [64.0] [cxt 0] Deparser 'deparser': start
[12:12:02.987] [bmv2] [D] [thread 30135] [64.0] [cxt 0] Deparsing header 'ethernet'
[12:12:02.988] [bmv2] [D] [thread 30135] [64.0] [cxt 0] Deparser 'deparser': end
[12:12:02.988] [bmv2] [D] [thread 30139] [64.0] [cxt 0] Transmitting packet of size 70 out of port 0
