Calling target program-options parser
[12:03:21.109] [bmv2] [D] [thread 30141] Set default default entry for table 'MyIngress.ipv4_lpm': NoAction - 
Adding interface s3-eth1 as port 1
[12:03:21.114] [bmv2] [D] [thread 30141] Adding interface s3-eth1 as port 1
Adding interface s3-eth2 as port 2
[12:03:21.160] [bmv2] [D] [thread 30141] Adding interface s3-eth2 as port 2
Adding interface s3-eth3 as port 3
[12:03:21.209] [bmv2] [D] [thread 30141] Adding interface s3-eth3 as port 3
Adding interface s3-eth4 as port 4
[12:03:21.265] [bmv2] [D] [thread 30141] Adding interface s3-eth4 as port 4
Server listening on 0.0.0.0:50053
[12:03:21.334] [bmv2] [I] [thread 30141] Starting Thrift server on port 9092
[12:03:21.335] [bmv2] [I] [thread 30141] Thrift server was started
[12:03:21.469] [bmv2] [D] [thread 30151] [0.0] [cxt 0] Processing packet received on port 4
[12:03:21.469] [bmv2] [D] [thread 30151] [0.0] [cxt 0] Parser 'parser': start
[12:03:21.470] [bmv2] [D] [thread 30151] [0.0] [cxt 0] Parser 'parser' entering state 'start'
[12:03:21.470] [bmv2] [D] [thread 30151] [0.0] [cxt 0] Extracting header 'ethernet'
[12:03:21.471] [bmv2] [D] [thread 30151] [0.0] [cxt 0] Parser state 'start': key is 86dd
[12:03:21.471] [bmv2] [T] [thread 30151] [0.0] [cxt 0] Bytes parsed: 14
[12:03:21.472] [bmv2] [D] [thread 30151] [0.0] [cxt 0] Parser 'parser': end
[12:03:21.472] [bmv2] [D] [thread 30151] [0.0] [cxt 0] Pipeline 'ingress': start
[12:03:21.473] [bmv2] [T] [thread 30151] [0.0] [cxt 0] streaming.p4(158) Condition "hdr.ipv4.isValid()" (node_2) is false
[12:03:21.473] [bmv2] [D] [thread 30151] [0.0] [cxt 0] Pipeline 'ingress': end
[12:03:21.474] [bmv2] [D] [thread 30151] [0.0] [cxt 0] Egress port is 0
[12:03:21.475] [bmv2] [D] [thread 30152] [0.0] [cxt 0] Pipeline 'egress': start
[12:03:21.475] [bmv2] [D] [thread 30152] [0.0] [cxt 0] Pipeline 'egress': end
[12:03:21.476] [bmv2] [D] [thread 30152] [0.0] [cxt 0] Deparser 'deparser': start
[12:03:21.476] [bmv2] [D] [thread 30152] [0.0] [cxt 0] Deparsing header 'ethernet'
[12:03:21.477] [bmv2] [D] [thread 30152] [0.0] [cxt 0] Deparser 'deparser': end
[12:03:21.478] [bmv2] [D] [thread 30156] [0.0] [cxt 0] Transmitting packet of size 207 out of port 0
[12:03:21.604] [bmv2] [D] [thread 30151] [1.0] [cxt 0] Processing packet received on port 2
[12:03:21.605] [bmv2] [D] [thread 30151] [1.0] [cxt 0] Parser 'parser': start
[12:03:21.606] [bmv2] [D] [thread 30151] [1.0] [cxt 0] Parser 'parser' entering state 'start'
[12:03:21.606] [bmv2] [D] [thread 30151] [1.0] [cxt 0] Extracting header 'ethernet'
[12:03:21.607] [bmv2] [D] [thread 30151] [1.0] [cxt 0] Parser state 'start': key is 86dd
[12:03:21.607] [bmv2] [T] [thread 30151] [1.0] [cxt 0] Bytes parsed: 14
[12:03:21.608] [bmv2] [D] [thread 30151] [1.0] [cxt 0] Parser 'parser': end
[12:03:21.608] [bmv2] [D] [thread 30151] [1.0] [cxt 0] Pipeline 'ingress': start
[12:03:21.609] [bmv2] [T] [thread 30151] [1.0] [cxt 0] streaming.p4(158) Condition "hdr.ipv4.isValid()" (node_2) is false
[12:03:21.609] [bmv2] [D] [thread 30151] [1.0] [cxt 0] Pipeline 'ingress': end
[12:03:21.610] [bmv2] [D] [thread 30151] [1.0] [cxt 0] Egress port is 0
[12:03:21.611] [bmv2] [D] [thread 30151] [2.0] [cxt 0] Processing packet received on port 2
[12:03:21.612] [bmv2] [D] [thread 30151] [2.0] [cxt 0] Parser 'parser': start
[12:03:21.613] [bmv2] [D] [thread 30151] [2.0] [cxt 0] Parser 'parser' entering state 'start'
[12:03:21.613] [bmv2] [D] [thread 30151] [2.0] [cxt 0] Extracting header 'ethernet'
[12:03:21.614] [bmv2] [D] [thread 30151] [2.0] [cxt 0] Parser state 'start': key is 86dd
[12:03:21.614] [bmv2] [T] [thread 30151] [2.0] [cxt 0] Bytes parsed: 14
[12:03:21.614] [bmv2] [D] [thread 30151] [2.0] [cxt 0] Parser 'parser': end
[12:03:21.615] [bmv2] [D] [thread 30151] [2.0] [cxt 0] Pipeline 'ingress': start
[12:03:21.615] [bmv2] [T] [thread 30151] [2.0] [cxt 0] streaming.p4(158) Condition "hdr.ipv4.isValid()" (node_2) is false
[12:03:21.616] [bmv2] [D] [thread 30151] [2.0] [cxt 0] Pipeline 'ingress': end
[12:03:21.616] [bmv2] [D] [thread 30151] [2.0] [cxt 0] Egress port is 0
[12:03:21.611] [bmv2] [D] [thread 30152] [1.0] [cxt 0] Pipeline 'egress': start
[12:03:21.617] [bmv2] [D] [thread 30152] [1.0] [cxt 0] Pipeline 'egress': end
[12:03:21.618] [bmv2] [D] [thread 30152] [1.0] [cxt 0] Deparser 'deparser': start
[12:03:21.618] [bmv2] [D] [thread 30152] [1.0] [cxt 0] Deparsing header 'ethernet'
[12:03:21.619] [bmv2] [D] [thread 30152] [1.0] [cxt 0] Deparser 'deparser': end
[12:03:21.620] [bmv2] [D] [thread 30152] [2.0] [cxt 0] Pipeline 'egress': start
[12:03:21.620] [bmv2] [D] [thread 30152] [2.0] [cxt 0] Pipeline 'egress': end
[12:03:21.621] [bmv2] [D] [thread 30152] [2.0] [cxt 0] Deparser 'deparser': start
[12:03:21.621] [bmv2] [D] [thread 30152] [2.0] [cxt 0] Deparsing header 'ethernet'
[12:03:21.622] [bmv2] [D] [thread 30152] [2.0] [cxt 0] Deparser 'deparser': end
[12:03:21.620] [bmv2] [D] [thread 30156] [1.0] [cxt 0] Transmitting packet of size 207 out of port 0
[12:03:21.623] [bmv2] [D] [thread 30156] [2.0] [cxt 0] Transmitting packet of size 207 out of port 0
[12:03:22.086] [bmv2] [D] [thread 30151] [3.0] [cxt 0] Processing packet received on port 3
[12:03:22.086] [bmv2] [D] [thread 30151] [3.0] [cxt 0] Parser 'parser': start
[12:03:22.087] [bmv2] [D] [thread 30151] [3.0] [cxt 0] Parser 'parser' entering state 'start'
[12:03:22.087] [bmv2] [D] [thread 30151] [3.0] [cxt 0] Extracting header 'ethernet'
[12:03:22.088] [bmv2] [D] [thread 30151] [3.0] [cxt 0] Parser state 'start': key is 86dd
[12:03:22.089] [bmv2] [T] [thread 30151] [3.0] [cxt 0] Bytes parsed: 14
[12:03:22.089] [bmv2] [D] [thread 30151] [3.0] [cxt 0] Parser 'parser': end
[12:03:22.090] [bmv2] [D] [thread 30151] [3.0] [cxt 0] Pipeline 'ingress': start
[12:03:22.091] [bmv2] [T] [thread 30151] [3.0] [cxt 0] streaming.p4(158) Condition "hdr.ipv4.isValid()" (node_2) is false
[12:03:22.091] [bmv2] [D] [thread 30151] [3.0] [cxt 0] Pipeline 'ingress': end
[12:03:22.092] [bmv2] [D] [thread 30151] [3.0] [cxt 0] Egress port is 0
[12:03:22.093] [bmv2] [D] [thread 30151] [4.0] [cxt 0] Processing packet received on port 3
[12:03:22.093] [bmv2] [D] [thread 30151] [4.0] [cxt 0] Parser 'parser': start
[12:03:22.094] [bmv2] [D] [thread 30151] [4.0] [cxt 0] Parser 'parser' entering state 'start'
[12:03:22.094] [bmv2] [D] [thread 30151] [4.0] [cxt 0] Extracting header 'ethernet'
[12:03:22.095] [bmv2] [D] [thread 30151] [4.0] [cxt 0] Parser state 'start': key is 86dd
[12:03:22.093] [bmv2] [D] [thread 30152] [3.0] [cxt 0] Pipeline 'egress': start
[12:03:22.096] [bmv2] [D] [thread 30152] [3.0] [cxt 0] Pipeline 'egress': end
[12:03:22.097] [bmv2] [D] [thread 30152] [3.0] [cxt 0] Deparser 'deparser': start
[12:03:22.097] [bmv2] [D] [thread 30152] [3.0] [cxt 0] Deparsing header 'ethernet'
[12:03:22.098] [bmv2] [D] [thread 30152] [3.0] [cxt 0] Deparser 'deparser': end
[12:03:22.098] [bmv2] [D] [thread 30156] [3.0] [cxt 0] Transmitting packet of size 207 out of port 0
[12:03:22.096] [bmv2] [T] [thread 30151] [4.0] [cxt 0] Bytes parsed: 14
[12:03:22.099] [bmv2] [D] [thread 30151] [4.0] [cxt 0] Parser 'parser': end
[12:03:22.100] [bmv2] [D] [thread 30151] [4.0] [cxt 0] Pipeline 'ingress': start
[12:03:22.100] [bmv2] [T] [thread 30151] [4.0] [cxt 0] streaming.p4(158) Condition "hdr.ipv4.isValid()" (node_2) is false
[12:03:22.101] [bmv2] [D] [thread 30151] [4.0] [cxt 0] Pipeline 'ingress': end
[12:03:22.101] [bmv2] [D] [thread 30151] [4.0] [cxt 0] Egress port is 0
[12:03:22.102] [bmv2] [D] [thread 30152] [4.0] [cxt 0] Pipeline 'egress': start
[12:03:22.102] [bmv2] [D] [thread 30152] [4.0] [cxt 0] Pipeline 'egress': end
[12:03:22.103] [bmv2] [D] [thread 30152] [4.0] [cxt 0] Deparser 'deparser': start
[12:03:22.104] [bmv2] [D] [thread 30152] [4.0] [cxt 0] Deparsing header 'ethernet'
[12:03:22.104] [bmv2] [D] [thread 30152] [4.0] [cxt 0] Deparser 'deparser': end
[12:03:22.105] [bmv2] [D] [thread 30156] [4.0] [cxt 0] Transmitting packet of size 207 out of port 0
[12:03:22.131] [bmv2] [D] [thread 30151] [5.0] [cxt 0] Processing packet received on port 4
[12:03:22.139] [bmv2] [D] [thread 30151] [5.0] [cxt 0] Parser 'parser': start
[12:03:22.139] [bmv2] [D] [thread 30151] [5.0] [cxt 0] Parser 'parser' entering state 'start'
[12:03:22.140] [bmv2] [D] [thread 30151] [5.0] [cxt 0] Extracting header 'ethernet'
[12:03:22.140] [bmv2] [D] [thread 30151] [5.0] [cxt 0] Parser state 'start': key is 86dd
[12:03:22.141] [bmv2] [T] [thread 30151] [5.0] [cxt 0] Bytes parsed: 14
[12:03:22.141] [bmv2] [D] [thread 30151] [5.0] [cxt 0] Parser 'parser': end
[12:03:22.142] [bmv2] [D] [thread 30151] [5.0] [cxt 0] Pipeline 'ingress': start
[12:03:22.142] [bmv2] [T] [thread 30151] [5.0] [cxt 0] streaming.p4(158) Condition "hdr.ipv4.isValid()" (node_2) is false
[12:03:22.142] [bmv2] [D] [thread 30151] [5.0] [cxt 0] Pipeline 'ingress': end
[12:03:22.143] [bmv2] [D] [thread 30151] [5.0] [cxt 0] Egress port is 0
[12:03:22.144] [bmv2] [D] [thread 30152] [5.0] [cxt 0] Pipeline 'egress': start
[12:03:22.144] [bmv2] [D] [thread 30152] [5.0] [cxt 0] Pipeline 'egress': end
[12:03:22.144] [bmv2] [D] [thread 30152] [5.0] [cxt 0] Deparser 'deparser': start
[12:03:22.145] [bmv2] [D] [thread 30152] [5.0] [cxt 0] Deparsing header 'ethernet'
[12:03:22.145] [bmv2] [D] [thread 30152] [5.0] [cxt 0] Deparser 'deparser': end
[12:03:22.145] [bmv2] [D] [thread 30156] [5.0] [cxt 0] Transmitting packet of size 207 out of port 0
[12:03:22.676] [bmv2] [D] [thread 30151] [6.0] [cxt 0] Processing packet received on port 4
[12:03:22.676] [bmv2] [D] [thread 30151] [6.0] [cxt 0] Parser 'parser': start
[12:03:22.678] [bmv2] [D] [thread 30151] [6.0] [cxt 0] Parser 'parser' entering state 'start'
[12:03:22.679] [bmv2] [D] [thread 30151] [6.0] [cxt 0] Extracting header 'ethernet'
[12:03:22.679] [bmv2] [D] [thread 30151] [6.0] [cxt 0] Parser state 'start': key is 86dd
[12:03:22.680] [bmv2] [T] [thread 30151] [6.0] [cxt 0] Bytes parsed: 14
[12:03:22.680] [bmv2] [D] [thread 30151] [6.0] [cxt 0] Parser 'parser': end
[12:03:22.680] [bmv2] [D] [thread 30151] [6.0] [cxt 0] Pipeline 'ingress': start
[12:03:22.681] [bmv2] [T] [thread 30151] [6.0] [cxt 0] streaming.p4(158) Condition "hdr.ipv4.isValid()" (node_2) is false
[12:03:22.681] [bmv2] [D] [thread 30151] [6.0] [cxt 0] Pipeline 'ingress': end
[12:03:22.682] [bmv2] [D] [thread 30151] [6.0] [cxt 0] Egress port is 0
[12:03:22.682] [bmv2] [D] [thread 30152] [6.0] [cxt 0] Pipeline 'egress': start
[12:03:22.683] [bmv2] [D] [thread 30152] [6.0] [cxt 0] Pipeline 'egress': end
[12:03:22.684] [bmv2] [D] [thread 30152] [6.0] [cxt 0] Deparser 'deparser': start
[12:03:22.684] [bmv2] [D] [thread 30152] [6.0] [cxt 0] Deparsing header 'ethernet'
[12:03:22.685] [bmv2] [D] [thread 30152] [6.0] [cxt 0] Deparser 'deparser': end
[12:03:22.685] [bmv2] [D] [thread 30156] [6.0] [cxt 0] Transmitting packet of size 207 out of port 0
[12:03:23.237] [bmv2] [D] [thread 30151] [7.0] [cxt 0] Processing packet received on port 1
[12:03:23.238] [bmv2] [D] [thread 30151] [7.0] [cxt 0] Parser 'parser': start
[12:03:23.238] [bmv2] [D] [thread 30151] [7.0] [cxt 0] Parser 'parser' entering state 'start'
[12:03:23.239] [bmv2] [D] [thread 30151] [7.0] [cxt 0] Extracting header 'ethernet'
[12:03:23.239] [bmv2] [D] [thread 30151] [7.0] [cxt 0] Parser state 'start': key is 86dd
[12:03:23.240] [bmv2] [T] [thread 30151] [7.0] [cxt 0] Bytes parsed: 14
[12:03:23.241] [bmv2] [D] [thread 30151] [7.0] [cxt 0] Parser 'parser': end
[12:03:23.241] [bmv2] [D] [thread 30151] [7.0] [cxt 0] Pipeline 'ingress': start
[12:03:23.242] [bmv2] [T] [thread 30151] [7.0] [cxt 0] streaming.p4(158) Condition "hdr.ipv4.isValid()" (node_2) is false
[12:03:23.242] [bmv2] [D] [thread 30151] [7.0] [cxt 0] Pipeline 'ingress': end
[12:03:23.243] [bmv2] [D] [thread 30151] [7.0] [cxt 0] Egress port is 0
[12:03:23.244] [bmv2] [D] [thread 30152] [7.0] [cxt 0] Pipeline 'egress': start
[12:03:23.244] [bmv2] [D] [thread 30152] [7.0] [cxt 0] Pipeline 'egress': end
[12:03:23.245] [bmv2] [D] [thread 30152] [7.0] [cxt 0] Deparser 'deparser': start
[12:03:23.245] [bmv2] [D] [thread 30152] [7.0] [cxt 0] Deparsing header 'ethernet'
[12:03:23.246] [bmv2] [D] [thread 30152] [7.0] [cxt 0] Deparser 'deparser': end
[12:03:23.244] [bmv2] [D] [thread 30151] [8.0] [cxt 0] Processing packet received on port 2
[12:03:23.247] [bmv2] [D] [thread 30151] [8.0] [cxt 0] Parser 'parser': start
[12:03:23.247] [bmv2] [D] [thread 30151] [8.0] [cxt 0] Parser 'parser' entering state 'start'
[12:03:23.248] [bmv2] [D] [thread 30151] [8.0] [cxt 0] Extracting header 'ethernet'
[12:03:23.246] [bmv2] [D] [thread 30156] [7.0] [cxt 0] Transmitting packet of size 70 out of port 0
[12:03:23.249] [bmv2] [D] [thread 30151] [8.0] [cxt 0] Parser state 'start': key is 86dd
[12:03:23.250] [bmv2] [T] [thread 30151] [8.0] [cxt 0] Bytes parsed: 14
[12:03:23.250] [bmv2] [D] [thread 30151] [8.0] [cxt 0] Parser 'parser': end
[12:03:23.251] [bmv2] [D] [thread 30151] [8.0] [cxt 0] Pipeline 'ingress': start
[12:03:23.251] [bmv2] [T] [thread 30151] [8.0] [cxt 0] streaming.p4(158) Condition "hdr.ipv4.isValid()" (node_2) is false
[12:03:23.251] [bmv2] [D] [thread 30151] [8.0] [cxt 0] Pipeline 'ingress': end
[12:03:23.252] [bmv2] [D] [thread 30151] [8.0] [cxt 0] Egress port is 0
[12:03:23.252] [bmv2] [D] [thread 30152] [8.0] [cxt 0] Pipeline 'egress': start
[12:03:23.253] [bmv2] [D] [thread 30152] [8.0] [cxt 0] Pipeline 'egress': end
[12:03:23.253] [bmv2] [D] [thread 30152] [8.0] [cxt 0] Deparser 'deparser': start
[12:03:23.254] [bmv2] [D] [thread 30152] [8.0] [cxt 0] Deparsing header 'ethernet'
[12:03:23.254] [bmv2] [D] [thread 30152] [8.0] [cxt 0] Deparser 'deparser': end
[12:03:23.255] [bmv2] [D] [thread 30156] [8.0] [cxt 0] Transmitting packet of size 70 out of port 0
[12:03:23.324] [bmv2] [D] [thread 30151] [9.0] [cxt 0] Processing packet received on port 1
[12:03:23.325] [bmv2] [D] [thread 30151] [9.0] [cxt 0] Parser 'parser': start
[12:03:23.325] [bmv2] [D] [thread 30151] [9.0] [cxt 0] Parser 'parser' entering state 'start'
[12:03:23.326] [bmv2] [D] [thread 30151] [9.0] [cxt 0] Extracting header 'ethernet'
[12:03:23.326] [bmv2] [D] [thread 30151] [9.0] [cxt 0] Parser state 'start': key is 86dd
[12:03:23.327] [bmv2] [T] [thread 30151] [9.0] [cxt 0] Bytes parsed: 14
[12:03:23.327] [bmv2] [D] [thread 30151] [9.0] [cxt 0] Parser 'parser': end
[12:03:23.328] [bmv2] [D] [thread 30151] [9.0] [cxt 0] Pipeline 'ingress': start
[12:03:23.328] [bmv2] [T] [thread 30151] [9.0] [cxt 0] streaming.p4(158) Condition "hdr.ipv4.isValid()" (node_2) is false
[12:03:23.329] [bmv2] [D] [thread 30151] [9.0] [cxt 0] Pipeline 'ingress': end
[12:03:23.329] [bmv2] [D] [thread 30151] [9.0] [cxt 0] Egress port is 0
[12:03:23.330] [bmv2] [D] [thread 30152] [9.0] [cxt 0] Pipeline 'egress': start
[12:03:23.331] [bmv2] [D] [thread 30152] [9.0] [cxt 0] Pipeline 'egress': end
[12:03:23.331] [bmv2] [D] [thread 30152] [9.0] [cxt 0] Deparser 'deparser': start
[12:03:23.332] [bmv2] [D] [thread 30152] [9.0] [cxt 0] Deparsing header 'ethernet'
[12:03:23.332] [bmv2] [D] [thread 30152] [9.0] [cxt 0] Deparser 'deparser': end
[12:03:23.333] [bmv2] [D] [thread 30156] [9.0] [cxt 0] Transmitting packet of size 207 out of port 0
[12:03:23.738] [bmv2] [D] [thread 30151] [10.0] [cxt 0] Processing packet received on port 2
[12:03:23.739] [bmv2] [D] [thread 30151] [10.0] [cxt 0] Parser 'parser': start
[12:03:23.740] [bmv2] [D] [thread 30151] [10.0] [cxt 0] Parser 'parser' entering state 'start'
[12:03:23.741] [bmv2] [D] [thread 30151] [10.0] [cxt 0] Extracting header 'ethernet'
[12:03:23.741] [bmv2] [D] [thread 30151] [10.0] [cxt 0] Parser state 'start': key is 86dd
[12:03:23.743] [bmv2] [T] [thread 30151] [10.0] [cxt 0] Bytes parsed: 14
[12:03:23.746] [bmv2] [D] [thread 30151] [10.0] [cxt 0] Parser 'parser': end
[12:03:23.749] [bmv2] [D] [thread 30151] [10.0] [cxt 0] Pipeline 'ingress': start
[12:03:23.751] [bmv2] [T] [thread 30151] [10.0] [cxt 0] streaming.p4(158) Condition "hdr.ipv4.isValid()" (node_2) is false
[12:03:23.752] [bmv2] [D] [thread 30151] [10.0] [cxt 0] Pipeline 'ingress': end
[12:03:23.758] [bmv2] [D] [thread 30151] [10.0] [cxt 0] Egress port is 0
[12:03:23.760] [bmv2] [D] [thread 30152] [10.0] [cxt 0] Pipeline 'egress': start
[12:03:23.761] [bmv2] [D] [thread 30152] [10.0] [cxt 0] Pipeline 'egress': end
[12:03:23.762] [bmv2] [D] [thread 30152] [10.0] [cxt 0] Deparser 'deparser': start
[12:03:23.763] [bmv2] [D] [thread 30152] [10.0] [cxt 0] Deparsing header 'ethernet'
[12:03:23.764] [bmv2] [D] [thread 30152] [10.0] [cxt 0] Deparser 'deparser': end
[12:03:23.764] [bmv2] [D] [thread 30156] [10.0] [cxt 0] Transmitting packet of size 70 out of port 0
[12:03:23.764] [bmv2] [D] [thread 30151] [11.0] [cxt 0] Processing packet received on port 3
[12:03:23.765] [bmv2] [D] [thread 30151] [11.0] [cxt 0] Parser 'parser': start
[12:03:23.766] [bmv2] [D] [thread 30151] [11.0] [cxt 0] Parser 'parser' entering state 'start'
[12:03:23.767] [bmv2] [D] [thread 30151] [11.0] [cxt 0] Extracting header 'ethernet'
[12:03:23.767] [bmv2] [D] [thread 30151] [11.0] [cxt 0] Parser state 'start': key is 86dd
[12:03:23.768] [bmv2] [T] [thread 30151] [11.0] [cxt 0] Bytes parsed: 14
[12:03:23.768] [bmv2] [D] [thread 30151] [11.0] [cxt 0] Parser 'parser': end
[12:03:23.769] [bmv2] [D] [thread 30151] [11.0] [cxt 0] Pipeline 'ingress': start
[12:03:23.770] [bmv2] [T] [thread 30151] [11.0] [cxt 0] streaming.p4(158) Condition "hdr.ipv4.isValid()" (node_2) is false
[12:03:23.770] [bmv2] [D] [thread 30151] [11.0] [cxt 0] Pipeline 'ingress': end
[12:03:23.771] [bmv2] [D] [thread 30151] [11.0] [cxt 0] Egress port is 0
[12:03:23.771] [bmv2] [D] [thread 30152] [11.0] [cxt 0] Pipeline 'egress': start
[12:03:23.772] [bmv2] [D] [thread 30152] [11.0] [cxt 0] Pipeline 'egress': end
[12:03:23.772] [bmv2] [D] [thread 30152] [11.0] [cxt 0] Deparser 'deparser': start
[12:03:23.773] [bmv2] [D] [thread 30152] [11.0] [cxt 0] Deparsing header 'ethernet'
[12:03:23.773] [bmv2] [D] [thread 30152] [11.0] [cxt 0] Deparser 'deparser': end
[12:03:23.773] [bmv2] [D] [thread 30156] [11.0] [cxt 0] Transmitting packet of size 70 out of port 0
[12:03:23.816] [bmv2] [D] [thread 30151] [12.0] [cxt 0] Processing packet received on port 2
[12:03:23.816] [bmv2] [D] [thread 30151] [12.0] [cxt 0] Parser 'parser': start
[12:03:23.817] [bmv2] [D] [thread 30151] [12.0] [cxt 0] Parser 'parser' entering state 'start'
[12:03:23.817] [bmv2] [D] [thread 30151] [12.0] [cxt 0] Extracting header 'ethernet'
[12:03:23.817] [bmv2] [D] [thread 30151] [12.0] [cxt 0] Parser state 'start': key is 86dd
[12:03:23.817] [bmv2] [T] [thread 30151] [12.0] [cxt 0] Bytes parsed: 14
[12:03:23.818] [bmv2] [D] [thread 30151] [12.0] [cxt 0] Parser 'parser': end
[12:03:23.818] [bmv2] [D] [thread 30151] [12.0] [cxt 0] Pipeline 'ingress': start
[12:03:23.818] [bmv2] [T] [thread 30151] [12.0] [cxt 0] streaming.p4(158) Condition "hdr.ipv4.isValid()" (node_2) is false
[12:03:23.818] [bmv2] [D] [thread 30151] [12.0] [cxt 0] Pipeline 'ingress': end
[12:03:23.818] [bmv2] [D] [thread 30151] [12.0] [cxt 0] Egress port is 0
[12:03:23.819] [bmv2] [D] [thread 30151] [13.0] [cxt 0] Processing packet received on port 2
[12:03:23.819] [bmv2] [D] [thread 30151] [13.0] [cxt 0] Parser 'parser': start
[12:03:23.819] [bmv2] [D] [thread 30151] [13.0] [cxt 0] Parser 'parser' entering state 'start'
[12:03:23.819] [bmv2] [D] [thread 30151] [13.0] [cxt 0] Extracting header 'ethernet'
[12:03:23.820] [bmv2] [D] [thread 30151] [13.0] [cxt 0] Parser state 'start': key is 86dd
[12:03:23.820] [bmv2] [T] [thread 30151] [13.0] [cxt 0] Bytes parsed: 14
[12:03:23.820] [bmv2] [D] [thread 30151] [13.0] [cxt 0] Parser 'parser': end
[12:03:23.821] [bmv2] [D] [thread 30151] [13.0] [cxt 0] Pipeline 'ingress': start
[12:03:23.821] [bmv2] [T] [thread 30151] [13.0] [cxt 0] streaming.p4(158) Condition "hdr.ipv4.isValid()" (node_2) is false
[12:03:23.821] [bmv2] [D] [thread 30151] [13.0] [cxt 0] Pipeline 'ingress': end
[12:03:23.822] [bmv2] [D] [thread 30151] [13.0] [cxt 0] Egress port is 0
[12:03:23.819] [bmv2] [D] [thread 30152] [12.0] [cxt 0] Pipeline 'egress': start
[12:03:23.822] [bmv2] [D] [thread 30152] [12.0] [cxt 0] Pipeline 'egress': end
[12:03:23.823] [bmv2] [D] [thread 30152] [12.0] [cxt 0] Deparser 'deparser': start
[12:03:23.823] [bmv2] [D] [thread 30152] [12.0] [cxt 0] Deparsing header 'ethernet'
[12:03:23.823] [bmv2] [D] [thread 30152] [12.0] [cxt 0] Deparser 'deparser': end
[12:03:23.823] [bmv2] [D] [thread 30152] [13.0] [cxt 0] Pipeline 'egress': start
[12:03:23.823] [bmv2] [D] [thread 30152] [13.0] [cxt 0] Pipeline 'egress': end
[12:03:23.824] [bmv2] [D] [thread 30152] [13.0] [cxt 0] Deparser 'deparser': start
[12:03:23.824] [bmv2] [D] [thread 30152] [13.0] [cxt 0] Deparsing header 'ethernet'
[12:03:23.824] [bmv2] [D] [thread 30152] [13.0] [cxt 0] Deparser 'deparser': end
[12:03:23.823] [bmv2] [D] [thread 30156] [12.0] [cxt 0] Transmitting packet of size 207 out of port 0
[12:03:23.825] [bmv2] [D] [thread 30156] [13.0] [cxt 0] Transmitting packet of size 207 out of port 0
[12:03:23.990] [bmv2] [D] [thread 30151] [14.0] [cxt 0] Processing packet received on port 3
[12:03:23.990] [bmv2] [D] [thread 30151] [14.0] [cxt 0] Parser 'parser': start
[12:03:23.991] [bmv2] [D] [thread 30151] [14.0] [cxt 0] Parser 'parser' entering state 'start'
[12:03:23.991] [bmv2] [D] [thread 30151] [14.0] [cxt 0] Extracting header 'ethernet'
[12:03:23.991] [bmv2] [D] [thread 30151] [14.0] [cxt 0] Parser state 'start': key is 86dd
[12:03:23.992] [bmv2] [T] [thread 30151] [14.0] [cxt 0] Bytes parsed: 14
[12:03:23.993] [bmv2] [D] [thread 30151] [14.0] [cxt 0] Parser 'parser': end
[12:03:23.993] [bmv2] [D] [thread 30151] [14.0] [cxt 0] Pipeline 'ingress': start
[12:03:23.994] [bmv2] [T] [thread 30151] [14.0] [cxt 0] streaming.p4(158) Condition "hdr.ipv4.isValid()" (node_2) is false
[12:03:23.995] [bmv2] [D] [thread 30151] [14.0] [cxt 0] Pipeline 'ingress': end
[12:03:23.995] [bmv2] [D] [thread 30151] [14.0] [cxt 0] Egress port is 0
[12:03:23.996] [bmv2] [D] [thread 30152] [14.0] [cxt 0] Pipeline 'egress': start
[12:03:23.997] [bmv2] [D] [thread 30152] [14.0] [cxt 0] Pipeline 'egress': end
[12:03:23.997] [bmv2] [D] [thread 30152] [14.0] [cxt 0] Deparser 'deparser': start
[12:03:23.998] [bmv2] [D] [thread 30152] [14.0] [cxt 0] Deparsing header 'ethernet'
[12:03:23.998] [bmv2] [D] [thread 30152] [14.0] [cxt 0] Deparser 'deparser': end
[12:03:23.998] [bmv2] [D] [thread 30156] [14.0] [cxt 0] Transmitting packet of size 70 out of port 0
[12:03:24.280] [bmv2] [D] [thread 30151] [15.0] [cxt 0] Processing packet received on port 3
[12:03:24.281] [bmv2] [D] [thread 30151] [15.0] [cxt 0] Parser 'parser': start
[12:03:24.281] [bmv2] [D] [thread 30151] [15.0] [cxt 0] Parser 'parser' entering state 'start'
[12:03:24.282] [bmv2] [D] [thread 30151] [15.0] [cxt 0] Extracting header 'ethernet'
[12:03:24.282] [bmv2] [D] [thread 30151] [15.0] [cxt 0] Parser state 'start': key is 86dd
[12:03:24.283] [bmv2] [T] [thread 30151] [15.0] [cxt 0] Bytes parsed: 14
[12:03:24.283] [bmv2] [D] [thread 30151] [15.0] [cxt 0] Parser 'parser': end
[12:03:24.284] [bmv2] [D] [thread 30151] [15.0] [cxt 0] Pipeline 'ingress': start
[12:03:24.284] [bmv2] [T] [thread 30151] [15.0] [cxt 0] streaming.p4(158) Condition "hdr.ipv4.isValid()" (node_2) is false
[12:03:24.285] [bmv2] [D] [thread 30151] [15.0] [cxt 0] Pipeline 'ingress': end
[12:03:24.285] [bmv2] [D] [thread 30151] [15.0] [cxt 0] Egress port is 0
[12:03:24.286] [bmv2] [D] [thread 30151] [16.0] [cxt 0] Processing packet received on port 3
[12:03:24.286] [bmv2] [D] [thread 30151] [16.0] [cxt 0] Parser 'parser': start
[12:03:24.287] [bmv2] [D] [thread 30151] [16.0] [cxt 0] Parser 'parser' entering state 'start'
[12:03:24.286] [bmv2] [D] [thread 30152] [15.0] [cxt 0] Pipeline 'egress': start
[12:03:24.288] [bmv2] [D] [thread 30152] [15.0] [cxt 0] Pipeline 'egress': end
[12:03:24.287] [bmv2] [D] [thread 30151] [16.0] [cxt 0] Extracting header 'ethernet'
[12:03:24.289] [bmv2] [D] [thread 30151] [16.0] [cxt 0] Parser state 'start': key is 86dd
[12:03:24.289] [bmv2] [T] [thread 30151] [16.0] [cxt 0] Bytes parsed: 14
[12:03:24.290] [bmv2] [D] [thread 30151] [16.0] [cxt 0] Parser 'parser': end
[12:03:24.290] [bmv2] [D] [thread 30151] [16.0] [cxt 0] Pipeline 'ingress': start
[12:03:24.291] [bmv2] [T] [thread 30151] [16.0] [cxt 0] streaming.p4(158) Condition "hdr.ipv4.isValid()" (node_2) is false
[12:03:24.291] [bmv2] [D] [thread 30151] [16.0] [cxt 0] Pipeline 'ingress': end
[12:03:24.292] [bmv2] [D] [thread 30151] [16.0] [cxt 0] Egress port is 0
[12:03:24.288] [bmv2] [D] [thread 30152] [15.0] [cxt 0] Deparser 'deparser': start
[12:03:24.293] [bmv2] [D] [thread 30152] [15.0] [cxt 0] Deparsing header 'ethernet'
[12:03:24.293] [bmv2] [D] [thread 30152] [15.0] [cxt 0] Deparser 'deparser': end
[12:03:24.294] [bmv2] [D] [thread 30156] [15.0] [cxt 0] Transmitting packet of size 207 out of port 0
[12:03:24.294] [bmv2] [D] [thread 30152] [16.0] [cxt 0] Pipeline 'egress': start
[12:03:24.295] [bmv2] [D] [thread 30152] [16.0] [cxt 0] Pipeline 'egress': end
[12:03:24.295] [bmv2] [D] [thread 30152] [16.0] [cxt 0] Deparser 'deparser': start
[12:03:24.296] [bmv2] [D] [thread 30152] [16.0] [cxt 0] Deparsing header 'ethernet'
[12:03:24.297] [bmv2] [D] [thread 30152] [16.0] [cxt 0] Deparser 'deparser': end
[12:03:24.297] [bmv2] [D] [thread 30156] [16.0] [cxt 0] Transmitting packet of size 207 out of port 0
[12:03:24.341] [bmv2] [D] [thread 30151] [17.0] [cxt 0] Processing packet received on port 4
[12:03:24.341] [bmv2] [D] [thread 30151] [17.0] [cxt 0] Parser 'parser': start
[12:03:24.342] [bmv2] [D] [thread 30151] [17.0] [cxt 0] Parser 'parser' entering state 'start'
[12:03:24.342] [bmv2] [D] [thread 30151] [17.0] [cxt 0] Extracting header 'ethernet'
[12:03:24.343] [bmv2] [D] [thread 30151] [17.0] [cxt 0] Parser state 'start': key is 86dd
[12:03:24.343] [bmv2] [T] [thread 30151] [17.0] [cxt 0] Bytes parsed: 14
[12:03:24.344] [bmv2] [D] [thread 30151] [17.0] [cxt 0] Parser 'parser': end
[12:03:24.345] [bmv2] [D] [thread 30151] [17.0] [cxt 0] Pipeline 'ingress': start
[12:03:24.345] [bmv2] [T] [thread 30151] [17.0] [cxt 0] streaming.p4(158) Condition "hdr.ipv4.isValid()" (node_2) is false
[12:03:24.346] [bmv2] [D] [thread 30151] [17.0] [cxt 0] Pipeline 'ingress': end
[12:03:24.346] [bmv2] [D] [thread 30151] [17.0] [cxt 0] Egress port is 0
[12:03:24.347] [bmv2] [D] [thread 30152] [17.0] [cxt 0] Pipeline 'egress': start
[12:03:24.347] [bmv2] [D] [thread 30152] [17.0] [cxt 0] Pipeline 'egress': end
[12:03:24.348] [bmv2] [D] [thread 30152] [17.0] [cxt 0] Deparser 'deparser': start
[12:03:24.348] [bmv2] [D] [thread 30152] [17.0] [cxt 0] Deparsing header 'ethernet'
[12:03:24.349] [bmv2] [D] [thread 30152] [17.0] [cxt 0] Deparser 'deparser': end
[12:03:24.349] [bmv2] [D] [thread 30156] [17.0] [cxt 0] Transmitting packet of size 207 out of port 0
[12:03:24.508] [bmv2] [D] [thread 30151] [18.0] [cxt 0] Processing packet received on port 4
[12:03:24.509] [bmv2] [D] [thread 30151] [18.0] [cxt 0] Parser 'parser': start
[12:03:24.510] [bmv2] [D] [thread 30151] [18.0] [cxt 0] Parser 'parser' entering state 'start'
[12:03:24.512] [bmv2] [D] [thread 30151] [18.0] [cxt 0] Extracting header 'ethernet'
[12:03:24.512] [bmv2] [D] [thread 30151] [18.0] [cxt 0] Parser state 'start': key is 86dd
[12:03:24.514] [bmv2] [T] [thread 30151] [18.0] [cxt 0] Bytes parsed: 14
[12:03:24.516] [bmv2] [D] [thread 30151] [18.0] [cxt 0] Parser 'parser': end
[12:03:24.519] [bmv2] [D] [thread 30151] [18.0] [cxt 0] Pipeline 'ingress': start
[12:03:24.521] [bmv2] [T] [thread 30151] [18.0] [cxt 0] streaming.p4(158) Condition "hdr.ipv4.isValid()" (node_2) is false
[12:03:24.522] [bmv2] [D] [thread 30151] [18.0] [cxt 0] Pipeline 'ingress': end
[12:03:24.524] [bmv2] [D] [thread 30151] [18.0] [cxt 0] Egress port is 0
[12:03:24.527] [bmv2] [D] [thread 30152] [18.0] [cxt 0] Pipeline 'egress': start
[12:03:24.528] [bmv2] [D] [thread 30152] [18.0] [cxt 0] Pipeline 'egress': end
[12:03:24.529] [bmv2] [D] [thread 30152] [18.0] [cxt 0] Deparser 'deparser': start
[12:03:24.529] [bmv2] [D] [thread 30152] [18.0] [cxt 0] Deparsing header 'ethernet'
[12:03:24.530] [bmv2] [D] [thread 30152] [18.0] [cxt 0] Deparser 'deparser': end
[12:03:24.531] [bmv2] [D] [thread 30156] [18.0] [cxt 0] Transmitting packet of size 70 out of port 0
[12:03:24.527] [bmv2] [D] [thread 30151] [19.0] [cxt 0] Processing packet received on port 4
[12:03:24.534] [bmv2] [D] [thread 30151] [19.0] [cxt 0] Parser 'parser': start
[12:03:24.535] [bmv2] [D] [thread 30151] [19.0] [cxt 0] Parser 'parser' entering state 'start'
[12:03:24.535] [bmv2] [D] [thread 30151] [19.0] [cxt 0] Extracting header 'ethernet'
[12:03:24.536] [bmv2] [D] [thread 30151] [19.0] [cxt 0] Parser state 'start': key is 86dd
[12:03:24.536] [bmv2] [T] [thread 30151] [19.0] [cxt 0] Bytes parsed: 14
[12:03:24.537] [bmv2] [D] [thread 30151] [19.0] [cxt 0] Parser 'parser': end
[12:03:24.537] [bmv2] [D] [thread 30151] [19.0] [cxt 0] Pipeline 'ingress': start
[12:03:24.538] [bmv2] [T] [thread 30151] [19.0] [cxt 0] streaming.p4(158) Condition "hdr.ipv4.isValid()" (node_2) is false
[12:03:24.540] [bmv2] [D] [thread 30151] [19.0] [cxt 0] Pipeline 'ingress': end
[12:03:24.541] [bmv2] [D] [thread 30151] [19.0] [cxt 0] Egress port is 0
[12:03:24.544] [bmv2] [D] [thread 30152] [19.0] [cxt 0] Pipeline 'egress': start
[12:03:24.544] [bmv2] [D] [thread 30152] [19.0] [cxt 0] Pipeline 'egress': end
[12:03:24.545] [bmv2] [D] [thread 30152] [19.0] [cxt 0] Deparser 'deparser': start
[12:03:24.545] [bmv2] [D] [thread 30152] [19.0] [cxt 0] Deparsing header 'ethernet'
[12:03:24.546] [bmv2] [D] [thread 30152] [19.0] [cxt 0] Deparser 'deparser': end
[12:03:24.546] [bmv2] [D] [thread 30156] [19.0] [cxt 0] Transmitting packet of size 70 out of port 0
[12:03:24.881] [bmv2] [D] [thread 30151] [20.0] [cxt 0] Processing packet received on port 4
[12:03:24.881] [bmv2] [D] [thread 30151] [20.0] [cxt 0] Parser 'parser': start
[12:03:24.882] [bmv2] [D] [thread 30151] [20.0] [cxt 0] Parser 'parser' entering state 'start'
[12:03:24.882] [bmv2] [D] [thread 30151] [20.0] [cxt 0] Extracting header 'ethernet'
[12:03:24.883] [bmv2] [D] [thread 30151] [20.0] [cxt 0] Parser state 'start': key is 86dd
[12:03:24.883] [bmv2] [T] [thread 30151] [20.0] [cxt 0] Bytes parsed: 14
[12:03:24.884] [bmv2] [D] [thread 30151] [20.0] [cxt 0] Parser 'parser': end
[12:03:24.884] [bmv2] [D] [thread 30151] [20.0] [cxt 0] Pipeline 'ingress': start
[12:03:24.885] [bmv2] [T] [thread 30151] [20.0] [cxt 0] streaming.p4(158) Condition "hdr.ipv4.isValid()" (node_2) is false
[12:03:24.885] [bmv2] [D] [thread 30151] [20.0] [cxt 0] Pipeline 'ingress': end
[12:03:24.886] [bmv2] [D] [thread 30151] [20.0] [cxt 0] Egress port is 0
[12:03:24.886] [bmv2] [D] [thread 30152] [20.0] [cxt 0] Pipeline 'egress': start
[12:03:24.887] [bmv2] [D] [thread 30152] [20.0] [cxt 0] Pipeline 'egress': end
[12:03:24.887] [bmv2] [D] [thread 30152] [20.0] [cxt 0] Deparser 'deparser': start
[12:03:24.887] [bmv2] [D] [thread 30152] [20.0] [cxt 0] Deparsing header 'ethernet'
[12:03:24.889] [bmv2] [D] [thread 30152] [20.0] [cxt 0] Deparser 'deparser': end
[12:03:24.889] [bmv2] [D] [thread 30156] [20.0] [cxt 0] Transmitting packet of size 207 out of port 0
New connection
P4Runtime SetForwardingPipelineConfig
[12:03:25.196] [bmv2] [W] [thread 30237] [P4Runtime] p4::tmp::P4DeviceConfig is deprecated
[12:03:25.206] [bmv2] [D] [thread 30237] Set default default entry for table 'MyIngress.ipv4_lpm': NoAction - 
[12:03:25.210] [bmv2] [D] [thread 30237] simple_switch target has been notified of a config swap
Connection removed
[12:03:30.909] [bmv2] [D] [thread 30151] [21.0] [cxt 0] Processing packet received on port 2
[12:03:30.910] [bmv2] [D] [thread 30151] [21.0] [cxt 0] Parser 'parser': start
[12:03:30.910] [bmv2] [D] [thread 30151] [21.0] [cxt 0] Parser 'parser' entering state 'start'
[12:03:30.911] [bmv2] [D] [thread 30151] [21.0] [cxt 0] Extracting header 'ethernet'
[12:03:30.912] [bmv2] [D] [thread 30151] [21.0] [cxt 0] Parser state 'start': key is 86dd
[12:03:30.912] [bmv2] [T] [thread 30151] [21.0] [cxt 0] Bytes parsed: 14
[12:03:30.913] [bmv2] [D] [thread 30151] [21.0] [cxt 0] Parser 'parser': end
[12:03:30.914] [bmv2] [D] [thread 30151] [21.0] [cxt 0] Pipeline 'ingress': start
[12:03:30.914] [bmv2] [T] [thread 30151] [21.0] [cxt 0] streaming.p4(158) Condition "hdr.ipv4.isValid()" (node_2) is false
[12:03:30.915] [bmv2] [D] [thread 30151] [21.0] [cxt 0] Pipeline 'ingress': end
[12:03:30.915] [bmv2] [D] [thread 30151] [21.0] [cxt 0] Egress port is 0
[12:03:30.916] [bmv2] [D] [thread 30152] [21.0] [cxt 0] Pipeline 'egress': start
[12:03:30.917] [bmv2] [D] [thread 30152] [21.0] [cxt 0] Pipeline 'egress': end
[12:03:30.917] [bmv2] [D] [thread 30152] [21.0] [cxt 0] Deparser 'deparser': start
[12:03:30.918] [bmv2] [D] [thread 30152] [21.0] [cxt 0] Deparsing header 'ethernet'
[12:03:30.919] [bmv2] [D] [thread 30152] [21.0] [cxt 0] Deparser 'deparser': end
[12:03:30.920] [bmv2] [D] [thread 30156] [21.0] [cxt 0] Transmitting packet of size 70 out of port 0
[12:03:31.158] [bmv2] [D] [thread 30151] [22.0] [cxt 0] Processing packet received on port 3
[12:03:31.158] [bmv2] [D] [thread 30151] [22.0] [cxt 0] Parser 'parser': start
[12:03:31.159] [bmv2] [D] [thread 30151] [22.0] [cxt 0] Parser 'parser' entering state 'start'
[12:03:31.159] [bmv2] [D] [thread 30151] [22.0] [cxt 0] Extracting header 'ethernet'
[12:03:31.159] [bmv2] [D] [thread 30151] [22.0] [cxt 0] Parser state 'start': key is 86dd
[12:03:31.159] [bmv2] [T] [thread 30151] [22.0] [cxt 0] Bytes parsed: 14
[12:03:31.160] [bmv2] [D] [thread 30151] [22.0] [cxt 0] Parser 'parser': end
[12:03:31.160] [bmv2] [D] [thread 30151] [22.0] [cxt 0] Pipeline 'ingress': start
[12:03:31.160] [bmv2] [T] [thread 30151] [22.0] [cxt 0] streaming.p4(158) Condition "hdr.ipv4.isValid()" (node_2) is false
[12:03:31.160] [bmv2] [D] [thread 30151] [22.0] [cxt 0] Pipeline 'ingress': end
[12:03:31.160] [bmv2] [D] [thread 30151] [22.0] [cxt 0] Egress port is 0
[12:03:31.162] [bmv2] [D] [thread 30152] [22.0] [cxt 0] Pipeline 'egress': start
[12:03:31.162] [bmv2] [D] [thread 30152] [22.0] [cxt 0] Pipeline 'egress': end
[12:03:31.162] [bmv2] [D] [thread 30152] [22.0] [cxt 0] Deparser 'deparser': start
[12:03:31.162] [bmv2] [D] [thread 30152] [22.0] [cxt 0] Deparsing header 'ethernet'
[12:03:31.162] [bmv2] [D] [thread 30152] [22.0] [cxt 0] Deparser 'deparser': end
[12:03:31.162] [bmv2] [D] [thread 30156] [22.0] [cxt 0] Transmitting packet of size 70 out of port 0
[12:03:31.672] [bmv2] [D] [thread 30151] [23.0] [cxt 0] Processing packet received on port 1
[12:03:31.672] [bmv2] [D] [thread 30151] [23.0] [cxt 0] Parser 'parser': start
[12:03:31.673] [bmv2] [D] [thread 30151] [23.0] [cxt 0] Parser 'parser' entering state 'start'
[12:03:31.674] [bmv2] [D] [thread 30151] [23.0] [cxt 0] Extracting header 'ethernet'
[12:03:31.674] [bmv2] [D] [thread 30151] [23.0] [cxt 0] Parser state 'start': key is 86dd
[12:03:31.675] [bmv2] [T] [thread 30151] [23.0] [cxt 0] Bytes parsed: 14
[12:03:31.676] [bmv2] [D] [thread 30151] [23.0] [cxt 0] Parser 'parser': end
[12:03:31.677] [bmv2] [D] [thread 30151] [23.0] [cxt 0] Pipeline 'ingress': start
[12:03:31.677] [bmv2] [T] [thread 30151] [23.0] [cxt 0] streaming.p4(158) Condition "hdr.ipv4.isValid()" (node_2) is false
[12:03:31.678] [bmv2] [D] [thread 30151] [23.0] [cxt 0] Pipeline 'ingress': end
[12:03:31.679] [bmv2] [D] [thread 30151] [23.0] [cxt 0] Egress port is 0
[12:03:31.680] [bmv2] [D] [thread 30152] [23.0] [cxt 0] Pipeline 'egress': start
[12:03:31.680] [bmv2] [D] [thread 30152] [23.0] [cxt 0] Pipeline 'egress': end
[12:03:31.681] [bmv2] [D] [thread 30152] [23.0] [cxt 0] Deparser 'deparser': start
[12:03:31.681] [bmv2] [D] [thread 30152] [23.0] [cxt 0] Deparsing header 'ethernet'
[12:03:31.681] [bmv2] [D] [thread 30152] [23.0] [cxt 0] Deparser 'deparser': end
[12:03:31.683] [bmv2] [D] [thread 30156] [23.0] [cxt 0] Transmitting packet of size 70 out of port 0
[12:03:31.929] [bmv2] [D] [thread 30151] [24.0] [cxt 0] Processing packet received on port 3
[12:03:31.929] [bmv2] [D] [thread 30151] [24.0] [cxt 0] Parser 'parser': start
[12:03:31.931] [bmv2] [D] [thread 30151] [24.0] [cxt 0] Parser 'parser' entering state 'start'
[12:03:31.934] [bmv2] [D] [thread 30151] [24.0] [cxt 0] Extracting header 'ethernet'
[12:03:31.941] [bmv2] [D] [thread 30151] [24.0] [cxt 0] Parser state 'start': key is 86dd
[12:03:31.942] [bmv2] [T] [thread 30151] [24.0] [cxt 0] Bytes parsed: 14
[12:03:31.943] [bmv2] [D] [thread 30151] [24.0] [cxt 0] Parser 'parser': end
[12:03:31.946] [bmv2] [D] [thread 30151] [24.0] [cxt 0] Pipeline 'ingress': start
[12:03:31.946] [bmv2] [T] [thread 30151] [24.0] [cxt 0] streaming.p4(158) Condition "hdr.ipv4.isValid()" (node_2) is false
[12:03:31.947] [bmv2] [D] [thread 30151] [24.0] [cxt 0] Pipeline 'ingress': end
[12:03:31.948] [bmv2] [D] [thread 30151] [24.0] [cxt 0] Egress port is 0
[12:03:31.949] [bmv2] [D] [thread 30152] [24.0] [cxt 0] Pipeline 'egress': start
[12:03:31.949] [bmv2] [D] [thread 30152] [24.0] [cxt 0] Pipeline 'egress': end
[12:03:31.950] [bmv2] [D] [thread 30152] [24.0] [cxt 0] Deparser 'deparser': start
[12:03:31.951] [bmv2] [D] [thread 30152] [24.0] [cxt 0] Deparsing header 'ethernet'
[12:03:31.951] [bmv2] [D] [thread 30152] [24.0] [cxt 0] Deparser 'deparser': end
[12:03:31.949] [bmv2] [D] [thread 30151] [25.0] [cxt 0] Processing packet received on port 4
[12:03:31.952] [bmv2] [D] [thread 30151] [25.0] [cxt 0] Parser 'parser': start
[12:03:31.953] [bmv2] [D] [thread 30151] [25.0] [cxt 0] Parser 'parser' entering state 'start'
[12:03:31.953] [bmv2] [D] [thread 30151] [25.0] [cxt 0] Extracting header 'ethernet'
[12:03:31.952] [bmv2] [D] [thread 30156] [24.0] [cxt 0] Transmitting packet of size 70 out of port 0
[12:03:31.954] [bmv2] [D] [thread 30151] [25.0] [cxt 0] Parser state 'start': key is 86dd
[12:03:31.955] [bmv2] [T] [thread 30151] [25.0] [cxt 0] Bytes parsed: 14
[12:03:31.956] [bmv2] [D] [thread 30151] [25.0] [cxt 0] Parser 'parser': end
[12:03:31.956] [bmv2] [D] [thread 30151] [25.0] [cxt 0] Pipeline 'ingress': start
[12:03:31.957] [bmv2] [T] [thread 30151] [25.0] [cxt 0] streaming.p4(158) Condition "hdr.ipv4.isValid()" (node_2) is false
[12:03:31.957] [bmv2] [D] [thread 30151] [25.0] [cxt 0] Pipeline 'ingress': end
[12:03:31.958] [bmv2] [D] [thread 30151] [25.0] [cxt 0] Egress port is 0
[12:03:31.958] [bmv2] [D] [thread 30152] [25.0] [cxt 0] Pipeline 'egress': start
[12:03:31.959] [bmv2] [D] [thread 30152] [25.0] [cxt 0] Pipeline 'egress': end
[12:03:31.959] [bmv2] [D] [thread 30152] [25.0] [cxt 0] Deparser 'deparser': start
[12:03:31.960] [bmv2] [D] [thread 30152] [25.0] [cxt 0] Deparsing header 'ethernet'
[12:03:31.961] [bmv2] [D] [thread 30152] [25.0] [cxt 0] Deparser 'deparser': end
[12:03:31.961] [bmv2] [D] [thread 30156] [25.0] [cxt 0] Transmitting packet of size 70 out of port 0
[12:03:32.194] [bmv2] [D] [thread 30151] [26.0] [cxt 0] Processing packet received on port 2
[12:03:32.195] [bmv2] [D] [thread 30151] [26.0] [cxt 0] Parser 'parser': start
[12:03:32.196] [bmv2] [D] [thread 30151] [26.0] [cxt 0] Parser 'parser' entering state 'start'
[12:03:32.197] [bmv2] [D] [thread 30151] [26.0] [cxt 0] Extracting header 'ethernet'
[12:03:32.198] [bmv2] [D] [thread 30151] [26.0] [cxt 0] Parser state 'start': key is 86dd
[12:03:32.199] [bmv2] [T] [thread 30151] [26.0] [cxt 0] Bytes parsed: 14
[12:03:32.204] [bmv2] [D] [thread 30151] [26.0] [cxt 0] Parser 'parser': end
[12:03:32.204] [bmv2] [D] [thread 30151] [26.0] [cxt 0] Pipeline 'ingress': start
[12:03:32.205] [bmv2] [T] [thread 30151] [26.0] [cxt 0] streaming.p4(158) Condition "hdr.ipv4.isValid()" (node_2) is false
[12:03:32.206] [bmv2] [D] [thread 30151] [26.0] [cxt 0] Pipeline 'ingress': end
[12:03:32.206] [bmv2] [D] [thread 30151] [26.0] [cxt 0] Egress port is 0
[12:03:32.207] [bmv2] [D] [thread 30152] [26.0] [cxt 0] Pipeline 'egress': start
[12:03:32.207] [bmv2] [D] [thread 30152] [26.0] [cxt 0] Pipeline 'egress': end
[12:03:32.208] [bmv2] [D] [thread 30152] [26.0] [cxt 0] Deparser 'deparser': start
[12:03:32.208] [bmv2] [D] [thread 30152] [26.0] [cxt 0] Deparsing header 'ethernet'
[12:03:32.209] [bmv2] [D] [thread 30152] [26.0] [cxt 0] Deparser 'deparser': end
[12:03:32.209] [bmv2] [D] [thread 30156] [26.0] [cxt 0] Transmitting packet of size 70 out of port 0
[12:03:33.470] [bmv2] [D] [thread 30151] [27.0] [cxt 0] Processing packet received on port 4
[12:03:33.471] [bmv2] [D] [thread 30151] [27.0] [cxt 0] Parser 'parser': start
[12:03:33.471] [bmv2] [D] [thread 30151] [27.0] [cxt 0] Parser 'parser' entering state 'start'
[12:03:33.472] [bmv2] [D] [thread 30151] [27.0] [cxt 0] Extracting header 'ethernet'
[12:03:33.472] [bmv2] [D] [thread 30151] [27.0] [cxt 0] Parser state 'start': key is 86dd
[12:03:33.473] [bmv2] [T] [thread 30151] [27.0] [cxt 0] Bytes parsed: 14
[12:03:33.474] [bmv2] [D] [thread 30151] [27.0] [cxt 0] Parser 'parser': end
[12:03:33.474] [bmv2] [D] [thread 30151] [27.0] [cxt 0] Pipeline 'ingress': start
[12:03:33.475] [bmv2] [T] [thread 30151] [27.0] [cxt 0] streaming.p4(158) Condition "hdr.ipv4.isValid()" (node_2) is false
[12:03:33.475] [bmv2] [D] [thread 30151] [27.0] [cxt 0] Pipeline 'ingress': end
[12:03:33.476] [bmv2] [D] [thread 30151] [27.0] [cxt 0] Egress port is 0
[12:03:33.477] [bmv2] [D] [thread 30152] [27.0] [cxt 0] Pipeline 'egress': start
[12:03:33.477] [bmv2] [D] [thread 30152] [27.0] [cxt 0] Pipeline 'egress': end
[12:03:33.478] [bmv2] [D] [thread 30152] [27.0] [cxt 0] Deparser 'deparser': start
[12:03:33.478] [bmv2] [D] [thread 30152] [27.0] [cxt 0] Deparsing header 'ethernet'
[12:03:33.478] [bmv2] [D] [thread 30152] [27.0] [cxt 0] Deparser 'deparser': end
[12:03:33.479] [bmv2] [D] [thread 30156] [27.0] [cxt 0] Transmitting packet of size 70 out of port 0
[12:03:46.261] [bmv2] [D] [thread 30151] [28.0] [cxt 0] Processing packet received on port 3
[12:03:46.262] [bmv2] [D] [thread 30151] [28.0] [cxt 0] Parser 'parser': start
[12:03:46.262] [bmv2] [D] [thread 30151] [28.0] [cxt 0] Parser 'parser' entering state 'start'
[12:03:46.263] [bmv2] [D] [thread 30151] [28.0] [cxt 0] Extracting header 'ethernet'
[12:03:46.264] [bmv2] [D] [thread 30151] [28.0] [cxt 0] Parser state 'start': key is 86dd
[12:03:46.264] [bmv2] [T] [thread 30151] [28.0] [cxt 0] Bytes parsed: 14
[12:03:46.264] [bmv2] [D] [thread 30151] [28.0] [cxt 0] Parser 'parser': end
[12:03:46.265] [bmv2] [D] [thread 30151] [28.0] [cxt 0] Pipeline 'ingress': start
[12:03:46.265] [bmv2] [T] [thread 30151] [28.0] [cxt 0] streaming.p4(158) Condition "hdr.ipv4.isValid()" (node_2) is false
[12:03:46.266] [bmv2] [D] [thread 30151] [28.0] [cxt 0] Pipeline 'ingress': end
[12:03:46.266] [bmv2] [D] [thread 30151] [28.0] [cxt 0] Egress port is 0
[12:03:46.267] [bmv2] [D] [thread 30152] [28.0] [cxt 0] Pipeline 'egress': start
[12:03:46.267] [bmv2] [D] [thread 30152] [28.0] [cxt 0] Pipeline 'egress': end
[12:03:46.268] [bmv2] [D] [thread 30152] [28.0] [cxt 0] Deparser 'deparser': start
[12:03:46.268] [bmv2] [D] [thread 30152] [28.0] [cxt 0] Deparsing header 'ethernet'
[12:03:46.269] [bmv2] [D] [thread 30152] [28.0] [cxt 0] Deparser 'deparser': end
[12:03:46.270] [bmv2] [D] [thread 30156] [28.0] [cxt 0] Transmitting packet of size 70 out of port 0
[12:03:46.523] [bmv2] [D] [thread 30151] [29.0] [cxt 0] Processing packet received on port 4
[12:03:46.523] [bmv2] [D] [thread 30151] [29.0] [cxt 0] Parser 'parser': start
[12:03:46.524] [bmv2] [D] [thread 30151] [29.0] [cxt 0] Parser 'parser' entering state 'start'
[12:03:46.524] [bmv2] [D] [thread 30151] [29.0] [cxt 0] Extracting header 'ethernet'
[12:03:46.524] [bmv2] [D] [thread 30151] [29.0] [cxt 0] Parser state 'start': key is 86dd
[12:03:46.525] [bmv2] [T] [thread 30151] [29.0] [cxt 0] Bytes parsed: 14
[12:03:46.525] [bmv2] [D] [thread 30151] [29.0] [cxt 0] Parser 'parser': end
[12:03:46.526] [bmv2] [D] [thread 30151] [29.0] [cxt 0] Pipeline 'ingress': start
[12:03:46.526] [bmv2] [T] [thread 30151] [29.0] [cxt 0] streaming.p4(158) Condition "hdr.ipv4.isValid()" (node_2) is false
[12:03:46.527] [bmv2] [D] [thread 30151] [29.0] [cxt 0] Pipeline 'ingress': end
[12:03:46.527] [bmv2] [D] [thread 30151] [29.0] [cxt 0] Egress port is 0
[12:03:46.528] [bmv2] [D] [thread 30152] [29.0] [cxt 0] Pipeline 'egress': start
[12:03:46.528] [bmv2] [D] [thread 30152] [29.0] [cxt 0] Pipeline 'egress': end
[12:03:46.529] [bmv2] [D] [thread 30152] [29.0] [cxt 0] Deparser 'deparser': start
[12:03:46.529] [bmv2] [D] [thread 30152] [29.0] [cxt 0] Deparsing header 'ethernet'
[12:03:46.530] [bmv2] [D] [thread 30152] [29.0] [cxt 0] Deparser 'deparser': end
[12:03:46.530] [bmv2] [D] [thread 30156] [29.0] [cxt 0] Transmitting packet of size 70 out of port 0
[12:03:46.776] [bmv2] [D] [thread 30151] [30.0] [cxt 0] Processing packet received on port 2
[12:03:46.776] [bmv2] [D] [thread 30151] [30.0] [cxt 0] Parser 'parser': start
[12:03:46.777] [bmv2] [D] [thread 30151] [30.0] [cxt 0] Parser 'parser' entering state 'start'
[12:03:46.777] [bmv2] [D] [thread 30151] [30.0] [cxt 0] Extracting header 'ethernet'
[12:03:46.778] [bmv2] [D] [thread 30151] [30.0] [cxt 0] Parser state 'start': key is 86dd
[12:03:46.779] [bmv2] [T] [thread 30151] [30.0] [cxt 0] Bytes parsed: 14
[12:03:46.780] [bmv2] [D] [thread 30151] [30.0] [cxt 0] Parser 'parser': end
[12:03:46.781] [bmv2] [D] [thread 30151] [30.0] [cxt 0] Pipeline 'ingress': start
[12:03:46.781] [bmv2] [T] [thread 30151] [30.0] [cxt 0] streaming.p4(158) Condition "hdr.ipv4.isValid()" (node_2) is false
[12:03:46.782] [bmv2] [D] [thread 30151] [30.0] [cxt 0] Pipeline 'ingress': end
[12:03:46.783] [bmv2] [D] [thread 30151] [30.0] [cxt 0] Egress port is 0
[12:03:46.783] [bmv2] [D] [thread 30152] [30.0] [cxt 0] Pipeline 'egress': start
[12:03:46.784] [bmv2] [D] [thread 30152] [30.0] [cxt 0] Pipeline 'egress': end
[12:03:46.785] [bmv2] [D] [thread 30152] [30.0] [cxt 0] Deparser 'deparser': start
[12:03:46.785] [bmv2] [D] [thread 30152] [30.0] [cxt 0] Deparsing header 'ethernet'
[12:03:46.785] [bmv2] [D] [thread 30152] [30.0] [cxt 0] Deparser 'deparser': end
[12:03:46.786] [bmv2] [D] [thread 30156] [30.0] [cxt 0] Transmitting packet of size 70 out of port 0
[12:03:47.030] [bmv2] [D] [thread 30151] [31.0] [cxt 0] Processing packet received on port 3
[12:03:47.031] [bmv2] [D] [thread 30151] [31.0] [cxt 0] Parser 'parser': start
[12:03:47.031] [bmv2] [D] [thread 30151] [31.0] [cxt 0] Parser 'parser' entering state 'start'
[12:03:47.031] [bmv2] [D] [thread 30151] [31.0] [cxt 0] Extracting header 'ethernet'
[12:03:47.032] [bmv2] [D] [thread 30151] [31.0] [cxt 0] Parser state 'start': key is 86dd
[12:03:47.032] [bmv2] [T] [thread 30151] [31.0] [cxt 0] Bytes parsed: 14
[12:03:47.033] [bmv2] [D] [thread 30151] [31.0] [cxt 0] Parser 'parser': end
[12:03:47.033] [bmv2] [D] [thread 30151] [31.0] [cxt 0] Pipeline 'ingress': start
[12:03:47.034] [bmv2] [T] [thread 30151] [31.0] [cxt 0] streaming.p4(158) Condition "hdr.ipv4.isValid()" (node_2) is false
[12:03:47.034] [bmv2] [D] [thread 30151] [31.0] [cxt 0] Pipeline 'ingress': end
[12:03:47.035] [bmv2] [D] [thread 30151] [31.0] [cxt 0] Egress port is 0
[12:03:47.035] [bmv2] [D] [thread 30152] [31.0] [cxt 0] Pipeline 'egress': start
[12:03:47.036] [bmv2] [D] [thread 30152] [31.0] [cxt 0] Pipeline 'egress': end
[12:03:47.036] [bmv2] [D] [thread 30152] [31.0] [cxt 0] Deparser 'deparser': start
[12:03:47.037] [bmv2] [D] [thread 30152] [31.0] [cxt 0] Deparsing header 'ethernet'
[12:03:47.038] [bmv2] [D] [thread 30152] [31.0] [cxt 0] Deparser 'deparser': end
[12:03:47.039] [bmv2] [D] [thread 30156] [31.0] [cxt 0] Transmitting packet of size 70 out of port 0
[12:03:49.336] [bmv2] [D] [thread 30151] [32.0] [cxt 0] Processing packet received on port 1
[12:03:49.338] [bmv2] [D] [thread 30151] [32.0] [cxt 0] Parser 'parser': start
[12:03:49.340] [bmv2] [D] [thread 30151] [32.0] [cxt 0] Parser 'parser' entering state 'start'
[12:03:49.343] [bmv2] [D] [thread 30151] [32.0] [cxt 0] Extracting header 'ethernet'
[12:03:49.344] [bmv2] [D] [thread 30151] [32.0] [cxt 0] Parser state 'start': key is 86dd
[12:03:49.346] [bmv2] [T] [thread 30151] [32.0] [cxt 0] Bytes parsed: 14
[12:03:49.349] [bmv2] [D] [thread 30151] [32.0] [cxt 0] Parser 'parser': end
[12:03:49.350] [bmv2] [D] [thread 30151] [32.0] [cxt 0] Pipeline 'ingress': start
[12:03:49.352] [bmv2] [T] [thread 30151] [32.0] [cxt 0] streaming.p4(158) Condition "hdr.ipv4.isValid()" (node_2) is false
[12:03:49.354] [bmv2] [D] [thread 30151] [32.0] [cxt 0] Pipeline 'ingress': end
[12:03:49.357] [bmv2] [D] [thread 30151] [32.0] [cxt 0] Egress port is 0
[12:03:49.359] [bmv2] [D] [thread 30151] [33.0] [cxt 0] Processing packet received on port 2
[12:03:49.362] [bmv2] [D] [thread 30151] [33.0] [cxt 0] Parser 'parser': start
[12:03:49.360] [bmv2] [D] [thread 30152] [32.0] [cxt 0] Pipeline 'egress': start
[12:03:49.365] [bmv2] [D] [thread 30152] [32.0] [cxt 0] Pipeline 'egress': end
[12:03:49.366] [bmv2] [D] [thread 30152] [32.0] [cxt 0] Deparser 'deparser': start
[12:03:49.367] [bmv2] [D] [thread 30152] [32.0] [cxt 0] Deparsing header 'ethernet'
[12:03:49.364] [bmv2] [D] [thread 30151] [33.0] [cxt 0] Parser 'parser' entering state 'start'
[12:03:49.371] [bmv2] [D] [thread 30151] [33.0] [cxt 0] Extracting header 'ethernet'
[12:03:49.372] [bmv2] [D] [thread 30151] [33.0] [cxt 0] Parser state 'start': key is 86dd
[12:03:49.374] [bmv2] [T] [thread 30151] [33.0] [cxt 0] Bytes parsed: 14
[12:03:49.375] [bmv2] [D] [thread 30151] [33.0] [cxt 0] Parser 'parser': end
[12:03:49.368] [bmv2] [D] [thread 30152] [32.0] [cxt 0] Deparser 'deparser': end
[12:03:49.377] [bmv2] [D] [thread 30156] [32.0] [cxt 0] Transmitting packet of size 70 out of port 0
[12:03:49.376] [bmv2] [D] [thread 30151] [33.0] [cxt 0] Pipeline 'ingress': start
[12:03:49.378] [bmv2] [T] [thread 30151] [33.0] [cxt 0] streaming.p4(158) Condition "hdr.ipv4.isValid()" (node_2) is false
[12:03:49.378] [bmv2] [D] [thread 30151] [33.0] [cxt 0] Pipeline 'ingress': end
[12:03:49.379] [bmv2] [D] [thread 30151] [33.0] [cxt 0] Egress port is 0
[12:03:49.380] [bmv2] [D] [thread 30152] [33.0] [cxt 0] Pipeline 'egress': start
[12:03:49.380] [bmv2] [D] [thread 30152] [33.0] [cxt 0] Pipeline 'egress': end
[12:03:49.381] [bmv2] [D] [thread 30152] [33.0] [cxt 0] Deparser 'deparser': start
[12:03:49.381] [bmv2] [D] [thread 30152] [33.0] [cxt 0] Deparsing header 'ethernet'
[12:03:49.382] [bmv2] [D] [thread 30152] [33.0] [cxt 0] Deparser 'deparser': end
[12:03:49.382] [bmv2] [D] [thread 30156] [33.0] [cxt 0] Transmitting packet of size 70 out of port 0
[12:03:51.391] [bmv2] [D] [thread 30151] [34.0] [cxt 0] Processing packet received on port 4
[12:03:51.393] [bmv2] [D] [thread 30151] [34.0] [cxt 0] Parser 'parser': start
[12:03:51.395] [bmv2] [D] [thread 30151] [34.0] [cxt 0] Parser 'parser' entering state 'start'
[12:03:51.397] [bmv2] [D] [thread 30151] [34.0] [cxt 0] Extracting header 'ethernet'
[12:03:51.400] [bmv2] [D] [thread 30151] [34.0] [cxt 0] Parser state 'start': key is 86dd
[12:03:51.402] [bmv2] [T] [thread 30151] [34.0] [cxt 0] Bytes parsed: 14
[12:03:51.405] [bmv2] [D] [thread 30151] [34.0] [cxt 0] Parser 'parser': end
[12:03:51.406] [bmv2] [D] [thread 30151] [34.0] [cxt 0] Pipeline 'ingress': start
[12:03:51.407] [bmv2] [T] [thread 30151] [34.0] [cxt 0] streaming.p4(158) Condition "hdr.ipv4.isValid()" (node_2) is false
[12:03:51.408] [bmv2] [D] [thread 30151] [34.0] [cxt 0] Pipeline 'ingress': end
[12:03:51.409] [bmv2] [D] [thread 30151] [34.0] [cxt 0] Egress port is 0
[12:03:51.411] [bmv2] [D] [thread 30152] [34.0] [cxt 0] Pipeline 'egress': start
[12:03:51.411] [bmv2] [D] [thread 30152] [34.0] [cxt 0] Pipeline 'egress': end
[12:03:51.412] [bmv2] [D] [thread 30152] [34.0] [cxt 0] Deparser 'deparser': start
[12:03:51.412] [bmv2] [D] [thread 30152] [34.0] [cxt 0] Deparsing header 'ethernet'
[12:03:51.413] [bmv2] [D] [thread 30152] [34.0] [cxt 0] Deparser 'deparser': end
[12:03:51.414] [bmv2] [D] [thread 30156] [34.0] [cxt 0] Transmitting packet of size 70 out of port 0
[12:04:15.962] [bmv2] [D] [thread 30151] [35.0] [cxt 0] Processing packet received on port 4
[12:04:15.963] [bmv2] [D] [thread 30151] [35.0] [cxt 0] Parser 'parser': start
[12:04:15.963] [bmv2] [D] [thread 30151] [35.0] [cxt 0] Parser 'parser' entering state 'start'
[12:04:15.964] [bmv2] [D] [thread 30151] [35.0] [cxt 0] Extracting header 'ethernet'
[12:04:15.966] [bmv2] [D] [thread 30151] [35.0] [cxt 0] Parser state 'start': key is 86dd
[12:04:15.967] [bmv2] [T] [thread 30151] [35.0] [cxt 0] Bytes parsed: 14
[12:04:15.968] [bmv2] [D] [thread 30151] [35.0] [cxt 0] Parser 'parser': end
[12:04:15.968] [bmv2] [D] [thread 30151] [35.0] [cxt 0] Pipeline 'ingress': start
[12:04:15.969] [bmv2] [T] [thread 30151] [35.0] [cxt 0] streaming.p4(158) Condition "hdr.ipv4.isValid()" (node_2) is false
[12:04:15.969] [bmv2] [D] [thread 30151] [35.0] [cxt 0] Pipeline 'ingress': end
[12:04:15.970] [bmv2] [D] [thread 30151] [35.0] [cxt 0] Egress port is 0
[12:04:15.974] [bmv2] [D] [thread 30152] [35.0] [cxt 0] Pipeline 'egress': start
[12:04:15.975] [bmv2] [D] [thread 30152] [35.0] [cxt 0] Pipeline 'egress': end
[12:04:15.976] [bmv2] [D] [thread 30152] [35.0] [cxt 0] Deparser 'deparser': start
[12:04:15.976] [bmv2] [D] [thread 30152] [35.0] [cxt 0] Deparsing header 'ethernet'
[12:04:15.977] [bmv2] [D] [thread 30152] [35.0] [cxt 0] Deparser 'deparser': end
[12:04:15.978] [bmv2] [D] [thread 30156] [35.0] [cxt 0] Transmitting packet of size 70 out of port 0
[12:04:18.006] [bmv2] [D] [thread 30151] [36.0] [cxt 0] Processing packet received on port 3
[12:04:18.006] [bmv2] [D] [thread 30151] [36.0] [cxt 0] Parser 'parser': start
[12:04:18.007] [bmv2] [D] [thread 30151] [36.0] [cxt 0] Parser 'parser' entering state 'start'
[12:04:18.007] [bmv2] [D] [thread 30151] [36.0] [cxt 0] Extracting header 'ethernet'
[12:04:18.007] [bmv2] [D] [thread 30151] [36.0] [cxt 0] Parser state 'start': key is 86dd
[12:04:18.008] [bmv2] [T] [thread 30151] [36.0] [cxt 0] Bytes parsed: 14
[12:04:18.008] [bmv2] [D] [thread 30151] [36.0] [cxt 0] Parser 'parser': end
[12:04:18.009] [bmv2] [D] [thread 30151] [36.0] [cxt 0] Pipeline 'ingress': start
[12:04:18.009] [bmv2] [T] [thread 30151] [36.0] [cxt 0] streaming.p4(158) Condition "hdr.ipv4.isValid()" (node_2) is false
[12:04:18.010] [bmv2] [D] [thread 30151] [36.0] [cxt 0] Pipeline 'ingress': end
[12:04:18.011] [bmv2] [D] [thread 30151] [36.0] [cxt 0] Egress port is 0
[12:04:18.011] [bmv2] [D] [thread 30151] [37.0] [cxt 0] Processing packet received on port 3
[12:04:18.012] [bmv2] [D] [thread 30151] [37.0] [cxt 0] Parser 'parser': start
[12:04:18.012] [bmv2] [D] [thread 30151] [37.0] [cxt 0] Parser 'parser' entering state 'start'
[12:04:18.013] [bmv2] [D] [thread 30151] [37.0] [cxt 0] Extracting header 'ethernet'
[12:04:18.014] [bmv2] [D] [thread 30151] [37.0] [cxt 0] Parser state 'start': key is 86dd
[12:04:18.014] [bmv2] [T] [thread 30151] [37.0] [cxt 0] Bytes parsed: 14
[12:04:18.015] [bmv2] [D] [thread 30151] [37.0] [cxt 0] Parser 'parser': end
[12:04:18.015] [bmv2] [D] [thread 30151] [37.0] [cxt 0] Pipeline 'ingress': start
[12:04:18.016] [bmv2] [T] [thread 30151] [37.0] [cxt 0] streaming.p4(158) Condition "hdr.ipv4.isValid()" (node_2) is false
[12:04:18.016] [bmv2] [D] [thread 30151] [37.0] [cxt 0] Pipeline 'ingress': end
[12:04:18.016] [bmv2] [D] [thread 30151] [37.0] [cxt 0] Egress port is 0
[12:04:18.011] [bmv2] [D] [thread 30152] [36.0] [cxt 0] Pipeline 'egress': start
[12:04:18.018] [bmv2] [D] [thread 30152] [36.0] [cxt 0] Pipeline 'egress': end
[12:04:18.018] [bmv2] [D] [thread 30152] [36.0] [cxt 0] Deparser 'deparser': start
[12:04:18.019] [bmv2] [D] [thread 30152] [36.0] [cxt 0] Deparsing header 'ethernet'
[12:04:18.019] [bmv2] [D] [thread 30152] [36.0] [cxt 0] Deparser 'deparser': end
[12:04:18.020] [bmv2] [D] [thread 30152] [37.0] [cxt 0] Pipeline 'egress': start
[12:04:18.020] [bmv2] [D] [thread 30152] [37.0] [cxt 0] Pipeline 'egress': end
[12:04:18.020] [bmv2] [D] [thread 30152] [37.0] [cxt 0] Deparser 'deparser': start
[12:04:18.021] [bmv2] [D] [thread 30152] [37.0] [cxt 0] Deparsing header 'ethernet'
[12:04:18.021] [bmv2] [D] [thread 30152] [37.0] [cxt 0] Deparser 'deparser': end
[12:04:18.020] [bmv2] [D] [thread 30156] [36.0] [cxt 0] Transmitting packet of size 70 out of port 0
[12:04:18.022] [bmv2] [D] [thread 30156] [37.0] [cxt 0] Transmitting packet of size 70 out of port 0
[12:04:20.056] [bmv2] [D] [thread 30151] [38.0] [cxt 0] Processing packet received on port 2
[12:04:20.057] [bmv2] [D] [thread 30151] [38.0] [cxt 0] Parser 'parser': start
[12:04:20.058] [bmv2] [D] [thread 30151] [38.0] [cxt 0] Parser 'parser' entering state 'start'
[12:04:20.058] [bmv2] [D] [thread 30151] [38.0] [cxt 0] Extracting header 'ethernet'
[12:04:20.062] [bmv2] [D] [thread 30151] [38.0] [cxt 0] Parser state 'start': key is 86dd
[12:04:20.062] [bmv2] [T] [thread 30151] [38.0] [cxt 0] Bytes parsed: 14
[12:04:20.063] [bmv2] [D] [thread 30151] [38.0] [cxt 0] Parser 'parser': end
[12:04:20.063] [bmv2] [D] [thread 30151] [38.0] [cxt 0] Pipeline 'ingress': start
[12:04:20.063] [bmv2] [T] [thread 30151] [38.0] [cxt 0] streaming.p4(158) Condition "hdr.ipv4.isValid()" (node_2) is false
[12:04:20.064] [bmv2] [D] [thread 30151] [38.0] [cxt 0] Pipeline 'ingress': end
[12:04:20.064] [bmv2] [D] [thread 30151] [38.0] [cxt 0] Egress port is 0
[12:04:20.064] [bmv2] [D] [thread 30152] [38.0] [cxt 0] Pipeline 'egress': start
[12:04:20.065] [bmv2] [D] [thread 30152] [38.0] [cxt 0] Pipeline 'egress': end
[12:04:20.065] [bmv2] [D] [thread 30152] [38.0] [cxt 0] Deparser 'deparser': start
[12:04:20.065] [bmv2] [D] [thread 30152] [38.0] [cxt 0] Deparsing header 'ethernet'
[12:04:20.066] [bmv2] [D] [thread 30152] [38.0] [cxt 0] Deparser 'deparser': end
[12:04:20.066] [bmv2] [D] [thread 30156] [38.0] [cxt 0] Transmitting packet of size 70 out of port 0
[12:04:24.151] [bmv2] [D] [thread 30151] [39.0] [cxt 0] Processing packet received on port 1
[12:04:24.152] [bmv2] [D] [thread 30151] [39.0] [cxt 0] Parser 'parser': start
[12:04:24.153] [bmv2] [D] [thread 30151] [39.0] [cxt 0] Parser 'parser' entering state 'start'
[12:04:24.154] [bmv2] [D] [thread 30151] [39.0] [cxt 0] Extracting header 'ethernet'
[12:04:24.157] [bmv2] [D] [thread 30151] [39.0] [cxt 0] Parser state 'start': key is 86dd
[12:04:24.159] [bmv2] [T] [thread 30151] [39.0] [cxt 0] Bytes parsed: 14
[12:04:24.162] [bmv2] [D] [thread 30151] [39.0] [cxt 0] Parser 'parser': end
[12:04:24.165] [bmv2] [D] [thread 30151] [39.0] [cxt 0] Pipeline 'ingress': start
[12:04:24.167] [bmv2] [T] [thread 30151] [39.0] [cxt 0] streaming.p4(158) Condition "hdr.ipv4.isValid()" (node_2) is false
[12:04:24.174] [bmv2] [D] [thread 30151] [39.0] [cxt 0] Pipeline 'ingress': end
[12:04:24.176] [bmv2] [D] [thread 30151] [39.0] [cxt 0] Egress port is 0
[12:04:24.181] [bmv2] [D] [thread 30152] [39.0] [cxt 0] Pipeline 'egress': start
[12:04:24.182] [bmv2] [D] [thread 30152] [39.0] [cxt 0] Pipeline 'egress': end
[12:04:24.182] [bmv2] [D] [thread 30152] [39.0] [cxt 0] Deparser 'deparser': start
[12:04:24.183] [bmv2] [D] [thread 30152] [39.0] [cxt 0] Deparsing header 'ethernet'
[12:04:24.183] [bmv2] [D] [thread 30152] [39.0] [cxt 0] Deparser 'deparser': end
[12:04:24.184] [bmv2] [D] [thread 30151] [40.0] [cxt 0] Processing packet received on port 2
[12:04:24.184] [bmv2] [D] [thread 30151] [40.0] [cxt 0] Parser 'parser': start
[12:04:24.185] [bmv2] [D] [thread 30151] [40.0] [cxt 0] Parser 'parser' entering state 'start'
[12:04:24.184] [bmv2] [D] [thread 30156] [39.0] [cxt 0] Transmitting packet of size 70 out of port 0
[12:04:24.186] [bmv2] [D] [thread 30151] [40.0] [cxt 0] Extracting header 'ethernet'
[12:04:24.188] [bmv2] [D] [thread 30151] [40.0] [cxt 0] Parser state 'start': key is 86dd
[12:04:24.189] [bmv2] [T] [thread 30151] [40.0] [cxt 0] Bytes parsed: 14
[12:04:24.189] [bmv2] [D] [thread 30151] [40.0] [cxt 0] Parser 'parser': end
[12:04:24.190] [bmv2] [D] [thread 30151] [40.0] [cxt 0] Pipeline 'ingress': start
[12:04:24.191] [bmv2] [T] [thread 30151] [40.0] [cxt 0] streaming.p4(158) Condition "hdr.ipv4.isValid()" (node_2) is false
[12:04:24.191] [bmv2] [D] [thread 30151] [40.0] [cxt 0] Pipeline 'ingress': end
[12:04:24.192] [bmv2] [D] [thread 30151] [40.0] [cxt 0] Egress port is 0
[12:04:24.193] [bmv2] [D] [thread 30152] [40.0] [cxt 0] Pipeline 'egress': start
[12:04:24.194] [bmv2] [D] [thread 30152] [40.0] [cxt 0] Pipeline 'egress': end
[12:04:24.195] [bmv2] [D] [thread 30152] [40.0] [cxt 0] Deparser 'deparser': start
[12:04:24.196] [bmv2] [D] [thread 30152] [40.0] [cxt 0] Deparsing header 'ethernet'
[12:04:24.196] [bmv2] [D] [thread 30152] [40.0] [cxt 0] Deparser 'deparser': end
[12:04:24.197] [bmv2] [D] [thread 30156] [40.0] [cxt 0] Transmitting packet of size 70 out of port 0
[12:04:28.250] [bmv2] [D] [thread 30151] [41.0] [cxt 0] Processing packet received on port 4
[12:04:28.250] [bmv2] [D] [thread 30151] [41.0] [cxt 0] Parser 'parser': start
[12:04:28.251] [bmv2] [D] [thread 30151] [41.0] [cxt 0] Parser 'parser' entering state 'start'
[12:04:28.251] [bmv2] [D] [thread 30151] [41.0] [cxt 0] Extracting header 'ethernet'
[12:04:28.253] [bmv2] [D] [thread 30151] [41.0] [cxt 0] Parser state 'start': key is 86dd
[12:04:28.253] [bmv2] [T] [thread 30151] [41.0] [cxt 0] Bytes parsed: 14
[12:04:28.254] [bmv2] [D] [thread 30151] [41.0] [cxt 0] Parser 'parser': end
[12:04:28.254] [bmv2] [D] [thread 30151] [41.0] [cxt 0] Pipeline 'ingress': start
[12:04:28.255] [bmv2] [T] [thread 30151] [41.0] [cxt 0] streaming.p4(158) Condition "hdr.ipv4.isValid()" (node_2) is false
[12:04:28.255] [bmv2] [D] [thread 30151] [41.0] [cxt 0] Pipeline 'ingress': end
[12:04:28.256] [bmv2] [D] [thread 30151] [41.0] [cxt 0] Egress port is 0
[12:04:28.256] [bmv2] [D] [thread 30152] [41.0] [cxt 0] Pipeline 'egress': start
[12:04:28.257] [bmv2] [D] [thread 30152] [41.0] [cxt 0] Pipeline 'egress': end
[12:04:28.257] [bmv2] [D] [thread 30152] [41.0] [cxt 0] Deparser 'deparser': start
[12:04:28.258] [bmv2] [D] [thread 30152] [41.0] [cxt 0] Deparsing header 'ethernet'
[12:04:28.259] [bmv2] [D] [thread 30152] [41.0] [cxt 0] Deparser 'deparser': end
[12:04:28.260] [bmv2] [D] [thread 30156] [41.0] [cxt 0] Transmitting packet of size 70 out of port 0
[12:05:13.305] [bmv2] [D] [thread 30151] [42.0] [cxt 0] Processing packet received on port 4
[12:05:13.305] [bmv2] [D] [thread 30151] [42.0] [cxt 0] Parser 'parser': start
[12:05:13.305] [bmv2] [D] [thread 30151] [42.0] [cxt 0] Parser 'parser' entering state 'start'
[12:05:13.305] [bmv2] [D] [thread 30151] [42.0] [cxt 0] Extracting header 'ethernet'
[12:05:13.306] [bmv2] [D] [thread 30151] [42.0] [cxt 0] Parser state 'start': key is 86dd
[12:05:13.306] [bmv2] [T] [thread 30151] [42.0] [cxt 0] Bytes parsed: 14
[12:05:13.306] [bmv2] [D] [thread 30151] [42.0] [cxt 0] Parser 'parser': end
[12:05:13.306] [bmv2] [D] [thread 30151] [42.0] [cxt 0] Pipeline 'ingress': start
[12:05:13.307] [bmv2] [T] [thread 30151] [42.0] [cxt 0] streaming.p4(158) Condition "hdr.ipv4.isValid()" (node_2) is false
[12:05:13.307] [bmv2] [D] [thread 30151] [42.0] [cxt 0] Pipeline 'ingress': end
[12:05:13.307] [bmv2] [D] [thread 30151] [42.0] [cxt 0] Egress port is 0
[12:05:13.308] [bmv2] [D] [thread 30152] [42.0] [cxt 0] Pipeline 'egress': start
[12:05:13.308] [bmv2] [D] [thread 30152] [42.0] [cxt 0] Pipeline 'egress': end
[12:05:13.308] [bmv2] [D] [thread 30152] [42.0] [cxt 0] Deparser 'deparser': start
[12:05:13.308] [bmv2] [D] [thread 30152] [42.0] [cxt 0] Deparsing header 'ethernet'
[12:05:13.308] [bmv2] [D] [thread 30152] [42.0] [cxt 0] Deparser 'deparser': end
[12:05:13.309] [bmv2] [D] [thread 30156] [42.0] [cxt 0] Transmitting packet of size 70 out of port 0
[12:05:21.494] [bmv2] [D] [thread 30151] [43.0] [cxt 0] Processing packet received on port 3
[12:05:21.495] [bmv2] [D] [thread 30151] [43.0] [cxt 0] Parser 'parser': start
[12:05:21.495] [bmv2] [D] [thread 30151] [43.0] [cxt 0] Parser 'parser' entering state 'start'
[12:05:21.496] [bmv2] [D] [thread 30151] [43.0] [cxt 0] Extracting header 'ethernet'
[12:05:21.496] [bmv2] [D] [thread 30151] [43.0] [cxt 0] Parser state 'start': key is 86dd
[12:05:21.497] [bmv2] [T] [thread 30151] [43.0] [cxt 0] Bytes parsed: 14
[12:05:21.497] [bmv2] [D] [thread 30151] [43.0] [cxt 0] Parser 'parser': end
[12:05:21.498] [bmv2] [D] [thread 30151] [43.0] [cxt 0] Pipeline 'ingress': start
[12:05:21.498] [bmv2] [T] [thread 30151] [43.0] [cxt 0] streaming.p4(158) Condition "hdr.ipv4.isValid()" (node_2) is false
[12:05:21.499] [bmv2] [D] [thread 30151] [43.0] [cxt 0] Pipeline 'ingress': end
[12:05:21.499] [bmv2] [D] [thread 30151] [43.0] [cxt 0] Egress port is 0
[12:05:21.500] [bmv2] [D] [thread 30152] [43.0] [cxt 0] Pipeline 'egress': start
[12:05:21.501] [bmv2] [D] [thread 30152] [43.0] [cxt 0] Pipeline 'egress': end
[12:05:21.501] [bmv2] [D] [thread 30152] [43.0] [cxt 0] Deparser 'deparser': start
[12:05:21.502] [bmv2] [D] [thread 30152] [43.0] [cxt 0] Deparsing header 'ethernet'
[12:05:21.502] [bmv2] [D] [thread 30152] [43.0] [cxt 0] Deparser 'deparser': end
[12:05:21.503] [bmv2] [D] [thread 30156] [43.0] [cxt 0] Transmitting packet of size 70 out of port 0
[12:05:21.500] [bmv2] [D] [thread 30151] [44.0] [cxt 0] Processing packet received on port 3
[12:05:21.504] [bmv2] [D] [thread 30151] [44.0] [cxt 0] Parser 'parser': start
[12:05:21.505] [bmv2] [D] [thread 30151] [44.0] [cxt 0] Parser 'parser' entering state 'start'
[12:05:21.505] [bmv2] [D] [thread 30151] [44.0] [cxt 0] Extracting header 'ethernet'
[12:05:21.506] [bmv2] [D] [thread 30151] [44.0] [cxt 0] Parser state 'start': key is 86dd
[12:05:21.506] [bmv2] [T] [thread 30151] [44.0] [cxt 0] Bytes parsed: 14
[12:05:21.507] [bmv2] [D] [thread 30151] [44.0] [cxt 0] Parser 'parser': end
[12:05:21.507] [bmv2] [D] [thread 30151] [44.0] [cxt 0] Pipeline 'ingress': start
[12:05:21.508] [bmv2] [T] [thread 30151] [44.0] [cxt 0] streaming.p4(158) Condition "hdr.ipv4.isValid()" (node_2) is false
[12:05:21.508] [bmv2] [D] [thread 30151] [44.0] [cxt 0] Pipeline 'ingress': end
[12:05:21.509] [bmv2] [D] [thread 30151] [44.0] [cxt 0] Egress port is 0
[12:05:21.510] [bmv2] [D] [thread 30152] [44.0] [cxt 0] Pipeline 'egress': start
[12:05:21.510] [bmv2] [D] [thread 30152] [44.0] [cxt 0] Pipeline 'egress': end
[12:05:21.510] [bmv2] [D] [thread 30152] [44.0] [cxt 0] Deparser 'deparser': start
[12:05:21.511] [bmv2] [D] [thread 30152] [44.0] [cxt 0] Deparsing header 'ethernet'
[12:05:21.511] [bmv2] [D] [thread 30152] [44.0] [cxt 0] Deparser 'deparser': end
[12:05:21.512] [bmv2] [D] [thread 30156] [44.0] [cxt 0] Transmitting packet of size 70 out of port 0
[12:05:27.639] [bmv2] [D] [thread 30151] [45.0] [cxt 0] Processing packet received on port 2
[12:05:27.639] [bmv2] [D] [thread 30151] [45.0] [cxt 0] Parser 'parser': start
[12:05:27.640] [bmv2] [D] [thread 30151] [45.0] [cxt 0] Parser 'parser' entering state 'start'
[12:05:27.641] [bmv2] [D] [thread 30151] [45.0] [cxt 0] Extracting header 'ethernet'
[12:05:27.641] [bmv2] [D] [thread 30151] [45.0] [cxt 0] Parser state 'start': key is 86dd
[12:05:27.643] [bmv2] [T] [thread 30151] [45.0] [cxt 0] Bytes parsed: 14
[12:05:27.643] [bmv2] [D] [thread 30151] [45.0] [cxt 0] Parser 'parser': end
[12:05:27.644] [bmv2] [D] [thread 30151] [45.0] [cxt 0] Pipeline 'ingress': start
[12:05:27.645] [bmv2] [T] [thread 30151] [45.0] [cxt 0] streaming.p4(158) Condition "hdr.ipv4.isValid()" (node_2) is false
[12:05:27.646] [bmv2] [D] [thread 30151] [45.0] [cxt 0] Pipeline 'ingress': end
[12:05:27.646] [bmv2] [D] [thread 30151] [45.0] [cxt 0] Egress port is 0
[12:05:27.647] [bmv2] [D] [thread 30152] [45.0] [cxt 0] Pipeline 'egress': start
[12:05:27.647] [bmv2] [D] [thread 30152] [45.0] [cxt 0] Pipeline 'egress': end
[12:05:27.648] [bmv2] [D] [thread 30152] [45.0] [cxt 0] Deparser 'deparser': start
[12:05:27.648] [bmv2] [D] [thread 30152] [45.0] [cxt 0] Deparsing header 'ethernet'
[12:05:27.649] [bmv2] [D] [thread 30152] [45.0] [cxt 0] Deparser 'deparser': end
[12:05:27.650] [bmv2] [D] [thread 30156] [45.0] [cxt 0] Transmitting packet of size 70 out of port 0
[12:05:29.724] [bmv2] [D] [thread 30151] [46.0] [cxt 0] Processing packet received on port 1
[12:05:29.725] [bmv2] [D] [thread 30151] [46.0] [cxt 0] Parser 'parser': start
[12:05:29.726] [bmv2] [D] [thread 30151] [46.0] [cxt 0] Parser 'parser' entering state 'start'
[12:05:29.727] [bmv2] [D] [thread 30151] [46.0] [cxt 0] Extracting header 'ethernet'
[12:05:29.729] [bmv2] [D] [thread 30151] [46.0] [cxt 0] Parser state 'start': key is 86dd
[12:05:29.729] [bmv2] [T] [thread 30151] [46.0] [cxt 0] Bytes parsed: 14
[12:05:29.730] [bmv2] [D] [thread 30151] [46.0] [cxt 0] Parser 'parser': end
[12:05:29.730] [bmv2] [D] [thread 30151] [46.0] [cxt 0] Pipeline 'ingress': start
[12:05:29.734] [bmv2] [T] [thread 30151] [46.0] [cxt 0] streaming.p4(158) Condition "hdr.ipv4.isValid()" (node_2) is false
[12:05:29.736] [bmv2] [D] [thread 30151] [46.0] [cxt 0] Pipeline 'ingress': end
[12:05:29.737] [bmv2] [D] [thread 30151] [46.0] [cxt 0] Egress port is 0
[12:05:29.741] [bmv2] [D] [thread 30152] [46.0] [cxt 0] Pipeline 'egress': start
[12:05:29.742] [bmv2] [D] [thread 30152] [46.0] [cxt 0] Pipeline 'egress': end
[12:05:29.742] [bmv2] [D] [thread 30152] [46.0] [cxt 0] Deparser 'deparser': start
[12:05:29.743] [bmv2] [D] [thread 30152] [46.0] [cxt 0] Deparsing header 'ethernet'
[12:05:29.743] [bmv2] [D] [thread 30152] [46.0] [cxt 0] Deparser 'deparser': end
[12:05:29.744] [bmv2] [D] [thread 30156] [46.0] [cxt 0] Transmitting packet of size 70 out of port 0
[12:05:33.795] [bmv2] [D] [thread 30151] [47.0] [cxt 0] Processing packet received on port 2
[12:05:33.796] [bmv2] [D] [thread 30151] [47.0] [cxt 0] Parser 'parser': start
[12:05:33.796] [bmv2] [D] [thread 30151] [47.0] [cxt 0] Parser 'parser' entering state 'start'
[12:05:33.797] [bmv2] [D] [thread 30151] [47.0] [cxt 0] Extracting header 'ethernet'
[12:05:33.798] [bmv2] [D] [thread 30151] [47.0] [cxt 0] Parser state 'start': key is 86dd
[12:05:33.798] [bmv2] [T] [thread 30151] [47.0] [cxt 0] Bytes parsed: 14
[12:05:33.799] [bmv2] [D] [thread 30151] [47.0] [cxt 0] Parser 'parser': end
[12:05:33.800] [bmv2] [D] [thread 30151] [47.0] [cxt 0] Pipeline 'ingress': start
[12:05:33.800] [bmv2] [T] [thread 30151] [47.0] [cxt 0] streaming.p4(158) Condition "hdr.ipv4.isValid()" (node_2) is false
[12:05:33.801] [bmv2] [D] [thread 30151] [47.0] [cxt 0] Pipeline 'ingress': end
[12:05:33.802] [bmv2] [D] [thread 30151] [47.0] [cxt 0] Egress port is 0
[12:05:33.802] [bmv2] [D] [thread 30152] [47.0] [cxt 0] Pipeline 'egress': start
[12:05:33.803] [bmv2] [D] [thread 30152] [47.0] [cxt 0] Pipeline 'egress': end
[12:05:33.803] [bmv2] [D] [thread 30152] [47.0] [cxt 0] Deparser 'deparser': start
[12:05:33.804] [bmv2] [D] [thread 30152] [47.0] [cxt 0] Deparsing header 'ethernet'
[12:05:33.804] [bmv2] [D] [thread 30152] [47.0] [cxt 0] Deparser 'deparser': end
[12:05:33.805] [bmv2] [D] [thread 30156] [47.0] [cxt 0] Transmitting packet of size 70 out of port 0
[12:05:44.025] [bmv2] [D] [thread 30151] [48.0] [cxt 0] Processing packet received on port 4
[12:05:44.026] [bmv2] [D] [thread 30151] [48.0] [cxt 0] Parser 'parser': start
[12:05:44.026] [bmv2] [D] [thread 30151] [48.0] [cxt 0] Parser 'parser' entering state 'start'
[12:05:44.026] [bmv2] [D] [thread 30151] [48.0] [cxt 0] Extracting header 'ethernet'
[12:05:44.026] [bmv2] [D] [thread 30151] [48.0] [cxt 0] Parser state 'start': key is 86dd
[12:05:44.027] [bmv2] [T] [thread 30151] [48.0] [cxt 0] Bytes parsed: 14
[12:05:44.027] [bmv2] [D] [thread 30151] [48.0] [cxt 0] Parser 'parser': end
[12:05:44.027] [bmv2] [D] [thread 30151] [48.0] [cxt 0] Pipeline 'ingress': start
[12:05:44.027] [bmv2] [T] [thread 30151] [48.0] [cxt 0] streaming.p4(158) Condition "hdr.ipv4.isValid()" (node_2) is false
[12:05:44.027] [bmv2] [D] [thread 30151] [48.0] [cxt 0] Pipeline 'ingress': end
[12:05:44.028] [bmv2] [D] [thread 30151] [48.0] [cxt 0] Egress port is 0
[12:05:44.028] [bmv2] [D] [thread 30152] [48.0] [cxt 0] Pipeline 'egress': start
[12:05:44.028] [bmv2] [D] [thread 30152] [48.0] [cxt 0] Pipeline 'egress': end
[12:05:44.028] [bmv2] [D] [thread 30152] [48.0] [cxt 0] Deparser 'deparser': start
[12:05:44.028] [bmv2] [D] [thread 30152] [48.0] [cxt 0] Deparsing header 'ethernet'
[12:05:44.029] [bmv2] [D] [thread 30152] [48.0] [cxt 0] Deparser 'deparser': end
[12:05:44.029] [bmv2] [D] [thread 30156] [48.0] [cxt 0] Transmitting packet of size 70 out of port 0
[12:07:10.041] [bmv2] [D] [thread 30151] [49.0] [cxt 0] Processing packet received on port 4
[12:07:10.042] [bmv2] [D] [thread 30151] [49.0] [cxt 0] Parser 'parser': start
[12:07:10.042] [bmv2] [D] [thread 30151] [49.0] [cxt 0] Parser 'parser' entering state 'start'
[12:07:10.043] [bmv2] [D] [thread 30151] [49.0] [cxt 0] Extracting header 'ethernet'
[12:07:10.043] [bmv2] [D] [thread 30151] [49.0] [cxt 0] Parser state 'start': key is 86dd
[12:07:10.044] [bmv2] [T] [thread 30151] [49.0] [cxt 0] Bytes parsed: 14
[12:07:10.044] [bmv2] [D] [thread 30151] [49.0] [cxt 0] Parser 'parser': end
[12:07:10.045] [bmv2] [D] [thread 30151] [49.0] [cxt 0] Pipeline 'ingress': start
[12:07:10.046] [bmv2] [T] [thread 30151] [49.0] [cxt 0] streaming.p4(158) Condition "hdr.ipv4.isValid()" (node_2) is false
[12:07:10.046] [bmv2] [D] [thread 30151] [49.0] [cxt 0] Pipeline 'ingress': end
[12:07:10.048] [bmv2] [D] [thread 30151] [49.0] [cxt 0] Egress port is 0
[12:07:10.048] [bmv2] [D] [thread 30152] [49.0] [cxt 0] Pipeline 'egress': start
[12:07:10.049] [bmv2] [D] [thread 30152] [49.0] [cxt 0] Pipeline 'egress': end
[12:07:10.049] [bmv2] [D] [thread 30152] [49.0] [cxt 0] Deparser 'deparser': start
[12:07:10.050] [bmv2] [D] [thread 30152] [49.0] [cxt 0] Deparsing header 'ethernet'
[12:07:10.050] [bmv2] [D] [thread 30152] [49.0] [cxt 0] Deparser 'deparser': end
[12:07:10.051] [bmv2] [D] [thread 30156] [49.0] [cxt 0] Transmitting packet of size 70 out of port 0
[12:07:22.325] [bmv2] [D] [thread 30151] [50.0] [cxt 0] Processing packet received on port 3
[12:07:22.325] [bmv2] [D] [thread 30151] [50.0] [cxt 0] Parser 'parser': start
[12:07:22.325] [bmv2] [D] [thread 30151] [50.0] [cxt 0] Parser 'parser' entering state 'start'
[12:07:22.325] [bmv2] [D] [thread 30151] [50.0] [cxt 0] Extracting header 'ethernet'
[12:07:22.326] [bmv2] [D] [thread 30151] [50.0] [cxt 0] Parser state 'start': key is 86dd
[12:07:22.326] [bmv2] [T] [thread 30151] [50.0] [cxt 0] Bytes parsed: 14
[12:07:22.326] [bmv2] [D] [thread 30151] [50.0] [cxt 0] Parser 'parser': end
[12:07:22.327] [bmv2] [D] [thread 30151] [50.0] [cxt 0] Pipeline 'ingress': start
[12:07:22.327] [bmv2] [T] [thread 30151] [50.0] [cxt 0] streaming.p4(158) Condition "hdr.ipv4.isValid()" (node_2) is false
[12:07:22.327] [bmv2] [D] [thread 30151] [50.0] [cxt 0] Pipeline 'ingress': end
[12:07:22.327] [bmv2] [D] [thread 30151] [50.0] [cxt 0] Egress port is 0
[12:07:22.328] [bmv2] [D] [thread 30152] [50.0] [cxt 0] Pipeline 'egress': start
[12:07:22.328] [bmv2] [D] [thread 30152] [50.0] [cxt 0] Pipeline 'egress': end
[12:07:22.328] [bmv2] [D] [thread 30152] [50.0] [cxt 0] Deparser 'deparser': start
[12:07:22.328] [bmv2] [D] [thread 30152] [50.0] [cxt 0] Deparsing header 'ethernet'
[12:07:22.328] [bmv2] [D] [thread 30152] [50.0] [cxt 0] Deparser 'deparser': end
[12:07:22.329] [bmv2] [D] [thread 30156] [50.0] [cxt 0] Transmitting packet of size 70 out of port 0
[12:07:24.375] [bmv2] [D] [thread 30151] [51.0] [cxt 0] Processing packet received on port 3
[12:07:24.376] [bmv2] [D] [thread 30151] [51.0] [cxt 0] Parser 'parser': start
[12:07:24.376] [bmv2] [D] [thread 30151] [51.0] [cxt 0] Parser 'parser' entering state 'start'
[12:07:24.378] [bmv2] [D] [thread 30151] [51.0] [cxt 0] Extracting header 'ethernet'
[12:07:24.384] [bmv2] [D] [thread 30151] [51.0] [cxt 0] Parser state 'start': key is 86dd
[12:07:24.385] [bmv2] [T] [thread 30151] [51.0] [cxt 0] Bytes parsed: 14
[12:07:24.385] [bmv2] [D] [thread 30151] [51.0] [cxt 0] Parser 'parser': end
[12:07:24.386] [bmv2] [D] [thread 30151] [51.0] [cxt 0] Pipeline 'ingress': start
[12:07:24.388] [bmv2] [T] [thread 30151] [51.0] [cxt 0] streaming.p4(158) Condition "hdr.ipv4.isValid()" (node_2) is false
[12:07:24.389] [bmv2] [D] [thread 30151] [51.0] [cxt 0] Pipeline 'ingress': end
[12:07:24.389] [bmv2] [D] [thread 30151] [51.0] [cxt 0] Egress port is 0
[12:07:24.390] [bmv2] [D] [thread 30152] [51.0] [cxt 0] Pipeline 'egress': start
[12:07:24.391] [bmv2] [D] [thread 30152] [51.0] [cxt 0] Pipeline 'egress': end
[12:07:24.393] [bmv2] [D] [thread 30152] [51.0] [cxt 0] Deparser 'deparser': start
[12:07:24.393] [bmv2] [D] [thread 30152] [51.0] [cxt 0] Deparsing header 'ethernet'
[12:07:24.395] [bmv2] [D] [thread 30152] [51.0] [cxt 0] Deparser 'deparser': end
[12:07:24.399] [bmv2] [D] [thread 30156] [51.0] [cxt 0] Transmitting packet of size 70 out of port 0
[12:07:36.661] [bmv2] [D] [thread 30151] [52.0] [cxt 0] Processing packet received on port 2
[12:07:36.662] [bmv2] [D] [thread 30151] [52.0] [cxt 0] Parser 'parser': start
[12:07:36.662] [bmv2] [D] [thread 30151] [52.0] [cxt 0] Parser 'parser' entering state 'start'
[12:07:36.662] [bmv2] [D] [thread 30151] [52.0] [cxt 0] Extracting header 'ethernet'
[12:07:36.662] [bmv2] [D] [thread 30151] [52.0] [cxt 0] Parser state 'start': key is 86dd
[12:07:36.662] [bmv2] [T] [thread 30151] [52.0] [cxt 0] Bytes parsed: 14
[12:07:36.663] [bmv2] [D] [thread 30151] [52.0] [cxt 0] Parser 'parser': end
[12:07:36.663] [bmv2] [D] [thread 30151] [52.0] [cxt 0] Pipeline 'ingress': start
[12:07:36.663] [bmv2] [T] [thread 30151] [52.0] [cxt 0] streaming.p4(158) Condition "hdr.ipv4.isValid()" (node_2) is false
[12:07:36.663] [bmv2] [D] [thread 30151] [52.0] [cxt 0] Pipeline 'ingress': end
[12:07:36.663] [bmv2] [D] [thread 30151] [52.0] [cxt 0] Egress port is 0
[12:07:36.664] [bmv2] [D] [thread 30152] [52.0] [cxt 0] Pipeline 'egress': start
[12:07:36.664] [bmv2] [D] [thread 30152] [52.0] [cxt 0] Pipeline 'egress': end
[12:07:36.664] [bmv2] [D] [thread 30152] [52.0] [cxt 0] Deparser 'deparser': start
[12:07:36.664] [bmv2] [D] [thread 30152] [52.0] [cxt 0] Deparsing header 'ethernet'
[12:07:36.664] [bmv2] [D] [thread 30152] [52.0] [cxt 0] Deparser 'deparser': end
[12:07:36.665] [bmv2] [D] [thread 30156] [52.0] [cxt 0] Transmitting packet of size 70 out of port 0
[12:07:40.774] [bmv2] [D] [thread 30151] [53.0] [cxt 0] Processing packet received on port 1
[12:07:40.774] [bmv2] [D] [thread 30151] [53.0] [cxt 0] Parser 'parser': start
[12:07:40.774] [bmv2] [D] [thread 30151] [53.0] [cxt 0] Parser 'parser' entering state 'start'
[12:07:40.775] [bmv2] [D] [thread 30151] [53.0] [cxt 0] Extracting header 'ethernet'
[12:07:40.775] [bmv2] [D] [thread 30151] [53.0] [cxt 0] Parser state 'start': key is 86dd
[12:07:40.775] [bmv2] [T] [thread 30151] [53.0] [cxt 0] Bytes parsed: 14
[12:07:40.775] [bmv2] [D] [thread 30151] [53.0] [cxt 0] Parser 'parser': end
[12:07:40.776] [bmv2] [D] [thread 30151] [53.0] [cxt 0] Pipeline 'ingress': start
[12:07:40.776] [bmv2] [T] [thread 30151] [53.0] [cxt 0] streaming.p4(158) Condition "hdr.ipv4.isValid()" (node_2) is false
[12:07:40.776] [bmv2] [D] [thread 30151] [53.0] [cxt 0] Pipeline 'ingress': end
[12:07:40.776] [bmv2] [D] [thread 30151] [53.0] [cxt 0] Egress port is 0
[12:07:40.776] [bmv2] [D] [thread 30152] [53.0] [cxt 0] Pipeline 'egress': start
[12:07:40.777] [bmv2] [D] [thread 30152] [53.0] [cxt 0] Pipeline 'egress': end
[12:07:40.777] [bmv2] [D] [thread 30152] [53.0] [cxt 0] Deparser 'deparser': start
[12:07:40.777] [bmv2] [D] [thread 30152] [53.0] [cxt 0] Deparsing header 'ethernet'
[12:07:40.777] [bmv2] [D] [thread 30152] [53.0] [cxt 0] Deparser 'deparser': end
[12:07:40.777] [bmv2] [D] [thread 30156] [53.0] [cxt 0] Transmitting packet of size 70 out of port 0
[12:07:57.143] [bmv2] [D] [thread 30151] [54.0] [cxt 0] Processing packet received on port 2
[12:07:57.144] [bmv2] [D] [thread 30151] [54.0] [cxt 0] Parser 'parser': start
[12:07:57.145] [bmv2] [D] [thread 30151] [54.0] [cxt 0] Parser 'parser' entering state 'start'
[12:07:57.146] [bmv2] [D] [thread 30151] [54.0] [cxt 0] Extracting header 'ethernet'
[12:07:57.146] [bmv2] [D] [thread 30151] [54.0] [cxt 0] Parser state 'start': key is 86dd
[12:07:57.147] [bmv2] [T] [thread 30151] [54.0] [cxt 0] Bytes parsed: 14
[12:07:57.149] [bmv2] [D] [thread 30151] [54.0] [cxt 0] Parser 'parser': end
[12:07:57.151] [bmv2] [D] [thread 30151] [54.0] [cxt 0] Pipeline 'ingress': start
[12:07:57.152] [bmv2] [T] [thread 30151] [54.0] [cxt 0] streaming.p4(158) Condition "hdr.ipv4.isValid()" (node_2) is false
[12:07:57.154] [bmv2] [D] [thread 30151] [54.0] [cxt 0] Pipeline 'ingress': end
[12:07:57.156] [bmv2] [D] [thread 30151] [54.0] [cxt 0] Egress port is 0
[12:07:57.158] [bmv2] [D] [thread 30152] [54.0] [cxt 0] Pipeline 'egress': start
[12:07:57.159] [bmv2] [D] [thread 30152] [54.0] [cxt 0] Pipeline 'egress': end
[12:07:57.161] [bmv2] [D] [thread 30152] [54.0] [cxt 0] Deparser 'deparser': start
[12:07:57.163] [bmv2] [D] [thread 30152] [54.0] [cxt 0] Deparsing header 'ethernet'
[12:07:57.164] [bmv2] [D] [thread 30152] [54.0] [cxt 0] Deparser 'deparser': end
[12:07:57.165] [bmv2] [D] [thread 30156] [54.0] [cxt 0] Transmitting packet of size 70 out of port 0
[12:08:13.549] [bmv2] [D] [thread 30151] [55.0] [cxt 0] Processing packet received on port 4
[12:08:13.550] [bmv2] [D] [thread 30151] [55.0] [cxt 0] Parser 'parser': start
[12:08:13.550] [bmv2] [D] [thread 30151] [55.0] [cxt 0] Parser 'parser' entering state 'start'
[12:08:13.551] [bmv2] [D] [thread 30151] [55.0] [cxt 0] Extracting header 'ethernet'
[12:08:13.552] [bmv2] [D] [thread 30151] [55.0] [cxt 0] Parser state 'start': key is 86dd
[12:08:13.553] [bmv2] [T] [thread 30151] [55.0] [cxt 0] Bytes parsed: 14
[12:08:13.555] [bmv2] [D] [thread 30151] [55.0] [cxt 0] Parser 'parser': end
[12:08:13.557] [bmv2] [D] [thread 30151] [55.0] [cxt 0] Pipeline 'ingress': start
[12:08:13.558] [bmv2] [T] [thread 30151] [55.0] [cxt 0] streaming.p4(158) Condition "hdr.ipv4.isValid()" (node_2) is false
[12:08:13.560] [bmv2] [D] [thread 30151] [55.0] [cxt 0] Pipeline 'ingress': end
[12:08:13.561] [bmv2] [D] [thread 30151] [55.0] [cxt 0] Egress port is 0
[12:08:13.563] [bmv2] [D] [thread 30152] [55.0] [cxt 0] Pipeline 'egress': start
[12:08:13.564] [bmv2] [D] [thread 30152] [55.0] [cxt 0] Pipeline 'egress': end
[12:08:13.567] [bmv2] [D] [thread 30152] [55.0] [cxt 0] Deparser 'deparser': start
[12:08:13.569] [bmv2] [D] [thread 30152] [55.0] [cxt 0] Deparsing header 'ethernet'
[12:08:13.572] [bmv2] [D] [thread 30152] [55.0] [cxt 0] Deparser 'deparser': end
[12:08:13.574] [bmv2] [D] [thread 30156] [55.0] [cxt 0] Transmitting packet of size 70 out of port 0
[12:10:57.370] [bmv2] [D] [thread 30151] [56.0] [cxt 0] Processing packet received on port 4
[12:10:57.370] [bmv2] [D] [thread 30151] [56.0] [cxt 0] Parser 'parser': start
[12:10:57.371] [bmv2] [D] [thread 30151] [56.0] [cxt 0] Parser 'parser' entering state 'start'
[12:10:57.371] [bmv2] [D] [thread 30151] [56.0] [cxt 0] Extracting header 'ethernet'
[12:10:57.372] [bmv2] [D] [thread 30151] [56.0] [cxt 0] Parser state 'start': key is 86dd
[12:10:57.372] [bmv2] [T] [thread 30151] [56.0] [cxt 0] Bytes parsed: 14
[12:10:57.373] [bmv2] [D] [thread 30151] [56.0] [cxt 0] Parser 'parser': end
[12:10:57.374] [bmv2] [D] [thread 30151] [56.0] [cxt 0] Pipeline 'ingress': start
[12:10:57.374] [bmv2] [T] [thread 30151] [56.0] [cxt 0] streaming.p4(158) Condition "hdr.ipv4.isValid()" (node_2) is false
[12:10:57.375] [bmv2] [D] [thread 30151] [56.0] [cxt 0] Pipeline 'ingress': end
[12:10:57.375] [bmv2] [D] [thread 30151] [56.0] [cxt 0] Egress port is 0
[12:10:57.376] [bmv2] [D] [thread 30152] [56.0] [cxt 0] Pipeline 'egress': start
[12:10:57.377] [bmv2] [D] [thread 30152] [56.0] [cxt 0] Pipeline 'egress': end
[12:10:57.377] [bmv2] [D] [thread 30152] [56.0] [cxt 0] Deparser 'deparser': start
[12:10:57.378] [bmv2] [D] [thread 30152] [56.0] [cxt 0] Deparsing header 'ethernet'
[12:10:57.378] [bmv2] [D] [thread 30152] [56.0] [cxt 0] Deparser 'deparser': end
[12:10:57.380] [bmv2] [D] [thread 30156] [56.0] [cxt 0] Transmitting packet of size 70 out of port 0
[12:11:30.134] [bmv2] [D] [thread 30151] [57.0] [cxt 0] Processing packet received on port 3
[12:11:30.135] [bmv2] [D] [thread 30151] [57.0] [cxt 0] Parser 'parser': start
[12:11:30.136] [bmv2] [D] [thread 30151] [57.0] [cxt 0] Parser 'parser' entering state 'start'
[12:11:30.137] [bmv2] [D] [thread 30151] [57.0] [cxt 0] Extracting header 'ethernet'
[12:11:30.137] [bmv2] [D] [thread 30151] [57.0] [cxt 0] Parser state 'start': key is 86dd
[12:11:30.138] [bmv2] [T] [thread 30151] [57.0] [cxt 0] Bytes parsed: 14
[12:11:30.138] [bmv2] [D] [thread 30151] [57.0] [cxt 0] Parser 'parser': end
[12:11:30.139] [bmv2] [D] [thread 30151] [57.0] [cxt 0] Pipeline 'ingress': start
[12:11:30.140] [bmv2] [T] [thread 30151] [57.0] [cxt 0] streaming.p4(158) Condition "hdr.ipv4.isValid()" (node_2) is false
[12:11:30.140] [bmv2] [D] [thread 30151] [57.0] [cxt 0] Pipeline 'ingress': end
[12:11:30.141] [bmv2] [D] [thread 30151] [57.0] [cxt 0] Egress port is 0
[12:11:30.141] [bmv2] [D] [thread 30152] [57.0] [cxt 0] Pipeline 'egress': start
[12:11:30.142] [bmv2] [D] [thread 30152] [57.0] [cxt 0] Pipeline 'egress': end
[12:11:30.143] [bmv2] [D] [thread 30152] [57.0] [cxt 0] Deparser 'deparser': start
[12:11:30.143] [bmv2] [D] [thread 30152] [57.0] [cxt 0] Deparsing header 'ethernet'
[12:11:30.144] [bmv2] [D] [thread 30152] [57.0] [cxt 0] Deparser 'deparser': end
[12:11:30.144] [bmv2] [D] [thread 30156] [57.0] [cxt 0] Transmitting packet of size 70 out of port 0
[12:11:46.523] [bmv2] [D] [thread 30151] [58.0] [cxt 0] Processing packet received on port 3
[12:11:46.524] [bmv2] [D] [thread 30151] [58.0] [cxt 0] Parser 'parser': start
[12:11:46.524] [bmv2] [D] [thread 30151] [58.0] [cxt 0] Parser 'parser' entering state 'start'
[12:11:46.526] [bmv2] [D] [thread 30151] [58.0] [cxt 0] Extracting header 'ethernet'
[12:11:46.527] [bmv2] [D] [thread 30151] [58.0] [cxt 0] Parser state 'start': key is 86dd
[12:11:46.527] [bmv2] [T] [thread 30151] [58.0] [cxt 0] Bytes parsed: 14
[12:11:46.529] [bmv2] [D] [thread 30151] [58.0] [cxt 0] Parser 'parser': end
[12:11:46.531] [bmv2] [D] [thread 30151] [58.0] [cxt 0] Pipeline 'ingress': start
[12:11:46.532] [bmv2] [T] [thread 30151] [58.0] [cxt 0] streaming.p4(158) Condition "hdr.ipv4.isValid()" (node_2) is false
[12:11:46.533] [bmv2] [D] [thread 30151] [58.0] [cxt 0] Pipeline 'ingress': end
[12:11:46.535] [bmv2] [D] [thread 30151] [58.0] [cxt 0] Egress port is 0
[12:11:46.537] [bmv2] [D] [thread 30152] [58.0] [cxt 0] Pipeline 'egress': start
[12:11:46.539] [bmv2] [D] [thread 30152] [58.0] [cxt 0] Pipeline 'egress': end
[12:11:46.540] [bmv2] [D] [thread 30152] [58.0] [cxt 0] Deparser 'deparser': start
[12:11:46.542] [bmv2] [D] [thread 30152] [58.0] [cxt 0] Deparsing header 'ethernet'
[12:11:46.543] [bmv2] [D] [thread 30152] [58.0] [cxt 0] Deparser 'deparser': end
[12:11:46.545] [bmv2] [D] [thread 30156] [58.0] [cxt 0] Transmitting packet of size 70 out of port 0
[12:12:02.905] [bmv2] [D] [thread 30151] [59.0] [cxt 0] Processing packet received on port 1
[12:12:02.905] [bmv2] [D] [thread 30151] [59.0] [cxt 0] Parser 'parser': start
[12:12:02.906] [bmv2] [D] [thread 30151] [59.0] [cxt 0] Parser 'parser' entering state 'start'
[12:12:02.952] [bmv2] [D] [thread 30151] [59.0] [cxt 0] Extracting header 'ethernet'
[12:12:02.954] [bmv2] [D] [thread 30151] [59.0] [cxt 0] Parser state 'start': key is 86dd
[12:12:02.955] [bmv2] [T] [thread 30151] [59.0] [cxt 0] Bytes parsed: 14
[12:12:02.957] [bmv2] [D] [thread 30151] [59.0] [cxt 0] Parser 'parser': end
[12:12:02.958] [bmv2] [D] [thread 30151] [59.0] [cxt 0] Pipeline 'ingress': start
[12:12:02.959] [bmv2] [T] [thread 30151] [59.0] [cxt 0] streaming.p4(158) Condition "hdr.ipv4.isValid()" (node_2) is false
[12:12:02.962] [bmv2] [D] [thread 30151] [59.0] [cxt 0] Pipeline 'ingress': end
[12:12:02.963] [bmv2] [D] [thread 30151] [59.0] [cxt 0] Egress port is 0
[12:12:02.964] [bmv2] [D] [thread 30152] [59.0] [cxt 0] Pipeline 'egress': start
[12:12:02.965] [bmv2] [D] [thread 30152] [59.0] [cxt 0] Pipeline 'egress': end
[12:12:02.965] [bmv2] [D] [thread 30152] [59.0] [cxt 0] Deparser 'deparser': start
[12:12:02.965] [bmv2] [D] [thread 30152] [59.0] [cxt 0] Deparsing header 'ethernet'
[12:12:02.966] [bmv2] [D] [thread 30152] [59.0] [cxt 0] Deparser 'deparser': end
[12:12:02.967] [bmv2] [D] [thread 30156] [59.0] [cxt 0] Transmitting packet of size 70 out of port 0
[12:12:02.968] [bmv2] [D] [thread 30151] [60.0] [cxt 0] Processing packet received on port 2
[12:12:02.968] [bmv2] [D] [thread 30151] [60.0] [cxt 0] Parser 'parser': start
[12:12:02.969] [bmv2] [D] [thread 30151] [60.0] [cxt 0] Parser 'parser' entering state 'start'
[12:12:02.969] [bmv2] [D] [thread 30151] [60.0] [cxt 0] Extracting header 'ethernet'
[12:12:02.970] [bmv2] [D] [thread 30151] [60.0] [cxt 0] Parser state 'start': key is 86dd
[12:12:02.971] [bmv2] [T] [thread 30151] [60.0] [cxt 0] Bytes parsed: 14
[12:12:02.972] [bmv2] [D] [thread 30151] [60.0] [cxt 0] Parser 'parser': end
[12:12:02.973] [bmv2] [D] [thread 30151] [60.0] [cxt 0] Pipeline 'ingress': start
[12:12:02.973] [bmv2] [T] [thread 30151] [60.0] [cxt 0] streaming.p4(158) Condition "hdr.ipv4.isValid()" (node_2) is false
[12:12:02.974] [bmv2] [D] [thread 30151] [60.0] [cxt 0] Pipeline 'ingress': end
[12:12:02.975] [bmv2] [D] [thread 30151] [60.0] [cxt 0] Egress port is 0
[12:12:02.977] [bmv2] [D] [thread 30152] [60.0] [cxt 0] Pipeline 'egress': start
[12:12:02.977] [bmv2] [D] [thread 30152] [60.0] [cxt 0] Pipeline 'egress': end
[12:12:02.977] [bmv2] [D] [thread 30152] [60.0] [cxt 0] Deparser 'deparser': start
[12:12:02.978] [bmv2] [D] [thread 30152] [60.0] [cxt 0] Deparsing header 'ethernet'
[12:12:02.978] [bmv2] [D] [thread 30152] [60.0] [cxt 0] Deparser 'deparser': end
[12:12:02.979] [bmv2] [D] [thread 30156] [60.0] [cxt 0] Transmitting packet of size 70 out of port 0
[12:12:19.288] [bmv2] [D] [thread 30151] [61.0] [cxt 0] Processing packet received on port 2
[12:12:19.288] [bmv2] [D] [thread 30151] [61.0] [cxt 0] Parser 'parser': start
[12:12:19.288] [bmv2] [D] [thread 30151] [61.0] [cxt 0] Parser 'parser' entering state 'start'
[12:12:19.290] [bmv2] [D] [thread 30151] [61.0] [cxt 0] Extracting header 'ethernet'
[12:12:19.291] [bmv2] [D] [thread 30151] [61.0] [cxt 0] Parser state 'start': key is 86dd
[12:12:19.291] [bmv2] [T] [thread 30151] [61.0] [cxt 0] Bytes parsed: 14
[12:12:19.292] [bmv2] [D] [thread 30151] [61.0] [cxt 0] Parser 'parser': end
[12:12:19.293] [bmv2] [D] [thread 30151] [61.0] [cxt 0] Pipeline 'ingress': start
[12:12:19.293] [bmv2] [T] [thread 30151] [61.0] [cxt 0] streaming.p4(158) Condition "hdr.ipv4.isValid()" (node_2) is false
[12:12:19.294] [bmv2] [D] [thread 30151] [61.0] [cxt 0] Pipeline 'ingress': end
[12:12:19.294] [bmv2] [D] [thread 30151] [61.0] [cxt 0] Egress port is 0
[12:12:19.295] [bmv2] [D] [thread 30152] [61.0] [cxt 0] Pipeline 'egress': start
[12:12:19.295] [bmv2] [D] [thread 30152] [61.0] [cxt 0] Pipeline 'egress': end
[12:12:19.296] [bmv2] [D] [thread 30152] [61.0] [cxt 0] Deparser 'deparser': start
[12:12:19.296] [bmv2] [D] [thread 30152] [61.0] [cxt 0] Deparsing header 'ethernet'
[12:12:19.297] [bmv2] [D] [thread 30152] [61.0] [cxt 0] Deparser 'deparser': end
[12:12:19.298] [bmv2] [D] [thread 30156] [61.0] [cxt 0] Transmitting packet of size 70 out of port 0
[12:13:08.442] [bmv2] [D] [thread 30151] [62.0] [cxt 0] Processing packet received on port 4
[12:13:08.443] [bmv2] [D] [thread 30151] [62.0] [cxt 0] Parser 'parser': start
[12:13:08.444] [bmv2] [D] [thread 30151] [62.0] [cxt 0] Parser 'parser' entering state 'start'
[12:13:08.445] [bmv2] [D] [thread 30151] [62.0] [cxt 0] Extracting header 'ethernet'
[12:13:08.445] [bmv2] [D] [thread 30151] [62.0] [cxt 0] Parser state 'start': key is 86dd
[12:13:08.446] [bmv2] [T] [thread 30151] [62.0] [cxt 0] Bytes parsed: 14
[12:13:08.446] [bmv2] [D] [thread 30151] [62.0] [cxt 0] Parser 'parser': end
[12:13:08.447] [bmv2] [D] [thread 30151] [62.0] [cxt 0] Pipeline 'ingress': start
[12:13:08.447] [bmv2] [T] [thread 30151] [62.0] [cxt 0] streaming.p4(158) Condition "hdr.ipv4.isValid()" (node_2) is false
[12:13:08.448] [bmv2] [D] [thread 30151] [62.0] [cxt 0] Pipeline 'ingress': end
[12:13:08.448] [bmv2] [D] [thread 30151] [62.0] [cxt 0] Egress port is 0
[12:13:08.449] [bmv2] [D] [thread 30152] [62.0] [cxt 0] Pipeline 'egress': start
[12:13:08.449] [bmv2] [D] [thread 30152] [62.0] [cxt 0] Pipeline 'egress': end
[12:13:08.450] [bmv2] [D] [thread 30152] [62.0] [cxt 0] Deparser 'deparser': start
[12:13:08.450] [bmv2] [D] [thread 30152] [62.0] [cxt 0] Deparsing header 'ethernet'
[12:13:08.451] [bmv2] [D] [thread 30152] [62.0] [cxt 0] Deparser 'deparser': end
[12:13:08.452] [bmv2] [D] [thread 30156] [62.0] [cxt 0] Transmitting packet of size 70 out of port 0
