Calling target program-options parser
[12:03:21.757] [bmv2] [D] [thread 30158] Set default default entry for table 'MyIngress.ipv4_lpm': NoAction - 
Adding interface s4-eth1 as port 1
[12:03:21.762] [bmv2] [D] [thread 30158] Adding interface s4-eth1 as port 1
Adding interface s4-eth2 as port 2
[12:03:21.837] [bmv2] [D] [thread 30158] Adding interface s4-eth2 as port 2
Adding interface s4-eth3 as port 3
[12:03:21.897] [bmv2] [D] [thread 30158] Adding interface s4-eth3 as port 3
Server listening on 0.0.0.0:50054
[12:03:21.940] [bmv2] [I] [thread 30158] Starting Thrift server on port 9093
[12:03:21.941] [bmv2] [I] [thread 30158] Thrift server was started
[12:03:21.975] [bmv2] [D] [thread 30168] [0.0] [cxt 0] Processing packet received on port 1
[12:03:21.976] [bmv2] [D] [thread 30168] [0.0] [cxt 0] Parser 'parser': start
[12:03:21.977] [bmv2] [D] [thread 30168] [0.0] [cxt 0] Parser 'parser' entering state 'start'
[12:03:21.977] [bmv2] [D] [thread 30168] [0.0] [cxt 0] Extracting header 'ethernet'
[12:03:21.980] [bmv2] [D] [thread 30168] [0.0] [cxt 0] Parser state 'start': key is 86dd
[12:03:21.981] [bmv2] [T] [thread 30168] [0.0] [cxt 0] Bytes parsed: 14
[12:03:21.982] [bmv2] [D] [thread 30168] [0.0] [cxt 0] Parser 'parser': end
[12:03:21.982] [bmv2] [D] [thread 30168] [0.0] [cxt 0] Pipeline 'ingress': start
[12:03:21.983] [bmv2] [T] [thread 30168] [0.0] [cxt 0] streaming.p4(158) Condition "hdr.ipv4.isValid()" (node_2) is false
[12:03:21.984] [bmv2] [D] [thread 30168] [0.0] [cxt 0] Pipeline 'ingress': end
[12:03:21.984] [bmv2] [D] [thread 30168] [0.0] [cxt 0] Egress port is 0
[12:03:21.985] [bmv2] [D] [thread 30169] [0.0] [cxt 0] Pipeline 'egress': start
[12:03:21.985] [bmv2] [D] [thread 30169] [0.0] [cxt 0] Pipeline 'egress': end
[12:03:21.986] [bmv2] [D] [thread 30169] [0.0] [cxt 0] Deparser 'deparser': start
[12:03:21.986] [bmv2] [D] [thread 30169] [0.0] [cxt 0] Deparsing header 'ethernet'
[12:03:21.987] [bmv2] [D] [thread 30169] [0.0] [cxt 0] Deparser 'deparser': end
[12:03:21.988] [bmv2] [D] [thread 30173] [0.0] [cxt 0] Transmitting packet of size 207 out of port 0
[12:03:22.224] [bmv2] [D] [thread 30168] [1.0] [cxt 0] Processing packet received on port 3
[12:03:22.224] [bmv2] [D] [thread 30168] [1.0] [cxt 0] Parser 'parser': start
[12:03:22.224] [bmv2] [D] [thread 30168] [1.0] [cxt 0] Parser 'parser' entering state 'start'
[12:03:22.225] [bmv2] [D] [thread 30168] [1.0] [cxt 0] Extracting header 'ethernet'
[12:03:22.225] [bmv2] [D] [thread 30168] [1.0] [cxt 0] Parser state 'start': key is 86dd
[12:03:22.226] [bmv2] [T] [thread 30168] [1.0] [cxt 0] Bytes parsed: 14
[12:03:22.226] [bmv2] [D] [thread 30168] [1.0] [cxt 0] Parser 'parser': end
[12:03:22.226] [bmv2] [D] [thread 30168] [1.0] [cxt 0] Pipeline 'ingress': start
[12:03:22.227] [bmv2] [T] [thread 30168] [1.0] [cxt 0] streaming.p4(158) Condition "hdr.ipv4.isValid()" (node_2) is false
[12:03:22.227] [bmv2] [D] [thread 30168] [1.0] [cxt 0] Pipeline 'ingress': end
[12:03:22.228] [bmv2] [D] [thread 30168] [1.0] [cxt 0] Egress port is 0
[12:03:22.228] [bmv2] [D] [thread 30169] [1.0] [cxt 0] Pipeline 'egress': start
[12:03:22.228] [bmv2] [D] [thread 30169] [1.0] [cxt 0] Pipeline 'egress': end
[12:03:22.229] [bmv2] [D] [thread 30169] [1.0] [cxt 0] Deparser 'deparser': start
[12:03:22.229] [bmv2] [D] [thread 30169] [1.0] [cxt 0] Deparsing header 'ethernet'
[12:03:22.230] [bmv2] [D] [thread 30169] [1.0] [cxt 0] Deparser 'deparser': end
[12:03:22.230] [bmv2] [D] [thread 30173] [1.0] [cxt 0] Transmitting packet of size 207 out of port 0
[12:03:22.616] [bmv2] [D] [thread 30168] [2.0] [cxt 0] Processing packet received on port 3
[12:03:22.617] [bmv2] [D] [thread 30168] [2.0] [cxt 0] Parser 'parser': start
[12:03:22.617] [bmv2] [D] [thread 30168] [2.0] [cxt 0] Parser 'parser' entering state 'start'
[12:03:22.618] [bmv2] [D] [thread 30168] [2.0] [cxt 0] Extracting header 'ethernet'
[12:03:22.618] [bmv2] [D] [thread 30168] [2.0] [cxt 0] Parser state 'start': key is 86dd
[12:03:22.619] [bmv2] [T] [thread 30168] [2.0] [cxt 0] Bytes parsed: 14
[12:03:22.620] [bmv2] [D] [thread 30168] [2.0] [cxt 0] Parser 'parser': end
[12:03:22.620] [bmv2] [D] [thread 30168] [2.0] [cxt 0] Pipeline 'ingress': start
[12:03:22.621] [bmv2] [T] [thread 30168] [2.0] [cxt 0] streaming.p4(158) Condition "hdr.ipv4.isValid()" (node_2) is false
[12:03:22.621] [bmv2] [D] [thread 30168] [2.0] [cxt 0] Pipeline 'ingress': end
[12:03:22.622] [bmv2] [D] [thread 30168] [2.0] [cxt 0] Egress port is 0
[12:03:22.623] [bmv2] [D] [thread 30169] [2.0] [cxt 0] Pipeline 'egress': start
[12:03:22.623] [bmv2] [D] [thread 30169] [2.0] [cxt 0] Pipeline 'egress': end
[12:03:22.624] [bmv2] [D] [thread 30169] [2.0] [cxt 0] Deparser 'deparser': start
[12:03:22.624] [bmv2] [D] [thread 30169] [2.0] [cxt 0] Deparsing header 'ethernet'
[12:03:22.625] [bmv2] [D] [thread 30169] [2.0] [cxt 0] Deparser 'deparser': end
[12:03:22.625] [bmv2] [D] [thread 30173] [2.0] [cxt 0] Transmitting packet of size 207 out of port 0
[12:03:23.239] [bmv2] [D] [thread 30168] [3.0] [cxt 0] Processing packet received on port 2
[12:03:23.239] [bmv2] [D] [thread 30168] [3.0] [cxt 0] Parser 'parser': start
[12:03:23.240] [bmv2] [D] [thread 30168] [3.0] [cxt 0] Parser 'parser' entering state 'start'
[12:03:23.241] [bmv2] [D] [thread 30168] [3.0] [cxt 0] Extracting header 'ethernet'
[12:03:23.241] [bmv2] [D] [thread 30168] [3.0] [cxt 0] Parser state 'start': key is 86dd
[12:03:23.242] [bmv2] [T] [thread 30168] [3.0] [cxt 0] Bytes parsed: 14
[12:03:23.242] [bmv2] [D] [thread 30168] [3.0] [cxt 0] Parser 'parser': end
[12:03:23.243] [bmv2] [D] [thread 30168] [3.0] [cxt 0] Pipeline 'ingress': start
[12:03:23.244] [bmv2] [T] [thread 30168] [3.0] [cxt 0] streaming.p4(158) Condition "hdr.ipv4.isValid()" (node_2) is false
[12:03:23.244] [bmv2] [D] [thread 30168] [3.0] [cxt 0] Pipeline 'ingress': end
[12:03:23.245] [bmv2] [D] [thread 30168] [3.0] [cxt 0] Egress port is 0
[12:03:23.245] [bmv2] [D] [thread 30169] [3.0] [cxt 0] Pipeline 'egress': start
[12:03:23.246] [bmv2] [D] [thread 30169] [3.0] [cxt 0] Pipeline 'egress': end
[12:03:23.246] [bmv2] [D] [thread 30169] [3.0] [cxt 0] Deparser 'deparser': start
[12:03:23.247] [bmv2] [D] [thread 30169] [3.0] [cxt 0] Deparsing header 'ethernet'
[12:03:23.248] [bmv2] [D] [thread 30169] [3.0] [cxt 0] Deparser 'deparser': end
[12:03:23.248] [bmv2] [D] [thread 30173] [3.0] [cxt 0] Transmitting packet of size 70 out of port 0
[12:03:23.735] [bmv2] [D] [thread 30168] [4.0] [cxt 0] Processing packet received on port 1
[12:03:23.736] [bmv2] [D] [thread 30168] [4.0] [cxt 0] Parser 'parser': start
[12:03:23.736] [bmv2] [D] [thread 30168] [4.0] [cxt 0] Parser 'parser' entering state 'start'
[12:03:23.738] [bmv2] [D] [thread 30168] [4.0] [cxt 0] Extracting header 'ethernet'
[12:03:23.739] [bmv2] [D] [thread 30168] [4.0] [cxt 0] Parser state 'start': key is 86dd
[12:03:23.740] [bmv2] [T] [thread 30168] [4.0] [cxt 0] Bytes parsed: 14
[12:03:23.740] [bmv2] [D] [thread 30168] [4.0] [cxt 0] Parser 'parser': end
[12:03:23.741] [bmv2] [D] [thread 30168] [4.0] [cxt 0] Pipeline 'ingress': start
[12:03:23.742] [bmv2] [T] [thread 30168] [4.0] [cxt 0] streaming.p4(158) Condition "hdr.ipv4.isValid()" (node_2) is false
[12:03:23.742] [bmv2] [D] [thread 30168] [4.0] [cxt 0] Pipeline 'ingress': end
[12:03:23.744] [bmv2] [D] [thread 30168] [4.0] [cxt 0] Egress port is 0
[12:03:23.745] [bmv2] [D] [thread 30169] [4.0] [cxt 0] Pipeline 'egress': start
[12:03:23.745] [bmv2] [D] [thread 30169] [4.0] [cxt 0] Pipeline 'egress': end
[12:03:23.746] [bmv2] [D] [thread 30169] [4.0] [cxt 0] Deparser 'deparser': start
[12:03:23.746] [bmv2] [D] [thread 30169] [4.0] [cxt 0] Deparsing header 'ethernet'
[12:03:23.746] [bmv2] [D] [thread 30169] [4.0] [cxt 0] Deparser 'deparser': end
[12:03:23.748] [bmv2] [D] [thread 30173] [4.0] [cxt 0] Transmitting packet of size 70 out of port 0
[12:03:23.745] [bmv2] [D] [thread 30168] [5.0] [cxt 0] Processing packet received on port 2
[12:03:23.750] [bmv2] [D] [thread 30168] [5.0] [cxt 0] Parser 'parser': start
[12:03:23.752] [bmv2] [D] [thread 30168] [5.0] [cxt 0] Parser 'parser' entering state 'start'
[12:03:23.752] [bmv2] [D] [thread 30168] [5.0] [cxt 0] Extracting header 'ethernet'
[12:03:23.753] [bmv2] [D] [thread 30168] [5.0] [cxt 0] Parser state 'start': key is 86dd
[12:03:23.754] [bmv2] [T] [thread 30168] [5.0] [cxt 0] Bytes parsed: 14
[12:03:23.755] [bmv2] [D] [thread 30168] [5.0] [cxt 0] Parser 'parser': end
[12:03:23.756] [bmv2] [D] [thread 30168] [5.0] [cxt 0] Pipeline 'ingress': start
[12:03:23.756] [bmv2] [T] [thread 30168] [5.0] [cxt 0] streaming.p4(158) Condition "hdr.ipv4.isValid()" (node_2) is false
[12:03:23.757] [bmv2] [D] [thread 30168] [5.0] [cxt 0] Pipeline 'ingress': end
[12:03:23.757] [bmv2] [D] [thread 30168] [5.0] [cxt 0] Egress port is 0
[12:03:23.759] [bmv2] [D] [thread 30169] [5.0] [cxt 0] Pipeline 'egress': start
[12:03:23.759] [bmv2] [D] [thread 30169] [5.0] [cxt 0] Pipeline 'egress': end
[12:03:23.759] [bmv2] [D] [thread 30169] [5.0] [cxt 0] Deparser 'deparser': start
[12:03:23.760] [bmv2] [D] [thread 30169] [5.0] [cxt 0] Deparsing header 'ethernet'
[12:03:23.761] [bmv2] [D] [thread 30169] [5.0] [cxt 0] Deparser 'deparser': end
[12:03:23.759] [bmv2] [D] [thread 30168] [6.0] [cxt 0] Processing packet received on port 1
[12:03:23.762] [bmv2] [D] [thread 30168] [6.0] [cxt 0] Parser 'parser': start
[12:03:23.762] [bmv2] [D] [thread 30173] [5.0] [cxt 0] Transmitting packet of size 70 out of port 0
[12:03:23.763] [bmv2] [D] [thread 30168] [6.0] [cxt 0] Parser 'parser' entering state 'start'
[12:03:23.764] [bmv2] [D] [thread 30168] [6.0] [cxt 0] Extracting header 'ethernet'
[12:03:23.764] [bmv2] [D] [thread 30168] [6.0] [cxt 0] Parser state 'start': key is 86dd
[12:03:23.765] [bmv2] [T] [thread 30168] [6.0] [cxt 0] Bytes parsed: 14
[12:03:23.765] [bmv2] [D] [thread 30168] [6.0] [cxt 0] Parser 'parser': end
[12:03:23.766] [bmv2] [D] [thread 30168] [6.0] [cxt 0] Pipeline 'ingress': start
[12:03:23.766] [bmv2] [T] [thread 30168] [6.0] [cxt 0] streaming.p4(158) Condition "hdr.ipv4.isValid()" (node_2) is false
[12:03:23.767] [bmv2] [D] [thread 30168] [6.0] [cxt 0] Pipeline 'ingress': end
[12:03:23.768] [bmv2] [D] [thread 30168] [6.0] [cxt 0] Egress port is 0
[12:03:23.768] [bmv2] [D] [thread 30169] [6.0] [cxt 0] Pipeline 'egress': start
[12:03:23.768] [bmv2] [D] [thread 30169] [6.0] [cxt 0] Pipeline 'egress': end
[12:03:23.769] [bmv2] [D] [thread 30169] [6.0] [cxt 0] Deparser 'deparser': start
[12:03:23.769] [bmv2] [D] [thread 30169] [6.0] [cxt 0] Deparsing header 'ethernet'
[12:03:23.770] [bmv2] [D] [thread 30169] [6.0] [cxt 0] Deparser 'deparser': end
[12:03:23.770] [bmv2] [D] [thread 30173] [6.0] [cxt 0] Transmitting packet of size 70 out of port 0
[12:03:23.816] [bmv2] [D] [thread 30168] [7.0] [cxt 0] Processing packet received on port 2
[12:03:23.817] [bmv2] [D] [thread 30168] [7.0] [cxt 0] Parser 'parser': start
[12:03:23.817] [bmv2] [D] [thread 30168] [7.0] [cxt 0] Parser 'parser' entering state 'start'
[12:03:23.817] [bmv2] [D] [thread 30168] [7.0] [cxt 0] Extracting header 'ethernet'
[12:03:23.818] [bmv2] [D] [thread 30168] [7.0] [cxt 0] Parser state 'start': key is 86dd
[12:03:23.818] [bmv2] [T] [thread 30168] [7.0] [cxt 0] Bytes parsed: 14
[12:03:23.818] [bmv2] [D] [thread 30168] [7.0] [cxt 0] Parser 'parser': end
[12:03:23.819] [bmv2] [D] [thread 30168] [7.0] [cxt 0] Pipeline 'ingress': start
[12:03:23.819] [bmv2] [T] [thread 30168] [7.0] [cxt 0] streaming.p4(158) Condition "hdr.ipv4.isValid()" (node_2) is false
[12:03:23.819] [bmv2] [D] [thread 30168] [7.0] [cxt 0] Pipeline 'ingress': end
[12:03:23.820] [bmv2] [D] [thread 30168] [7.0] [cxt 0] Egress port is 0
[12:03:23.820] [bmv2] [D] [thread 30168] [8.0] [cxt 0] Processing packet received on port 2
[12:03:23.820] [bmv2] [D] [thread 30169] [7.0] [cxt 0] Pipeline 'egress': start
[12:03:23.821] [bmv2] [D] [thread 30169] [7.0] [cxt 0] Pipeline 'egress': end
[12:03:23.821] [bmv2] [D] [thread 30169] [7.0] [cxt 0] Deparser 'deparser': start
[12:03:23.821] [bmv2] [D] [thread 30169] [7.0] [cxt 0] Deparsing header 'ethernet'
[12:03:23.822] [bmv2] [D] [thread 30169] [7.0] [cxt 0] Deparser 'deparser': end
[12:03:23.820] [bmv2] [D] [thread 30168] [8.0] [cxt 0] Parser 'parser': start
[12:03:23.822] [bmv2] [D] [thread 30173] [7.0] [cxt 0] Transmitting packet of size 207 out of port 0
[12:03:23.823] [bmv2] [D] [thread 30168] [8.0] [cxt 0] Parser 'parser' entering state 'start'
[12:03:23.824] [bmv2] [D] [thread 30168] [8.0] [cxt 0] Extracting header 'ethernet'
[12:03:23.824] [bmv2] [D] [thread 30168] [8.0] [cxt 0] Parser state 'start': key is 86dd
[12:03:23.825] [bmv2] [T] [thread 30168] [8.0] [cxt 0] Bytes parsed: 14
[12:03:23.825] [bmv2] [D] [thread 30168] [8.0] [cxt 0] Parser 'parser': end
[12:03:23.825] [bmv2] [D] [thread 30168] [8.0] [cxt 0] Pipeline 'ingress': start
[12:03:23.825] [bmv2] [T] [thread 30168] [8.0] [cxt 0] streaming.p4(158) Condition "hdr.ipv4.isValid()" (node_2) is false
[12:03:23.826] [bmv2] [D] [thread 30168] [8.0] [cxt 0] Pipeline 'ingress': end
[12:03:23.826] [bmv2] [D] [thread 30168] [8.0] [cxt 0] Egress port is 0
[12:03:23.826] [bmv2] [D] [thread 30169] [8.0] [cxt 0] Pipeline 'egress': start
[12:03:23.826] [bmv2] [D] [thread 30169] [8.0] [cxt 0] Pipeline 'egress': end
[12:03:23.827] [bmv2] [D] [thread 30169] [8.0] [cxt 0] Deparser 'deparser': start
[12:03:23.827] [bmv2] [D] [thread 30169] [8.0] [cxt 0] Deparsing header 'ethernet'
[12:03:23.827] [bmv2] [D] [thread 30169] [8.0] [cxt 0] Deparser 'deparser': end
[12:03:23.828] [bmv2] [D] [thread 30173] [8.0] [cxt 0] Transmitting packet of size 207 out of port 0
[12:03:23.887] [bmv2] [D] [thread 30168] [9.0] [cxt 0] Processing packet received on port 1
[12:03:23.888] [bmv2] [D] [thread 30168] [9.0] [cxt 0] Parser 'parser': start
[12:03:23.888] [bmv2] [D] [thread 30168] [9.0] [cxt 0] Parser 'parser' entering state 'start'
[12:03:23.888] [bmv2] [D] [thread 30168] [9.0] [cxt 0] Extracting header 'ethernet'
[12:03:23.890] [bmv2] [D] [thread 30168] [9.0] [cxt 0] Parser state 'start': key is 86dd
[12:03:23.892] [bmv2] [T] [thread 30168] [9.0] [cxt 0] Bytes parsed: 14
[12:03:23.892] [bmv2] [D] [thread 30168] [9.0] [cxt 0] Parser 'parser': end
[12:03:23.892] [bmv2] [D] [thread 30168] [9.0] [cxt 0] Pipeline 'ingress': start
[12:03:23.893] [bmv2] [T] [thread 30168] [9.0] [cxt 0] streaming.p4(158) Condition "hdr.ipv4.isValid()" (node_2) is false
[12:03:23.893] [bmv2] [D] [thread 30168] [9.0] [cxt 0] Pipeline 'ingress': end
[12:03:23.893] [bmv2] [D] [thread 30168] [9.0] [cxt 0] Egress port is 0
[12:03:23.894] [bmv2] [D] [thread 30169] [9.0] [cxt 0] Pipeline 'egress': start
[12:03:23.894] [bmv2] [D] [thread 30169] [9.0] [cxt 0] Pipeline 'egress': end
[12:03:23.894] [bmv2] [D] [thread 30169] [9.0] [cxt 0] Deparser 'deparser': start
[12:03:23.895] [bmv2] [D] [thread 30169] [9.0] [cxt 0] Deparsing header 'ethernet'
[12:03:23.895] [bmv2] [D] [thread 30169] [9.0] [cxt 0] Deparser 'deparser': end
[12:03:23.895] [bmv2] [D] [thread 30173] [9.0] [cxt 0] Transmitting packet of size 207 out of port 0
[12:03:24.178] [bmv2] [D] [thread 30168] [10.0] [cxt 0] Processing packet received on port 1
[12:03:24.178] [bmv2] [D] [thread 30168] [10.0] [cxt 0] Parser 'parser': start
[12:03:24.179] [bmv2] [D] [thread 30168] [10.0] [cxt 0] Parser 'parser' entering state 'start'
[12:03:24.180] [bmv2] [D] [thread 30168] [10.0] [cxt 0] Extracting header 'ethernet'
[12:03:24.181] [bmv2] [D] [thread 30168] [10.0] [cxt 0] Parser state 'start': key is 86dd
[12:03:24.182] [bmv2] [T] [thread 30168] [10.0] [cxt 0] Bytes parsed: 14
[12:03:24.184] [bmv2] [D] [thread 30168] [10.0] [cxt 0] Parser 'parser': end
[12:03:24.184] [bmv2] [D] [thread 30168] [10.0] [cxt 0] Pipeline 'ingress': start
[12:03:24.185] [bmv2] [T] [thread 30168] [10.0] [cxt 0] streaming.p4(158) Condition "hdr.ipv4.isValid()" (node_2) is false
[12:03:24.186] [bmv2] [D] [thread 30168] [10.0] [cxt 0] Pipeline 'ingress': end
[12:03:24.186] [bmv2] [D] [thread 30168] [10.0] [cxt 0] Egress port is 0
[12:03:24.187] [bmv2] [D] [thread 30169] [10.0] [cxt 0] Pipeline 'egress': start
[12:03:24.187] [bmv2] [D] [thread 30169] [10.0] [cxt 0] Pipeline 'egress': end
[12:03:24.187] [bmv2] [D] [thread 30169] [10.0] [cxt 0] Deparser 'deparser': start
[12:03:24.188] [bmv2] [D] [thread 30169] [10.0] [cxt 0] Deparsing header 'ethernet'
[12:03:24.188] [bmv2] [D] [thread 30169] [10.0] [cxt 0] Deparser 'deparser': end
[12:03:24.188] [bmv2] [D] [thread 30173] [10.0] [cxt 0] Transmitting packet of size 207 out of port 0
[12:03:24.247] [bmv2] [D] [thread 30168] [11.0] [cxt 0] Processing packet received on port 3
[12:03:24.248] [bmv2] [D] [thread 30168] [11.0] [cxt 0] Parser 'parser': start
[12:03:24.248] [bmv2] [D] [thread 30168] [11.0] [cxt 0] Parser 'parser' entering state 'start'
[12:03:24.249] [bmv2] [D] [thread 30168] [11.0] [cxt 0] Extracting header 'ethernet'
[12:03:24.249] [bmv2] [D] [thread 30168] [11.0] [cxt 0] Parser state 'start': key is 86dd
[12:03:24.249] [bmv2] [T] [thread 30168] [11.0] [cxt 0] Bytes parsed: 14
[12:03:24.250] [bmv2] [D] [thread 30168] [11.0] [cxt 0] Parser 'parser': end
[12:03:24.250] [bmv2] [D] [thread 30168] [11.0] [cxt 0] Pipeline 'ingress': start
[12:03:24.251] [bmv2] [T] [thread 30168] [11.0] [cxt 0] streaming.p4(158) Condition "hdr.ipv4.isValid()" (node_2) is false
[12:03:24.251] [bmv2] [D] [thread 30168] [11.0] [cxt 0] Pipeline 'ingress': end
[12:03:24.252] [bmv2] [D] [thread 30168] [11.0] [cxt 0] Egress port is 0
[12:03:24.253] [bmv2] [D] [thread 30169] [11.0] [cxt 0] Pipeline 'egress': start
[12:03:24.254] [bmv2] [D] [thread 30169] [11.0] [cxt 0] Pipeline 'egress': end
[12:03:24.255] [bmv2] [D] [thread 30169] [11.0] [cxt 0] Deparser 'deparser': start
[12:03:24.255] [bmv2] [D] [thread 30169] [11.0] [cxt 0] Deparsing header 'ethernet'
[12:03:24.256] [bmv2] [D] [thread 30169] [11.0] [cxt 0] Deparser 'deparser': end
[12:03:24.256] [bmv2] [D] [thread 30173] [11.0] [cxt 0] Transmitting packet of size 70 out of port 0
[12:03:24.444] [bmv2] [D] [thread 30168] [12.0] [cxt 0] Processing packet received on port 3
[12:03:24.444] [bmv2] [D] [thread 30168] [12.0] [cxt 0] Parser 'parser': start
[12:03:24.445] [bmv2] [D] [thread 30168] [12.0] [cxt 0] Parser 'parser' entering state 'start'
[12:03:24.445] [bmv2] [D] [thread 30168] [12.0] [cxt 0] Extracting header 'ethernet'
[12:03:24.446] [bmv2] [D] [thread 30168] [12.0] [cxt 0] Parser state 'start': key is 86dd
[12:03:24.446] [bmv2] [T] [thread 30168] [12.0] [cxt 0] Bytes parsed: 14
[12:03:24.448] [bmv2] [D] [thread 30168] [12.0] [cxt 0] Parser 'parser': end
[12:03:24.448] [bmv2] [D] [thread 30168] [12.0] [cxt 0] Pipeline 'ingress': start
[12:03:24.449] [bmv2] [T] [thread 30168] [12.0] [cxt 0] streaming.p4(158) Condition "hdr.ipv4.isValid()" (node_2) is false
[12:03:24.449] [bmv2] [D] [thread 30168] [12.0] [cxt 0] Pipeline 'ingress': end
[12:03:24.450] [bmv2] [D] [thread 30168] [12.0] [cxt 0] Egress port is 0
[12:03:24.451] [bmv2] [D] [thread 30169] [12.0] [cxt 0] Pipeline 'egress': start
[12:03:24.451] [bmv2] [D] [thread 30169] [12.0] [cxt 0] Pipeline 'egress': end
[12:03:24.452] [bmv2] [D] [thread 30169] [12.0] [cxt 0] Deparser 'deparser': start
[12:03:24.453] [bmv2] [D] [thread 30169] [12.0] [cxt 0] Deparsing header 'ethernet'
[12:03:24.453] [bmv2] [D] [thread 30169] [12.0] [cxt 0] Deparser 'deparser': end
[12:03:24.454] [bmv2] [D] [thread 30173] [12.0] [cxt 0] Transmitting packet of size 207 out of port 0
[12:03:24.509] [bmv2] [D] [thread 30168] [13.0] [cxt 0] Processing packet received on port 3
[12:03:24.509] [bmv2] [D] [thread 30168] [13.0] [cxt 0] Parser 'parser': start
[12:03:24.510] [bmv2] [D] [thread 30168] [13.0] [cxt 0] Parser 'parser' entering state 'start'
[12:03:24.512] [bmv2] [D] [thread 30168] [13.0] [cxt 0] Extracting header 'ethernet'
[12:03:24.513] [bmv2] [D] [thread 30168] [13.0] [cxt 0] Parser state 'start': key is 86dd
[12:03:24.515] [bmv2] [T] [thread 30168] [13.0] [cxt 0] Bytes parsed: 14
[12:03:24.517] [bmv2] [D] [thread 30168] [13.0] [cxt 0] Parser 'parser': end
[12:03:24.518] [bmv2] [D] [thread 30168] [13.0] [cxt 0] Pipeline 'ingress': start
[12:03:24.518] [bmv2] [T] [thread 30168] [13.0] [cxt 0] streaming.p4(158) Condition "hdr.ipv4.isValid()" (node_2) is false
[12:03:24.519] [bmv2] [D] [thread 30168] [13.0] [cxt 0] Pipeline 'ingress': end
[12:03:24.520] [bmv2] [D] [thread 30168] [13.0] [cxt 0] Egress port is 0
[12:03:24.520] [bmv2] [D] [thread 30169] [13.0] [cxt 0] Pipeline 'egress': start
[12:03:24.521] [bmv2] [D] [thread 30169] [13.0] [cxt 0] Pipeline 'egress': end
[12:03:24.522] [bmv2] [D] [thread 30169] [13.0] [cxt 0] Deparser 'deparser': start
[12:03:24.523] [bmv2] [D] [thread 30169] [13.0] [cxt 0] Deparsing header 'ethernet'
[12:03:24.525] [bmv2] [D] [thread 30169] [13.0] [cxt 0] Deparser 'deparser': end
[12:03:24.526] [bmv2] [D] [thread 30173] [13.0] [cxt 0] Transmitting packet of size 70 out of port 0
[12:03:24.811] [bmv2] [D] [thread 30168] [14.0] [cxt 0] Processing packet received on port 3
[12:03:24.811] [bmv2] [D] [thread 30168] [14.0] [cxt 0] Parser 'parser': start
[12:03:24.812] [bmv2] [D] [thread 30168] [14.0] [cxt 0] Parser 'parser' entering state 'start'
[12:03:24.812] [bmv2] [D] [thread 30168] [14.0] [cxt 0] Extracting header 'ethernet'
[12:03:24.812] [bmv2] [D] [thread 30168] [14.0] [cxt 0] Parser state 'start': key is 86dd
[12:03:24.813] [bmv2] [T] [thread 30168] [14.0] [cxt 0] Bytes parsed: 14
[12:03:24.813] [bmv2] [D] [thread 30168] [14.0] [cxt 0] Parser 'parser': end
[12:03:24.814] [bmv2] [D] [thread 30168] [14.0] [cxt 0] Pipeline 'ingress': start
[12:03:24.814] [bmv2] [T] [thread 30168] [14.0] [cxt 0] streaming.p4(158) Condition "hdr.ipv4.isValid()" (node_2) is false
[12:03:24.815] [bmv2] [D] [thread 30168] [14.0] [cxt 0] Pipeline 'ingress': end
[12:03:24.815] [bmv2] [D] [thread 30168] [14.0] [cxt 0] Egress port is 0
[12:03:24.816] [bmv2] [D] [thread 30169] [14.0] [cxt 0] Pipeline 'egress': start
[12:03:24.816] [bmv2] [D] [thread 30169] [14.0] [cxt 0] Pipeline 'egress': end
[12:03:24.817] [bmv2] [D] [thread 30169] [14.0] [cxt 0] Deparser 'deparser': start
[12:03:24.817] [bmv2] [D] [thread 30169] [14.0] [cxt 0] Deparsing header 'ethernet'
[12:03:24.818] [bmv2] [D] [thread 30169] [14.0] [cxt 0] Deparser 'deparser': end
[12:03:24.818] [bmv2] [D] [thread 30173] [14.0] [cxt 0] Transmitting packet of size 207 out of port 0
New connection
P4Runtime SetForwardingPipelineConfig
[12:03:25.913] [bmv2] [W] [thread 30292] [P4Runtime] p4::tmp::P4DeviceConfig is deprecated
[12:03:25.921] [bmv2] [D] [thread 30292] Set default default entry for table 'MyIngress.ipv4_lpm': NoAction - 
[12:03:25.926] [bmv2] [D] [thread 30292] simple_switch target has been notified of a config swap
Connection removed
[12:03:30.909] [bmv2] [D] [thread 30168] [15.0] [cxt 0] Processing packet received on port 2
[12:03:30.910] [bmv2] [D] [thread 30168] [15.0] [cxt 0] Parser 'parser': start
[12:03:30.910] [bmv2] [D] [thread 30168] [15.0] [cxt 0] Parser 'parser' entering state 'start'
[12:03:30.912] [bmv2] [D] [thread 30168] [15.0] [cxt 0] Extracting header 'ethernet'
[12:03:30.913] [bmv2] [D] [thread 30168] [15.0] [cxt 0] Parser state 'start': key is 86dd
[12:03:30.914] [bmv2] [T] [thread 30168] [15.0] [cxt 0] Bytes parsed: 14
[12:03:30.914] [bmv2] [D] [thread 30168] [15.0] [cxt 0] Parser 'parser': end
[12:03:30.915] [bmv2] [D] [thread 30168] [15.0] [cxt 0] Pipeline 'ingress': start
[12:03:30.916] [bmv2] [T] [thread 30168] [15.0] [cxt 0] streaming.p4(158) Condition "hdr.ipv4.isValid()" (node_2) is false
[12:03:30.918] [bmv2] [D] [thread 30168] [15.0] [cxt 0] Pipeline 'ingress': end
[12:03:30.919] [bmv2] [D] [thread 30168] [15.0] [cxt 0] Egress port is 0
[12:03:30.920] [bmv2] [D] [thread 30169] [15.0] [cxt 0] Pipeline 'egress': start
[12:03:30.920] [bmv2] [D] [thread 30169] [15.0] [cxt 0] Pipeline 'egress': end
[12:03:30.921] [bmv2] [D] [thread 30169] [15.0] [cxt 0] Deparser 'deparser': start
[12:03:30.922] [bmv2] [D] [thread 30169] [15.0] [cxt 0] Deparsing header 'ethernet'
[12:03:30.923] [bmv2] [D] [thread 30169] [15.0] [cxt 0] Deparser 'deparser': end
[12:03:30.923] [bmv2] [D] [thread 30173] [15.0] [cxt 0] Transmitting packet of size 70 out of port 0
[12:03:31.160] [bmv2] [D] [thread 30168] [16.0] [cxt 0] Processing packet received on port 1
[12:03:31.161] [bmv2] [D] [thread 30168] [16.0] [cxt 0] Parser 'parser': start
[12:03:31.161] [bmv2] [D] [thread 30168] [16.0] [cxt 0] Parser 'parser' entering state 'start'
[12:03:31.162] [bmv2] [D] [thread 30168] [16.0] [cxt 0] Extracting header 'ethernet'
[12:03:31.162] [bmv2] [D] [thread 30168] [16.0] [cxt 0] Parser state 'start': key is 86dd
[12:03:31.163] [bmv2] [T] [thread 30168] [16.0] [cxt 0] Bytes parsed: 14
[12:03:31.163] [bmv2] [D] [thread 30168] [16.0] [cxt 0] Parser 'parser': end
[12:03:31.163] [bmv2] [D] [thread 30168] [16.0] [cxt 0] Pipeline 'ingress': start
[12:03:31.163] [bmv2] [T] [thread 30168] [16.0] [cxt 0] streaming.p4(158) Condition "hdr.ipv4.isValid()" (node_2) is false
[12:03:31.164] [bmv2] [D] [thread 30168] [16.0] [cxt 0] Pipeline 'ingress': end
[12:03:31.164] [bmv2] [D] [thread 30168] [16.0] [cxt 0] Egress port is 0
[12:03:31.164] [bmv2] [D] [thread 30169] [16.0] [cxt 0] Pipeline 'egress': start
[12:03:31.164] [bmv2] [D] [thread 30169] [16.0] [cxt 0] Pipeline 'egress': end
[12:03:31.165] [bmv2] [D] [thread 30169] [16.0] [cxt 0] Deparser 'deparser': start
[12:03:31.165] [bmv2] [D] [thread 30169] [16.0] [cxt 0] Deparsing header 'ethernet'
[12:03:31.166] [bmv2] [D] [thread 30169] [16.0] [cxt 0] Deparser 'deparser': end
[12:03:31.166] [bmv2] [D] [thread 30173] [16.0] [cxt 0] Transmitting packet of size 70 out of port 0
[12:03:31.930] [bmv2] [D] [thread 30168] [17.0] [cxt 0] Processing packet received on port 3
[12:03:31.931] [bmv2] [D] [thread 30168] [17.0] [cxt 0] Parser 'parser': start
[12:03:31.933] [bmv2] [D] [thread 30168] [17.0] [cxt 0] Parser 'parser' entering state 'start'
[12:03:31.934] [bmv2] [D] [thread 30168] [17.0] [cxt 0] Extracting header 'ethernet'
[12:03:31.936] [bmv2] [D] [thread 30168] [17.0] [cxt 0] Parser state 'start': key is 86dd
[12:03:31.937] [bmv2] [T] [thread 30168] [17.0] [cxt 0] Bytes parsed: 14
[12:03:31.937] [bmv2] [D] [thread 30168] [17.0] [cxt 0] Parser 'parser': end
[12:03:31.938] [bmv2] [D] [thread 30168] [17.0] [cxt 0] Pipeline 'ingress': start
[12:03:31.939] [bmv2] [T] [thread 30168] [17.0] [cxt 0] streaming.p4(158) Condition "hdr.ipv4.isValid()" (node_2) is false
[12:03:31.940] [bmv2] [D] [thread 30168] [17.0] [cxt 0] Pipeline 'ingress': end
[12:03:31.941] [bmv2] [D] [thread 30168] [17.0] [cxt 0] Egress port is 0
[12:03:31.941] [bmv2] [D] [thread 30169] [17.0] [cxt 0] Pipeline 'egress': start
[12:03:31.942] [bmv2] [D] [thread 30169] [17.0] [cxt 0] Pipeline 'egress': end
[12:03:31.943] [bmv2] [D] [thread 30169] [17.0] [cxt 0] Deparser 'deparser': start
[12:03:31.943] [bmv2] [D] [thread 30169] [17.0] [cxt 0] Deparsing header 'ethernet'
[12:03:31.944] [bmv2] [D] [thread 30169] [17.0] [cxt 0] Deparser 'deparser': end
[12:03:31.944] [bmv2] [D] [thread 30173] [17.0] [cxt 0] Transmitting packet of size 70 out of port 0
[12:03:32.184] [bmv2] [D] [thread 30168] [18.0] [cxt 0] Processing packet received on port 1
[12:03:32.185] [bmv2] [D] [thread 30168] [18.0] [cxt 0] Parser 'parser': start
[12:03:32.185] [bmv2] [D] [thread 30168] [18.0] [cxt 0] Parser 'parser' entering state 'start'
[12:03:32.186] [bmv2] [D] [thread 30168] [18.0] [cxt 0] Extracting header 'ethernet'
[12:03:32.187] [bmv2] [D] [thread 30168] [18.0] [cxt 0] Parser state 'start': key is 86dd
[12:03:32.187] [bmv2] [T] [thread 30168] [18.0] [cxt 0] Bytes parsed: 14
[12:03:32.188] [bmv2] [D] [thread 30168] [18.0] [cxt 0] Parser 'parser': end
[12:03:32.188] [bmv2] [D] [thread 30168] [18.0] [cxt 0] Pipeline 'ingress': start
[12:03:32.189] [bmv2] [T] [thread 30168] [18.0] [cxt 0] streaming.p4(158) Condition "hdr.ipv4.isValid()" (node_2) is false
[12:03:32.189] [bmv2] [D] [thread 30168] [18.0] [cxt 0] Pipeline 'ingress': end
[12:03:32.190] [bmv2] [D] [thread 30168] [18.0] [cxt 0] Egress port is 0
[12:03:32.191] [bmv2] [D] [thread 30169] [18.0] [cxt 0] Pipeline 'egress': start
[12:03:32.192] [bmv2] [D] [thread 30169] [18.0] [cxt 0] Pipeline 'egress': end
[12:03:32.193] [bmv2] [D] [thread 30169] [18.0] [cxt 0] Deparser 'deparser': start
[12:03:32.193] [bmv2] [D] [thread 30169] [18.0] [cxt 0] Deparsing header 'ethernet'
[12:03:32.193] [bmv2] [D] [thread 30169] [18.0] [cxt 0] Deparser 'deparser': end
[12:03:32.193] [bmv2] [D] [thread 30168] [19.0] [cxt 0] Processing packet received on port 2
[12:03:32.194] [bmv2] [D] [thread 30173] [18.0] [cxt 0] Transmitting packet of size 70 out of port 0
[12:03:32.195] [bmv2] [D] [thread 30168] [19.0] [cxt 0] Parser 'parser': start
[12:03:32.196] [bmv2] [D] [thread 30168] [19.0] [cxt 0] Parser 'parser' entering state 'start'
[12:03:32.197] [bmv2] [D] [thread 30168] [19.0] [cxt 0] Extracting header 'ethernet'
[12:03:32.204] [bmv2] [D] [thread 30168] [19.0] [cxt 0] Parser state 'start': key is 86dd
[12:03:32.204] [bmv2] [T] [thread 30168] [19.0] [cxt 0] Bytes parsed: 14
[12:03:32.205] [bmv2] [D] [thread 30168] [19.0] [cxt 0] Parser 'parser': end
[12:03:32.206] [bmv2] [D] [thread 30168] [19.0] [cxt 0] Pipeline 'ingress': start
[12:03:32.206] [bmv2] [T] [thread 30168] [19.0] [cxt 0] streaming.p4(158) Condition "hdr.ipv4.isValid()" (node_2) is false
[12:03:32.207] [bmv2] [D] [thread 30168] [19.0] [cxt 0] Pipeline 'ingress': end
[12:03:32.207] [bmv2] [D] [thread 30168] [19.0] [cxt 0] Egress port is 0
[12:03:32.208] [bmv2] [D] [thread 30169] [19.0] [cxt 0] Pipeline 'egress': start
[12:03:32.209] [bmv2] [D] [thread 30169] [19.0] [cxt 0] Pipeline 'egress': end
[12:03:32.209] [bmv2] [D] [thread 30169] [19.0] [cxt 0] Deparser 'deparser': start
[12:03:32.210] [bmv2] [D] [thread 30169] [19.0] [cxt 0] Deparsing header 'ethernet'
[12:03:32.211] [bmv2] [D] [thread 30169] [19.0] [cxt 0] Deparser 'deparser': end
[12:03:32.212] [bmv2] [D] [thread 30173] [19.0] [cxt 0] Transmitting packet of size 70 out of port 0
[12:03:33.228] [bmv2] [D] [thread 30168] [20.0] [cxt 0] Processing packet received on port 3
[12:03:33.228] [bmv2] [D] [thread 30168] [20.0] [cxt 0] Parser 'parser': start
[12:03:33.229] [bmv2] [D] [thread 30168] [20.0] [cxt 0] Parser 'parser' entering state 'start'
[12:03:33.229] [bmv2] [D] [thread 30168] [20.0] [cxt 0] Extracting header 'ethernet'
[12:03:33.230] [bmv2] [D] [thread 30168] [20.0] [cxt 0] Parser state 'start': key is 86dd
[12:03:33.231] [bmv2] [T] [thread 30168] [20.0] [cxt 0] Bytes parsed: 14
[12:03:33.231] [bmv2] [D] [thread 30168] [20.0] [cxt 0] Parser 'parser': end
[12:03:33.231] [bmv2] [D] [thread 30168] [20.0] [cxt 0] Pipeline 'ingress': start
[12:03:33.232] [bmv2] [T] [thread 30168] [20.0] [cxt 0] streaming.p4(158) Condition "hdr.ipv4.isValid()" (node_2) is false
[12:03:33.232] [bmv2] [D] [thread 30168] [20.0] [cxt 0] Pipeline 'ingress': end
[12:03:33.233] [bmv2] [D] [thread 30168] [20.0] [cxt 0] Egress port is 0
[12:03:33.233] [bmv2] [D] [thread 30169] [20.0] [cxt 0] Pipeline 'egress': start
[12:03:33.234] [bmv2] [D] [thread 30169] [20.0] [cxt 0] Pipeline 'egress': end
[12:03:33.234] [bmv2] [D] [thread 30169] [20.0] [cxt 0] Deparser 'deparser': start
[12:03:33.235] [bmv2] [D] [thread 30169] [20.0] [cxt 0] Deparsing header 'ethernet'
[12:03:33.236] [bmv2] [D] [thread 30169] [20.0] [cxt 0] Deparser 'deparser': end
[12:03:33.236] [bmv2] [D] [thread 30173] [20.0] [cxt 0] Transmitting packet of size 70 out of port 0
[12:03:45.239] [bmv2] [D] [thread 30168] [21.0] [cxt 0] Processing packet received on port 1
[12:03:45.241] [bmv2] [D] [thread 30168] [21.0] [cxt 0] Parser 'parser': start
[12:03:45.241] [bmv2] [D] [thread 30168] [21.0] [cxt 0] Parser 'parser' entering state 'start'
[12:03:45.242] [bmv2] [D] [thread 30168] [21.0] [cxt 0] Extracting header 'ethernet'
[12:03:45.242] [bmv2] [D] [thread 30168] [21.0] [cxt 0] Parser state 'start': key is 86dd
[12:03:45.243] [bmv2] [T] [thread 30168] [21.0] [cxt 0] Bytes parsed: 14
[12:03:45.243] [bmv2] [D] [thread 30168] [21.0] [cxt 0] Parser 'parser': end
[12:03:45.244] [bmv2] [D] [thread 30168] [21.0] [cxt 0] Pipeline 'ingress': start
[12:03:45.244] [bmv2] [T] [thread 30168] [21.0] [cxt 0] streaming.p4(158) Condition "hdr.ipv4.isValid()" (node_2) is false
[12:03:45.245] [bmv2] [D] [thread 30168] [21.0] [cxt 0] Pipeline 'ingress': end
[12:03:45.246] [bmv2] [D] [thread 30168] [21.0] [cxt 0] Egress port is 0
[12:03:45.246] [bmv2] [D] [thread 30169] [21.0] [cxt 0] Pipeline 'egress': start
[12:03:45.247] [bmv2] [D] [thread 30169] [21.0] [cxt 0] Pipeline 'egress': end
[12:03:45.247] [bmv2] [D] [thread 30169] [21.0] [cxt 0] Deparser 'deparser': start
[12:03:45.248] [bmv2] [D] [thread 30169] [21.0] [cxt 0] Deparsing header 'ethernet'
[12:03:45.249] [bmv2] [D] [thread 30169] [21.0] [cxt 0] Deparser 'deparser': end
[12:03:45.249] [bmv2] [D] [thread 30173] [21.0] [cxt 0] Transmitting packet of size 70 out of port 0
[12:03:46.775] [bmv2] [D] [thread 30168] [22.0] [cxt 0] Processing packet received on port 2
[12:03:46.775] [bmv2] [D] [thread 30168] [22.0] [cxt 0] Parser 'parser': start
[12:03:46.776] [bmv2] [D] [thread 30168] [22.0] [cxt 0] Parser 'parser' entering state 'start'
[12:03:46.776] [bmv2] [D] [thread 30168] [22.0] [cxt 0] Extracting header 'ethernet'
[12:03:46.777] [bmv2] [D] [thread 30168] [22.0] [cxt 0] Parser state 'start': key is 86dd
[12:03:46.777] [bmv2] [T] [thread 30168] [22.0] [cxt 0] Bytes parsed: 14
[12:03:46.778] [bmv2] [D] [thread 30168] [22.0] [cxt 0] Parser 'parser': end
[12:03:46.779] [bmv2] [D] [thread 30168] [22.0] [cxt 0] Pipeline 'ingress': start
[12:03:46.779] [bmv2] [T] [thread 30168] [22.0] [cxt 0] streaming.p4(158) Condition "hdr.ipv4.isValid()" (node_2) is false
[12:03:46.779] [bmv2] [D] [thread 30168] [22.0] [cxt 0] Pipeline 'ingress': end
[12:03:46.780] [bmv2] [D] [thread 30168] [22.0] [cxt 0] Egress port is 0
[12:03:46.781] [bmv2] [D] [thread 30169] [22.0] [cxt 0] Pipeline 'egress': start
[12:03:46.781] [bmv2] [D] [thread 30169] [22.0] [cxt 0] Pipeline 'egress': end
[12:03:46.782] [bmv2] [D] [thread 30169] [22.0] [cxt 0] Deparser 'deparser': start
[12:03:46.783] [bmv2] [D] [thread 30169] [22.0] [cxt 0] Deparsing header 'ethernet'
[12:03:46.783] [bmv2] [D] [thread 30169] [22.0] [cxt 0] Deparser 'deparser': end
[12:03:46.784] [bmv2] [D] [thread 30173] [22.0] [cxt 0] Transmitting packet of size 70 out of port 0
[12:03:47.798] [bmv2] [D] [thread 30168] [23.0] [cxt 0] Processing packet received on port 3
[12:03:47.799] [bmv2] [D] [thread 30168] [23.0] [cxt 0] Parser 'parser': start
[12:03:47.799] [bmv2] [D] [thread 30168] [23.0] [cxt 0] Parser 'parser' entering state 'start'
[12:03:47.800] [bmv2] [D] [thread 30168] [23.0] [cxt 0] Extracting header 'ethernet'
[12:03:47.801] [bmv2] [D] [thread 30168] [23.0] [cxt 0] Parser state 'start': key is 86dd
[12:03:47.801] [bmv2] [T] [thread 30168] [23.0] [cxt 0] Bytes parsed: 14
[12:03:47.802] [bmv2] [D] [thread 30168] [23.0] [cxt 0] Parser 'parser': end
[12:03:47.802] [bmv2] [D] [thread 30168] [23.0] [cxt 0] Pipeline 'ingress': start
[12:03:47.803] [bmv2] [T] [thread 30168] [23.0] [cxt 0] streaming.p4(158) Condition "hdr.ipv4.isValid()" (node_2) is false
[12:03:47.803] [bmv2] [D] [thread 30168] [23.0] [cxt 0] Pipeline 'ingress': end
[12:03:47.804] [bmv2] [D] [thread 30168] [23.0] [cxt 0] Egress port is 0
[12:03:47.805] [bmv2] [D] [thread 30169] [23.0] [cxt 0] Pipeline 'egress': start
[12:03:47.805] [bmv2] [D] [thread 30169] [23.0] [cxt 0] Pipeline 'egress': end
[12:03:47.806] [bmv2] [D] [thread 30169] [23.0] [cxt 0] Deparser 'deparser': start
[12:03:47.806] [bmv2] [D] [thread 30169] [23.0] [cxt 0] Deparsing header 'ethernet'
[12:03:47.807] [bmv2] [D] [thread 30169] [23.0] [cxt 0] Deparser 'deparser': end
[12:03:47.807] [bmv2] [D] [thread 30173] [23.0] [cxt 0] Transmitting packet of size 70 out of port 0
[12:03:49.336] [bmv2] [D] [thread 30168] [24.0] [cxt 0] Processing packet received on port 2
[12:03:49.337] [bmv2] [D] [thread 30168] [24.0] [cxt 0] Parser 'parser': start
[12:03:49.339] [bmv2] [D] [thread 30168] [24.0] [cxt 0] Parser 'parser' entering state 'start'
[12:03:49.341] [bmv2] [D] [thread 30168] [24.0] [cxt 0] Extracting header 'ethernet'
[12:03:49.343] [bmv2] [D] [thread 30168] [24.0] [cxt 0] Parser state 'start': key is 86dd
[12:03:49.345] [bmv2] [T] [thread 30168] [24.0] [cxt 0] Bytes parsed: 14
[12:03:49.346] [bmv2] [D] [thread 30168] [24.0] [cxt 0] Parser 'parser': end
[12:03:49.348] [bmv2] [D] [thread 30168] [24.0] [cxt 0] Pipeline 'ingress': start
[12:03:49.349] [bmv2] [T] [thread 30168] [24.0] [cxt 0] streaming.p4(158) Condition "hdr.ipv4.isValid()" (node_2) is false
[12:03:49.350] [bmv2] [D] [thread 30168] [24.0] [cxt 0] Pipeline 'ingress': end
[12:03:49.352] [bmv2] [D] [thread 30168] [24.0] [cxt 0] Egress port is 0
[12:03:49.354] [bmv2] [D] [thread 30169] [24.0] [cxt 0] Pipeline 'egress': start
[12:03:49.355] [bmv2] [D] [thread 30169] [24.0] [cxt 0] Pipeline 'egress': end
[12:03:49.356] [bmv2] [D] [thread 30169] [24.0] [cxt 0] Deparser 'deparser': start
[12:03:49.358] [bmv2] [D] [thread 30169] [24.0] [cxt 0] Deparsing header 'ethernet'
[12:03:49.360] [bmv2] [D] [thread 30169] [24.0] [cxt 0] Deparser 'deparser': end
[12:03:49.362] [bmv2] [D] [thread 30173] [24.0] [cxt 0] Transmitting packet of size 70 out of port 0
[12:03:51.383] [bmv2] [D] [thread 30168] [25.0] [cxt 0] Processing packet received on port 1
[12:03:51.384] [bmv2] [D] [thread 30168] [25.0] [cxt 0] Parser 'parser': start
[12:03:51.385] [bmv2] [D] [thread 30168] [25.0] [cxt 0] Parser 'parser' entering state 'start'
[12:03:51.386] [bmv2] [D] [thread 30168] [25.0] [cxt 0] Extracting header 'ethernet'
[12:03:51.386] [bmv2] [D] [thread 30168] [25.0] [cxt 0] Parser state 'start': key is 86dd
[12:03:51.386] [bmv2] [T] [thread 30168] [25.0] [cxt 0] Bytes parsed: 14
[12:03:51.387] [bmv2] [D] [thread 30168] [25.0] [cxt 0] Parser 'parser': end
[12:03:51.389] [bmv2] [D] [thread 30168] [25.0] [cxt 0] Pipeline 'ingress': start
[12:03:51.389] [bmv2] [T] [thread 30168] [25.0] [cxt 0] streaming.p4(158) Condition "hdr.ipv4.isValid()" (node_2) is false
[12:03:51.390] [bmv2] [D] [thread 30168] [25.0] [cxt 0] Pipeline 'ingress': end
[12:03:51.391] [bmv2] [D] [thread 30168] [25.0] [cxt 0] Egress port is 0
[12:03:51.392] [bmv2] [D] [thread 30169] [25.0] [cxt 0] Pipeline 'egress': start
[12:03:51.392] [bmv2] [D] [thread 30168] [26.0] [cxt 0] Processing packet received on port 3
[12:03:51.394] [bmv2] [D] [thread 30169] [25.0] [cxt 0] Pipeline 'egress': end
[12:03:51.399] [bmv2] [D] [thread 30169] [25.0] [cxt 0] Deparser 'deparser': start
[12:03:51.401] [bmv2] [D] [thread 30169] [25.0] [cxt 0] Deparsing header 'ethernet'
[12:03:51.402] [bmv2] [D] [thread 30169] [25.0] [cxt 0] Deparser 'deparser': end
[12:03:51.403] [bmv2] [D] [thread 30173] [25.0] [cxt 0] Transmitting packet of size 70 out of port 0
[12:03:51.397] [bmv2] [D] [thread 30168] [26.0] [cxt 0] Parser 'parser': start
[12:03:51.405] [bmv2] [D] [thread 30168] [26.0] [cxt 0] Parser 'parser' entering state 'start'
[12:03:51.405] [bmv2] [D] [thread 30168] [26.0] [cxt 0] Extracting header 'ethernet'
[12:03:51.406] [bmv2] [D] [thread 30168] [26.0] [cxt 0] Parser state 'start': key is 86dd
[12:03:51.406] [bmv2] [T] [thread 30168] [26.0] [cxt 0] Bytes parsed: 14
[12:03:51.407] [bmv2] [D] [thread 30168] [26.0] [cxt 0] Parser 'parser': end
[12:03:51.408] [bmv2] [D] [thread 30168] [26.0] [cxt 0] Pipeline 'ingress': start
[12:03:51.408] [bmv2] [T] [thread 30168] [26.0] [cxt 0] streaming.p4(158) Condition "hdr.ipv4.isValid()" (node_2) is false
[12:03:51.409] [bmv2] [D] [thread 30168] [26.0] [cxt 0] Pipeline 'ingress': end
[12:03:51.409] [bmv2] [D] [thread 30168] [26.0] [cxt 0] Egress port is 0
[12:03:51.410] [bmv2] [D] [thread 30169] [26.0] [cxt 0] Pipeline 'egress': start
[12:03:51.411] [bmv2] [D] [thread 30169] [26.0] [cxt 0] Pipeline 'egress': end
[12:03:51.411] [bmv2] [D] [thread 30169] [26.0] [cxt 0] Deparser 'deparser': start
[12:03:51.412] [bmv2] [D] [thread 30169] [26.0] [cxt 0] Deparsing header 'ethernet'
[12:03:51.412] [bmv2] [D] [thread 30169] [26.0] [cxt 0] Deparser 'deparser': end
[12:03:51.413] [bmv2] [D] [thread 30173] [26.0] [cxt 0] Transmitting packet of size 70 out of port 0
[12:04:13.912] [bmv2] [D] [thread 30168] [27.0] [cxt 0] Processing packet received on port 1
[12:04:13.913] [bmv2] [D] [thread 30168] [27.0] [cxt 0] Parser 'parser': start
[12:04:13.913] [bmv2] [D] [thread 30168] [27.0] [cxt 0] Parser 'parser' entering state 'start'
[12:04:13.914] [bmv2] [D] [thread 30168] [27.0] [cxt 0] Extracting header 'ethernet'
[12:04:13.915] [bmv2] [D] [thread 30168] [27.0] [cxt 0] Parser state 'start': key is 86dd
[12:04:13.915] [bmv2] [T] [thread 30168] [27.0] [cxt 0] Bytes parsed: 14
[12:04:13.916] [bmv2] [D] [thread 30168] [27.0] [cxt 0] Parser 'parser': end
[12:04:13.916] [bmv2] [D] [thread 30168] [27.0] [cxt 0] Pipeline 'ingress': start
[12:04:13.916] [bmv2] [T] [thread 30168] [27.0] [cxt 0] streaming.p4(158) Condition "hdr.ipv4.isValid()" (node_2) is false
[12:04:13.917] [bmv2] [D] [thread 30168] [27.0] [cxt 0] Pipeline 'ingress': end
[12:04:13.918] [bmv2] [D] [thread 30168] [27.0] [cxt 0] Egress port is 0
[12:04:13.919] [bmv2] [D] [thread 30169] [27.0] [cxt 0] Pipeline 'egress': start
[12:04:13.919] [bmv2] [D] [thread 30169] [27.0] [cxt 0] Pipeline 'egress': end
[12:04:13.920] [bmv2] [D] [thread 30169] [27.0] [cxt 0] Deparser 'deparser': start
[12:04:13.920] [bmv2] [D] [thread 30169] [27.0] [cxt 0] Deparsing header 'ethernet'
[12:04:13.920] [bmv2] [D] [thread 30169] [27.0] [cxt 0] Deparser 'deparser': end
[12:04:13.921] [bmv2] [D] [thread 30173] [27.0] [cxt 0] Transmitting packet of size 70 out of port 0
[12:04:20.055] [bmv2] [D] [thread 30168] [28.0] [cxt 0] Processing packet received on port 2
[12:04:20.055] [bmv2] [D] [thread 30168] [28.0] [cxt 0] Parser 'parser': start
[12:04:20.055] [bmv2] [D] [thread 30168] [28.0] [cxt 0] Parser 'parser' entering state 'start'
[12:04:20.056] [bmv2] [D] [thread 30168] [28.0] [cxt 0] Extracting header 'ethernet'
[12:04:20.056] [bmv2] [D] [thread 30168] [28.0] [cxt 0] Parser state 'start': key is 86dd
[12:04:20.057] [bmv2] [T] [thread 30168] [28.0] [cxt 0] Bytes parsed: 14
[12:04:20.057] [bmv2] [D] [thread 30168] [28.0] [cxt 0] Parser 'parser': end
[12:04:20.058] [bmv2] [D] [thread 30168] [28.0] [cxt 0] Pipeline 'ingress': start
[12:04:20.058] [bmv2] [T] [thread 30168] [28.0] [cxt 0] streaming.p4(158) Condition "hdr.ipv4.isValid()" (node_2) is false
[12:04:20.058] [bmv2] [D] [thread 30168] [28.0] [cxt 0] Pipeline 'ingress': end
[12:04:20.059] [bmv2] [D] [thread 30168] [28.0] [cxt 0] Egress port is 0
[12:04:20.059] [bmv2] [D] [thread 30168] [29.0] [cxt 0] Processing packet received on port 3
[12:04:20.059] [bmv2] [D] [thread 30168] [29.0] [cxt 0] Parser 'parser': start
[12:04:20.060] [bmv2] [D] [thread 30168] [29.0] [cxt 0] Parser 'parser' entering state 'start'
[12:04:20.059] [bmv2] [D] [thread 30169] [28.0] [cxt 0] Pipeline 'egress': start
[12:04:20.061] [bmv2] [D] [thread 30169] [28.0] [cxt 0] Pipeline 'egress': end
[12:04:20.061] [bmv2] [D] [thread 30169] [28.0] [cxt 0] Deparser 'deparser': start
[12:04:20.062] [bmv2] [D] [thread 30169] [28.0] [cxt 0] Deparsing header 'ethernet'
[12:04:20.062] [bmv2] [D] [thread 30169] [28.0] [cxt 0] Deparser 'deparser': end
[12:04:20.062] [bmv2] [D] [thread 30173] [28.0] [cxt 0] Transmitting packet of size 70 out of port 0
[12:04:20.060] [bmv2] [D] [thread 30168] [29.0] [cxt 0] Extracting header 'ethernet'
[12:04:20.063] [bmv2] [D] [thread 30168] [29.0] [cxt 0] Parser state 'start': key is 86dd
[12:04:20.063] [bmv2] [T] [thread 30168] [29.0] [cxt 0] Bytes parsed: 14
[12:04:20.064] [bmv2] [D] [thread 30168] [29.0] [cxt 0] Parser 'parser': end
[12:04:20.064] [bmv2] [D] [thread 30168] [29.0] [cxt 0] Pipeline 'ingress': start
[12:04:20.064] [bmv2] [T] [thread 30168] [29.0] [cxt 0] streaming.p4(158) Condition "hdr.ipv4.isValid()" (node_2) is false
[12:04:20.064] [bmv2] [D] [thread 30168] [29.0] [cxt 0] Pipeline 'ingress': end
[12:04:20.065] [bmv2] [D] [thread 30168] [29.0] [cxt 0] Egress port is 0
[12:04:20.065] [bmv2] [D] [thread 30169] [29.0] [cxt 0] Pipeline 'egress': start
[12:04:20.066] [bmv2] [D] [thread 30169] [29.0] [cxt 0] Pipeline 'egress': end
[12:04:20.066] [bmv2] [D] [thread 30169] [29.0] [cxt 0] Deparser 'deparser': start
[12:04:20.066] [bmv2] [D] [thread 30169] [29.0] [cxt 0] Deparsing header 'ethernet'
[12:04:20.067] [bmv2] [D] [thread 30169] [29.0] [cxt 0] Deparser 'deparser': end
[12:04:20.067] [bmv2] [D] [thread 30173] [29.0] [cxt 0] Transmitting packet of size 70 out of port 0
[12:04:24.150] [bmv2] [D] [thread 30168] [30.0] [cxt 0] Processing packet received on port 2
[12:04:24.151] [bmv2] [D] [thread 30168] [30.0] [cxt 0] Parser 'parser': start
[12:04:24.152] [bmv2] [D] [thread 30168] [30.0] [cxt 0] Parser 'parser' entering state 'start'
[12:04:24.152] [bmv2] [D] [thread 30168] [30.0] [cxt 0] Extracting header 'ethernet'
[12:04:24.153] [bmv2] [D] [thread 30168] [30.0] [cxt 0] Parser state 'start': key is 86dd
[12:04:24.154] [bmv2] [T] [thread 30168] [30.0] [cxt 0] Bytes parsed: 14
[12:04:24.157] [bmv2] [D] [thread 30168] [30.0] [cxt 0] Parser 'parser': end
[12:04:24.159] [bmv2] [D] [thread 30168] [30.0] [cxt 0] Pipeline 'ingress': start
[12:04:24.160] [bmv2] [T] [thread 30168] [30.0] [cxt 0] streaming.p4(158) Condition "hdr.ipv4.isValid()" (node_2) is false
[12:04:24.162] [bmv2] [D] [thread 30168] [30.0] [cxt 0] Pipeline 'ingress': end
[12:04:24.164] [bmv2] [D] [thread 30168] [30.0] [cxt 0] Egress port is 0
[12:04:24.165] [bmv2] [D] [thread 30169] [30.0] [cxt 0] Pipeline 'egress': start
[12:04:24.167] [bmv2] [D] [thread 30169] [30.0] [cxt 0] Pipeline 'egress': end
[12:04:24.168] [bmv2] [D] [thread 30169] [30.0] [cxt 0] Deparser 'deparser': start
[12:04:24.170] [bmv2] [D] [thread 30169] [30.0] [cxt 0] Deparsing header 'ethernet'
[12:04:24.170] [bmv2] [D] [thread 30169] [30.0] [cxt 0] Deparser 'deparser': end
[12:04:24.171] [bmv2] [D] [thread 30173] [30.0] [cxt 0] Transmitting packet of size 70 out of port 0
[12:04:26.198] [bmv2] [D] [thread 30168] [31.0] [cxt 0] Processing packet received on port 3
[12:04:26.199] [bmv2] [D] [thread 30168] [31.0] [cxt 0] Parser 'parser': start
[12:04:26.200] [bmv2] [D] [thread 30168] [31.0] [cxt 0] Parser 'parser' entering state 'start'
[12:04:26.201] [bmv2] [D] [thread 30168] [31.0] [cxt 0] Extracting header 'ethernet'
[12:04:26.202] [bmv2] [D] [thread 30168] [31.0] [cxt 0] Parser state 'start': key is 86dd
[12:04:26.203] [bmv2] [T] [thread 30168] [31.0] [cxt 0] Bytes parsed: 14
[12:04:26.203] [bmv2] [D] [thread 30168] [31.0] [cxt 0] Parser 'parser': end
[12:04:26.204] [bmv2] [D] [thread 30168] [31.0] [cxt 0] Pipeline 'ingress': start
[12:04:26.205] [bmv2] [T] [thread 30168] [31.0] [cxt 0] streaming.p4(158) Condition "hdr.ipv4.isValid()" (node_2) is false
[12:04:26.206] [bmv2] [D] [thread 30168] [31.0] [cxt 0] Pipeline 'ingress': end
[12:04:26.206] [bmv2] [D] [thread 30168] [31.0] [cxt 0] Egress port is 0
[12:04:26.207] [bmv2] [D] [thread 30169] [31.0] [cxt 0] Pipeline 'egress': start
[12:04:26.208] [bmv2] [D] [thread 30169] [31.0] [cxt 0] Pipeline 'egress': end
[12:04:26.208] [bmv2] [D] [thread 30169] [31.0] [cxt 0] Deparser 'deparser': start
[12:04:26.209] [bmv2] [D] [thread 30169] [31.0] [cxt 0] Deparsing header 'ethernet'
[12:04:26.209] [bmv2] [D] [thread 30169] [31.0] [cxt 0] Deparser 'deparser': end
[12:04:26.210] [bmv2] [D] [thread 30173] [31.0] [cxt 0] Transmitting packet of size 70 out of port 0
[12:04:28.247] [bmv2] [D] [thread 30168] [32.0] [cxt 0] Processing packet received on port 1
[12:04:28.248] [bmv2] [D] [thread 30168] [32.0] [cxt 0] Parser 'parser': start
[12:04:28.248] [bmv2] [D] [thread 30168] [32.0] [cxt 0] Parser 'parser' entering state 'start'
[12:04:28.249] [bmv2] [D] [thread 30168] [32.0] [cxt 0] Extracting header 'ethernet'
[12:04:28.250] [bmv2] [D] [thread 30168] [32.0] [cxt 0] Parser state 'start': key is 86dd
[12:04:28.252] [bmv2] [T] [thread 30168] [32.0] [cxt 0] Bytes parsed: 14
[12:04:28.252] [bmv2] [D] [thread 30168] [32.0] [cxt 0] Parser 'parser': end
[12:04:28.252] [bmv2] [D] [thread 30168] [32.0] [cxt 0] Pipeline 'ingress': start
[12:04:28.253] [bmv2] [T] [thread 30168] [32.0] [cxt 0] streaming.p4(158) Condition "hdr.ipv4.isValid()" (node_2) is false
[12:04:28.253] [bmv2] [D] [thread 30168] [32.0] [cxt 0] Pipeline 'ingress': end
[12:04:28.256] [bmv2] [D] [thread 30168] [32.0] [cxt 0] Egress port is 0
[12:04:28.257] [bmv2] [D] [thread 30169] [32.0] [cxt 0] Pipeline 'egress': start
[12:04:28.257] [bmv2] [D] [thread 30169] [32.0] [cxt 0] Pipeline 'egress': end
[12:04:28.257] [bmv2] [D] [thread 30169] [32.0] [cxt 0] Deparser 'deparser': start
[12:04:28.258] [bmv2] [D] [thread 30169] [32.0] [cxt 0] Deparsing header 'ethernet'
[12:04:28.258] [bmv2] [D] [thread 30169] [32.0] [cxt 0] Deparser 'deparser': end
[12:04:28.259] [bmv2] [D] [thread 30173] [32.0] [cxt 0] Transmitting packet of size 70 out of port 0
[12:05:07.158] [bmv2] [D] [thread 30168] [33.0] [cxt 0] Processing packet received on port 1
[12:05:07.159] [bmv2] [D] [thread 30168] [33.0] [cxt 0] Parser 'parser': start
[12:05:07.159] [bmv2] [D] [thread 30168] [33.0] [cxt 0] Parser 'parser' entering state 'start'
[12:05:07.159] [bmv2] [D] [thread 30168] [33.0] [cxt 0] Extracting header 'ethernet'
[12:05:07.160] [bmv2] [D] [thread 30168] [33.0] [cxt 0] Parser state 'start': key is 86dd
[12:05:07.163] [bmv2] [T] [thread 30168] [33.0] [cxt 0] Bytes parsed: 14
[12:05:07.165] [bmv2] [D] [thread 30168] [33.0] [cxt 0] Parser 'parser': end
[12:05:07.165] [bmv2] [D] [thread 30168] [33.0] [cxt 0] Pipeline 'ingress': start
[12:05:07.166] [bmv2] [T] [thread 30168] [33.0] [cxt 0] streaming.p4(158) Condition "hdr.ipv4.isValid()" (node_2) is false
[12:05:07.166] [bmv2] [D] [thread 30168] [33.0] [cxt 0] Pipeline 'ingress': end
[12:05:07.167] [bmv2] [D] [thread 30168] [33.0] [cxt 0] Egress port is 0
[12:05:07.167] [bmv2] [D] [thread 30169] [33.0] [cxt 0] Pipeline 'egress': start
[12:05:07.168] [bmv2] [D] [thread 30169] [33.0] [cxt 0] Pipeline 'egress': end
[12:05:07.168] [bmv2] [D] [thread 30169] [33.0] [cxt 0] Deparser 'deparser': start
[12:05:07.169] [bmv2] [D] [thread 30169] [33.0] [cxt 0] Deparsing header 'ethernet'
[12:05:07.169] [bmv2] [D] [thread 30169] [33.0] [cxt 0] Deparser 'deparser': end
[12:05:07.170] [bmv2] [D] [thread 30173] [33.0] [cxt 0] Transmitting packet of size 70 out of port 0
[12:05:23.561] [bmv2] [D] [thread 30168] [34.0] [cxt 0] Processing packet received on port 3
[12:05:23.562] [bmv2] [D] [thread 30168] [34.0] [cxt 0] Parser 'parser': start
[12:05:23.564] [bmv2] [D] [thread 30168] [34.0] [cxt 0] Parser 'parser' entering state 'start'
[12:05:23.565] [bmv2] [D] [thread 30168] [34.0] [cxt 0] Extracting header 'ethernet'
[12:05:23.565] [bmv2] [D] [thread 30168] [34.0] [cxt 0] Parser state 'start': key is 86dd
[12:05:23.566] [bmv2] [T] [thread 30168] [34.0] [cxt 0] Bytes parsed: 14
[12:05:23.567] [bmv2] [D] [thread 30168] [34.0] [cxt 0] Parser 'parser': end
[12:05:23.568] [bmv2] [D] [thread 30168] [34.0] [cxt 0] Pipeline 'ingress': start
[12:05:23.568] [bmv2] [T] [thread 30168] [34.0] [cxt 0] streaming.p4(158) Condition "hdr.ipv4.isValid()" (node_2) is false
[12:05:23.569] [bmv2] [D] [thread 30168] [34.0] [cxt 0] Pipeline 'ingress': end
[12:05:23.569] [bmv2] [D] [thread 30168] [34.0] [cxt 0] Egress port is 0
[12:05:23.570] [bmv2] [D] [thread 30169] [34.0] [cxt 0] Pipeline 'egress': start
[12:05:23.571] [bmv2] [D] [thread 30169] [34.0] [cxt 0] Pipeline 'egress': end
[12:05:23.572] [bmv2] [D] [thread 30169] [34.0] [cxt 0] Deparser 'deparser': start
[12:05:23.572] [bmv2] [D] [thread 30169] [34.0] [cxt 0] Deparsing header 'ethernet'
[12:05:23.573] [bmv2] [D] [thread 30169] [34.0] [cxt 0] Deparser 'deparser': end
[12:05:23.573] [bmv2] [D] [thread 30173] [34.0] [cxt 0] Transmitting packet of size 70 out of port 0
[12:05:27.640] [bmv2] [D] [thread 30168] [35.0] [cxt 0] Processing packet received on port 2
[12:05:27.641] [bmv2] [D] [thread 30168] [35.0] [cxt 0] Parser 'parser': start
[12:05:27.644] [bmv2] [D] [thread 30168] [35.0] [cxt 0] Parser 'parser' entering state 'start'
[12:05:27.646] [bmv2] [D] [thread 30168] [35.0] [cxt 0] Extracting header 'ethernet'
[12:05:27.646] [bmv2] [D] [thread 30168] [35.0] [cxt 0] Parser state 'start': key is 86dd
[12:05:27.648] [bmv2] [T] [thread 30168] [35.0] [cxt 0] Bytes parsed: 14
[12:05:27.648] [bmv2] [D] [thread 30168] [35.0] [cxt 0] Parser 'parser': end
[12:05:27.649] [bmv2] [D] [thread 30168] [35.0] [cxt 0] Pipeline 'ingress': start
[12:05:27.650] [bmv2] [T] [thread 30168] [35.0] [cxt 0] streaming.p4(158) Condition "hdr.ipv4.isValid()" (node_2) is false
[12:05:27.651] [bmv2] [D] [thread 30168] [35.0] [cxt 0] Pipeline 'ingress': end
[12:05:27.651] [bmv2] [D] [thread 30168] [35.0] [cxt 0] Egress port is 0
[12:05:27.652] [bmv2] [D] [thread 30169] [35.0] [cxt 0] Pipeline 'egress': start
[12:05:27.652] [bmv2] [D] [thread 30169] [35.0] [cxt 0] Pipeline 'egress': end
[12:05:27.653] [bmv2] [D] [thread 30169] [35.0] [cxt 0] Deparser 'deparser': start
[12:05:27.653] [bmv2] [D] [thread 30169] [35.0] [cxt 0] Deparsing header 'ethernet'
[12:05:27.654] [bmv2] [D] [thread 30169] [35.0] [cxt 0] Deparser 'deparser': end
[12:05:27.655] [bmv2] [D] [thread 30173] [35.0] [cxt 0] Transmitting packet of size 70 out of port 0
[12:05:33.795] [bmv2] [D] [thread 30168] [36.0] [cxt 0] Processing packet received on port 2
[12:05:33.795] [bmv2] [D] [thread 30168] [36.0] [cxt 0] Parser 'parser': start
[12:05:33.796] [bmv2] [D] [thread 30168] [36.0] [cxt 0] Parser 'parser' entering state 'start'
[12:05:33.797] [bmv2] [D] [thread 30168] [36.0] [cxt 0] Extracting header 'ethernet'
[12:05:33.798] [bmv2] [D] [thread 30168] [36.0] [cxt 0] Parser state 'start': key is 86dd
[12:05:33.798] [bmv2] [T] [thread 30168] [36.0] [cxt 0] Bytes parsed: 14
[12:05:33.799] [bmv2] [D] [thread 30168] [36.0] [cxt 0] Parser 'parser': end
[12:05:33.800] [bmv2] [D] [thread 30168] [36.0] [cxt 0] Pipeline 'ingress': start
[12:05:33.800] [bmv2] [T] [thread 30168] [36.0] [cxt 0] streaming.p4(158) Condition "hdr.ipv4.isValid()" (node_2) is false
[12:05:33.801] [bmv2] [D] [thread 30168] [36.0] [cxt 0] Pipeline 'ingress': end
[12:05:33.802] [bmv2] [D] [thread 30168] [36.0] [cxt 0] Egress port is 0
[12:05:33.802] [bmv2] [D] [thread 30169] [36.0] [cxt 0] Pipeline 'egress': start
[12:05:33.803] [bmv2] [D] [thread 30169] [36.0] [cxt 0] Pipeline 'egress': end
[12:05:33.803] [bmv2] [D] [thread 30169] [36.0] [cxt 0] Deparser 'deparser': start
[12:05:33.804] [bmv2] [D] [thread 30169] [36.0] [cxt 0] Deparsing header 'ethernet'
[12:05:33.805] [bmv2] [D] [thread 30169] [36.0] [cxt 0] Deparser 'deparser': end
[12:05:33.806] [bmv2] [D] [thread 30173] [36.0] [cxt 0] Transmitting packet of size 70 out of port 0
[12:05:37.880] [bmv2] [D] [thread 30168] [37.0] [cxt 0] Processing packet received on port 3
[12:05:37.881] [bmv2] [D] [thread 30168] [37.0] [cxt 0] Parser 'parser': start
[12:05:37.882] [bmv2] [D] [thread 30168] [37.0] [cxt 0] Parser 'parser' entering state 'start'
[12:05:37.882] [bmv2] [D] [thread 30168] [37.0] [cxt 0] Extracting header 'ethernet'
[12:05:37.882] [bmv2] [D] [thread 30168] [37.0] [cxt 0] Parser state 'start': key is 86dd
[12:05:37.884] [bmv2] [T] [thread 30168] [37.0] [cxt 0] Bytes parsed: 14
[12:05:37.884] [bmv2] [D] [thread 30168] [37.0] [cxt 0] Parser 'parser': end
[12:05:37.885] [bmv2] [D] [thread 30168] [37.0] [cxt 0] Pipeline 'ingress': start
[12:05:37.886] [bmv2] [T] [thread 30168] [37.0] [cxt 0] streaming.p4(158) Condition "hdr.ipv4.isValid()" (node_2) is false
[12:05:37.887] [bmv2] [D] [thread 30168] [37.0] [cxt 0] Pipeline 'ingress': end
[12:05:37.888] [bmv2] [D] [thread 30168] [37.0] [cxt 0] Egress port is 0
[12:05:37.889] [bmv2] [D] [thread 30169] [37.0] [cxt 0] Pipeline 'egress': start
[12:05:37.889] [bmv2] [D] [thread 30169] [37.0] [cxt 0] Pipeline 'egress': end
[12:05:37.890] [bmv2] [D] [thread 30169] [37.0] [cxt 0] Deparser 'deparser': start
[12:05:37.891] [bmv2] [D] [thread 30169] [37.0] [cxt 0] Deparsing header 'ethernet'
[12:05:37.891] [bmv2] [D] [thread 30169] [37.0] [cxt 0] Deparser 'deparser': end
[12:05:37.892] [bmv2] [D] [thread 30173] [37.0] [cxt 0] Transmitting packet of size 70 out of port 0
[12:05:41.991] [bmv2] [D] [thread 30168] [38.0] [cxt 0] Processing packet received on port 1
[12:05:41.991] [bmv2] [D] [thread 30168] [38.0] [cxt 0] Parser 'parser': start
[12:05:41.991] [bmv2] [D] [thread 30168] [38.0] [cxt 0] Parser 'parser' entering state 'start'
[12:05:41.992] [bmv2] [D] [thread 30168] [38.0] [cxt 0] Extracting header 'ethernet'
[12:05:41.992] [bmv2] [D] [thread 30168] [38.0] [cxt 0] Parser state 'start': key is 86dd
[12:05:41.992] [bmv2] [T] [thread 30168] [38.0] [cxt 0] Bytes parsed: 14
[12:05:41.992] [bmv2] [D] [thread 30168] [38.0] [cxt 0] Parser 'parser': end
[12:05:41.993] [bmv2] [D] [thread 30168] [38.0] [cxt 0] Pipeline 'ingress': start
[12:05:41.993] [bmv2] [T] [thread 30168] [38.0] [cxt 0] streaming.p4(158) Condition "hdr.ipv4.isValid()" (node_2) is false
[12:05:41.993] [bmv2] [D] [thread 30168] [38.0] [cxt 0] Pipeline 'ingress': end
[12:05:41.993] [bmv2] [D] [thread 30168] [38.0] [cxt 0] Egress port is 0
[12:05:41.994] [bmv2] [D] [thread 30169] [38.0] [cxt 0] Pipeline 'egress': start
[12:05:41.994] [bmv2] [D] [thread 30169] [38.0] [cxt 0] Pipeline 'egress': end
[12:05:41.994] [bmv2] [D] [thread 30169] [38.0] [cxt 0] Deparser 'deparser': start
[12:05:41.994] [bmv2] [D] [thread 30169] [38.0] [cxt 0] Deparsing header 'ethernet'
[12:05:41.995] [bmv2] [D] [thread 30169] [38.0] [cxt 0] Deparser 'deparser': end
[12:05:41.995] [bmv2] [D] [thread 30173] [38.0] [cxt 0] Transmitting packet of size 70 out of port 0
[12:06:49.583] [bmv2] [D] [thread 30168] [39.0] [cxt 0] Processing packet received on port 1
[12:06:49.584] [bmv2] [D] [thread 30168] [39.0] [cxt 0] Parser 'parser': start
[12:06:49.585] [bmv2] [D] [thread 30168] [39.0] [cxt 0] Parser 'parser' entering state 'start'
[12:06:49.585] [bmv2] [D] [thread 30168] [39.0] [cxt 0] Extracting header 'ethernet'
[12:06:49.586] [bmv2] [D] [thread 30168] [39.0] [cxt 0] Parser state 'start': key is 86dd
[12:06:49.586] [bmv2] [T] [thread 30168] [39.0] [cxt 0] Bytes parsed: 14
[12:06:49.587] [bmv2] [D] [thread 30168] [39.0] [cxt 0] Parser 'parser': end
[12:06:49.588] [bmv2] [D] [thread 30168] [39.0] [cxt 0] Pipeline 'ingress': start
[12:06:49.588] [bmv2] [T] [thread 30168] [39.0] [cxt 0] streaming.p4(158) Condition "hdr.ipv4.isValid()" (node_2) is false
[12:06:49.589] [bmv2] [D] [thread 30168] [39.0] [cxt 0] Pipeline 'ingress': end
[12:06:49.589] [bmv2] [D] [thread 30168] [39.0] [cxt 0] Egress port is 0
[12:06:49.589] [bmv2] [D] [thread 30169] [39.0] [cxt 0] Pipeline 'egress': start
[12:06:49.591] [bmv2] [D] [thread 30169] [39.0] [cxt 0] Pipeline 'egress': end
[12:06:49.596] [bmv2] [D] [thread 30169] [39.0] [cxt 0] Deparser 'deparser': start
[12:06:49.597] [bmv2] [D] [thread 30169] [39.0] [cxt 0] Deparsing header 'ethernet'
[12:06:49.598] [bmv2] [D] [thread 30169] [39.0] [cxt 0] Deparser 'deparser': end
[12:06:49.599] [bmv2] [D] [thread 30173] [39.0] [cxt 0] Transmitting packet of size 70 out of port 0
[12:07:26.423] [bmv2] [D] [thread 30168] [40.0] [cxt 0] Processing packet received on port 3
[12:07:26.424] [bmv2] [D] [thread 30168] [40.0] [cxt 0] Parser 'parser': start
[12:07:26.424] [bmv2] [D] [thread 30168] [40.0] [cxt 0] Parser 'parser' entering state 'start'
[12:07:26.425] [bmv2] [D] [thread 30168] [40.0] [cxt 0] Extracting header 'ethernet'
[12:07:26.425] [bmv2] [D] [thread 30168] [40.0] [cxt 0] Parser state 'start': key is 86dd
[12:07:26.426] [bmv2] [T] [thread 30168] [40.0] [cxt 0] Bytes parsed: 14
[12:07:26.426] [bmv2] [D] [thread 30168] [40.0] [cxt 0] Parser 'parser': end
[12:07:26.427] [bmv2] [D] [thread 30168] [40.0] [cxt 0] Pipeline 'ingress': start
[12:07:26.428] [bmv2] [T] [thread 30168] [40.0] [cxt 0] streaming.p4(158) Condition "hdr.ipv4.isValid()" (node_2) is false
[12:07:26.428] [bmv2] [D] [thread 30168] [40.0] [cxt 0] Pipeline 'ingress': end
[12:07:26.429] [bmv2] [D] [thread 30168] [40.0] [cxt 0] Egress port is 0
[12:07:26.429] [bmv2] [D] [thread 30169] [40.0] [cxt 0] Pipeline 'egress': start
[12:07:26.430] [bmv2] [D] [thread 30169] [40.0] [cxt 0] Pipeline 'egress': end
[12:07:26.431] [bmv2] [D] [thread 30169] [40.0] [cxt 0] Deparser 'deparser': start
[12:07:26.431] [bmv2] [D] [thread 30169] [40.0] [cxt 0] Deparsing header 'ethernet'
[12:07:26.432] [bmv2] [D] [thread 30169] [40.0] [cxt 0] Deparser 'deparser': end
[12:07:26.432] [bmv2] [D] [thread 30173] [40.0] [cxt 0] Transmitting packet of size 70 out of port 0
[12:07:36.661] [bmv2] [D] [thread 30168] [41.0] [cxt 0] Processing packet received on port 2
[12:07:36.662] [bmv2] [D] [thread 30168] [41.0] [cxt 0] Parser 'parser': start
[12:07:36.662] [bmv2] [D] [thread 30168] [41.0] [cxt 0] Parser 'parser' entering state 'start'
[12:07:36.662] [bmv2] [D] [thread 30168] [41.0] [cxt 0] Extracting header 'ethernet'
[12:07:36.662] [bmv2] [D] [thread 30168] [41.0] [cxt 0] Parser state 'start': key is 86dd
[12:07:36.662] [bmv2] [T] [thread 30168] [41.0] [cxt 0] Bytes parsed: 14
[12:07:36.663] [bmv2] [D] [thread 30168] [41.0] [cxt 0] Parser 'parser': end
[12:07:36.663] [bmv2] [D] [thread 30168] [41.0] [cxt 0] Pipeline 'ingress': start
[12:07:36.663] [bmv2] [T] [thread 30168] [41.0] [cxt 0] streaming.p4(158) Condition "hdr.ipv4.isValid()" (node_2) is false
[12:07:36.663] [bmv2] [D] [thread 30168] [41.0] [cxt 0] Pipeline 'ingress': end
[12:07:36.663] [bmv2] [D] [thread 30168] [41.0] [cxt 0] Egress port is 0
[12:07:36.664] [bmv2] [D] [thread 30169] [41.0] [cxt 0] Pipeline 'egress': start
[12:07:36.664] [bmv2] [D] [thread 30169] [41.0] [cxt 0] Pipeline 'egress': end
[12:07:36.664] [bmv2] [D] [thread 30169] [41.0] [cxt 0] Deparser 'deparser': start
[12:07:36.664] [bmv2] [D] [thread 30169] [41.0] [cxt 0] Deparsing header 'ethernet'
[12:07:36.665] [bmv2] [D] [thread 30169] [41.0] [cxt 0] Deparser 'deparser': end
[12:07:36.665] [bmv2] [D] [thread 30173] [41.0] [cxt 0] Transmitting packet of size 70 out of port 0
[12:07:57.142] [bmv2] [D] [thread 30168] [42.0] [cxt 0] Processing packet received on port 2
[12:07:57.143] [bmv2] [D] [thread 30168] [42.0] [cxt 0] Parser 'parser': start
[12:07:57.145] [bmv2] [D] [thread 30168] [42.0] [cxt 0] Parser 'parser' entering state 'start'
[12:07:57.146] [bmv2] [D] [thread 30168] [42.0] [cxt 0] Extracting header 'ethernet'
[12:07:57.147] [bmv2] [D] [thread 30168] [42.0] [cxt 0] Parser state 'start': key is 86dd
[12:07:57.148] [bmv2] [T] [thread 30168] [42.0] [cxt 0] Bytes parsed: 14
[12:07:57.150] [bmv2] [D] [thread 30168] [42.0] [cxt 0] Parser 'parser': end
[12:07:57.152] [bmv2] [D] [thread 30168] [42.0] [cxt 0] Pipeline 'ingress': start
[12:07:57.153] [bmv2] [T] [thread 30168] [42.0] [cxt 0] streaming.p4(158) Condition "hdr.ipv4.isValid()" (node_2) is false
[12:07:57.154] [bmv2] [D] [thread 30168] [42.0] [cxt 0] Pipeline 'ingress': end
[12:07:57.155] [bmv2] [D] [thread 30168] [42.0] [cxt 0] Egress port is 0
[12:07:57.157] [bmv2] [D] [thread 30169] [42.0] [cxt 0] Pipeline 'egress': start
[12:07:57.159] [bmv2] [D] [thread 30169] [42.0] [cxt 0] Pipeline 'egress': end
[12:07:57.160] [bmv2] [D] [thread 30169] [42.0] [cxt 0] Deparser 'deparser': start
[12:07:57.161] [bmv2] [D] [thread 30169] [42.0] [cxt 0] Deparsing header 'ethernet'
[12:07:57.162] [bmv2] [D] [thread 30169] [42.0] [cxt 0] Deparser 'deparser': end
[12:07:57.164] [bmv2] [D] [thread 30173] [42.0] [cxt 0] Transmitting packet of size 70 out of port 0
[12:08:13.547] [bmv2] [D] [thread 30168] [43.0] [cxt 0] Processing packet received on port 1
[12:08:13.547] [bmv2] [D] [thread 30168] [43.0] [cxt 0] Parser 'parser': start
[12:08:13.548] [bmv2] [D] [thread 30168] [43.0] [cxt 0] Parser 'parser' entering state 'start'
[12:08:13.549] [bmv2] [D] [thread 30168] [43.0] [cxt 0] Extracting header 'ethernet'
[12:08:13.551] [bmv2] [D] [thread 30168] [43.0] [cxt 0] Parser state 'start': key is 86dd
[12:08:13.552] [bmv2] [T] [thread 30168] [43.0] [cxt 0] Bytes parsed: 14
[12:08:13.553] [bmv2] [D] [thread 30168] [43.0] [cxt 0] Parser 'parser': end
[12:08:13.554] [bmv2] [D] [thread 30168] [43.0] [cxt 0] Pipeline 'ingress': start
[12:08:13.557] [bmv2] [T] [thread 30168] [43.0] [cxt 0] streaming.p4(158) Condition "hdr.ipv4.isValid()" (node_2) is false
[12:08:13.559] [bmv2] [D] [thread 30168] [43.0] [cxt 0] Pipeline 'ingress': end
[12:08:13.561] [bmv2] [D] [thread 30168] [43.0] [cxt 0] Egress port is 0
[12:08:13.564] [bmv2] [D] [thread 30169] [43.0] [cxt 0] Pipeline 'egress': start
[12:08:13.566] [bmv2] [D] [thread 30169] [43.0] [cxt 0] Pipeline 'egress': end
[12:08:13.568] [bmv2] [D] [thread 30169] [43.0] [cxt 0] Deparser 'deparser': start
[12:08:13.570] [bmv2] [D] [thread 30169] [43.0] [cxt 0] Deparsing header 'ethernet'
[12:08:13.572] [bmv2] [D] [thread 30169] [43.0] [cxt 0] Deparser 'deparser': end
[12:08:13.574] [bmv2] [D] [thread 30173] [43.0] [cxt 0] Transmitting packet of size 70 out of port 0
[12:08:13.564] [bmv2] [D] [thread 30168] [44.0] [cxt 0] Processing packet received on port 3
[12:08:13.575] [bmv2] [D] [thread 30168] [44.0] [cxt 0] Parser 'parser': start
[12:08:13.576] [bmv2] [D] [thread 30168] [44.0] [cxt 0] Parser 'parser' entering state 'start'
[12:08:13.577] [bmv2] [D] [thread 30168] [44.0] [cxt 0] Extracting header 'ethernet'
[12:08:13.577] [bmv2] [D] [thread 30168] [44.0] [cxt 0] Parser state 'start': key is 86dd
[12:08:13.578] [bmv2] [T] [thread 30168] [44.0] [cxt 0] Bytes parsed: 14
[12:08:13.578] [bmv2] [D] [thread 30168] [44.0] [cxt 0] Parser 'parser': end
[12:08:13.579] [bmv2] [D] [thread 30168] [44.0] [cxt 0] Pipeline 'ingress': start
[12:08:13.580] [bmv2] [T] [thread 30168] [44.0] [cxt 0] streaming.p4(158) Condition "hdr.ipv4.isValid()" (node_2) is false
[12:08:13.580] [bmv2] [D] [thread 30168] [44.0] [cxt 0] Pipeline 'ingress': end
[12:08:13.580] [bmv2] [D] [thread 30168] [44.0] [cxt 0] Egress port is 0
[12:08:13.581] [bmv2] [D] [thread 30169] [44.0] [cxt 0] Pipeline 'egress': start
[12:08:13.581] [bmv2] [D] [thread 30169] [44.0] [cxt 0] Pipeline 'egress': end
[12:08:13.582] [bmv2] [D] [thread 30169] [44.0] [cxt 0] Deparser 'deparser': start
[12:08:13.582] [bmv2] [D] [thread 30169] [44.0] [cxt 0] Deparsing header 'ethernet'
[12:08:13.583] [bmv2] [D] [thread 30169] [44.0] [cxt 0] Deparser 'deparser': end
[12:08:13.584] [bmv2] [D] [thread 30173] [44.0] [cxt 0] Transmitting packet of size 70 out of port 0
[12:10:08.241] [bmv2] [D] [thread 30168] [45.0] [cxt 0] Processing packet received on port 1
[12:10:08.242] [bmv2] [D] [thread 30168] [45.0] [cxt 0] Parser 'parser': start
[12:10:08.242] [bmv2] [D] [thread 30168] [45.0] [cxt 0] Parser 'parser' entering state 'start'
[12:10:08.243] [bmv2] [D] [thread 30168] [45.0] [cxt 0] Extracting header 'ethernet'
[12:10:08.244] [bmv2] [D] [thread 30168] [45.0] [cxt 0] Parser state 'start': key is 86dd
[12:10:08.244] [bmv2] [T] [thread 30168] [45.0] [cxt 0] Bytes parsed: 14
[12:10:08.245] [bmv2] [D] [thread 30168] [45.0] [cxt 0] Parser 'parser': end
[12:10:08.246] [bmv2] [D] [thread 30168] [45.0] [cxt 0] Pipeline 'ingress': start
[12:10:08.246] [bmv2] [T] [thread 30168] [45.0] [cxt 0] streaming.p4(158) Condition "hdr.ipv4.isValid()" (node_2) is false
[12:10:08.247] [bmv2] [D] [thread 30168] [45.0] [cxt 0] Pipeline 'ingress': end
[12:10:08.247] [bmv2] [D] [thread 30168] [45.0] [cxt 0] Egress port is 0
[12:10:08.248] [bmv2] [D] [thread 30169] [45.0] [cxt 0] Pipeline 'egress': start
[12:10:08.248] [bmv2] [D] [thread 30169] [45.0] [cxt 0] Pipeline 'egress': end
[12:10:08.249] [bmv2] [D] [thread 30169] [45.0] [cxt 0] Deparser 'deparser': start
[12:10:08.249] [bmv2] [D] [thread 30169] [45.0] [cxt 0] Deparsing header 'ethernet'
[12:10:08.250] [bmv2] [D] [thread 30169] [45.0] [cxt 0] Deparser 'deparser': end
[12:10:08.251] [bmv2] [D] [thread 30173] [45.0] [cxt 0] Transmitting packet of size 70 out of port 0
[12:11:46.519] [bmv2] [D] [thread 30168] [46.0] [cxt 0] Processing packet received on port 3
[12:11:46.520] [bmv2] [D] [thread 30168] [46.0] [cxt 0] Parser 'parser': start
[12:11:46.525] [bmv2] [D] [thread 30168] [46.0] [cxt 0] Parser 'parser' entering state 'start'
[12:11:46.525] [bmv2] [D] [thread 30168] [46.0] [cxt 0] Extracting header 'ethernet'
[12:11:46.529] [bmv2] [D] [thread 30168] [46.0] [cxt 0] Parser state 'start': key is 86dd
[12:11:46.531] [bmv2] [T] [thread 30168] [46.0] [cxt 0] Bytes parsed: 14
[12:11:46.532] [bmv2] [D] [thread 30168] [46.0] [cxt 0] Parser 'parser': end
[12:11:46.534] [bmv2] [D] [thread 30168] [46.0] [cxt 0] Pipeline 'ingress': start
[12:11:46.536] [bmv2] [T] [thread 30168] [46.0] [cxt 0] streaming.p4(158) Condition "hdr.ipv4.isValid()" (node_2) is false
[12:11:46.538] [bmv2] [D] [thread 30168] [46.0] [cxt 0] Pipeline 'ingress': end
[12:11:46.540] [bmv2] [D] [thread 30168] [46.0] [cxt 0] Egress port is 0
[12:11:46.542] [bmv2] [D] [thread 30169] [46.0] [cxt 0] Pipeline 'egress': start
[12:11:46.543] [bmv2] [D] [thread 30169] [46.0] [cxt 0] Pipeline 'egress': end
[12:11:46.544] [bmv2] [D] [thread 30169] [46.0] [cxt 0] Deparser 'deparser': start
[12:11:46.546] [bmv2] [D] [thread 30169] [46.0] [cxt 0] Deparsing header 'ethernet'
[12:11:46.546] [bmv2] [D] [thread 30169] [46.0] [cxt 0] Deparser 'deparser': end
[12:11:46.547] [bmv2] [D] [thread 30173] [46.0] [cxt 0] Transmitting packet of size 70 out of port 0
[12:12:02.905] [bmv2] [D] [thread 30168] [47.0] [cxt 0] Processing packet received on port 2
[12:12:02.906] [bmv2] [D] [thread 30168] [47.0] [cxt 0] Parser 'parser': start
[12:12:02.952] [bmv2] [D] [thread 30168] [47.0] [cxt 0] Parser 'parser' entering state 'start'
[12:12:02.955] [bmv2] [D] [thread 30168] [47.0] [cxt 0] Extracting header 'ethernet'
[12:12:02.956] [bmv2] [D] [thread 30168] [47.0] [cxt 0] Parser state 'start': key is 86dd
[12:12:02.961] [bmv2] [T] [thread 30168] [47.0] [cxt 0] Bytes parsed: 14
[12:12:02.962] [bmv2] [D] [thread 30168] [47.0] [cxt 0] Parser 'parser': end
[12:12:02.963] [bmv2] [D] [thread 30168] [47.0] [cxt 0] Pipeline 'ingress': start
[12:12:02.968] [bmv2] [T] [thread 30168] [47.0] [cxt 0] streaming.p4(158) Condition "hdr.ipv4.isValid()" (node_2) is false
[12:12:02.970] [bmv2] [D] [thread 30168] [47.0] [cxt 0] Pipeline 'ingress': end
[12:12:02.972] [bmv2] [D] [thread 30168] [47.0] [cxt 0] Egress port is 0
[12:12:02.976] [bmv2] [D] [thread 30169] [47.0] [cxt 0] Pipeline 'egress': start
[12:12:02.976] [bmv2] [D] [thread 30169] [47.0] [cxt 0] Pipeline 'egress': end
[12:12:02.976] [bmv2] [D] [thread 30169] [47.0] [cxt 0] Deparser 'deparser': start
[12:12:02.977] [bmv2] [D] [thread 30169] [47.0] [cxt 0] Deparsing header 'ethernet'
[12:12:02.977] [bmv2] [D] [thread 30169] [47.0] [cxt 0] Deparser 'deparser': end
[12:12:02.978] [bmv2] [D] [thread 30173] [47.0] [cxt 0] Transmitting packet of size 70 out of port 0
[12:12:19.288] [bmv2] [D] [thread 30168] [48.0] [cxt 0] Processing packet received on port 2
[12:12:19.289] [bmv2] [D] [thread 30168] [48.0] [cxt 0] Parser 'parser': start
[12:12:19.289] [bmv2] [D] [thread 30168] [48.0] [cxt 0] Parser 'parser' entering state 'start'
[12:12:19.290] [bmv2] [D] [thread 30168] [48.0] [cxt 0] Extracting header 'ethernet'
[12:12:19.291] [bmv2] [D] [thread 30168] [48.0] [cxt 0] Parser state 'start': key is 86dd
[12:12:19.291] [bmv2] [T] [thread 30168] [48.0] [cxt 0] Bytes parsed: 14
[12:12:19.292] [bmv2] [D] [thread 30168] [48.0] [cxt 0] Parser 'parser': end
[12:12:19.292] [bmv2] [D] [thread 30168] [48.0] [cxt 0] Pipeline 'ingress': start
[12:12:19.293] [bmv2] [T] [thread 30168] [48.0] [cxt 0] streaming.p4(158) Condition "hdr.ipv4.isValid()" (node_2) is false
[12:12:19.294] [bmv2] [D] [thread 30168] [48.0] [cxt 0] Pipeline 'ingress': end
[12:12:19.294] [bmv2] [D] [thread 30168] [48.0] [cxt 0] Egress port is 0
[12:12:19.295] [bmv2] [D] [thread 30169] [48.0] [cxt 0] Pipeline 'egress': start
[12:12:19.296] [bmv2] [D] [thread 30169] [48.0] [cxt 0] Pipeline 'egress': end
[12:12:19.296] [bmv2] [D] [thread 30169] [48.0] [cxt 0] Deparser 'deparser': start
[12:12:19.297] [bmv2] [D] [thread 30169] [48.0] [cxt 0] Deparsing header 'ethernet'
[12:12:19.298] [bmv2] [D] [thread 30169] [48.0] [cxt 0] Deparser 'deparser': end
[12:12:19.298] [bmv2] [D] [thread 30173] [48.0] [cxt 0] Transmitting packet of size 70 out of port 0
[12:12:52.055] [bmv2] [D] [thread 30168] [49.0] [cxt 0] Processing packet received on port 3
[12:12:52.057] [bmv2] [D] [thread 30168] [49.0] [cxt 0] Parser 'parser': start
[12:12:52.057] [bmv2] [D] [thread 30168] [49.0] [cxt 0] Parser 'parser' entering state 'start'
[12:12:52.058] [bmv2] [D] [thread 30168] [49.0] [cxt 0] Extracting header 'ethernet'
[12:12:52.059] [bmv2] [D] [thread 30168] [49.0] [cxt 0] Parser state 'start': key is 86dd
[12:12:52.059] [bmv2] [T] [thread 30168] [49.0] [cxt 0] Bytes parsed: 14
[12:12:52.060] [bmv2] [D] [thread 30168] [49.0] [cxt 0] Parser 'parser': end
[12:12:52.060] [bmv2] [D] [thread 30168] [49.0] [cxt 0] Pipeline 'ingress': start
[12:12:52.062] [bmv2] [T] [thread 30168] [49.0] [cxt 0] streaming.p4(158) Condition "hdr.ipv4.isValid()" (node_2) is false
[12:12:52.062] [bmv2] [D] [thread 30168] [49.0] [cxt 0] Pipeline 'ingress': end
[12:12:52.063] [bmv2] [D] [thread 30168] [49.0] [cxt 0] Egress port is 0
[12:12:52.064] [bmv2] [D] [thread 30169] [49.0] [cxt 0] Pipeline 'egress': start
[12:12:52.065] [bmv2] [D] [thread 30169] [49.0] [cxt 0] Pipeline 'egress': end
[12:12:52.065] [bmv2] [D] [thread 30169] [49.0] [cxt 0] Deparser 'deparser': start
[12:12:52.066] [bmv2] [D] [thread 30169] [49.0] [cxt 0] Deparsing header 'ethernet'
[12:12:52.066] [bmv2] [D] [thread 30169] [49.0] [cxt 0] Deparser 'deparser': end
[12:12:52.067] [bmv2] [D] [thread 30173] [49.0] [cxt 0] Transmitting packet of size 70 out of port 0
[12:13:24.825] [bmv2] [D] [thread 30168] [50.0] [cxt 0] Processing packet received on port 1
[12:13:24.826] [bmv2] [D] [thread 30168] [50.0] [cxt 0] Parser 'parser': start
[12:13:24.826] [bmv2] [D] [thread 30168] [50.0] [cxt 0] Parser 'parser' entering state 'start'
[12:13:24.826] [bmv2] [D] [thread 30168] [50.0] [cxt 0] Extracting header 'ethernet'
[12:13:24.827] [bmv2] [D] [thread 30168] [50.0] [cxt 0] Parser state 'start': key is 86dd
[12:13:24.828] [bmv2] [T] [thread 30168] [50.0] [cxt 0] Bytes parsed: 14
[12:13:24.828] [bmv2] [D] [thread 30168] [50.0] [cxt 0] Parser 'parser': end
[12:13:24.829] [bmv2] [D] [thread 30168] [50.0] [cxt 0] Pipeline 'ingress': start
[12:13:24.830] [bmv2] [T] [thread 30168] [50.0] [cxt 0] streaming.p4(158) Condition "hdr.ipv4.isValid()" (node_2) is false
[12:13:24.830] [bmv2] [D] [thread 30168] [50.0] [cxt 0] Pipeline 'ingress': end
[12:13:24.831] [bmv2] [D] [thread 30168] [50.0] [cxt 0] Egress port is 0
[12:13:24.833] [bmv2] [D] [thread 30169] [50.0] [cxt 0] Pipeline 'egress': start
[12:13:24.833] [bmv2] [D] [thread 30169] [50.0] [cxt 0] Pipeline 'egress': end
[12:13:24.834] [bmv2] [D] [thread 30169] [50.0] [cxt 0] Deparser 'deparser': start
[12:13:24.834] [bmv2] [D] [thread 30169] [50.0] [cxt 0] Deparsing header 'ethernet'
[12:13:24.835] [bmv2] [D] [thread 30169] [50.0] [cxt 0] Deparser 'deparser': end
[12:13:24.835] [bmv2] [D] [thread 30173] [50.0] [cxt 0] Transmitting packet of size 70 out of port 0
