Calling target program-options parser
[12:03:22.251] [bmv2] [D] [thread 30175] Set default default entry for table 'MyIngress.ipv4_lpm': NoAction - 
Adding interface s5-eth1 as port 1
[12:03:22.254] [bmv2] [D] [thread 30175] Adding interface s5-eth1 as port 1
Adding interface s5-eth2 as port 2
[12:03:22.349] [bmv2] [D] [thread 30175] Adding interface s5-eth2 as port 2
Adding interface s5-eth3 as port 3
[12:03:22.402] [bmv2] [D] [thread 30175] Adding interface s5-eth3 as port 3
Server listening on 0.0.0.0:50055
[12:03:22.457] [bmv2] [I] [thread 30175] Starting Thrift server on port 9094
[12:03:22.458] [bmv2] [I] [thread 30175] Thrift server was started
[12:03:22.678] [bmv2] [D] [thread 30185] [0.0] [cxt 0] Processing packet received on port 2
[12:03:22.678] [bmv2] [D] [thread 30185] [0.0] [cxt 0] Parser 'parser': start
[12:03:22.679] [bmv2] [D] [thread 30185] [0.0] [cxt 0] Parser 'parser' entering state 'start'
[12:03:22.679] [bmv2] [D] [thread 30185] [0.0] [cxt 0] Extracting header 'ethernet'
[12:03:22.679] [bmv2] [D] [thread 30185] [0.0] [cxt 0] Parser state 'start': key is 86dd
[12:03:22.680] [bmv2] [T] [thread 30185] [0.0] [cxt 0] Bytes parsed: 14
[12:03:22.680] [bmv2] [D] [thread 30185] [0.0] [cxt 0] Parser 'parser': end
[12:03:22.681] [bmv2] [D] [thread 30185] [0.0] [cxt 0] Pipeline 'ingress': start
[12:03:22.681] [bmv2] [T] [thread 30185] [0.0] [cxt 0] streaming.p4(158) Condition "hdr.ipv4.isValid()" (node_2) is false
[12:03:22.682] [bmv2] [D] [thread 30185] [0.0] [cxt 0] Pipeline 'ingress': end
[12:03:22.682] [bmv2] [D] [thread 30185] [0.0] [cxt 0] Egress port is 0
[12:03:22.683] [bmv2] [D] [thread 30186] [0.0] [cxt 0] Pipeline 'egress': start
[12:03:22.683] [bmv2] [D] [thread 30186] [0.0] [cxt 0] Pipeline 'egress': end
[12:03:22.684] [bmv2] [D] [thread 30186] [0.0] [cxt 0] Deparser 'deparser': start
[12:03:22.684] [bmv2] [D] [thread 30186] [0.0] [cxt 0] Deparsing header 'ethernet'
[12:03:22.685] [bmv2] [D] [thread 30186] [0.0] [cxt 0] Deparser 'deparser': end
[12:03:22.686] [bmv2] [D] [thread 30190] [0.0] [cxt 0] Transmitting packet of size 207 out of port 0
[12:03:22.832] [bmv2] [D] [thread 30185] [1.0] [cxt 0] Processing packet received on port 3
[12:03:22.832] [bmv2] [D] [thread 30185] [1.0] [cxt 0] Parser 'parser': start
[12:03:22.832] [bmv2] [D] [thread 30185] [1.0] [cxt 0] Parser 'parser' entering state 'start'
[12:03:22.833] [bmv2] [D] [thread 30185] [1.0] [cxt 0] Extracting header 'ethernet'
[12:03:22.833] [bmv2] [D] [thread 30185] [1.0] [cxt 0] Parser state 'start': key is 86dd
[12:03:22.833] [bmv2] [T] [thread 30185] [1.0] [cxt 0] Bytes parsed: 14
[12:03:22.834] [bmv2] [D] [thread 30185] [1.0] [cxt 0] Parser 'parser': end
[12:03:22.834] [bmv2] [D] [thread 30185] [1.0] [cxt 0] Pipeline 'ingress': start
[12:03:22.834] [bmv2] [T] [thread 30185] [1.0] [cxt 0] streaming.p4(158) Condition "hdr.ipv4.isValid()" (node_2) is false
[12:03:22.834] [bmv2] [D] [thread 30185] [1.0] [cxt 0] Pipeline 'ingress': end
[12:03:22.835] [bmv2] [D] [thread 30185] [1.0] [cxt 0] Egress port is 0
[12:03:22.835] [bmv2] [D] [thread 30186] [1.0] [cxt 0] Pipeline 'egress': start
[12:03:22.835] [bmv2] [D] [thread 30186] [1.0] [cxt 0] Pipeline 'egress': end
[12:03:22.836] [bmv2] [D] [thread 30186] [1.0] [cxt 0] Deparser 'deparser': start
[12:03:22.836] [bmv2] [D] [thread 30186] [1.0] [cxt 0] Deparsing header 'ethernet'
[12:03:22.836] [bmv2] [D] [thread 30186] [1.0] [cxt 0] Deparser 'deparser': end
[12:03:22.837] [bmv2] [D] [thread 30190] [1.0] [cxt 0] Transmitting packet of size 207 out of port 0
[12:03:23.989] [bmv2] [D] [thread 30185] [2.0] [cxt 0] Processing packet received on port 1
[12:03:23.990] [bmv2] [D] [thread 30185] [2.0] [cxt 0] Parser 'parser': start
[12:03:23.990] [bmv2] [D] [thread 30185] [2.0] [cxt 0] Parser 'parser' entering state 'start'
[12:03:23.990] [bmv2] [D] [thread 30185] [2.0] [cxt 0] Extracting header 'ethernet'
[12:03:23.992] [bmv2] [D] [thread 30185] [2.0] [cxt 0] Parser state 'start': key is 86dd
[12:03:23.992] [bmv2] [T] [thread 30185] [2.0] [cxt 0] Bytes parsed: 14
[12:03:23.993] [bmv2] [D] [thread 30185] [2.0] [cxt 0] Parser 'parser': end
[12:03:23.993] [bmv2] [D] [thread 30185] [2.0] [cxt 0] Pipeline 'ingress': start
[12:03:23.994] [bmv2] [T] [thread 30185] [2.0] [cxt 0] streaming.p4(158) Condition "hdr.ipv4.isValid()" (node_2) is false
[12:03:23.994] [bmv2] [D] [thread 30185] [2.0] [cxt 0] Pipeline 'ingress': end
[12:03:23.995] [bmv2] [D] [thread 30185] [2.0] [cxt 0] Egress port is 0
[12:03:23.995] [bmv2] [D] [thread 30186] [2.0] [cxt 0] Pipeline 'egress': start
[12:03:23.995] [bmv2] [D] [thread 30186] [2.0] [cxt 0] Pipeline 'egress': end
[12:03:23.996] [bmv2] [D] [thread 30186] [2.0] [cxt 0] Deparser 'deparser': start
[12:03:23.996] [bmv2] [D] [thread 30186] [2.0] [cxt 0] Deparsing header 'ethernet'
[12:03:23.997] [bmv2] [D] [thread 30186] [2.0] [cxt 0] Deparser 'deparser': end
[12:03:23.998] [bmv2] [D] [thread 30190] [2.0] [cxt 0] Transmitting packet of size 70 out of port 0
[12:03:24.177] [bmv2] [D] [thread 30185] [3.0] [cxt 0] Processing packet received on port 1
[12:03:24.178] [bmv2] [D] [thread 30185] [3.0] [cxt 0] Parser 'parser': start
[12:03:24.178] [bmv2] [D] [thread 30185] [3.0] [cxt 0] Parser 'parser' entering state 'start'
[12:03:24.178] [bmv2] [D] [thread 30185] [3.0] [cxt 0] Extracting header 'ethernet'
[12:03:24.179] [bmv2] [D] [thread 30185] [3.0] [cxt 0] Parser state 'start': key is 86dd
[12:03:24.179] [bmv2] [T] [thread 30185] [3.0] [cxt 0] Bytes parsed: 14
[12:03:24.180] [bmv2] [D] [thread 30185] [3.0] [cxt 0] Parser 'parser': end
[12:03:24.180] [bmv2] [D] [thread 30185] [3.0] [cxt 0] Pipeline 'ingress': start
[12:03:24.181] [bmv2] [T] [thread 30185] [3.0] [cxt 0] streaming.p4(158) Condition "hdr.ipv4.isValid()" (node_2) is false
[12:03:24.181] [bmv2] [D] [thread 30185] [3.0] [cxt 0] Pipeline 'ingress': end
[12:03:24.181] [bmv2] [D] [thread 30185] [3.0] [cxt 0] Egress port is 0
[12:03:24.182] [bmv2] [D] [thread 30186] [3.0] [cxt 0] Pipeline 'egress': start
[12:03:24.182] [bmv2] [D] [thread 30186] [3.0] [cxt 0] Pipeline 'egress': end
[12:03:24.182] [bmv2] [D] [thread 30186] [3.0] [cxt 0] Deparser 'deparser': start
[12:03:24.183] [bmv2] [D] [thread 30186] [3.0] [cxt 0] Deparsing header 'ethernet'
[12:03:24.183] [bmv2] [D] [thread 30186] [3.0] [cxt 0] Deparser 'deparser': end
[12:03:24.183] [bmv2] [D] [thread 30190] [3.0] [cxt 0] Transmitting packet of size 207 out of port 0
[12:03:24.340] [bmv2] [D] [thread 30185] [4.0] [cxt 0] Processing packet received on port 2
[12:03:24.341] [bmv2] [D] [thread 30185] [4.0] [cxt 0] Parser 'parser': start
[12:03:24.341] [bmv2] [D] [thread 30185] [4.0] [cxt 0] Parser 'parser' entering state 'start'
[12:03:24.342] [bmv2] [D] [thread 30185] [4.0] [cxt 0] Extracting header 'ethernet'
[12:03:24.343] [bmv2] [D] [thread 30185] [4.0] [cxt 0] Parser state 'start': key is 86dd
[12:03:24.343] [bmv2] [T] [thread 30185] [4.0] [cxt 0] Bytes parsed: 14
[12:03:24.343] [bmv2] [D] [thread 30185] [4.0] [cxt 0] Parser 'parser': end
[12:03:24.344] [bmv2] [D] [thread 30185] [4.0] [cxt 0] Pipeline 'ingress': start
[12:03:24.344] [bmv2] [T] [thread 30185] [4.0] [cxt 0] streaming.p4(158) Condition "hdr.ipv4.isValid()" (node_2) is false
[12:03:24.345] [bmv2] [D] [thread 30185] [4.0] [cxt 0] Pipeline 'ingress': end
[12:03:24.345] [bmv2] [D] [thread 30185] [4.0] [cxt 0] Egress port is 0
[12:03:24.346] [bmv2] [D] [thread 30186] [4.0] [cxt 0] Pipeline 'egress': start
[12:03:24.346] [bmv2] [D] [thread 30186] [4.0] [cxt 0] Pipeline 'egress': end
[12:03:24.347] [bmv2] [D] [thread 30186] [4.0] [cxt 0] Deparser 'deparser': start
[12:03:24.347] [bmv2] [D] [thread 30186] [4.0] [cxt 0] Deparsing header 'ethernet'
[12:03:24.348] [bmv2] [D] [thread 30186] [4.0] [cxt 0] Deparser 'deparser': end
[12:03:24.348] [bmv2] [D] [thread 30190] [4.0] [cxt 0] Transmitting packet of size 207 out of port 0
[12:03:24.441] [bmv2] [D] [thread 30185] [5.0] [cxt 0] Processing packet received on port 3
[12:03:24.442] [bmv2] [D] [thread 30185] [5.0] [cxt 0] Parser 'parser': start
[12:03:24.442] [bmv2] [D] [thread 30185] [5.0] [cxt 0] Parser 'parser' entering state 'start'
[12:03:24.445] [bmv2] [D] [thread 30185] [5.0] [cxt 0] Extracting header 'ethernet'
[12:03:24.446] [bmv2] [D] [thread 30185] [5.0] [cxt 0] Parser state 'start': key is 86dd
[12:03:24.449] [bmv2] [T] [thread 30185] [5.0] [cxt 0] Bytes parsed: 14
[12:03:24.451] [bmv2] [D] [thread 30185] [5.0] [cxt 0] Parser 'parser': end
[12:03:24.451] [bmv2] [D] [thread 30185] [5.0] [cxt 0] Pipeline 'ingress': start
[12:03:24.452] [bmv2] [T] [thread 30185] [5.0] [cxt 0] streaming.p4(158) Condition "hdr.ipv4.isValid()" (node_2) is false
[12:03:24.452] [bmv2] [D] [thread 30185] [5.0] [cxt 0] Pipeline 'ingress': end
[12:03:24.453] [bmv2] [D] [thread 30185] [5.0] [cxt 0] Egress port is 0
[12:03:24.453] [bmv2] [D] [thread 30186] [5.0] [cxt 0] Pipeline 'egress': start
[12:03:24.454] [bmv2] [D] [thread 30186] [5.0] [cxt 0] Pipeline 'egress': end
[12:03:24.454] [bmv2] [D] [thread 30186] [5.0] [cxt 0] Deparser 'deparser': start
[12:03:24.455] [bmv2] [D] [thread 30186] [5.0] [cxt 0] Deparsing header 'ethernet'
[12:03:24.455] [bmv2] [D] [thread 30186] [5.0] [cxt 0] Deparser 'deparser': end
[12:03:24.456] [bmv2] [D] [thread 30190] [5.0] [cxt 0] Transmitting packet of size 207 out of port 0
[12:03:24.509] [bmv2] [D] [thread 30185] [6.0] [cxt 0] Processing packet received on port 3
[12:03:24.512] [bmv2] [D] [thread 30185] [6.0] [cxt 0] Parser 'parser': start
[12:03:24.513] [bmv2] [D] [thread 30185] [6.0] [cxt 0] Parser 'parser' entering state 'start'
[12:03:24.515] [bmv2] [D] [thread 30185] [6.0] [cxt 0] Extracting header 'ethernet'
[12:03:24.516] [bmv2] [D] [thread 30185] [6.0] [cxt 0] Parser state 'start': key is 86dd
[12:03:24.518] [bmv2] [T] [thread 30185] [6.0] [cxt 0] Bytes parsed: 14
[12:03:24.521] [bmv2] [D] [thread 30185] [6.0] [cxt 0] Parser 'parser': end
[12:03:24.522] [bmv2] [D] [thread 30185] [6.0] [cxt 0] Pipeline 'ingress': start
[12:03:24.523] [bmv2] [T] [thread 30185] [6.0] [cxt 0] streaming.p4(158) Condition "hdr.ipv4.isValid()" (node_2) is false
[12:03:24.525] [bmv2] [D] [thread 30185] [6.0] [cxt 0] Pipeline 'ingress': end
[12:03:24.526] [bmv2] [D] [thread 30185] [6.0] [cxt 0] Egress port is 0
[12:03:24.529] [bmv2] [D] [thread 30186] [6.0] [cxt 0] Pipeline 'egress': start
[12:03:24.529] [bmv2] [D] [thread 30186] [6.0] [cxt 0] Pipeline 'egress': end
[12:03:24.530] [bmv2] [D] [thread 30186] [6.0] [cxt 0] Deparser 'deparser': start
[12:03:24.530] [bmv2] [D] [thread 30186] [6.0] [cxt 0] Deparsing header 'ethernet'
[12:03:24.531] [bmv2] [D] [thread 30186] [6.0] [cxt 0] Deparser 'deparser': end
[12:03:24.531] [bmv2] [D] [thread 30190] [6.0] [cxt 0] Transmitting packet of size 70 out of port 0
[12:03:24.531] [bmv2] [D] [thread 30185] [7.0] [cxt 0] Processing packet received on port 1
[12:03:24.532] [bmv2] [D] [thread 30185] [7.0] [cxt 0] Parser 'parser': start
[12:03:24.533] [bmv2] [D] [thread 30185] [7.0] [cxt 0] Parser 'parser' entering state 'start'
[12:03:24.533] [bmv2] [D] [thread 30185] [7.0] [cxt 0] Extracting header 'ethernet'
[12:03:24.535] [bmv2] [D] [thread 30185] [7.0] [cxt 0] Parser state 'start': key is 86dd
[12:03:24.537] [bmv2] [T] [thread 30185] [7.0] [cxt 0] Bytes parsed: 14
[12:03:24.537] [bmv2] [D] [thread 30185] [7.0] [cxt 0] Parser 'parser': end
[12:03:24.538] [bmv2] [D] [thread 30185] [7.0] [cxt 0] Pipeline 'ingress': start
[12:03:24.542] [bmv2] [T] [thread 30185] [7.0] [cxt 0] streaming.p4(158) Condition "hdr.ipv4.isValid()" (node_2) is false
[12:03:24.542] [bmv2] [D] [thread 30185] [7.0] [cxt 0] Pipeline 'ingress': end
[12:03:24.543] [bmv2] [D] [thread 30185] [7.0] [cxt 0] Egress port is 0
[12:03:24.543] [bmv2] [D] [thread 30186] [7.0] [cxt 0] Pipeline 'egress': start
[12:03:24.544] [bmv2] [D] [thread 30186] [7.0] [cxt 0] Pipeline 'egress': end
[12:03:24.544] [bmv2] [D] [thread 30186] [7.0] [cxt 0] Deparser 'deparser': start
[12:03:24.544] [bmv2] [D] [thread 30186] [7.0] [cxt 0] Deparsing header 'ethernet'
[12:03:24.545] [bmv2] [D] [thread 30186] [7.0] [cxt 0] Deparser 'deparser': end
[12:03:24.545] [bmv2] [D] [thread 30190] [7.0] [cxt 0] Transmitting packet of size 70 out of port 0
[12:03:24.543] [bmv2] [D] [thread 30185] [8.0] [cxt 0] Processing packet received on port 3
[12:03:24.546] [bmv2] [D] [thread 30185] [8.0] [cxt 0] Parser 'parser': start
[12:03:24.547] [bmv2] [D] [thread 30185] [8.0] [cxt 0] Parser 'parser' entering state 'start'
[12:03:24.548] [bmv2] [D] [thread 30185] [8.0] [cxt 0] Extracting header 'ethernet'
[12:03:24.548] [bmv2] [D] [thread 30185] [8.0] [cxt 0] Parser state 'start': key is 86dd
[12:03:24.548] [bmv2] [T] [thread 30185] [8.0] [cxt 0] Bytes parsed: 14
[12:03:24.549] [bmv2] [D] [thread 30185] [8.0] [cxt 0] Parser 'parser': end
[12:03:24.550] [bmv2] [D] [thread 30185] [8.0] [cxt 0] Pipeline 'ingress': start
[12:03:24.551] [bmv2] [T] [thread 30185] [8.0] [cxt 0] streaming.p4(158) Condition "hdr.ipv4.isValid()" (node_2) is false
[12:03:24.551] [bmv2] [D] [thread 30185] [8.0] [cxt 0] Pipeline 'ingress': end
[12:03:24.552] [bmv2] [D] [thread 30185] [8.0] [cxt 0] Egress port is 0
[12:03:24.553] [bmv2] [D] [thread 30186] [8.0] [cxt 0] Pipeline 'egress': start
[12:03:24.553] [bmv2] [D] [thread 30186] [8.0] [cxt 0] Pipeline 'egress': end
[12:03:24.554] [bmv2] [D] [thread 30186] [8.0] [cxt 0] Deparser 'deparser': start
[12:03:24.554] [bmv2] [D] [thread 30186] [8.0] [cxt 0] Deparsing header 'ethernet'
[12:03:24.555] [bmv2] [D] [thread 30186] [8.0] [cxt 0] Deparser 'deparser': end
[12:03:24.555] [bmv2] [D] [thread 30190] [8.0] [cxt 0] Transmitting packet of size 70 out of port 0
[12:03:24.553] [bmv2] [D] [thread 30185] [9.0] [cxt 0] Processing packet received on port 2
[12:03:24.557] [bmv2] [D] [thread 30185] [9.0] [cxt 0] Parser 'parser': start
[12:03:24.557] [bmv2] [D] [thread 30185] [9.0] [cxt 0] Parser 'parser' entering state 'start'
[12:03:24.557] [bmv2] [D] [thread 30185] [9.0] [cxt 0] Extracting header 'ethernet'
[12:03:24.558] [bmv2] [D] [thread 30185] [9.0] [cxt 0] Parser state 'start': key is 86dd
[12:03:24.559] [bmv2] [T] [thread 30185] [9.0] [cxt 0] Bytes parsed: 14
[12:03:24.559] [bmv2] [D] [thread 30185] [9.0] [cxt 0] Parser 'parser': end
[12:03:24.560] [bmv2] [D] [thread 30185] [9.0] [cxt 0] Pipeline 'ingress': start
[12:03:24.561] [bmv2] [T] [thread 30185] [9.0] [cxt 0] streaming.p4(158) Condition "hdr.ipv4.isValid()" (node_2) is false
[12:03:24.561] [bmv2] [D] [thread 30185] [9.0] [cxt 0] Pipeline 'ingress': end
[12:03:24.562] [bmv2] [D] [thread 30185] [9.0] [cxt 0] Egress port is 0
[12:03:24.562] [bmv2] [D] [thread 30186] [9.0] [cxt 0] Pipeline 'egress': start
[12:03:24.563] [bmv2] [D] [thread 30186] [9.0] [cxt 0] Pipeline 'egress': end
[12:03:24.563] [bmv2] [D] [thread 30186] [9.0] [cxt 0] Deparser 'deparser': start
[12:03:24.564] [bmv2] [D] [thread 30186] [9.0] [cxt 0] Deparsing header 'ethernet'
[12:03:24.564] [bmv2] [D] [thread 30186] [9.0] [cxt 0] Deparser 'deparser': end
[12:03:24.565] [bmv2] [D] [thread 30190] [9.0] [cxt 0] Transmitting packet of size 70 out of port 0
[12:03:24.563] [bmv2] [D] [thread 30185] [10.0] [cxt 0] Processing packet received on port 2
[12:03:24.566] [bmv2] [D] [thread 30185] [10.0] [cxt 0] Parser 'parser': start
[12:03:24.567] [bmv2] [D] [thread 30185] [10.0] [cxt 0] Parser 'parser' entering state 'start'
[12:03:24.567] [bmv2] [D] [thread 30185] [10.0] [cxt 0] Extracting header 'ethernet'
[12:03:24.568] [bmv2] [D] [thread 30185] [10.0] [cxt 0] Parser state 'start': key is 86dd
[12:03:24.569] [bmv2] [T] [thread 30185] [10.0] [cxt 0] Bytes parsed: 14
[12:03:24.569] [bmv2] [D] [thread 30185] [10.0] [cxt 0] Parser 'parser': end
[12:03:24.570] [bmv2] [D] [thread 30185] [10.0] [cxt 0] Pipeline 'ingress': start
[12:03:24.571] [bmv2] [T] [thread 30185] [10.0] [cxt 0] streaming.p4(158) Condition "hdr.ipv4.isValid()" (node_2) is false
[12:03:24.571] [bmv2] [D] [thread 30185] [10.0] [cxt 0] Pipeline 'ingress': end
[12:03:24.571] [bmv2] [D] [thread 30185] [10.0] [cxt 0] Egress port is 0
[12:03:24.572] [bmv2] [D] [thread 30186] [10.0] [cxt 0] Pipeline 'egress': start
[12:03:24.573] [bmv2] [D] [thread 30186] [10.0] [cxt 0] Pipeline 'egress': end
[12:03:24.573] [bmv2] [D] [thread 30186] [10.0] [cxt 0] Deparser 'deparser': start
[12:03:24.574] [bmv2] [D] [thread 30186] [10.0] [cxt 0] Deparsing header 'ethernet'
[12:03:24.574] [bmv2] [D] [thread 30186] [10.0] [cxt 0] Deparser 'deparser': end
[12:03:24.575] [bmv2] [D] [thread 30190] [10.0] [cxt 0] Transmitting packet of size 70 out of port 0
[12:03:24.572] [bmv2] [D] [thread 30185] [11.0] [cxt 0] Processing packet received on port 1
[12:03:24.576] [bmv2] [D] [thread 30185] [11.0] [cxt 0] Parser 'parser': start
[12:03:24.577] [bmv2] [D] [thread 30185] [11.0] [cxt 0] Parser 'parser' entering state 'start'
[12:03:24.577] [bmv2] [D] [thread 30185] [11.0] [cxt 0] Extracting header 'ethernet'
[12:03:24.578] [bmv2] [D] [thread 30185] [11.0] [cxt 0] Parser state 'start': key is 86dd
[12:03:24.578] [bmv2] [T] [thread 30185] [11.0] [cxt 0] Bytes parsed: 14
[12:03:24.579] [bmv2] [D] [thread 30185] [11.0] [cxt 0] Parser 'parser': end
[12:03:24.579] [bmv2] [D] [thread 30185] [11.0] [cxt 0] Pipeline 'ingress': start
[12:03:24.580] [bmv2] [T] [thread 30185] [11.0] [cxt 0] streaming.p4(158) Condition "hdr.ipv4.isValid()" (node_2) is false
[12:03:24.580] [bmv2] [D] [thread 30185] [11.0] [cxt 0] Pipeline 'ingress': end
[12:03:24.581] [bmv2] [D] [thread 30185] [11.0] [cxt 0] Egress port is 0
[12:03:24.581] [bmv2] [D] [thread 30186] [11.0] [cxt 0] Pipeline 'egress': start
[12:03:24.582] [bmv2] [D] [thread 30186] [11.0] [cxt 0] Pipeline 'egress': end
[12:03:24.583] [bmv2] [D] [thread 30186] [11.0] [cxt 0] Deparser 'deparser': start
[12:03:24.583] [bmv2] [D] [thread 30186] [11.0] [cxt 0] Deparsing header 'ethernet'
[12:03:24.584] [bmv2] [D] [thread 30186] [11.0] [cxt 0] Deparser 'deparser': end
[12:03:24.584] [bmv2] [D] [thread 30190] [11.0] [cxt 0] Transmitting packet of size 207 out of port 0
[12:03:24.880] [bmv2] [D] [thread 30185] [12.0] [cxt 0] Processing packet received on port 2
[12:03:24.881] [bmv2] [D] [thread 30185] [12.0] [cxt 0] Parser 'parser': start
[12:03:24.881] [bmv2] [D] [thread 30185] [12.0] [cxt 0] Parser 'parser' entering state 'start'
[12:03:24.882] [bmv2] [D] [thread 30185] [12.0] [cxt 0] Extracting header 'ethernet'
[12:03:24.883] [bmv2] [D] [thread 30185] [12.0] [cxt 0] Parser state 'start': key is 86dd
[12:03:24.883] [bmv2] [T] [thread 30185] [12.0] [cxt 0] Bytes parsed: 14
[12:03:24.884] [bmv2] [D] [thread 30185] [12.0] [cxt 0] Parser 'parser': end
[12:03:24.885] [bmv2] [D] [thread 30185] [12.0] [cxt 0] Pipeline 'ingress': start
[12:03:24.888] [bmv2] [T] [thread 30185] [12.0] [cxt 0] streaming.p4(158) Condition "hdr.ipv4.isValid()" (node_2) is false
[12:03:24.889] [bmv2] [D] [thread 30185] [12.0] [cxt 0] Pipeline 'ingress': end
[12:03:24.890] [bmv2] [D] [thread 30185] [12.0] [cxt 0] Egress port is 0
[12:03:24.890] [bmv2] [D] [thread 30186] [12.0] [cxt 0] Pipeline 'egress': start
[12:03:24.891] [bmv2] [D] [thread 30186] [12.0] [cxt 0] Pipeline 'egress': end
[12:03:24.891] [bmv2] [D] [thread 30186] [12.0] [cxt 0] Deparser 'deparser': start
[12:03:24.892] [bmv2] [D] [thread 30186] [12.0] [cxt 0] Deparsing header 'ethernet'
[12:03:24.893] [bmv2] [D] [thread 30186] [12.0] [cxt 0] Deparser 'deparser': end
[12:03:24.893] [bmv2] [D] [thread 30190] [12.0] [cxt 0] Transmitting packet of size 207 out of port 0
[12:03:25.038] [bmv2] [D] [thread 30185] [13.0] [cxt 0] Processing packet received on port 3
[12:03:25.039] [bmv2] [D] [thread 30185] [13.0] [cxt 0] Parser 'parser': start
[12:03:25.040] [bmv2] [D] [thread 30185] [13.0] [cxt 0] Parser 'parser' entering state 'start'
[12:03:25.040] [bmv2] [D] [thread 30185] [13.0] [cxt 0] Extracting header 'ethernet'
[12:03:25.041] [bmv2] [D] [thread 30185] [13.0] [cxt 0] Parser state 'start': key is 86dd
[12:03:25.042] [bmv2] [T] [thread 30185] [13.0] [cxt 0] Bytes parsed: 14
[12:03:25.043] [bmv2] [D] [thread 30185] [13.0] [cxt 0] Parser 'parser': end
[12:03:25.043] [bmv2] [D] [thread 30185] [13.0] [cxt 0] Pipeline 'ingress': start
[12:03:25.044] [bmv2] [T] [thread 30185] [13.0] [cxt 0] streaming.p4(158) Condition "hdr.ipv4.isValid()" (node_2) is false
[12:03:25.044] [bmv2] [D] [thread 30185] [13.0] [cxt 0] Pipeline 'ingress': end
[12:03:25.045] [bmv2] [D] [thread 30185] [13.0] [cxt 0] Egress port is 0
[12:03:25.046] [bmv2] [D] [thread 30186] [13.0] [cxt 0] Pipeline 'egress': start
[12:03:25.046] [bmv2] [D] [thread 30186] [13.0] [cxt 0] Pipeline 'egress': end
[12:03:25.047] [bmv2] [D] [thread 30186] [13.0] [cxt 0] Deparser 'deparser': start
[12:03:25.047] [bmv2] [D] [thread 30186] [13.0] [cxt 0] Deparsing header 'ethernet'
[12:03:25.048] [bmv2] [D] [thread 30186] [13.0] [cxt 0] Deparser 'deparser': end
[12:03:25.048] [bmv2] [D] [thread 30190] [13.0] [cxt 0] Transmitting packet of size 207 out of port 0
New connection
P4Runtime SetForwardingPipelineConfig
[12:03:25.799] [bmv2] [W] [thread 30283] [P4Runtime] p4::tmp::P4DeviceConfig is deprecated
[12:03:25.807] [bmv2] [D] [thread 30283] Set default default entry for table 'MyIngress.ipv4_lpm': NoAction - 
[12:03:25.812] [bmv2] [D] [thread 30283] simple_switch target has been notified of a config swap
Connection removed
[12:03:31.933] [bmv2] [D] [thread 30185] [14.0] [cxt 0] Processing packet received on port 2
[12:03:31.934] [bmv2] [D] [thread 30185] [14.0] [cxt 0] Parser 'parser': start
[12:03:31.936] [bmv2] [D] [thread 30185] [14.0] [cxt 0] Parser 'parser' entering state 'start'
[12:03:31.937] [bmv2] [D] [thread 30185] [14.0] [cxt 0] Extracting header 'ethernet'
[12:03:31.938] [bmv2] [D] [thread 30185] [14.0] [cxt 0] Parser state 'start': key is 86dd
[12:03:31.939] [bmv2] [T] [thread 30185] [14.0] [cxt 0] Bytes parsed: 14
[12:03:31.942] [bmv2] [D] [thread 30185] [14.0] [cxt 0] Parser 'parser': end
[12:03:31.942] [bmv2] [D] [thread 30185] [14.0] [cxt 0] Pipeline 'ingress': start
[12:03:31.943] [bmv2] [T] [thread 30185] [14.0] [cxt 0] streaming.p4(158) Condition "hdr.ipv4.isValid()" (node_2) is false
[12:03:31.944] [bmv2] [D] [thread 30185] [14.0] [cxt 0] Pipeline 'ingress': end
[12:03:31.945] [bmv2] [D] [thread 30185] [14.0] [cxt 0] Egress port is 0
[12:03:31.945] [bmv2] [D] [thread 30186] [14.0] [cxt 0] Pipeline 'egress': start
[12:03:31.946] [bmv2] [D] [thread 30186] [14.0] [cxt 0] Pipeline 'egress': end
[12:03:31.946] [bmv2] [D] [thread 30186] [14.0] [cxt 0] Deparser 'deparser': start
[12:03:31.947] [bmv2] [D] [thread 30186] [14.0] [cxt 0] Deparsing header 'ethernet'
[12:03:31.947] [bmv2] [D] [thread 30186] [14.0] [cxt 0] Deparser 'deparser': end
[12:03:31.948] [bmv2] [D] [thread 30190] [14.0] [cxt 0] Transmitting packet of size 70 out of port 0
[12:03:32.439] [bmv2] [D] [thread 30185] [15.0] [cxt 0] Processing packet received on port 1
[12:03:32.443] [bmv2] [D] [thread 30185] [15.0] [cxt 0] Parser 'parser': start
[12:03:32.445] [bmv2] [D] [thread 30185] [15.0] [cxt 0] Parser 'parser' entering state 'start'
[12:03:32.445] [bmv2] [D] [thread 30185] [15.0] [cxt 0] Extracting header 'ethernet'
[12:03:32.446] [bmv2] [D] [thread 30185] [15.0] [cxt 0] Parser state 'start': key is 86dd
[12:03:32.446] [bmv2] [T] [thread 30185] [15.0] [cxt 0] Bytes parsed: 14
[12:03:32.447] [bmv2] [D] [thread 30185] [15.0] [cxt 0] Parser 'parser': end
[12:03:32.447] [bmv2] [D] [thread 30185] [15.0] [cxt 0] Pipeline 'ingress': start
[12:03:32.448] [bmv2] [T] [thread 30185] [15.0] [cxt 0] streaming.p4(158) Condition "hdr.ipv4.isValid()" (node_2) is false
[12:03:32.448] [bmv2] [D] [thread 30185] [15.0] [cxt 0] Pipeline 'ingress': end
[12:03:32.449] [bmv2] [D] [thread 30185] [15.0] [cxt 0] Egress port is 0
[12:03:32.450] [bmv2] [D] [thread 30186] [15.0] [cxt 0] Pipeline 'egress': start
[12:03:32.451] [bmv2] [D] [thread 30186] [15.0] [cxt 0] Pipeline 'egress': end
[12:03:32.452] [bmv2] [D] [thread 30186] [15.0] [cxt 0] Deparser 'deparser': start
[12:03:32.453] [bmv2] [D] [thread 30186] [15.0] [cxt 0] Deparsing header 'ethernet'
[12:03:32.454] [bmv2] [D] [thread 30186] [15.0] [cxt 0] Deparser 'deparser': end
[12:03:32.454] [bmv2] [D] [thread 30190] [15.0] [cxt 0] Transmitting packet of size 70 out of port 0
[12:03:32.450] [bmv2] [D] [thread 30185] [16.0] [cxt 0] Processing packet received on port 3
[12:03:32.455] [bmv2] [D] [thread 30185] [16.0] [cxt 0] Parser 'parser': start
[12:03:32.456] [bmv2] [D] [thread 30185] [16.0] [cxt 0] Parser 'parser' entering state 'start'
[12:03:32.456] [bmv2] [D] [thread 30185] [16.0] [cxt 0] Extracting header 'ethernet'
[12:03:32.457] [bmv2] [D] [thread 30185] [16.0] [cxt 0] Parser state 'start': key is 86dd
[12:03:32.458] [bmv2] [T] [thread 30185] [16.0] [cxt 0] Bytes parsed: 14
[12:03:32.459] [bmv2] [D] [thread 30185] [16.0] [cxt 0] Parser 'parser': end
[12:03:32.459] [bmv2] [D] [thread 30185] [16.0] [cxt 0] Pipeline 'ingress': start
[12:03:32.461] [bmv2] [T] [thread 30185] [16.0] [cxt 0] streaming.p4(158) Condition "hdr.ipv4.isValid()" (node_2) is false
[12:03:32.463] [bmv2] [D] [thread 30185] [16.0] [cxt 0] Pipeline 'ingress': end
[12:03:32.464] [bmv2] [D] [thread 30185] [16.0] [cxt 0] Egress port is 0
[12:03:32.464] [bmv2] [D] [thread 30186] [16.0] [cxt 0] Pipeline 'egress': start
[12:03:32.465] [bmv2] [D] [thread 30186] [16.0] [cxt 0] Pipeline 'egress': end
[12:03:32.465] [bmv2] [D] [thread 30186] [16.0] [cxt 0] Deparser 'deparser': start
[12:03:32.466] [bmv2] [D] [thread 30186] [16.0] [cxt 0] Deparsing header 'ethernet'
[12:03:32.466] [bmv2] [D] [thread 30186] [16.0] [cxt 0] Deparser 'deparser': end
[12:03:32.467] [bmv2] [D] [thread 30190] [16.0] [cxt 0] Transmitting packet of size 70 out of port 0
[12:03:32.693] [bmv2] [D] [thread 30185] [17.0] [cxt 0] Processing packet received on port 1
[12:03:32.694] [bmv2] [D] [thread 30185] [17.0] [cxt 0] Parser 'parser': start
[12:03:32.694] [bmv2] [D] [thread 30185] [17.0] [cxt 0] Parser 'parser' entering state 'start'
[12:03:32.695] [bmv2] [D] [thread 30185] [17.0] [cxt 0] Extracting header 'ethernet'
[12:03:32.695] [bmv2] [D] [thread 30185] [17.0] [cxt 0] Parser state 'start': key is 86dd
[12:03:32.695] [bmv2] [T] [thread 30185] [17.0] [cxt 0] Bytes parsed: 14
[12:03:32.696] [bmv2] [D] [thread 30185] [17.0] [cxt 0] Parser 'parser': end
[12:03:32.696] [bmv2] [D] [thread 30185] [17.0] [cxt 0] Pipeline 'ingress': start
[12:03:32.697] [bmv2] [T] [thread 30185] [17.0] [cxt 0] streaming.p4(158) Condition "hdr.ipv4.isValid()" (node_2) is false
[12:03:32.697] [bmv2] [D] [thread 30185] [17.0] [cxt 0] Pipeline 'ingress': end
[12:03:32.698] [bmv2] [D] [thread 30185] [17.0] [cxt 0] Egress port is 0
[12:03:32.699] [bmv2] [D] [thread 30186] [17.0] [cxt 0] Pipeline 'egress': start
[12:03:32.699] [bmv2] [D] [thread 30186] [17.0] [cxt 0] Pipeline 'egress': end
[12:03:32.700] [bmv2] [D] [thread 30186] [17.0] [cxt 0] Deparser 'deparser': start
[12:03:32.700] [bmv2] [D] [thread 30186] [17.0] [cxt 0] Deparsing header 'ethernet'
[12:03:32.700] [bmv2] [D] [thread 30186] [17.0] [cxt 0] Deparser 'deparser': end
[12:03:32.701] [bmv2] [D] [thread 30190] [17.0] [cxt 0] Transmitting packet of size 70 out of port 0
[12:03:32.950] [bmv2] [D] [thread 30185] [18.0] [cxt 0] Processing packet received on port 3
[12:03:32.950] [bmv2] [D] [thread 30185] [18.0] [cxt 0] Parser 'parser': start
[12:03:32.951] [bmv2] [D] [thread 30185] [18.0] [cxt 0] Parser 'parser' entering state 'start'
[12:03:32.951] [bmv2] [D] [thread 30185] [18.0] [cxt 0] Extracting header 'ethernet'
[12:03:32.952] [bmv2] [D] [thread 30185] [18.0] [cxt 0] Parser state 'start': key is 86dd
[12:03:32.952] [bmv2] [T] [thread 30185] [18.0] [cxt 0] Bytes parsed: 14
[12:03:32.953] [bmv2] [D] [thread 30185] [18.0] [cxt 0] Parser 'parser': end
[12:03:32.953] [bmv2] [D] [thread 30185] [18.0] [cxt 0] Pipeline 'ingress': start
[12:03:32.954] [bmv2] [T] [thread 30185] [18.0] [cxt 0] streaming.p4(158) Condition "hdr.ipv4.isValid()" (node_2) is false
[12:03:32.954] [bmv2] [D] [thread 30185] [18.0] [cxt 0] Pipeline 'ingress': end
[12:03:32.954] [bmv2] [D] [thread 30185] [18.0] [cxt 0] Egress port is 0
[12:03:32.955] [bmv2] [D] [thread 30186] [18.0] [cxt 0] Pipeline 'egress': start
[12:03:32.955] [bmv2] [D] [thread 30186] [18.0] [cxt 0] Pipeline 'egress': end
[12:03:32.956] [bmv2] [D] [thread 30186] [18.0] [cxt 0] Deparser 'deparser': start
[12:03:32.956] [bmv2] [D] [thread 30186] [18.0] [cxt 0] Deparsing header 'ethernet'
[12:03:32.957] [bmv2] [D] [thread 30186] [18.0] [cxt 0] Deparser 'deparser': end
[12:03:32.957] [bmv2] [D] [thread 30190] [18.0] [cxt 0] Transmitting packet of size 70 out of port 0
[12:03:33.470] [bmv2] [D] [thread 30185] [19.0] [cxt 0] Processing packet received on port 2
[12:03:33.471] [bmv2] [D] [thread 30185] [19.0] [cxt 0] Parser 'parser': start
[12:03:33.471] [bmv2] [D] [thread 30185] [19.0] [cxt 0] Parser 'parser' entering state 'start'
[12:03:33.472] [bmv2] [D] [thread 30185] [19.0] [cxt 0] Extracting header 'ethernet'
[12:03:33.473] [bmv2] [D] [thread 30185] [19.0] [cxt 0] Parser state 'start': key is 86dd
[12:03:33.473] [bmv2] [T] [thread 30185] [19.0] [cxt 0] Bytes parsed: 14
[12:03:33.474] [bmv2] [D] [thread 30185] [19.0] [cxt 0] Parser 'parser': end
[12:03:33.474] [bmv2] [D] [thread 30185] [19.0] [cxt 0] Pipeline 'ingress': start
[12:03:33.475] [bmv2] [T] [thread 30185] [19.0] [cxt 0] streaming.p4(158) Condition "hdr.ipv4.isValid()" (node_2) is false
[12:03:33.475] [bmv2] [D] [thread 30185] [19.0] [cxt 0] Pipeline 'ingress': end
[12:03:33.476] [bmv2] [D] [thread 30185] [19.0] [cxt 0] Egress port is 0
[12:03:33.477] [bmv2] [D] [thread 30186] [19.0] [cxt 0] Pipeline 'egress': start
[12:03:33.477] [bmv2] [D] [thread 30186] [19.0] [cxt 0] Pipeline 'egress': end
[12:03:33.478] [bmv2] [D] [thread 30186] [19.0] [cxt 0] Deparser 'deparser': start
[12:03:33.478] [bmv2] [D] [thread 30186] [19.0] [cxt 0] Deparsing header 'ethernet'
[12:03:33.479] [bmv2] [D] [thread 30186] [19.0] [cxt 0] Deparser 'deparser': end
[12:03:33.479] [bmv2] [D] [thread 30190] [19.0] [cxt 0] Transmitting packet of size 70 out of port 0
[12:03:46.523] [bmv2] [D] [thread 30185] [20.0] [cxt 0] Processing packet received on port 2
[12:03:46.523] [bmv2] [D] [thread 30185] [20.0] [cxt 0] Parser 'parser': start
[12:03:46.524] [bmv2] [D] [thread 30185] [20.0] [cxt 0] Parser 'parser' entering state 'start'
[12:03:46.525] [bmv2] [D] [thread 30185] [20.0] [cxt 0] Extracting header 'ethernet'
[12:03:46.525] [bmv2] [D] [thread 30185] [20.0] [cxt 0] Parser state 'start': key is 86dd
[12:03:46.526] [bmv2] [T] [thread 30185] [20.0] [cxt 0] Bytes parsed: 14
[12:03:46.527] [bmv2] [D] [thread 30185] [20.0] [cxt 0] Parser 'parser': end
[12:03:46.527] [bmv2] [D] [thread 30185] [20.0] [cxt 0] Pipeline 'ingress': start
[12:03:46.528] [bmv2] [T] [thread 30185] [20.0] [cxt 0] streaming.p4(158) Condition "hdr.ipv4.isValid()" (node_2) is false
[12:03:46.528] [bmv2] [D] [thread 30185] [20.0] [cxt 0] Pipeline 'ingress': end
[12:03:46.529] [bmv2] [D] [thread 30185] [20.0] [cxt 0] Egress port is 0
[12:03:46.530] [bmv2] [D] [thread 30186] [20.0] [cxt 0] Pipeline 'egress': start
[12:03:46.530] [bmv2] [D] [thread 30186] [20.0] [cxt 0] Pipeline 'egress': end
[12:03:46.530] [bmv2] [D] [thread 30186] [20.0] [cxt 0] Deparser 'deparser': start
[12:03:46.531] [bmv2] [D] [thread 30186] [20.0] [cxt 0] Deparsing header 'ethernet'
[12:03:46.532] [bmv2] [D] [thread 30186] [20.0] [cxt 0] Deparser 'deparser': end
[12:03:46.534] [bmv2] [D] [thread 30190] [20.0] [cxt 0] Transmitting packet of size 70 out of port 0
[12:03:48.565] [bmv2] [D] [thread 30185] [21.0] [cxt 0] Processing packet received on port 1
[12:03:48.566] [bmv2] [D] [thread 30185] [21.0] [cxt 0] Parser 'parser': start
[12:03:48.566] [bmv2] [D] [thread 30185] [21.0] [cxt 0] Parser 'parser' entering state 'start'
[12:03:48.567] [bmv2] [D] [thread 30185] [21.0] [cxt 0] Extracting header 'ethernet'
[12:03:48.567] [bmv2] [D] [thread 30185] [21.0] [cxt 0] Parser state 'start': key is 86dd
[12:03:48.567] [bmv2] [T] [thread 30185] [21.0] [cxt 0] Bytes parsed: 14
[12:03:48.568] [bmv2] [D] [thread 30185] [21.0] [cxt 0] Parser 'parser': end
[12:03:48.568] [bmv2] [D] [thread 30185] [21.0] [cxt 0] Pipeline 'ingress': start
[12:03:48.569] [bmv2] [T] [thread 30185] [21.0] [cxt 0] streaming.p4(158) Condition "hdr.ipv4.isValid()" (node_2) is false
[12:03:48.569] [bmv2] [D] [thread 30185] [21.0] [cxt 0] Pipeline 'ingress': end
[12:03:48.570] [bmv2] [D] [thread 30185] [21.0] [cxt 0] Egress port is 0
[12:03:48.571] [bmv2] [D] [thread 30186] [21.0] [cxt 0] Pipeline 'egress': start
[12:03:48.571] [bmv2] [D] [thread 30186] [21.0] [cxt 0] Pipeline 'egress': end
[12:03:48.572] [bmv2] [D] [thread 30186] [21.0] [cxt 0] Deparser 'deparser': start
[12:03:48.572] [bmv2] [D] [thread 30186] [21.0] [cxt 0] Deparsing header 'ethernet'
[12:03:48.573] [bmv2] [D] [thread 30186] [21.0] [cxt 0] Deparser 'deparser': end
[12:03:48.574] [bmv2] [D] [thread 30190] [21.0] [cxt 0] Transmitting packet of size 70 out of port 0
[12:03:49.336] [bmv2] [D] [thread 30185] [22.0] [cxt 0] Processing packet received on port 1
[12:03:49.338] [bmv2] [D] [thread 30185] [22.0] [cxt 0] Parser 'parser': start
[12:03:49.340] [bmv2] [D] [thread 30185] [22.0] [cxt 0] Parser 'parser' entering state 'start'
[12:03:49.342] [bmv2] [D] [thread 30185] [22.0] [cxt 0] Extracting header 'ethernet'
[12:03:49.344] [bmv2] [D] [thread 30185] [22.0] [cxt 0] Parser state 'start': key is 86dd
[12:03:49.345] [bmv2] [T] [thread 30185] [22.0] [cxt 0] Bytes parsed: 14
[12:03:49.347] [bmv2] [D] [thread 30185] [22.0] [cxt 0] Parser 'parser': end
[12:03:49.349] [bmv2] [D] [thread 30185] [22.0] [cxt 0] Pipeline 'ingress': start
[12:03:49.351] [bmv2] [T] [thread 30185] [22.0] [cxt 0] streaming.p4(158) Condition "hdr.ipv4.isValid()" (node_2) is false
[12:03:49.353] [bmv2] [D] [thread 30185] [22.0] [cxt 0] Pipeline 'ingress': end
[12:03:49.355] [bmv2] [D] [thread 30185] [22.0] [cxt 0] Egress port is 0
[12:03:49.357] [bmv2] [D] [thread 30185] [23.0] [cxt 0] Processing packet received on port 3
[12:03:49.358] [bmv2] [D] [thread 30185] [23.0] [cxt 0] Parser 'parser': start
[12:03:49.360] [bmv2] [D] [thread 30185] [23.0] [cxt 0] Parser 'parser' entering state 'start'
[12:03:49.357] [bmv2] [D] [thread 30186] [22.0] [cxt 0] Pipeline 'egress': start
[12:03:49.365] [bmv2] [D] [thread 30186] [22.0] [cxt 0] Pipeline 'egress': end
[12:03:49.367] [bmv2] [D] [thread 30186] [22.0] [cxt 0] Deparser 'deparser': start
[12:03:49.368] [bmv2] [D] [thread 30186] [22.0] [cxt 0] Deparsing header 'ethernet'
[12:03:49.368] [bmv2] [D] [thread 30186] [22.0] [cxt 0] Deparser 'deparser': end
[12:03:49.369] [bmv2] [D] [thread 30190] [22.0] [cxt 0] Transmitting packet of size 70 out of port 0
[12:03:49.363] [bmv2] [D] [thread 30185] [23.0] [cxt 0] Extracting header 'ethernet'
[12:03:49.370] [bmv2] [D] [thread 30185] [23.0] [cxt 0] Parser state 'start': key is 86dd
[12:03:49.370] [bmv2] [T] [thread 30185] [23.0] [cxt 0] Bytes parsed: 14
[12:03:49.371] [bmv2] [D] [thread 30185] [23.0] [cxt 0] Parser 'parser': end
[12:03:49.371] [bmv2] [D] [thread 30185] [23.0] [cxt 0] Pipeline 'ingress': start
[12:03:49.372] [bmv2] [T] [thread 30185] [23.0] [cxt 0] streaming.p4(158) Condition "hdr.ipv4.isValid()" (node_2) is false
[12:03:49.373] [bmv2] [D] [thread 30185] [23.0] [cxt 0] Pipeline 'ingress': end
[12:03:49.374] [bmv2] [D] [thread 30185] [23.0] [cxt 0] Egress port is 0
[12:03:49.376] [bmv2] [D] [thread 30186] [23.0] [cxt 0] Pipeline 'egress': start
[12:03:49.376] [bmv2] [D] [thread 30186] [23.0] [cxt 0] Pipeline 'egress': end
[12:03:49.377] [bmv2] [D] [thread 30186] [23.0] [cxt 0] Deparser 'deparser': start
[12:03:49.378] [bmv2] [D] [thread 30186] [23.0] [cxt 0] Deparsing header 'ethernet'
[12:03:49.379] [bmv2] [D] [thread 30186] [23.0] [cxt 0] Deparser 'deparser': end
[12:03:49.379] [bmv2] [D] [thread 30190] [23.0] [cxt 0] Transmitting packet of size 70 out of port 0
[12:03:51.390] [bmv2] [D] [thread 30185] [24.0] [cxt 0] Processing packet received on port 3
[12:03:51.393] [bmv2] [D] [thread 30185] [24.0] [cxt 0] Parser 'parser': start
[12:03:51.395] [bmv2] [D] [thread 30185] [24.0] [cxt 0] Parser 'parser' entering state 'start'
[12:03:51.397] [bmv2] [D] [thread 30185] [24.0] [cxt 0] Extracting header 'ethernet'
[12:03:51.399] [bmv2] [D] [thread 30185] [24.0] [cxt 0] Parser state 'start': key is 86dd
[12:03:51.401] [bmv2] [T] [thread 30185] [24.0] [cxt 0] Bytes parsed: 14
[12:03:51.403] [bmv2] [D] [thread 30185] [24.0] [cxt 0] Parser 'parser': end
[12:03:51.404] [bmv2] [D] [thread 30185] [24.0] [cxt 0] Pipeline 'ingress': start
[12:03:51.405] [bmv2] [T] [thread 30185] [24.0] [cxt 0] streaming.p4(158) Condition "hdr.ipv4.isValid()" (node_2) is false
[12:03:51.407] [bmv2] [D] [thread 30185] [24.0] [cxt 0] Pipeline 'ingress': end
[12:03:51.407] [bmv2] [D] [thread 30185] [24.0] [cxt 0] Egress port is 0
[12:03:51.408] [bmv2] [D] [thread 30185] [25.0] [cxt 0] Processing packet received on port 2
[12:03:51.409] [bmv2] [D] [thread 30185] [25.0] [cxt 0] Parser 'parser': start
[12:03:51.410] [bmv2] [D] [thread 30185] [25.0] [cxt 0] Parser 'parser' entering state 'start'
[12:03:51.411] [bmv2] [D] [thread 30185] [25.0] [cxt 0] Extracting header 'ethernet'
[12:03:51.411] [bmv2] [D] [thread 30185] [25.0] [cxt 0] Parser state 'start': key is 86dd
[12:03:51.412] [bmv2] [T] [thread 30185] [25.0] [cxt 0] Bytes parsed: 14
[12:03:51.413] [bmv2] [D] [thread 30185] [25.0] [cxt 0] Parser 'parser': end
[12:03:51.413] [bmv2] [D] [thread 30185] [25.0] [cxt 0] Pipeline 'ingress': start
[12:03:51.413] [bmv2] [T] [thread 30185] [25.0] [cxt 0] streaming.p4(158) Condition "hdr.ipv4.isValid()" (node_2) is false
[12:03:51.414] [bmv2] [D] [thread 30185] [25.0] [cxt 0] Pipeline 'ingress': end
[12:03:51.414] [bmv2] [D] [thread 30185] [25.0] [cxt 0] Egress port is 0
[12:03:51.409] [bmv2] [D] [thread 30186] [24.0] [cxt 0] Pipeline 'egress': start
[12:03:51.416] [bmv2] [D] [thread 30186] [24.0] [cxt 0] Pipeline 'egress': end
[12:03:51.416] [bmv2] [D] [thread 30186] [24.0] [cxt 0] Deparser 'deparser': start
[12:03:51.417] [bmv2] [D] [thread 30186] [24.0] [cxt 0] Deparsing header 'ethernet'
[12:03:51.417] [bmv2] [D] [thread 30186] [24.0] [cxt 0] Deparser 'deparser': end
[12:03:51.419] [bmv2] [D] [thread 30186] [25.0] [cxt 0] Pipeline 'egress': start
[12:03:51.419] [bmv2] [D] [thread 30186] [25.0] [cxt 0] Pipeline 'egress': end
[12:03:51.419] [bmv2] [D] [thread 30186] [25.0] [cxt 0] Deparser 'deparser': start
[12:03:51.419] [bmv2] [D] [thread 30190] [24.0] [cxt 0] Transmitting packet of size 70 out of port 0
[12:03:51.420] [bmv2] [D] [thread 30186] [25.0] [cxt 0] Deparsing header 'ethernet'
[12:03:51.421] [bmv2] [D] [thread 30186] [25.0] [cxt 0] Deparser 'deparser': end
[12:03:51.422] [bmv2] [D] [thread 30190] [25.0] [cxt 0] Transmitting packet of size 70 out of port 0
[12:04:15.962] [bmv2] [D] [thread 30185] [26.0] [cxt 0] Processing packet received on port 2
[12:04:15.963] [bmv2] [D] [thread 30185] [26.0] [cxt 0] Parser 'parser': start
[12:04:15.963] [bmv2] [D] [thread 30185] [26.0] [cxt 0] Parser 'parser' entering state 'start'
[12:04:15.964] [bmv2] [D] [thread 30185] [26.0] [cxt 0] Extracting header 'ethernet'
[12:04:15.966] [bmv2] [D] [thread 30185] [26.0] [cxt 0] Parser state 'start': key is 86dd
[12:04:15.967] [bmv2] [T] [thread 30185] [26.0] [cxt 0] Bytes parsed: 14
[12:04:15.967] [bmv2] [D] [thread 30185] [26.0] [cxt 0] Parser 'parser': end
[12:04:15.968] [bmv2] [D] [thread 30185] [26.0] [cxt 0] Pipeline 'ingress': start
[12:04:15.968] [bmv2] [T] [thread 30185] [26.0] [cxt 0] streaming.p4(158) Condition "hdr.ipv4.isValid()" (node_2) is false
[12:04:15.969] [bmv2] [D] [thread 30185] [26.0] [cxt 0] Pipeline 'ingress': end
[12:04:15.969] [bmv2] [D] [thread 30185] [26.0] [cxt 0] Egress port is 0
[12:04:15.971] [bmv2] [D] [thread 30186] [26.0] [cxt 0] Pipeline 'egress': start
[12:04:15.972] [bmv2] [D] [thread 30186] [26.0] [cxt 0] Pipeline 'egress': end
[12:04:15.978] [bmv2] [D] [thread 30186] [26.0] [cxt 0] Deparser 'deparser': start
[12:04:15.978] [bmv2] [D] [thread 30186] [26.0] [cxt 0] Deparsing header 'ethernet'
[12:04:15.979] [bmv2] [D] [thread 30186] [26.0] [cxt 0] Deparser 'deparser': end
[12:04:15.980] [bmv2] [D] [thread 30190] [26.0] [cxt 0] Transmitting packet of size 70 out of port 0
[12:04:22.104] [bmv2] [D] [thread 30185] [27.0] [cxt 0] Processing packet received on port 1
[12:04:22.105] [bmv2] [D] [thread 30185] [27.0] [cxt 0] Parser 'parser': start
[12:04:22.105] [bmv2] [D] [thread 30185] [27.0] [cxt 0] Parser 'parser' entering state 'start'
[12:04:22.106] [bmv2] [D] [thread 30185] [27.0] [cxt 0] Extracting header 'ethernet'
[12:04:22.106] [bmv2] [D] [thread 30185] [27.0] [cxt 0] Parser state 'start': key is 86dd
[12:04:22.107] [bmv2] [T] [thread 30185] [27.0] [cxt 0] Bytes parsed: 14
[12:04:22.108] [bmv2] [D] [thread 30185] [27.0] [cxt 0] Parser 'parser': end
[12:04:22.109] [bmv2] [D] [thread 30185] [27.0] [cxt 0] Pipeline 'ingress': start
[12:04:22.110] [bmv2] [T] [thread 30185] [27.0] [cxt 0] streaming.p4(158) Condition "hdr.ipv4.isValid()" (node_2) is false
[12:04:22.111] [bmv2] [D] [thread 30185] [27.0] [cxt 0] Pipeline 'ingress': end
[12:04:22.112] [bmv2] [D] [thread 30185] [27.0] [cxt 0] Egress port is 0
[12:04:22.113] [bmv2] [D] [thread 30186] [27.0] [cxt 0] Pipeline 'egress': start
[12:04:22.113] [bmv2] [D] [thread 30186] [27.0] [cxt 0] Pipeline 'egress': end
[12:04:22.114] [bmv2] [D] [thread 30186] [27.0] [cxt 0] Deparser 'deparser': start
[12:04:22.114] [bmv2] [D] [thread 30186] [27.0] [cxt 0] Deparsing header 'ethernet'
[12:04:22.115] [bmv2] [D] [thread 30186] [27.0] [cxt 0] Deparser 'deparser': end
[12:04:22.116] [bmv2] [D] [thread 30190] [27.0] [cxt 0] Transmitting packet of size 70 out of port 0
[12:04:24.151] [bmv2] [D] [thread 30185] [28.0] [cxt 0] Processing packet received on port 1
[12:04:24.152] [bmv2] [D] [thread 30185] [28.0] [cxt 0] Parser 'parser': start
[12:04:24.153] [bmv2] [D] [thread 30185] [28.0] [cxt 0] Parser 'parser' entering state 'start'
[12:04:24.154] [bmv2] [D] [thread 30185] [28.0] [cxt 0] Extracting header 'ethernet'
[12:04:24.156] [bmv2] [D] [thread 30185] [28.0] [cxt 0] Parser state 'start': key is 86dd
[12:04:24.158] [bmv2] [T] [thread 30185] [28.0] [cxt 0] Bytes parsed: 14
[12:04:24.159] [bmv2] [D] [thread 30185] [28.0] [cxt 0] Parser 'parser': end
[12:04:24.160] [bmv2] [D] [thread 30185] [28.0] [cxt 0] Pipeline 'ingress': start
[12:04:24.162] [bmv2] [T] [thread 30185] [28.0] [cxt 0] streaming.p4(158) Condition "hdr.ipv4.isValid()" (node_2) is false
[12:04:24.164] [bmv2] [D] [thread 30185] [28.0] [cxt 0] Pipeline 'ingress': end
[12:04:24.166] [bmv2] [D] [thread 30185] [28.0] [cxt 0] Egress port is 0
[12:04:24.168] [bmv2] [D] [thread 30185] [29.0] [cxt 0] Processing packet received on port 3
[12:04:24.169] [bmv2] [D] [thread 30185] [29.0] [cxt 0] Parser 'parser': start
[12:04:24.170] [bmv2] [D] [thread 30185] [29.0] [cxt 0] Parser 'parser' entering state 'start'
[12:04:24.170] [bmv2] [D] [thread 30185] [29.0] [cxt 0] Extracting header 'ethernet'
[12:04:24.168] [bmv2] [D] [thread 30186] [28.0] [cxt 0] Pipeline 'egress': start
[12:04:24.171] [bmv2] [D] [thread 30185] [29.0] [cxt 0] Parser state 'start': key is 86dd
[12:04:24.173] [bmv2] [T] [thread 30185] [29.0] [cxt 0] Bytes parsed: 14
[12:04:24.173] [bmv2] [D] [thread 30185] [29.0] [cxt 0] Parser 'parser': end
[12:04:24.174] [bmv2] [D] [thread 30185] [29.0] [cxt 0] Pipeline 'ingress': start
[12:04:24.175] [bmv2] [T] [thread 30185] [29.0] [cxt 0] streaming.p4(158) Condition "hdr.ipv4.isValid()" (node_2) is false
[12:04:24.175] [bmv2] [D] [thread 30185] [29.0] [cxt 0] Pipeline 'ingress': end
[12:04:24.176] [bmv2] [D] [thread 30185] [29.0] [cxt 0] Egress port is 0
[12:04:24.172] [bmv2] [D] [thread 30186] [28.0] [cxt 0] Pipeline 'egress': end
[12:04:24.177] [bmv2] [D] [thread 30186] [28.0] [cxt 0] Deparser 'deparser': start
[12:04:24.178] [bmv2] [D] [thread 30186] [28.0] [cxt 0] Deparsing header 'ethernet'
[12:04:24.178] [bmv2] [D] [thread 30186] [28.0] [cxt 0] Deparser 'deparser': end
[12:04:24.179] [bmv2] [D] [thread 30186] [29.0] [cxt 0] Pipeline 'egress': start
[12:04:24.179] [bmv2] [D] [thread 30186] [29.0] [cxt 0] Pipeline 'egress': end
[12:04:24.180] [bmv2] [D] [thread 30186] [29.0] [cxt 0] Deparser 'deparser': start
[12:04:24.180] [bmv2] [D] [thread 30186] [29.0] [cxt 0] Deparsing header 'ethernet'
[12:04:24.181] [bmv2] [D] [thread 30186] [29.0] [cxt 0] Deparser 'deparser': end
[12:04:24.179] [bmv2] [D] [thread 30190] [28.0] [cxt 0] Transmitting packet of size 70 out of port 0
[12:04:24.182] [bmv2] [D] [thread 30190] [29.0] [cxt 0] Transmitting packet of size 70 out of port 0
[12:04:26.199] [bmv2] [D] [thread 30185] [30.0] [cxt 0] Processing packet received on port 3
[12:04:26.200] [bmv2] [D] [thread 30185] [30.0] [cxt 0] Parser 'parser': start
[12:04:26.201] [bmv2] [D] [thread 30185] [30.0] [cxt 0] Parser 'parser' entering state 'start'
[12:04:26.204] [bmv2] [D] [thread 30185] [30.0] [cxt 0] Extracting header 'ethernet'
[12:04:26.205] [bmv2] [D] [thread 30185] [30.0] [cxt 0] Parser state 'start': key is 86dd
[12:04:26.205] [bmv2] [T] [thread 30185] [30.0] [cxt 0] Bytes parsed: 14
[12:04:26.206] [bmv2] [D] [thread 30185] [30.0] [cxt 0] Parser 'parser': end
[12:04:26.206] [bmv2] [D] [thread 30185] [30.0] [cxt 0] Pipeline 'ingress': start
[12:04:26.208] [bmv2] [T] [thread 30185] [30.0] [cxt 0] streaming.p4(158) Condition "hdr.ipv4.isValid()" (node_2) is false
[12:04:26.211] [bmv2] [D] [thread 30185] [30.0] [cxt 0] Pipeline 'ingress': end
[12:04:26.212] [bmv2] [D] [thread 30185] [30.0] [cxt 0] Egress port is 0
[12:04:26.213] [bmv2] [D] [thread 30186] [30.0] [cxt 0] Pipeline 'egress': start
[12:04:26.214] [bmv2] [D] [thread 30186] [30.0] [cxt 0] Pipeline 'egress': end
[12:04:26.215] [bmv2] [D] [thread 30186] [30.0] [cxt 0] Deparser 'deparser': start
[12:04:26.215] [bmv2] [D] [thread 30186] [30.0] [cxt 0] Deparsing header 'ethernet'
[12:04:26.217] [bmv2] [D] [thread 30186] [30.0] [cxt 0] Deparser 'deparser': end
[12:04:26.217] [bmv2] [D] [thread 30190] [30.0] [cxt 0] Transmitting packet of size 70 out of port 0
[12:04:28.250] [bmv2] [D] [thread 30185] [31.0] [cxt 0] Processing packet received on port 2
[12:04:28.250] [bmv2] [D] [thread 30185] [31.0] [cxt 0] Parser 'parser': start
[12:04:28.252] [bmv2] [D] [thread 30185] [31.0] [cxt 0] Parser 'parser' entering state 'start'
[12:04:28.254] [bmv2] [D] [thread 30185] [31.0] [cxt 0] Extracting header 'ethernet'
[12:04:28.254] [bmv2] [D] [thread 30185] [31.0] [cxt 0] Parser state 'start': key is 86dd
[12:04:28.255] [bmv2] [T] [thread 30185] [31.0] [cxt 0] Bytes parsed: 14
[12:04:28.255] [bmv2] [D] [thread 30185] [31.0] [cxt 0] Parser 'parser': end
[12:04:28.256] [bmv2] [D] [thread 30185] [31.0] [cxt 0] Pipeline 'ingress': start
[12:04:28.257] [bmv2] [T] [thread 30185] [31.0] [cxt 0] streaming.p4(158) Condition "hdr.ipv4.isValid()" (node_2) is false
[12:04:28.258] [bmv2] [D] [thread 30185] [31.0] [cxt 0] Pipeline 'ingress': end
[12:04:28.258] [bmv2] [D] [thread 30185] [31.0] [cxt 0] Egress port is 0
[12:04:28.260] [bmv2] [D] [thread 30186] [31.0] [cxt 0] Pipeline 'egress': start
[12:04:28.261] [bmv2] [D] [thread 30186] [31.0] [cxt 0] Pipeline 'egress': end
[12:04:28.261] [bmv2] [D] [thread 30186] [31.0] [cxt 0] Deparser 'deparser': start
[12:04:28.262] [bmv2] [D] [thread 30186] [31.0] [cxt 0] Deparsing header 'ethernet'
[12:04:28.262] [bmv2] [D] [thread 30186] [31.0] [cxt 0] Deparser 'deparser': end
[12:04:28.263] [bmv2] [D] [thread 30190] [31.0] [cxt 0] Transmitting packet of size 70 out of port 0
[12:05:13.305] [bmv2] [D] [thread 30185] [32.0] [cxt 0] Processing packet received on port 2
[12:05:13.305] [bmv2] [D] [thread 30185] [32.0] [cxt 0] Parser 'parser': start
[12:05:13.305] [bmv2] [D] [thread 30185] [32.0] [cxt 0] Parser 'parser' entering state 'start'
[12:05:13.305] [bmv2] [D] [thread 30185] [32.0] [cxt 0] Extracting header 'ethernet'
[12:05:13.306] [bmv2] [D] [thread 30185] [32.0] [cxt 0] Parser state 'start': key is 86dd
[12:05:13.306] [bmv2] [T] [thread 30185] [32.0] [cxt 0] Bytes parsed: 14
[12:05:13.306] [bmv2] [D] [thread 30185] [32.0] [cxt 0] Parser 'parser': end
[12:05:13.306] [bmv2] [D] [thread 30185] [32.0] [cxt 0] Pipeline 'ingress': start
[12:05:13.307] [bmv2] [T] [thread 30185] [32.0] [cxt 0] streaming.p4(158) Condition "hdr.ipv4.isValid()" (node_2) is false
[12:05:13.307] [bmv2] [D] [thread 30185] [32.0] [cxt 0] Pipeline 'ingress': end
[12:05:13.307] [bmv2] [D] [thread 30185] [32.0] [cxt 0] Egress port is 0
[12:05:13.307] [bmv2] [D] [thread 30186] [32.0] [cxt 0] Pipeline 'egress': start
[12:05:13.307] [bmv2] [D] [thread 30186] [32.0] [cxt 0] Pipeline 'egress': end
[12:05:13.307] [bmv2] [D] [thread 30186] [32.0] [cxt 0] Deparser 'deparser': start
[12:05:13.308] [bmv2] [D] [thread 30186] [32.0] [cxt 0] Deparsing header 'ethernet'
[12:05:13.308] [bmv2] [D] [thread 30186] [32.0] [cxt 0] Deparser 'deparser': end
[12:05:13.308] [bmv2] [D] [thread 30190] [32.0] [cxt 0] Transmitting packet of size 70 out of port 0
[12:05:27.638] [bmv2] [D] [thread 30185] [33.0] [cxt 0] Processing packet received on port 1
[12:05:27.639] [bmv2] [D] [thread 30185] [33.0] [cxt 0] Parser 'parser': start
[12:05:27.640] [bmv2] [D] [thread 30185] [33.0] [cxt 0] Parser 'parser' entering state 'start'
[12:05:27.640] [bmv2] [D] [thread 30185] [33.0] [cxt 0] Extracting header 'ethernet'
[12:05:27.642] [bmv2] [D] [thread 30185] [33.0] [cxt 0] Parser state 'start': key is 86dd
[12:05:27.642] [bmv2] [T] [thread 30185] [33.0] [cxt 0] Bytes parsed: 14
[12:05:27.643] [bmv2] [D] [thread 30185] [33.0] [cxt 0] Parser 'parser': end
[12:05:27.644] [bmv2] [D] [thread 30185] [33.0] [cxt 0] Pipeline 'ingress': start
[12:05:27.644] [bmv2] [T] [thread 30185] [33.0] [cxt 0] streaming.p4(158) Condition "hdr.ipv4.isValid()" (node_2) is false
[12:05:27.645] [bmv2] [D] [thread 30185] [33.0] [cxt 0] Pipeline 'ingress': end
[12:05:27.646] [bmv2] [D] [thread 30185] [33.0] [cxt 0] Egress port is 0
[12:05:27.646] [bmv2] [D] [thread 30186] [33.0] [cxt 0] Pipeline 'egress': start
[12:05:27.647] [bmv2] [D] [thread 30186] [33.0] [cxt 0] Pipeline 'egress': end
[12:05:27.648] [bmv2] [D] [thread 30186] [33.0] [cxt 0] Deparser 'deparser': start
[12:05:27.648] [bmv2] [D] [thread 30186] [33.0] [cxt 0] Deparsing header 'ethernet'
[12:05:27.649] [bmv2] [D] [thread 30186] [33.0] [cxt 0] Deparser 'deparser': end
[12:05:27.649] [bmv2] [D] [thread 30190] [33.0] [cxt 0] Transmitting packet of size 70 out of port 0
[12:05:29.725] [bmv2] [D] [thread 30185] [34.0] [cxt 0] Processing packet received on port 1
[12:05:29.725] [bmv2] [D] [thread 30185] [34.0] [cxt 0] Parser 'parser': start
[12:05:29.728] [bmv2] [D] [thread 30185] [34.0] [cxt 0] Parser 'parser' entering state 'start'
[12:05:29.729] [bmv2] [D] [thread 30185] [34.0] [cxt 0] Extracting header 'ethernet'
[12:05:29.731] [bmv2] [D] [thread 30185] [34.0] [cxt 0] Parser state 'start': key is 86dd
[12:05:29.732] [bmv2] [T] [thread 30185] [34.0] [cxt 0] Bytes parsed: 14
[12:05:29.732] [bmv2] [D] [thread 30185] [34.0] [cxt 0] Parser 'parser': end
[12:05:29.734] [bmv2] [D] [thread 30185] [34.0] [cxt 0] Pipeline 'ingress': start
[12:05:29.735] [bmv2] [T] [thread 30185] [34.0] [cxt 0] streaming.p4(158) Condition "hdr.ipv4.isValid()" (node_2) is false
[12:05:29.736] [bmv2] [D] [thread 30185] [34.0] [cxt 0] Pipeline 'ingress': end
[12:05:29.737] [bmv2] [D] [thread 30185] [34.0] [cxt 0] Egress port is 0
[12:05:29.741] [bmv2] [D] [thread 30186] [34.0] [cxt 0] Pipeline 'egress': start
[12:05:29.741] [bmv2] [D] [thread 30186] [34.0] [cxt 0] Pipeline 'egress': end
[12:05:29.742] [bmv2] [D] [thread 30186] [34.0] [cxt 0] Deparser 'deparser': start
[12:05:29.743] [bmv2] [D] [thread 30186] [34.0] [cxt 0] Deparsing header 'ethernet'
[12:05:29.743] [bmv2] [D] [thread 30186] [34.0] [cxt 0] Deparser 'deparser': end
[12:05:29.743] [bmv2] [D] [thread 30190] [34.0] [cxt 0] Transmitting packet of size 70 out of port 0
[12:05:35.829] [bmv2] [D] [thread 30185] [35.0] [cxt 0] Processing packet received on port 3
[12:05:35.830] [bmv2] [D] [thread 30185] [35.0] [cxt 0] Parser 'parser': start
[12:05:35.830] [bmv2] [D] [thread 30185] [35.0] [cxt 0] Parser 'parser' entering state 'start'
[12:05:35.831] [bmv2] [D] [thread 30185] [35.0] [cxt 0] Extracting header 'ethernet'
[12:05:35.831] [bmv2] [D] [thread 30185] [35.0] [cxt 0] Parser state 'start': key is 86dd
[12:05:35.832] [bmv2] [T] [thread 30185] [35.0] [cxt 0] Bytes parsed: 14
[12:05:35.832] [bmv2] [D] [thread 30185] [35.0] [cxt 0] Parser 'parser': end
[12:05:35.832] [bmv2] [D] [thread 30185] [35.0] [cxt 0] Pipeline 'ingress': start
[12:05:35.833] [bmv2] [T] [thread 30185] [35.0] [cxt 0] streaming.p4(158) Condition "hdr.ipv4.isValid()" (node_2) is false
[12:05:35.833] [bmv2] [D] [thread 30185] [35.0] [cxt 0] Pipeline 'ingress': end
[12:05:35.834] [bmv2] [D] [thread 30185] [35.0] [cxt 0] Egress port is 0
[12:05:35.835] [bmv2] [D] [thread 30186] [35.0] [cxt 0] Pipeline 'egress': start
[12:05:35.835] [bmv2] [D] [thread 30186] [35.0] [cxt 0] Pipeline 'egress': end
[12:05:35.836] [bmv2] [D] [thread 30186] [35.0] [cxt 0] Deparser 'deparser': start
[12:05:35.837] [bmv2] [D] [thread 30186] [35.0] [cxt 0] Deparsing header 'ethernet'
[12:05:35.837] [bmv2] [D] [thread 30186] [35.0] [cxt 0] Deparser 'deparser': end
[12:05:35.837] [bmv2] [D] [thread 30190] [35.0] [cxt 0] Transmitting packet of size 70 out of port 0
[12:05:35.835] [bmv2] [D] [thread 30185] [36.0] [cxt 0] Processing packet received on port 3
[12:05:35.838] [bmv2] [D] [thread 30185] [36.0] [cxt 0] Parser 'parser': start
[12:05:35.839] [bmv2] [D] [thread 30185] [36.0] [cxt 0] Parser 'parser' entering state 'start'
[12:05:35.839] [bmv2] [D] [thread 30185] [36.0] [cxt 0] Extracting header 'ethernet'
[12:05:35.840] [bmv2] [D] [thread 30185] [36.0] [cxt 0] Parser state 'start': key is 86dd
[12:05:35.840] [bmv2] [T] [thread 30185] [36.0] [cxt 0] Bytes parsed: 14
[12:05:35.841] [bmv2] [D] [thread 30185] [36.0] [cxt 0] Parser 'parser': end
[12:05:35.841] [bmv2] [D] [thread 30185] [36.0] [cxt 0] Pipeline 'ingress': start
[12:05:35.842] [bmv2] [T] [thread 30185] [36.0] [cxt 0] streaming.p4(158) Condition "hdr.ipv4.isValid()" (node_2) is false
[12:05:35.843] [bmv2] [D] [thread 30185] [36.0] [cxt 0] Pipeline 'ingress': end
[12:05:35.843] [bmv2] [D] [thread 30185] [36.0] [cxt 0] Egress port is 0
[12:05:35.845] [bmv2] [D] [thread 30186] [36.0] [cxt 0] Pipeline 'egress': start
[12:05:35.845] [bmv2] [D] [thread 30186] [36.0] [cxt 0] Pipeline 'egress': end
[12:05:35.846] [bmv2] [D] [thread 30186] [36.0] [cxt 0] Deparser 'deparser': start
[12:05:35.846] [bmv2] [D] [thread 30186] [36.0] [cxt 0] Deparsing header 'ethernet'
[12:05:35.847] [bmv2] [D] [thread 30186] [36.0] [cxt 0] Deparser 'deparser': end
[12:05:35.847] [bmv2] [D] [thread 30190] [36.0] [cxt 0] Transmitting packet of size 70 out of port 0
[12:05:44.025] [bmv2] [D] [thread 30185] [37.0] [cxt 0] Processing packet received on port 2
[12:05:44.026] [bmv2] [D] [thread 30185] [37.0] [cxt 0] Parser 'parser': start
[12:05:44.026] [bmv2] [D] [thread 30185] [37.0] [cxt 0] Parser 'parser' entering state 'start'
[12:05:44.026] [bmv2] [D] [thread 30185] [37.0] [cxt 0] Extracting header 'ethernet'
[12:05:44.026] [bmv2] [D] [thread 30185] [37.0] [cxt 0] Parser state 'start': key is 86dd
[12:05:44.027] [bmv2] [T] [thread 30185] [37.0] [cxt 0] Bytes parsed: 14
[12:05:44.027] [bmv2] [D] [thread 30185] [37.0] [cxt 0] Parser 'parser': end
[12:05:44.027] [bmv2] [D] [thread 30185] [37.0] [cxt 0] Pipeline 'ingress': start
[12:05:44.027] [bmv2] [T] [thread 30185] [37.0] [cxt 0] streaming.p4(158) Condition "hdr.ipv4.isValid()" (node_2) is false
[12:05:44.028] [bmv2] [D] [thread 30185] [37.0] [cxt 0] Pipeline 'ingress': end
[12:05:44.028] [bmv2] [D] [thread 30185] [37.0] [cxt 0] Egress port is 0
[12:05:44.028] [bmv2] [D] [thread 30186] [37.0] [cxt 0] Pipeline 'egress': start
[12:05:44.029] [bmv2] [D] [thread 30186] [37.0] [cxt 0] Pipeline 'egress': end
[12:05:44.029] [bmv2] [D] [thread 30186] [37.0] [cxt 0] Deparser 'deparser': start
[12:05:44.029] [bmv2] [D] [thread 30186] [37.0] [cxt 0] Deparsing header 'ethernet'
[12:05:44.029] [bmv2] [D] [thread 30186] [37.0] [cxt 0] Deparser 'deparser': end
[12:05:44.029] [bmv2] [D] [thread 30190] [37.0] [cxt 0] Transmitting packet of size 70 out of port 0
[12:07:10.041] [bmv2] [D] [thread 30185] [38.0] [cxt 0] Processing packet received on port 2
[12:07:10.042] [bmv2] [D] [thread 30185] [38.0] [cxt 0] Parser 'parser': start
[12:07:10.042] [bmv2] [D] [thread 30185] [38.0] [cxt 0] Parser 'parser' entering state 'start'
[12:07:10.043] [bmv2] [D] [thread 30185] [38.0] [cxt 0] Extracting header 'ethernet'
[12:07:10.043] [bmv2] [D] [thread 30185] [38.0] [cxt 0] Parser state 'start': key is 86dd
[12:07:10.044] [bmv2] [T] [thread 30185] [38.0] [cxt 0] Bytes parsed: 14
[12:07:10.044] [bmv2] [D] [thread 30185] [38.0] [cxt 0] Parser 'parser': end
[12:07:10.044] [bmv2] [D] [thread 30185] [38.0] [cxt 0] Pipeline 'ingress': start
[12:07:10.045] [bmv2] [T] [thread 30185] [38.0] [cxt 0] streaming.p4(158) Condition "hdr.ipv4.isValid()" (node_2) is false
[12:07:10.046] [bmv2] [D] [thread 30185] [38.0] [cxt 0] Pipeline 'ingress': end
[12:07:10.046] [bmv2] [D] [thread 30185] [38.0] [cxt 0] Egress port is 0
[12:07:10.046] [bmv2] [D] [thread 30186] [38.0] [cxt 0] Pipeline 'egress': start
[12:07:10.047] [bmv2] [D] [thread 30186] [38.0] [cxt 0] Pipeline 'egress': end
[12:07:10.047] [bmv2] [D] [thread 30186] [38.0] [cxt 0] Deparser 'deparser': start
[12:07:10.048] [bmv2] [D] [thread 30186] [38.0] [cxt 0] Deparsing header 'ethernet'
[12:07:10.048] [bmv2] [D] [thread 30186] [38.0] [cxt 0] Deparser 'deparser': end
[12:07:10.049] [bmv2] [D] [thread 30190] [38.0] [cxt 0] Transmitting packet of size 70 out of port 0
[12:07:34.618] [bmv2] [D] [thread 30185] [39.0] [cxt 0] Processing packet received on port 1
[12:07:34.618] [bmv2] [D] [thread 30185] [39.0] [cxt 0] Parser 'parser': start
[12:07:34.620] [bmv2] [D] [thread 30185] [39.0] [cxt 0] Parser 'parser' entering state 'start'
[12:07:34.622] [bmv2] [D] [thread 30185] [39.0] [cxt 0] Extracting header 'ethernet'
[12:07:34.623] [bmv2] [D] [thread 30185] [39.0] [cxt 0] Parser state 'start': key is 86dd
[12:07:34.625] [bmv2] [T] [thread 30185] [39.0] [cxt 0] Bytes parsed: 14
[12:07:34.626] [bmv2] [D] [thread 30185] [39.0] [cxt 0] Parser 'parser': end
[12:07:34.628] [bmv2] [D] [thread 30185] [39.0] [cxt 0] Pipeline 'ingress': start
[12:07:34.629] [bmv2] [T] [thread 30185] [39.0] [cxt 0] streaming.p4(158) Condition "hdr.ipv4.isValid()" (node_2) is false
[12:07:34.631] [bmv2] [D] [thread 30185] [39.0] [cxt 0] Pipeline 'ingress': end
[12:07:34.632] [bmv2] [D] [thread 30185] [39.0] [cxt 0] Egress port is 0
[12:07:34.633] [bmv2] [D] [thread 30186] [39.0] [cxt 0] Pipeline 'egress': start
[12:07:34.634] [bmv2] [D] [thread 30186] [39.0] [cxt 0] Pipeline 'egress': end
[12:07:34.634] [bmv2] [D] [thread 30186] [39.0] [cxt 0] Deparser 'deparser': start
[12:07:34.634] [bmv2] [D] [thread 30186] [39.0] [cxt 0] Deparsing header 'ethernet'
[12:07:34.637] [bmv2] [D] [thread 30186] [39.0] [cxt 0] Deparser 'deparser': end
[12:07:34.640] [bmv2] [D] [thread 30190] [39.0] [cxt 0] Transmitting packet of size 70 out of port 0
[12:07:40.774] [bmv2] [D] [thread 30185] [40.0] [cxt 0] Processing packet received on port 1
[12:07:40.774] [bmv2] [D] [thread 30185] [40.0] [cxt 0] Parser 'parser': start
[12:07:40.774] [bmv2] [D] [thread 30185] [40.0] [cxt 0] Parser 'parser' entering state 'start'
[12:07:40.774] [bmv2] [D] [thread 30185] [40.0] [cxt 0] Extracting header 'ethernet'
[12:07:40.775] [bmv2] [D] [thread 30185] [40.0] [cxt 0] Parser state 'start': key is 86dd
[12:07:40.775] [bmv2] [T] [thread 30185] [40.0] [cxt 0] Bytes parsed: 14
[12:07:40.775] [bmv2] [D] [thread 30185] [40.0] [cxt 0] Parser 'parser': end
[12:07:40.775] [bmv2] [D] [thread 30185] [40.0] [cxt 0] Pipeline 'ingress': start
[12:07:40.776] [bmv2] [T] [thread 30185] [40.0] [cxt 0] streaming.p4(158) Condition "hdr.ipv4.isValid()" (node_2) is false
[12:07:40.776] [bmv2] [D] [thread 30185] [40.0] [cxt 0] Pipeline 'ingress': end
[12:07:40.776] [bmv2] [D] [thread 30185] [40.0] [cxt 0] Egress port is 0
[12:07:40.776] [bmv2] [D] [thread 30186] [40.0] [cxt 0] Pipeline 'egress': start
[12:07:40.776] [bmv2] [D] [thread 30186] [40.0] [cxt 0] Pipeline 'egress': end
[12:07:40.777] [bmv2] [D] [thread 30186] [40.0] [cxt 0] Deparser 'deparser': start
[12:07:40.777] [bmv2] [D] [thread 30186] [40.0] [cxt 0] Deparsing header 'ethernet'
[12:07:40.777] [bmv2] [D] [thread 30186] [40.0] [cxt 0] Deparser 'deparser': end
[12:07:40.777] [bmv2] [D] [thread 30190] [40.0] [cxt 0] Transmitting packet of size 70 out of port 0
[12:07:57.143] [bmv2] [D] [thread 30185] [41.0] [cxt 0] Processing packet received on port 3
[12:07:57.144] [bmv2] [D] [thread 30185] [41.0] [cxt 0] Parser 'parser': start
[12:07:57.146] [bmv2] [D] [thread 30185] [41.0] [cxt 0] Parser 'parser' entering state 'start'
[12:07:57.146] [bmv2] [D] [thread 30185] [41.0] [cxt 0] Extracting header 'ethernet'
[12:07:57.147] [bmv2] [D] [thread 30185] [41.0] [cxt 0] Parser state 'start': key is 86dd
[12:07:57.149] [bmv2] [T] [thread 30185] [41.0] [cxt 0] Bytes parsed: 14
[12:07:57.151] [bmv2] [D] [thread 30185] [41.0] [cxt 0] Parser 'parser': end
[12:07:57.153] [bmv2] [D] [thread 30185] [41.0] [cxt 0] Pipeline 'ingress': start
[12:07:57.156] [bmv2] [T] [thread 30185] [41.0] [cxt 0] streaming.p4(158) Condition "hdr.ipv4.isValid()" (node_2) is false
[12:07:57.158] [bmv2] [D] [thread 30185] [41.0] [cxt 0] Pipeline 'ingress': end
[12:07:57.162] [bmv2] [D] [thread 30185] [41.0] [cxt 0] Egress port is 0
[12:07:57.166] [bmv2] [D] [thread 30186] [41.0] [cxt 0] Pipeline 'egress': start
[12:07:57.166] [bmv2] [D] [thread 30186] [41.0] [cxt 0] Pipeline 'egress': end
[12:07:57.167] [bmv2] [D] [thread 30186] [41.0] [cxt 0] Deparser 'deparser': start
[12:07:57.167] [bmv2] [D] [thread 30186] [41.0] [cxt 0] Deparsing header 'ethernet'
[12:07:57.168] [bmv2] [D] [thread 30186] [41.0] [cxt 0] Deparser 'deparser': end
[12:07:57.168] [bmv2] [D] [thread 30190] [41.0] [cxt 0] Transmitting packet of size 70 out of port 0
[12:08:13.546] [bmv2] [D] [thread 30185] [42.0] [cxt 0] Processing packet received on port 3
[12:08:13.548] [bmv2] [D] [thread 30185] [42.0] [cxt 0] Parser 'parser': start
[12:08:13.549] [bmv2] [D] [thread 30185] [42.0] [cxt 0] Parser 'parser' entering state 'start'
[12:08:13.550] [bmv2] [D] [thread 30185] [42.0] [cxt 0] Extracting header 'ethernet'
[12:08:13.550] [bmv2] [D] [thread 30185] [42.0] [cxt 0] Parser state 'start': key is 86dd
[12:08:13.551] [bmv2] [T] [thread 30185] [42.0] [cxt 0] Bytes parsed: 14
[12:08:13.552] [bmv2] [D] [thread 30185] [42.0] [cxt 0] Parser 'parser': end
[12:08:13.554] [bmv2] [D] [thread 30185] [42.0] [cxt 0] Pipeline 'ingress': start
[12:08:13.556] [bmv2] [T] [thread 30185] [42.0] [cxt 0] streaming.p4(158) Condition "hdr.ipv4.isValid()" (node_2) is false
[12:08:13.557] [bmv2] [D] [thread 30185] [42.0] [cxt 0] Pipeline 'ingress': end
[12:08:13.558] [bmv2] [D] [thread 30185] [42.0] [cxt 0] Egress port is 0
[12:08:13.561] [bmv2] [D] [thread 30186] [42.0] [cxt 0] Pipeline 'egress': start
[12:08:13.563] [bmv2] [D] [thread 30186] [42.0] [cxt 0] Pipeline 'egress': end
[12:08:13.564] [bmv2] [D] [thread 30186] [42.0] [cxt 0] Deparser 'deparser': start
[12:08:13.566] [bmv2] [D] [thread 30186] [42.0] [cxt 0] Deparsing header 'ethernet'
[12:08:13.569] [bmv2] [D] [thread 30186] [42.0] [cxt 0] Deparser 'deparser': end
[12:08:13.572] [bmv2] [D] [thread 30190] [42.0] [cxt 0] Transmitting packet of size 70 out of port 0
[12:08:13.561] [bmv2] [D] [thread 30185] [43.0] [cxt 0] Processing packet received on port 2
[12:08:13.575] [bmv2] [D] [thread 30185] [43.0] [cxt 0] Parser 'parser': start
[12:08:13.575] [bmv2] [D] [thread 30185] [43.0] [cxt 0] Parser 'parser' entering state 'start'
[12:08:13.576] [bmv2] [D] [thread 30185] [43.0] [cxt 0] Extracting header 'ethernet'
[12:08:13.577] [bmv2] [D] [thread 30185] [43.0] [cxt 0] Parser state 'start': key is 86dd
[12:08:13.577] [bmv2] [T] [thread 30185] [43.0] [cxt 0] Bytes parsed: 14
[12:08:13.578] [bmv2] [D] [thread 30185] [43.0] [cxt 0] Parser 'parser': end
[12:08:13.578] [bmv2] [D] [thread 30185] [43.0] [cxt 0] Pipeline 'ingress': start
[12:08:13.579] [bmv2] [T] [thread 30185] [43.0] [cxt 0] streaming.p4(158) Condition "hdr.ipv4.isValid()" (node_2) is false
[12:08:13.580] [bmv2] [D] [thread 30185] [43.0] [cxt 0] Pipeline 'ingress': end
[12:08:13.580] [bmv2] [D] [thread 30185] [43.0] [cxt 0] Egress port is 0
[12:08:13.581] [bmv2] [D] [thread 30186] [43.0] [cxt 0] Pipeline 'egress': start
[12:08:13.581] [bmv2] [D] [thread 30186] [43.0] [cxt 0] Pipeline 'egress': end
[12:08:13.582] [bmv2] [D] [thread 30186] [43.0] [cxt 0] Deparser 'deparser': start
[12:08:13.582] [bmv2] [D] [thread 30186] [43.0] [cxt 0] Deparsing header 'ethernet'
[12:08:13.583] [bmv2] [D] [thread 30186] [43.0] [cxt 0] Deparser 'deparser': end
[12:08:13.583] [bmv2] [D] [thread 30190] [43.0] [cxt 0] Transmitting packet of size 70 out of port 0
[12:10:57.370] [bmv2] [D] [thread 30185] [44.0] [cxt 0] Processing packet received on port 2
[12:10:57.370] [bmv2] [D] [thread 30185] [44.0] [cxt 0] Parser 'parser': start
[12:10:57.371] [bmv2] [D] [thread 30185] [44.0] [cxt 0] Parser 'parser' entering state 'start'
[12:10:57.372] [bmv2] [D] [thread 30185] [44.0] [cxt 0] Extracting header 'ethernet'
[12:10:57.372] [bmv2] [D] [thread 30185] [44.0] [cxt 0] Parser state 'start': key is 86dd
[12:10:57.373] [bmv2] [T] [thread 30185] [44.0] [cxt 0] Bytes parsed: 14
[12:10:57.374] [bmv2] [D] [thread 30185] [44.0] [cxt 0] Parser 'parser': end
[12:10:57.374] [bmv2] [D] [thread 30185] [44.0] [cxt 0] Pipeline 'ingress': start
[12:10:57.375] [bmv2] [T] [thread 30185] [44.0] [cxt 0] streaming.p4(158) Condition "hdr.ipv4.isValid()" (node_2) is false
[12:10:57.375] [bmv2] [D] [thread 30185] [44.0] [cxt 0] Pipeline 'ingress': end
[12:10:57.376] [bmv2] [D] [thread 30185] [44.0] [cxt 0] Egress port is 0
[12:10:57.377] [bmv2] [D] [thread 30186] [44.0] [cxt 0] Pipeline 'egress': start
[12:10:57.378] [bmv2] [D] [thread 30186] [44.0] [cxt 0] Pipeline 'egress': end
[12:10:57.378] [bmv2] [D] [thread 30186] [44.0] [cxt 0] Deparser 'deparser': start
[12:10:57.379] [bmv2] [D] [thread 30186] [44.0] [cxt 0] Deparsing header 'ethernet'
[12:10:57.380] [bmv2] [D] [thread 30186] [44.0] [cxt 0] Deparser 'deparser': end
[12:10:57.381] [bmv2] [D] [thread 30190] [44.0] [cxt 0] Transmitting packet of size 70 out of port 0
[12:11:46.520] [bmv2] [D] [thread 30185] [45.0] [cxt 0] Processing packet received on port 1
[12:11:46.520] [bmv2] [D] [thread 30185] [45.0] [cxt 0] Parser 'parser': start
[12:11:46.521] [bmv2] [D] [thread 30185] [45.0] [cxt 0] Parser 'parser' entering state 'start'
[12:11:46.522] [bmv2] [D] [thread 30185] [45.0] [cxt 0] Extracting header 'ethernet'
[12:11:46.522] [bmv2] [D] [thread 30185] [45.0] [cxt 0] Parser state 'start': key is 86dd
[12:11:46.523] [bmv2] [T] [thread 30185] [45.0] [cxt 0] Bytes parsed: 14
[12:11:46.524] [bmv2] [D] [thread 30185] [45.0] [cxt 0] Parser 'parser': end
[12:11:46.524] [bmv2] [D] [thread 30185] [45.0] [cxt 0] Pipeline 'ingress': start
[12:11:46.524] [bmv2] [T] [thread 30185] [45.0] [cxt 0] streaming.p4(158) Condition "hdr.ipv4.isValid()" (node_2) is false
[12:11:46.525] [bmv2] [D] [thread 30185] [45.0] [cxt 0] Pipeline 'ingress': end
[12:11:46.526] [bmv2] [D] [thread 30185] [45.0] [cxt 0] Egress port is 0
[12:11:46.528] [bmv2] [D] [thread 30186] [45.0] [cxt 0] Pipeline 'egress': start
[12:11:46.528] [bmv2] [D] [thread 30186] [45.0] [cxt 0] Pipeline 'egress': end
[12:11:46.529] [bmv2] [D] [thread 30186] [45.0] [cxt 0] Deparser 'deparser': start
[12:11:46.532] [bmv2] [D] [thread 30186] [45.0] [cxt 0] Deparsing header 'ethernet'
[12:11:46.533] [bmv2] [D] [thread 30186] [45.0] [cxt 0] Deparser 'deparser': end
[12:11:46.535] [bmv2] [D] [thread 30190] [45.0] [cxt 0] Transmitting packet of size 70 out of port 0
[12:12:02.906] [bmv2] [D] [thread 30185] [46.0] [cxt 0] Processing packet received on port 1
[12:12:02.951] [bmv2] [D] [thread 30185] [46.0] [cxt 0] Parser 'parser': start
[12:12:02.952] [bmv2] [D] [thread 30185] [46.0] [cxt 0] Parser 'parser' entering state 'start'
[12:12:02.954] [bmv2] [D] [thread 30185] [46.0] [cxt 0] Extracting header 'ethernet'
[12:12:02.955] [bmv2] [D] [thread 30185] [46.0] [cxt 0] Parser state 'start': key is 86dd
[12:12:02.957] [bmv2] [T] [thread 30185] [46.0] [cxt 0] Bytes parsed: 14
[12:12:02.958] [bmv2] [D] [thread 30185] [46.0] [cxt 0] Parser 'parser': end
[12:12:02.960] [bmv2] [D] [thread 30185] [46.0] [cxt 0] Pipeline 'ingress': start
[12:12:02.961] [bmv2] [T] [thread 30185] [46.0] [cxt 0] streaming.p4(158) Condition "hdr.ipv4.isValid()" (node_2) is false
[12:12:02.961] [bmv2] [D] [thread 30185] [46.0] [cxt 0] Pipeline 'ingress': end
[12:12:02.962] [bmv2] [D] [thread 30185] [46.0] [cxt 0] Egress port is 0
[12:12:02.963] [bmv2] [D] [thread 30186] [46.0] [cxt 0] Pipeline 'egress': start
[12:12:02.964] [bmv2] [D] [thread 30186] [46.0] [cxt 0] Pipeline 'egress': end
[12:12:02.964] [bmv2] [D] [thread 30186] [46.0] [cxt 0] Deparser 'deparser': start
[12:12:02.965] [bmv2] [D] [thread 30186] [46.0] [cxt 0] Deparsing header 'ethernet'
[12:12:02.965] [bmv2] [D] [thread 30186] [46.0] [cxt 0] Deparser 'deparser': end
[12:12:02.967] [bmv2] [D] [thread 30190] [46.0] [cxt 0] Transmitting packet of size 70 out of port 0
[12:12:52.055] [bmv2] [D] [thread 30185] [47.0] [cxt 0] Processing packet received on port 3
[12:12:52.056] [bmv2] [D] [thread 30185] [47.0] [cxt 0] Parser 'parser': start
[12:12:52.057] [bmv2] [D] [thread 30185] [47.0] [cxt 0] Parser 'parser' entering state 'start'
[12:12:52.058] [bmv2] [D] [thread 30185] [47.0] [cxt 0] Extracting header 'ethernet'
[12:12:52.058] [bmv2] [D] [thread 30185] [47.0] [cxt 0] Parser state 'start': key is 86dd
[12:12:52.059] [bmv2] [T] [thread 30185] [47.0] [cxt 0] Bytes parsed: 14
[12:12:52.060] [bmv2] [D] [thread 30185] [47.0] [cxt 0] Parser 'parser': end
[12:12:52.061] [bmv2] [D] [thread 30185] [47.0] [cxt 0] Pipeline 'ingress': start
[12:12:52.062] [bmv2] [T] [thread 30185] [47.0] [cxt 0] streaming.p4(158) Condition "hdr.ipv4.isValid()" (node_2) is false
[12:12:52.064] [bmv2] [D] [thread 30185] [47.0] [cxt 0] Pipeline 'ingress': end
[12:12:52.064] [bmv2] [D] [thread 30185] [47.0] [cxt 0] Egress port is 0
[12:12:52.066] [bmv2] [D] [thread 30186] [47.0] [cxt 0] Pipeline 'egress': start
[12:12:52.067] [bmv2] [D] [thread 30186] [47.0] [cxt 0] Pipeline 'egress': end
[12:12:52.067] [bmv2] [D] [thread 30186] [47.0] [cxt 0] Deparser 'deparser': start
[12:12:52.068] [bmv2] [D] [thread 30186] [47.0] [cxt 0] Deparsing header 'ethernet'
[12:12:52.068] [bmv2] [D] [thread 30186] [47.0] [cxt 0] Deparser 'deparser': end
[12:12:52.069] [bmv2] [D] [thread 30190] [47.0] [cxt 0] Transmitting packet of size 70 out of port 0
[12:13:08.442] [bmv2] [D] [thread 30185] [48.0] [cxt 0] Processing packet received on port 2
[12:13:08.443] [bmv2] [D] [thread 30185] [48.0] [cxt 0] Parser 'parser': start
[12:13:08.444] [bmv2] [D] [thread 30185] [48.0] [cxt 0] Parser 'parser' entering state 'start'
[12:13:08.445] [bmv2] [D] [thread 30185] [48.0] [cxt 0] Extracting header 'ethernet'
[12:13:08.445] [bmv2] [D] [thread 30185] [48.0] [cxt 0] Parser state 'start': key is 86dd
[12:13:08.446] [bmv2] [T] [thread 30185] [48.0] [cxt 0] Bytes parsed: 14
[12:13:08.446] [bmv2] [D] [thread 30185] [48.0] [cxt 0] Parser 'parser': end
[12:13:08.447] [bmv2] [D] [thread 30185] [48.0] [cxt 0] Pipeline 'ingress': start
[12:13:08.448] [bmv2] [T] [thread 30185] [48.0] [cxt 0] streaming.p4(158) Condition "hdr.ipv4.isValid()" (node_2) is false
[12:13:08.448] [bmv2] [D] [thread 30185] [48.0] [cxt 0] Pipeline 'ingress': end
[12:13:08.449] [bmv2] [D] [thread 30185] [48.0] [cxt 0] Egress port is 0
[12:13:08.449] [bmv2] [D] [thread 30186] [48.0] [cxt 0] Pipeline 'egress': start
[12:13:08.450] [bmv2] [D] [thread 30186] [48.0] [cxt 0] Pipeline 'egress': end
[12:13:08.450] [bmv2] [D] [thread 30186] [48.0] [cxt 0] Deparser 'deparser': start
[12:13:08.451] [bmv2] [D] [thread 30186] [48.0] [cxt 0] Deparsing header 'ethernet'
[12:13:08.452] [bmv2] [D] [thread 30186] [48.0] [cxt 0] Deparser 'deparser': end
[12:13:08.452] [bmv2] [D] [thread 30190] [48.0] [cxt 0] Transmitting packet of size 70 out of port 0
[12:13:24.822] [bmv2] [D] [thread 30185] [49.0] [cxt 0] Processing packet received on port 3
[12:13:24.823] [bmv2] [D] [thread 30185] [49.0] [cxt 0] Parser 'parser': start
[12:13:24.824] [bmv2] [D] [thread 30185] [49.0] [cxt 0] Parser 'parser' entering state 'start'
[12:13:24.824] [bmv2] [D] [thread 30185] [49.0] [cxt 0] Extracting header 'ethernet'
[12:13:24.826] [bmv2] [D] [thread 30185] [49.0] [cxt 0] Parser state 'start': key is 86dd
[12:13:24.826] [bmv2] [T] [thread 30185] [49.0] [cxt 0] Bytes parsed: 14
[12:13:24.827] [bmv2] [D] [thread 30185] [49.0] [cxt 0] Parser 'parser': end
[12:13:24.828] [bmv2] [D] [thread 30185] [49.0] [cxt 0] Pipeline 'ingress': start
[12:13:24.829] [bmv2] [T] [thread 30185] [49.0] [cxt 0] streaming.p4(158) Condition "hdr.ipv4.isValid()" (node_2) is false
[12:13:24.831] [bmv2] [D] [thread 30185] [49.0] [cxt 0] Pipeline 'ingress': end
[12:13:24.832] [bmv2] [D] [thread 30185] [49.0] [cxt 0] Egress port is 0
[12:13:24.832] [bmv2] [D] [thread 30186] [49.0] [cxt 0] Pipeline 'egress': start
[12:13:24.833] [bmv2] [D] [thread 30186] [49.0] [cxt 0] Pipeline 'egress': end
[12:13:24.833] [bmv2] [D] [thread 30186] [49.0] [cxt 0] Deparser 'deparser': start
[12:13:24.833] [bmv2] [D] [thread 30186] [49.0] [cxt 0] Deparsing header 'ethernet'
[12:13:24.834] [bmv2] [D] [thread 30186] [49.0] [cxt 0] Deparser 'deparser': end
[12:13:24.835] [bmv2] [D] [thread 30190] [49.0] [cxt 0] Transmitting packet of size 70 out of port 0
