Calling target program-options parser
[16:23:38.365] [bmv2] [D] [thread 780] Set default default entry for table 'MyIngress.ipv4_lpm': NoAction - 
Adding interface s6-eth1 as port 1
[16:23:38.367] [bmv2] [D] [thread 780] Adding interface s6-eth1 as port 1
Adding interface s6-eth2 as port 2
[16:23:38.408] [bmv2] [D] [thread 780] Adding interface s6-eth2 as port 2
Server listening on 0.0.0.0:50056
[16:23:38.449] [bmv2] [I] [thread 780] Starting Thrift server on port 9095
[16:23:38.449] [bmv2] [I] [thread 780] Thrift server was started
[16:23:38.832] [bmv2] [D] [thread 790] [0.0] [cxt 0] Processing packet received on port 1
[16:23:38.832] [bmv2] [D] [thread 790] [0.0] [cxt 0] Parser 'parser': start
[16:23:38.832] [bmv2] [D] [thread 790] [0.0] [cxt 0] Parser 'parser' entering state 'start'
[16:23:38.832] [bmv2] [D] [thread 790] [0.0] [cxt 0] Extracting header 'ethernet'
[16:23:38.832] [bmv2] [D] [thread 790] [0.0] [cxt 0] Parser state 'start': key is 86dd
[16:23:38.833] [bmv2] [T] [thread 790] [0.0] [cxt 0] Bytes parsed: 14
[16:23:38.833] [bmv2] [D] [thread 790] [0.0] [cxt 0] Parser 'parser': end
[16:23:38.833] [bmv2] [D] [thread 790] [0.0] [cxt 0] Pipeline 'ingress': start
[16:23:38.833] [bmv2] [T] [thread 790] [0.0] [cxt 0] streaming.p4(158) Condition "hdr.ipv4.isValid()" (node_2) is false
[16:23:38.834] [bmv2] [D] [thread 790] [0.0] [cxt 0] Pipeline 'ingress': end
[16:23:38.834] [bmv2] [D] [thread 790] [0.0] [cxt 0] Egress port is 0
[16:23:38.834] [bmv2] [D] [thread 791] [0.0] [cxt 0] Pipeline 'egress': start
[16:23:38.834] [bmv2] [D] [thread 791] [0.0] [cxt 0] Pipeline 'egress': end
[16:23:38.834] [bmv2] [D] [thread 791] [0.0] [cxt 0] Deparser 'deparser': start
[16:23:38.835] [bmv2] [T] [thread 791] [0.0] [cxt 0] Skipping checksum 'cksum' update because condition not met
[16:23:38.835] [bmv2] [D] [thread 791] [0.0] [cxt 0] Deparsing header 'ethernet'
[16:23:38.835] [bmv2] [D] [thread 791] [0.0] [cxt 0] Deparser 'deparser': end
[16:23:38.835] [bmv2] [D] [thread 796] [0.0] [cxt 0] Transmitting packet of size 207 out of port 0
[16:23:38.925] [bmv2] [D] [thread 790] [1.0] [cxt 0] Processing packet received on port 2
[16:23:38.925] [bmv2] [D] [thread 790] [1.0] [cxt 0] Parser 'parser': start
[16:23:38.925] [bmv2] [D] [thread 790] [1.0] [cxt 0] Parser 'parser' entering state 'start'
[16:23:38.925] [bmv2] [D] [thread 790] [1.0] [cxt 0] Extracting header 'ethernet'
[16:23:38.926] [bmv2] [D] [thread 790] [1.0] [cxt 0] Parser state 'start': key is 86dd
[16:23:38.926] [bmv2] [T] [thread 790] [1.0] [cxt 0] Bytes parsed: 14
[16:23:38.926] [bmv2] [D] [thread 790] [1.0] [cxt 0] Parser 'parser': end
[16:23:38.926] [bmv2] [D] [thread 790] [1.0] [cxt 0] Pipeline 'ingress': start
[16:23:38.926] [bmv2] [T] [thread 790] [1.0] [cxt 0] streaming.p4(158) Condition "hdr.ipv4.isValid()" (node_2) is false
[16:23:38.927] [bmv2] [D] [thread 790] [1.0] [cxt 0] Pipeline 'ingress': end
[16:23:38.927] [bmv2] [D] [thread 790] [1.0] [cxt 0] Egress port is 0
[16:23:38.927] [bmv2] [D] [thread 791] [1.0] [cxt 0] Pipeline 'egress': start
[16:23:38.927] [bmv2] [D] [thread 791] [1.0] [cxt 0] Pipeline 'egress': end
[16:23:38.927] [bmv2] [D] [thread 791] [1.0] [cxt 0] Deparser 'deparser': start
[16:23:38.928] [bmv2] [T] [thread 791] [1.0] [cxt 0] Skipping checksum 'cksum' update because condition not met
[16:23:38.928] [bmv2] [D] [thread 791] [1.0] [cxt 0] Deparsing header 'ethernet'
[16:23:38.928] [bmv2] [D] [thread 791] [1.0] [cxt 0] Deparser 'deparser': end
[16:23:38.928] [bmv2] [D] [thread 796] [1.0] [cxt 0] Transmitting packet of size 207 out of port 0
[16:23:39.449] [bmv2] [D] [thread 790] [2.0] [cxt 0] Processing packet received on port 1
[16:23:39.449] [bmv2] [D] [thread 790] [2.0] [cxt 0] Parser 'parser': start
[16:23:39.449] [bmv2] [D] [thread 790] [2.0] [cxt 0] Parser 'parser' entering state 'start'
[16:23:39.449] [bmv2] [D] [thread 790] [2.0] [cxt 0] Extracting header 'ethernet'
[16:23:39.450] [bmv2] [D] [thread 790] [2.0] [cxt 0] Parser state 'start': key is 86dd
[16:23:39.450] [bmv2] [T] [thread 790] [2.0] [cxt 0] Bytes parsed: 14
[16:23:39.450] [bmv2] [D] [thread 790] [2.0] [cxt 0] Parser 'parser': end
[16:23:39.450] [bmv2] [D] [thread 790] [2.0] [cxt 0] Pipeline 'ingress': start
[16:23:39.451] [bmv2] [T] [thread 790] [2.0] [cxt 0] streaming.p4(158) Condition "hdr.ipv4.isValid()" (node_2) is false
[16:23:39.451] [bmv2] [D] [thread 790] [2.0] [cxt 0] Pipeline 'ingress': end
[16:23:39.451] [bmv2] [D] [thread 790] [2.0] [cxt 0] Egress port is 0
[16:23:39.451] [bmv2] [D] [thread 791] [2.0] [cxt 0] Pipeline 'egress': start
[16:23:39.452] [bmv2] [D] [thread 791] [2.0] [cxt 0] Pipeline 'egress': end
[16:23:39.452] [bmv2] [D] [thread 791] [2.0] [cxt 0] Deparser 'deparser': start
[16:23:39.452] [bmv2] [T] [thread 791] [2.0] [cxt 0] Skipping checksum 'cksum' update because condition not met
[16:23:39.452] [bmv2] [D] [thread 791] [2.0] [cxt 0] Deparsing header 'ethernet'
[16:23:39.452] [bmv2] [D] [thread 791] [2.0] [cxt 0] Deparser 'deparser': end
[16:23:39.452] [bmv2] [D] [thread 796] [2.0] [cxt 0] Transmitting packet of size 207 out of port 0
[16:23:39.600] [bmv2] [D] [thread 790] [3.0] [cxt 0] Processing packet received on port 2
[16:23:39.601] [bmv2] [D] [thread 790] [3.0] [cxt 0] Parser 'parser': start
[16:23:39.601] [bmv2] [D] [thread 790] [3.0] [cxt 0] Parser 'parser' entering state 'start'
[16:23:39.601] [bmv2] [D] [thread 790] [3.0] [cxt 0] Extracting header 'ethernet'
[16:23:39.601] [bmv2] [D] [thread 790] [3.0] [cxt 0] Parser state 'start': key is 86dd
[16:23:39.601] [bmv2] [T] [thread 790] [3.0] [cxt 0] Bytes parsed: 14
[16:23:39.601] [bmv2] [D] [thread 790] [3.0] [cxt 0] Parser 'parser': end
[16:23:39.602] [bmv2] [D] [thread 790] [3.0] [cxt 0] Pipeline 'ingress': start
[16:23:39.602] [bmv2] [T] [thread 790] [3.0] [cxt 0] streaming.p4(158) Condition "hdr.ipv4.isValid()" (node_2) is false
[16:23:39.602] [bmv2] [D] [thread 790] [3.0] [cxt 0] Pipeline 'ingress': end
[16:23:39.602] [bmv2] [D] [thread 790] [3.0] [cxt 0] Egress port is 0
[16:23:39.602] [bmv2] [D] [thread 791] [3.0] [cxt 0] Pipeline 'egress': start
[16:23:39.602] [bmv2] [D] [thread 791] [3.0] [cxt 0] Pipeline 'egress': end
[16:23:39.602] [bmv2] [D] [thread 791] [3.0] [cxt 0] Deparser 'deparser': start
[16:23:39.603] [bmv2] [T] [thread 791] [3.0] [cxt 0] Skipping checksum 'cksum' update because condition not met
[16:23:39.603] [bmv2] [D] [thread 791] [3.0] [cxt 0] Deparsing header 'ethernet'
[16:23:39.603] [bmv2] [D] [thread 791] [3.0] [cxt 0] Deparser 'deparser': end
[16:23:39.603] [bmv2] [D] [thread 796] [3.0] [cxt 0] Transmitting packet of size 207 out of port 0
New connection
P4Runtime SetForwardingPipelineConfig
[16:23:40.633] [bmv2] [W] [thread 870] [P4Runtime] p4::tmp::P4DeviceConfig is deprecated
[16:23:40.636] [bmv2] [D] [thread 870] Set default default entry for table 'MyIngress.ipv4_lpm': NoAction - 
[16:23:40.637] [bmv2] [D] [thread 870] simple_switch target has been notified of a config swap
Connection removed
[16:23:40.758] [bmv2] [D] [thread 790] [4.0] [cxt 0] Processing packet received on port 1
[16:23:40.758] [bmv2] [D] [thread 790] [4.0] [cxt 0] Parser 'parser': start
[16:23:40.758] [bmv2] [D] [thread 790] [4.0] [cxt 0] Parser 'parser' entering state 'start'
[16:23:40.758] [bmv2] [D] [thread 790] [4.0] [cxt 0] Extracting header 'ethernet'
[16:23:40.758] [bmv2] [D] [thread 790] [4.0] [cxt 0] Parser state 'start': key is 86dd
[16:23:40.758] [bmv2] [T] [thread 790] [4.0] [cxt 0] Bytes parsed: 14
[16:23:40.758] [bmv2] [D] [thread 790] [4.0] [cxt 0] Parser 'parser': end
[16:23:40.758] [bmv2] [D] [thread 790] [4.0] [cxt 0] Pipeline 'ingress': start
[16:23:40.759] [bmv2] [T] [thread 790] [4.0] [cxt 0] streaming.p4(158) Condition "hdr.ipv4.isValid()" (node_2) is false
[16:23:40.759] [bmv2] [D] [thread 790] [4.0] [cxt 0] Pipeline 'ingress': end
[16:23:40.759] [bmv2] [D] [thread 790] [4.0] [cxt 0] Egress port is 0
[16:23:40.759] [bmv2] [D] [thread 790] [5.0] [cxt 0] Processing packet received on port 2
[16:23:40.759] [bmv2] [D] [thread 790] [5.0] [cxt 0] Parser 'parser': start
[16:23:40.759] [bmv2] [D] [thread 790] [5.0] [cxt 0] Parser 'parser' entering state 'start'
[16:23:40.759] [bmv2] [D] [thread 790] [5.0] [cxt 0] Extracting header 'ethernet'
[16:23:40.759] [bmv2] [D] [thread 790] [5.0] [cxt 0] Parser state 'start': key is 86dd
[16:23:40.759] [bmv2] [T] [thread 790] [5.0] [cxt 0] Bytes parsed: 14
[16:23:40.759] [bmv2] [D] [thread 790] [5.0] [cxt 0] Parser 'parser': end
[16:23:40.760] [bmv2] [D] [thread 790] [5.0] [cxt 0] Pipeline 'ingress': start
[16:23:40.760] [bmv2] [T] [thread 790] [5.0] [cxt 0] streaming.p4(158) Condition "hdr.ipv4.isValid()" (node_2) is false
[16:23:40.760] [bmv2] [D] [thread 790] [5.0] [cxt 0] Pipeline 'ingress': end
[16:23:40.760] [bmv2] [D] [thread 790] [5.0] [cxt 0] Egress port is 0
[16:23:40.759] [bmv2] [D] [thread 791] [4.0] [cxt 0] Pipeline 'egress': start
[16:23:40.761] [bmv2] [D] [thread 791] [4.0] [cxt 0] Pipeline 'egress': end
[16:23:40.761] [bmv2] [D] [thread 791] [4.0] [cxt 0] Deparser 'deparser': start
[16:23:40.761] [bmv2] [T] [thread 791] [4.0] [cxt 0] Skipping checksum 'cksum' update because condition not met
[16:23:40.762] [bmv2] [D] [thread 791] [4.0] [cxt 0] Deparsing header 'ethernet'
[16:23:40.762] [bmv2] [D] [thread 791] [4.0] [cxt 0] Deparser 'deparser': end
[16:23:40.762] [bmv2] [D] [thread 791] [5.0] [cxt 0] Pipeline 'egress': start
[16:23:40.762] [bmv2] [D] [thread 791] [5.0] [cxt 0] Pipeline 'egress': end
[16:23:40.762] [bmv2] [D] [thread 791] [5.0] [cxt 0] Deparser 'deparser': start
[16:23:40.763] [bmv2] [T] [thread 791] [5.0] [cxt 0] Skipping checksum 'cksum' update because condition not met
[16:23:40.763] [bmv2] [D] [thread 791] [5.0] [cxt 0] Deparsing header 'ethernet'
[16:23:40.763] [bmv2] [D] [thread 791] [5.0] [cxt 0] Deparser 'deparser': end
[16:23:40.762] [bmv2] [D] [thread 796] [4.0] [cxt 0] Transmitting packet of size 70 out of port 0
[16:23:40.763] [bmv2] [D] [thread 796] [5.0] [cxt 0] Transmitting packet of size 70 out of port 0
[16:23:41.006] [bmv2] [D] [thread 790] [6.0] [cxt 0] Processing packet received on port 1
[16:23:41.007] [bmv2] [D] [thread 790] [6.0] [cxt 0] Parser 'parser': start
[16:23:41.007] [bmv2] [D] [thread 790] [6.0] [cxt 0] Parser 'parser' entering state 'start'
[16:23:41.007] [bmv2] [D] [thread 790] [6.0] [cxt 0] Extracting header 'ethernet'
[16:23:41.007] [bmv2] [D] [thread 790] [6.0] [cxt 0] Parser state 'start': key is 86dd
[16:23:41.007] [bmv2] [T] [thread 790] [6.0] [cxt 0] Bytes parsed: 14
[16:23:41.007] [bmv2] [D] [thread 790] [6.0] [cxt 0] Parser 'parser': end
[16:23:41.008] [bmv2] [D] [thread 790] [6.0] [cxt 0] Pipeline 'ingress': start
[16:23:41.008] [bmv2] [T] [thread 790] [6.0] [cxt 0] streaming.p4(158) Condition "hdr.ipv4.isValid()" (node_2) is false
[16:23:41.008] [bmv2] [D] [thread 790] [6.0] [cxt 0] Pipeline 'ingress': end
[16:23:41.008] [bmv2] [D] [thread 790] [6.0] [cxt 0] Egress port is 0
[16:23:41.008] [bmv2] [D] [thread 791] [6.0] [cxt 0] Pipeline 'egress': start
[16:23:41.009] [bmv2] [D] [thread 791] [6.0] [cxt 0] Pipeline 'egress': end
[16:23:41.009] [bmv2] [D] [thread 791] [6.0] [cxt 0] Deparser 'deparser': start
[16:23:41.009] [bmv2] [T] [thread 791] [6.0] [cxt 0] Skipping checksum 'cksum' update because condition not met
[16:23:41.009] [bmv2] [D] [thread 791] [6.0] [cxt 0] Deparsing header 'ethernet'
[16:23:41.009] [bmv2] [D] [thread 791] [6.0] [cxt 0] Deparser 'deparser': end
[16:23:41.009] [bmv2] [D] [thread 796] [6.0] [cxt 0] Transmitting packet of size 207 out of port 0
[16:23:41.100] [bmv2] [D] [thread 790] [7.0] [cxt 0] Processing packet received on port 2
[16:23:41.100] [bmv2] [D] [thread 790] [7.0] [cxt 0] Parser 'parser': start
[16:23:41.100] [bmv2] [D] [thread 790] [7.0] [cxt 0] Parser 'parser' entering state 'start'
[16:23:41.100] [bmv2] [D] [thread 790] [7.0] [cxt 0] Extracting header 'ethernet'
[16:23:41.100] [bmv2] [D] [thread 790] [7.0] [cxt 0] Parser state 'start': key is 86dd
[16:23:41.100] [bmv2] [T] [thread 790] [7.0] [cxt 0] Bytes parsed: 14
[16:23:41.101] [bmv2] [D] [thread 790] [7.0] [cxt 0] Parser 'parser': end
[16:23:41.101] [bmv2] [D] [thread 790] [7.0] [cxt 0] Pipeline 'ingress': start
[16:23:41.101] [bmv2] [T] [thread 790] [7.0] [cxt 0] streaming.p4(158) Condition "hdr.ipv4.isValid()" (node_2) is false
[16:23:41.101] [bmv2] [D] [thread 790] [7.0] [cxt 0] Pipeline 'ingress': end
[16:23:41.101] [bmv2] [D] [thread 790] [7.0] [cxt 0] Egress port is 0
[16:23:41.102] [bmv2] [D] [thread 791] [7.0] [cxt 0] Pipeline 'egress': start
[16:23:41.102] [bmv2] [D] [thread 791] [7.0] [cxt 0] Pipeline 'egress': end
[16:23:41.102] [bmv2] [D] [thread 791] [7.0] [cxt 0] Deparser 'deparser': start
[16:23:41.102] [bmv2] [T] [thread 791] [7.0] [cxt 0] Skipping checksum 'cksum' update because condition not met
[16:23:41.102] [bmv2] [D] [thread 791] [7.0] [cxt 0] Deparsing header 'ethernet'
[16:23:41.103] [bmv2] [D] [thread 791] [7.0] [cxt 0] Deparser 'deparser': end
[16:23:41.103] [bmv2] [D] [thread 796] [7.0] [cxt 0] Transmitting packet of size 207 out of port 0
[16:23:41.269] [bmv2] [D] [thread 790] [8.0] [cxt 0] Processing packet received on port 1
[16:23:41.269] [bmv2] [D] [thread 790] [8.0] [cxt 0] Parser 'parser': start
[16:23:41.269] [bmv2] [D] [thread 790] [8.0] [cxt 0] Parser 'parser' entering state 'start'
[16:23:41.269] [bmv2] [D] [thread 790] [8.0] [cxt 0] Extracting header 'ethernet'
[16:23:41.270] [bmv2] [D] [thread 790] [8.0] [cxt 0] Parser state 'start': key is 86dd
[16:23:41.271] [bmv2] [T] [thread 790] [8.0] [cxt 0] Bytes parsed: 14
[16:23:41.271] [bmv2] [D] [thread 790] [8.0] [cxt 0] Parser 'parser': end
[16:23:41.271] [bmv2] [D] [thread 790] [8.0] [cxt 0] Pipeline 'ingress': start
[16:23:41.271] [bmv2] [T] [thread 790] [8.0] [cxt 0] streaming.p4(158) Condition "hdr.ipv4.isValid()" (node_2) is false
[16:23:41.271] [bmv2] [D] [thread 790] [8.0] [cxt 0] Pipeline 'ingress': end
[16:23:41.271] [bmv2] [D] [thread 790] [8.0] [cxt 0] Egress port is 0
[16:23:41.271] [bmv2] [D] [thread 791] [8.0] [cxt 0] Pipeline 'egress': start
[16:23:41.271] [bmv2] [D] [thread 791] [8.0] [cxt 0] Pipeline 'egress': end
[16:23:41.271] [bmv2] [D] [thread 791] [8.0] [cxt 0] Deparser 'deparser': start
[16:23:41.271] [bmv2] [T] [thread 791] [8.0] [cxt 0] Skipping checksum 'cksum' update because condition not met
[16:23:41.271] [bmv2] [D] [thread 791] [8.0] [cxt 0] Deparsing header 'ethernet'
[16:23:41.272] [bmv2] [D] [thread 791] [8.0] [cxt 0] Deparser 'deparser': end
[16:23:41.272] [bmv2] [D] [thread 796] [8.0] [cxt 0] Transmitting packet of size 70 out of port 0
[16:23:41.525] [bmv2] [D] [thread 790] [9.0] [cxt 0] Processing packet received on port 2
[16:23:41.525] [bmv2] [D] [thread 790] [9.0] [cxt 0] Parser 'parser': start
[16:23:41.525] [bmv2] [D] [thread 790] [9.0] [cxt 0] Parser 'parser' entering state 'start'
[16:23:41.525] [bmv2] [D] [thread 790] [9.0] [cxt 0] Extracting header 'ethernet'
[16:23:41.525] [bmv2] [D] [thread 790] [9.0] [cxt 0] Parser state 'start': key is 86dd
[16:23:41.525] [bmv2] [T] [thread 790] [9.0] [cxt 0] Bytes parsed: 14
[16:23:41.525] [bmv2] [D] [thread 790] [9.0] [cxt 0] Parser 'parser': end
[16:23:41.525] [bmv2] [D] [thread 790] [9.0] [cxt 0] Pipeline 'ingress': start
[16:23:41.526] [bmv2] [T] [thread 790] [9.0] [cxt 0] streaming.p4(158) Condition "hdr.ipv4.isValid()" (node_2) is false
[16:23:41.526] [bmv2] [D] [thread 790] [9.0] [cxt 0] Pipeline 'ingress': end
[16:23:41.526] [bmv2] [D] [thread 790] [9.0] [cxt 0] Egress port is 0
[16:23:41.526] [bmv2] [D] [thread 791] [9.0] [cxt 0] Pipeline 'egress': start
[16:23:41.526] [bmv2] [D] [thread 791] [9.0] [cxt 0] Pipeline 'egress': end
[16:23:41.526] [bmv2] [D] [thread 791] [9.0] [cxt 0] Deparser 'deparser': start
[16:23:41.526] [bmv2] [T] [thread 791] [9.0] [cxt 0] Skipping checksum 'cksum' update because condition not met
[16:23:41.526] [bmv2] [D] [thread 791] [9.0] [cxt 0] Deparsing header 'ethernet'
[16:23:41.526] [bmv2] [D] [thread 791] [9.0] [cxt 0] Deparser 'deparser': end
[16:23:41.526] [bmv2] [D] [thread 796] [9.0] [cxt 0] Transmitting packet of size 70 out of port 0
[16:23:41.624] [bmv2] [D] [thread 790] [10.0] [cxt 0] Processing packet received on port 1
[16:23:41.624] [bmv2] [D] [thread 790] [10.0] [cxt 0] Parser 'parser': start
[16:23:41.625] [bmv2] [D] [thread 790] [10.0] [cxt 0] Parser 'parser' entering state 'start'
[16:23:41.625] [bmv2] [D] [thread 790] [10.0] [cxt 0] Extracting header 'ethernet'
[16:23:41.625] [bmv2] [D] [thread 790] [10.0] [cxt 0] Parser state 'start': key is 86dd
[16:23:41.625] [bmv2] [T] [thread 790] [10.0] [cxt 0] Bytes parsed: 14
[16:23:41.626] [bmv2] [D] [thread 790] [10.0] [cxt 0] Parser 'parser': end
[16:23:41.626] [bmv2] [D] [thread 790] [10.0] [cxt 0] Pipeline 'ingress': start
[16:23:41.626] [bmv2] [T] [thread 790] [10.0] [cxt 0] streaming.p4(158) Condition "hdr.ipv4.isValid()" (node_2) is false
[16:23:41.626] [bmv2] [D] [thread 790] [10.0] [cxt 0] Pipeline 'ingress': end
[16:23:41.626] [bmv2] [D] [thread 790] [10.0] [cxt 0] Egress port is 0
[16:23:41.627] [bmv2] [D] [thread 791] [10.0] [cxt 0] Pipeline 'egress': start
[16:23:41.627] [bmv2] [D] [thread 791] [10.0] [cxt 0] Pipeline 'egress': end
[16:23:41.627] [bmv2] [D] [thread 791] [10.0] [cxt 0] Deparser 'deparser': start
[16:23:41.627] [bmv2] [T] [thread 791] [10.0] [cxt 0] Skipping checksum 'cksum' update because condition not met
[16:23:41.627] [bmv2] [D] [thread 791] [10.0] [cxt 0] Deparsing header 'ethernet'
[16:23:41.628] [bmv2] [D] [thread 791] [10.0] [cxt 0] Deparser 'deparser': end
[16:23:41.628] [bmv2] [D] [thread 796] [10.0] [cxt 0] Transmitting packet of size 207 out of port 0
[16:23:41.776] [bmv2] [D] [thread 790] [11.0] [cxt 0] Processing packet received on port 2
[16:23:41.776] [bmv2] [D] [thread 790] [11.0] [cxt 0] Parser 'parser': start
[16:23:41.776] [bmv2] [D] [thread 790] [11.0] [cxt 0] Parser 'parser' entering state 'start'
[16:23:41.777] [bmv2] [D] [thread 790] [11.0] [cxt 0] Extracting header 'ethernet'
[16:23:41.777] [bmv2] [D] [thread 790] [11.0] [cxt 0] Parser state 'start': key is 86dd
[16:23:41.777] [bmv2] [T] [thread 790] [11.0] [cxt 0] Bytes parsed: 14
[16:23:41.779] [bmv2] [D] [thread 790] [11.0] [cxt 0] Parser 'parser': end
[16:23:41.779] [bmv2] [D] [thread 790] [11.0] [cxt 0] Pipeline 'ingress': start
[16:23:41.779] [bmv2] [T] [thread 790] [11.0] [cxt 0] streaming.p4(158) Condition "hdr.ipv4.isValid()" (node_2) is false
[16:23:41.779] [bmv2] [D] [thread 790] [11.0] [cxt 0] Pipeline 'ingress': end
[16:23:41.780] [bmv2] [D] [thread 790] [11.0] [cxt 0] Egress port is 0
[16:23:41.780] [bmv2] [D] [thread 791] [11.0] [cxt 0] Pipeline 'egress': start
[16:23:41.780] [bmv2] [D] [thread 791] [11.0] [cxt 0] Pipeline 'egress': end
[16:23:41.780] [bmv2] [D] [thread 791] [11.0] [cxt 0] Deparser 'deparser': start
[16:23:41.780] [bmv2] [T] [thread 791] [11.0] [cxt 0] Skipping checksum 'cksum' update because condition not met
[16:23:41.780] [bmv2] [D] [thread 791] [11.0] [cxt 0] Deparsing header 'ethernet'
[16:23:41.781] [bmv2] [D] [thread 791] [11.0] [cxt 0] Deparser 'deparser': end
[16:23:41.781] [bmv2] [D] [thread 796] [11.0] [cxt 0] Transmitting packet of size 207 out of port 0
[16:23:48.693] [bmv2] [D] [thread 790] [12.0] [cxt 0] Processing packet received on port 1
[16:23:48.693] [bmv2] [D] [thread 790] [12.0] [cxt 0] Parser 'parser': start
[16:23:48.694] [bmv2] [D] [thread 790] [12.0] [cxt 0] Parser 'parser' entering state 'start'
[16:23:48.694] [bmv2] [D] [thread 790] [12.0] [cxt 0] Extracting header 'ethernet'
[16:23:48.694] [bmv2] [D] [thread 790] [12.0] [cxt 0] Parser state 'start': key is 86dd
[16:23:48.694] [bmv2] [T] [thread 790] [12.0] [cxt 0] Bytes parsed: 14
[16:23:48.694] [bmv2] [D] [thread 790] [12.0] [cxt 0] Parser 'parser': end
[16:23:48.694] [bmv2] [D] [thread 790] [12.0] [cxt 0] Pipeline 'ingress': start
[16:23:48.694] [bmv2] [T] [thread 790] [12.0] [cxt 0] streaming.p4(158) Condition "hdr.ipv4.isValid()" (node_2) is false
[16:23:48.695] [bmv2] [D] [thread 790] [12.0] [cxt 0] Pipeline 'ingress': end
[16:23:48.695] [bmv2] [D] [thread 790] [12.0] [cxt 0] Egress port is 0
[16:23:48.695] [bmv2] [D] [thread 791] [12.0] [cxt 0] Pipeline 'egress': start
[16:23:48.695] [bmv2] [D] [thread 791] [12.0] [cxt 0] Pipeline 'egress': end
[16:23:48.695] [bmv2] [D] [thread 791] [12.0] [cxt 0] Deparser 'deparser': start
[16:23:48.695] [bmv2] [T] [thread 791] [12.0] [cxt 0] Skipping checksum 'cksum' update because condition not met
[16:23:48.695] [bmv2] [D] [thread 791] [12.0] [cxt 0] Deparsing header 'ethernet'
[16:23:48.696] [bmv2] [D] [thread 791] [12.0] [cxt 0] Deparser 'deparser': end
[16:23:48.696] [bmv2] [D] [thread 796] [12.0] [cxt 0] Transmitting packet of size 70 out of port 0
[16:23:48.949] [bmv2] [D] [thread 790] [13.0] [cxt 0] Processing packet received on port 1
[16:23:48.949] [bmv2] [D] [thread 790] [13.0] [cxt 0] Parser 'parser': start
[16:23:48.949] [bmv2] [D] [thread 790] [13.0] [cxt 0] Parser 'parser' entering state 'start'
[16:23:48.949] [bmv2] [D] [thread 790] [13.0] [cxt 0] Extracting header 'ethernet'
[16:23:48.950] [bmv2] [D] [thread 790] [13.0] [cxt 0] Parser state 'start': key is 86dd
[16:23:48.950] [bmv2] [T] [thread 790] [13.0] [cxt 0] Bytes parsed: 14
[16:23:48.950] [bmv2] [D] [thread 790] [13.0] [cxt 0] Parser 'parser': end
[16:23:48.950] [bmv2] [D] [thread 790] [13.0] [cxt 0] Pipeline 'ingress': start
[16:23:48.950] [bmv2] [T] [thread 790] [13.0] [cxt 0] streaming.p4(158) Condition "hdr.ipv4.isValid()" (node_2) is false
[16:23:48.950] [bmv2] [D] [thread 790] [13.0] [cxt 0] Pipeline 'ingress': end
[16:23:48.951] [bmv2] [D] [thread 790] [13.0] [cxt 0] Egress port is 0
[16:23:48.951] [bmv2] [D] [thread 790] [14.0] [cxt 0] Processing packet received on port 2
[16:23:48.951] [bmv2] [D] [thread 790] [14.0] [cxt 0] Parser 'parser': start
[16:23:48.951] [bmv2] [D] [thread 790] [14.0] [cxt 0] Parser 'parser' entering state 'start'
[16:23:48.951] [bmv2] [D] [thread 790] [14.0] [cxt 0] Extracting header 'ethernet'
[16:23:48.951] [bmv2] [D] [thread 790] [14.0] [cxt 0] Parser state 'start': key is 86dd
[16:23:48.951] [bmv2] [T] [thread 790] [14.0] [cxt 0] Bytes parsed: 14
[16:23:48.951] [bmv2] [D] [thread 790] [14.0] [cxt 0] Parser 'parser': end
[16:23:48.951] [bmv2] [D] [thread 790] [14.0] [cxt 0] Pipeline 'ingress': start
[16:23:48.952] [bmv2] [T] [thread 790] [14.0] [cxt 0] streaming.p4(158) Condition "hdr.ipv4.isValid()" (node_2) is false
[16:23:48.952] [bmv2] [D] [thread 790] [14.0] [cxt 0] Pipeline 'ingress': end
[16:23:48.952] [bmv2] [D] [thread 790] [14.0] [cxt 0] Egress port is 0
[16:23:48.951] [bmv2] [D] [thread 791] [13.0] [cxt 0] Pipeline 'egress': start
[16:23:48.952] [bmv2] [D] [thread 791] [13.0] [cxt 0] Pipeline 'egress': end
[16:23:48.952] [bmv2] [D] [thread 791] [13.0] [cxt 0] Deparser 'deparser': start
[16:23:48.952] [bmv2] [T] [thread 791] [13.0] [cxt 0] Skipping checksum 'cksum' update because condition not met
[16:23:48.952] [bmv2] [D] [thread 791] [13.0] [cxt 0] Deparsing header 'ethernet'
[16:23:48.953] [bmv2] [D] [thread 791] [13.0] [cxt 0] Deparser 'deparser': end
[16:23:48.953] [bmv2] [D] [thread 791] [14.0] [cxt 0] Pipeline 'egress': start
[16:23:48.953] [bmv2] [D] [thread 791] [14.0] [cxt 0] Pipeline 'egress': end
[16:23:48.953] [bmv2] [D] [thread 791] [14.0] [cxt 0] Deparser 'deparser': start
[16:23:48.953] [bmv2] [T] [thread 791] [14.0] [cxt 0] Skipping checksum 'cksum' update because condition not met
[16:23:48.953] [bmv2] [D] [thread 791] [14.0] [cxt 0] Deparsing header 'ethernet'
[16:23:48.953] [bmv2] [D] [thread 791] [14.0] [cxt 0] Deparser 'deparser': end
[16:23:48.953] [bmv2] [D] [thread 796] [13.0] [cxt 0] Transmitting packet of size 70 out of port 0
[16:23:48.953] [bmv2] [D] [thread 796] [14.0] [cxt 0] Transmitting packet of size 70 out of port 0
[16:23:49.973] [bmv2] [D] [thread 790] [15.0] [cxt 0] Processing packet received on port 2
[16:23:49.973] [bmv2] [D] [thread 790] [15.0] [cxt 0] Parser 'parser': start
[16:23:49.973] [bmv2] [D] [thread 790] [15.0] [cxt 0] Parser 'parser' entering state 'start'
[16:23:49.973] [bmv2] [D] [thread 790] [15.0] [cxt 0] Extracting header 'ethernet'
[16:23:49.973] [bmv2] [D] [thread 790] [15.0] [cxt 0] Parser state 'start': key is 86dd
[16:23:49.974] [bmv2] [T] [thread 790] [15.0] [cxt 0] Bytes parsed: 14
[16:23:49.974] [bmv2] [D] [thread 790] [15.0] [cxt 0] Parser 'parser': end
[16:23:49.974] [bmv2] [D] [thread 790] [15.0] [cxt 0] Pipeline 'ingress': start
[16:23:49.974] [bmv2] [T] [thread 790] [15.0] [cxt 0] streaming.p4(158) Condition "hdr.ipv4.isValid()" (node_2) is false
[16:23:49.974] [bmv2] [D] [thread 790] [15.0] [cxt 0] Pipeline 'ingress': end
[16:23:49.974] [bmv2] [D] [thread 790] [15.0] [cxt 0] Egress port is 0
[16:23:49.974] [bmv2] [D] [thread 791] [15.0] [cxt 0] Pipeline 'egress': start
[16:23:49.974] [bmv2] [D] [thread 791] [15.0] [cxt 0] Pipeline 'egress': end
[16:23:49.974] [bmv2] [D] [thread 791] [15.0] [cxt 0] Deparser 'deparser': start
[16:23:49.975] [bmv2] [T] [thread 791] [15.0] [cxt 0] Skipping checksum 'cksum' update because condition not met
[16:23:49.975] [bmv2] [D] [thread 791] [15.0] [cxt 0] Deparsing header 'ethernet'
[16:23:49.975] [bmv2] [D] [thread 791] [15.0] [cxt 0] Deparser 'deparser': end
[16:23:49.975] [bmv2] [D] [thread 796] [15.0] [cxt 0] Transmitting packet of size 70 out of port 0
[16:24:04.054] [bmv2] [D] [thread 790] [16.0] [cxt 0] Processing packet received on port 1
[16:24:04.054] [bmv2] [D] [thread 790] [16.0] [cxt 0] Parser 'parser': start
[16:24:04.054] [bmv2] [D] [thread 790] [16.0] [cxt 0] Parser 'parser' entering state 'start'
[16:24:04.054] [bmv2] [D] [thread 790] [16.0] [cxt 0] Extracting header 'ethernet'
[16:24:04.054] [bmv2] [D] [thread 790] [16.0] [cxt 0] Parser state 'start': key is 86dd
[16:24:04.054] [bmv2] [T] [thread 790] [16.0] [cxt 0] Bytes parsed: 14
[16:24:04.055] [bmv2] [D] [thread 790] [16.0] [cxt 0] Parser 'parser': end
[16:24:04.055] [bmv2] [D] [thread 790] [16.0] [cxt 0] Pipeline 'ingress': start
[16:24:04.055] [bmv2] [T] [thread 790] [16.0] [cxt 0] streaming.p4(158) Condition "hdr.ipv4.isValid()" (node_2) is false
[16:24:04.055] [bmv2] [D] [thread 790] [16.0] [cxt 0] Pipeline 'ingress': end
[16:24:04.055] [bmv2] [D] [thread 790] [16.0] [cxt 0] Egress port is 0
[16:24:04.055] [bmv2] [D] [thread 791] [16.0] [cxt 0] Pipeline 'egress': start
[16:24:04.056] [bmv2] [D] [thread 791] [16.0] [cxt 0] Pipeline 'egress': end
[16:24:04.056] [bmv2] [D] [thread 791] [16.0] [cxt 0] Deparser 'deparser': start
[16:24:04.056] [bmv2] [T] [thread 791] [16.0] [cxt 0] Skipping checksum 'cksum' update because condition not met
[16:24:04.056] [bmv2] [D] [thread 791] [16.0] [cxt 0] Deparsing header 'ethernet'
[16:24:04.056] [bmv2] [D] [thread 791] [16.0] [cxt 0] Deparser 'deparser': end
[16:24:04.056] [bmv2] [D] [thread 796] [16.0] [cxt 0] Transmitting packet of size 70 out of port 0
[16:24:04.821] [bmv2] [D] [thread 790] [17.0] [cxt 0] Processing packet received on port 2
[16:24:04.821] [bmv2] [D] [thread 790] [17.0] [cxt 0] Parser 'parser': start
[16:24:04.821] [bmv2] [D] [thread 790] [17.0] [cxt 0] Parser 'parser' entering state 'start'
[16:24:04.821] [bmv2] [D] [thread 790] [17.0] [cxt 0] Extracting header 'ethernet'
[16:24:04.822] [bmv2] [D] [thread 790] [17.0] [cxt 0] Parser state 'start': key is 86dd
[16:24:04.822] [bmv2] [T] [thread 790] [17.0] [cxt 0] Bytes parsed: 14
[16:24:04.822] [bmv2] [D] [thread 790] [17.0] [cxt 0] Parser 'parser': end
[16:24:04.822] [bmv2] [D] [thread 790] [17.0] [cxt 0] Pipeline 'ingress': start
[16:24:04.822] [bmv2] [T] [thread 790] [17.0] [cxt 0] streaming.p4(158) Condition "hdr.ipv4.isValid()" (node_2) is false
[16:24:04.822] [bmv2] [D] [thread 790] [17.0] [cxt 0] Pipeline 'ingress': end
[16:24:04.822] [bmv2] [D] [thread 790] [17.0] [cxt 0] Egress port is 0
[16:24:04.822] [bmv2] [D] [thread 791] [17.0] [cxt 0] Pipeline 'egress': start
[16:24:04.823] [bmv2] [D] [thread 791] [17.0] [cxt 0] Pipeline 'egress': end
[16:24:04.823] [bmv2] [D] [thread 791] [17.0] [cxt 0] Deparser 'deparser': start
[16:24:04.823] [bmv2] [T] [thread 791] [17.0] [cxt 0] Skipping checksum 'cksum' update because condition not met
[16:24:04.823] [bmv2] [D] [thread 791] [17.0] [cxt 0] Deparsing header 'ethernet'
[16:24:04.824] [bmv2] [D] [thread 791] [17.0] [cxt 0] Deparser 'deparser': end
[16:24:04.824] [bmv2] [D] [thread 796] [17.0] [cxt 0] Transmitting packet of size 70 out of port 0
[16:24:05.078] [bmv2] [D] [thread 790] [18.0] [cxt 0] Processing packet received on port 1
[16:24:05.078] [bmv2] [D] [thread 790] [18.0] [cxt 0] Parser 'parser': start
[16:24:05.078] [bmv2] [D] [thread 790] [18.0] [cxt 0] Parser 'parser' entering state 'start'
[16:24:05.078] [bmv2] [D] [thread 790] [18.0] [cxt 0] Extracting header 'ethernet'
[16:24:05.079] [bmv2] [D] [thread 790] [18.0] [cxt 0] Parser state 'start': key is 86dd
[16:24:05.079] [bmv2] [T] [thread 790] [18.0] [cxt 0] Bytes parsed: 14
[16:24:05.079] [bmv2] [D] [thread 790] [18.0] [cxt 0] Parser 'parser': end
[16:24:05.079] [bmv2] [D] [thread 790] [18.0] [cxt 0] Pipeline 'ingress': start
[16:24:05.079] [bmv2] [T] [thread 790] [18.0] [cxt 0] streaming.p4(158) Condition "hdr.ipv4.isValid()" (node_2) is false
[16:24:05.080] [bmv2] [D] [thread 790] [18.0] [cxt 0] Pipeline 'ingress': end
[16:24:05.080] [bmv2] [D] [thread 790] [18.0] [cxt 0] Egress port is 0
[16:24:05.080] [bmv2] [D] [thread 791] [18.0] [cxt 0] Pipeline 'egress': start
[16:24:05.080] [bmv2] [D] [thread 791] [18.0] [cxt 0] Pipeline 'egress': end
[16:24:05.080] [bmv2] [D] [thread 791] [18.0] [cxt 0] Deparser 'deparser': start
[16:24:05.081] [bmv2] [T] [thread 791] [18.0] [cxt 0] Skipping checksum 'cksum' update because condition not met
[16:24:05.081] [bmv2] [D] [thread 791] [18.0] [cxt 0] Deparsing header 'ethernet'
[16:24:05.081] [bmv2] [D] [thread 791] [18.0] [cxt 0] Deparser 'deparser': end
[16:24:05.081] [bmv2] [D] [thread 796] [18.0] [cxt 0] Transmitting packet of size 70 out of port 0
[16:24:06.101] [bmv2] [D] [thread 790] [19.0] [cxt 0] Processing packet received on port 2
[16:24:06.102] [bmv2] [D] [thread 790] [19.0] [cxt 0] Parser 'parser': start
[16:24:06.102] [bmv2] [D] [thread 790] [19.0] [cxt 0] Parser 'parser' entering state 'start'
[16:24:06.102] [bmv2] [D] [thread 790] [19.0] [cxt 0] Extracting header 'ethernet'
[16:24:06.102] [bmv2] [D] [thread 790] [19.0] [cxt 0] Parser state 'start': key is 86dd
[16:24:06.102] [bmv2] [T] [thread 790] [19.0] [cxt 0] Bytes parsed: 14
[16:24:06.104] [bmv2] [D] [thread 790] [19.0] [cxt 0] Parser 'parser': end
[16:24:06.104] [bmv2] [D] [thread 790] [19.0] [cxt 0] Pipeline 'ingress': start
[16:24:06.105] [bmv2] [T] [thread 790] [19.0] [cxt 0] streaming.p4(158) Condition "hdr.ipv4.isValid()" (node_2) is false
[16:24:06.105] [bmv2] [D] [thread 790] [19.0] [cxt 0] Pipeline 'ingress': end
[16:24:06.105] [bmv2] [D] [thread 790] [19.0] [cxt 0] Egress port is 0
[16:24:06.105] [bmv2] [D] [thread 791] [19.0] [cxt 0] Pipeline 'egress': start
[16:24:06.105] [bmv2] [D] [thread 791] [19.0] [cxt 0] Pipeline 'egress': end
[16:24:06.105] [bmv2] [D] [thread 791] [19.0] [cxt 0] Deparser 'deparser': start
[16:24:06.105] [bmv2] [T] [thread 791] [19.0] [cxt 0] Skipping checksum 'cksum' update because condition not met
[16:24:06.106] [bmv2] [D] [thread 791] [19.0] [cxt 0] Deparsing header 'ethernet'
[16:24:06.106] [bmv2] [D] [thread 791] [19.0] [cxt 0] Deparser 'deparser': end
[16:24:06.106] [bmv2] [D] [thread 796] [19.0] [cxt 0] Transmitting packet of size 70 out of port 0
[16:24:36.053] [bmv2] [D] [thread 790] [20.0] [cxt 0] Processing packet received on port 1
[16:24:36.054] [bmv2] [D] [thread 790] [20.0] [cxt 0] Parser 'parser': start
[16:24:36.054] [bmv2] [D] [thread 790] [20.0] [cxt 0] Parser 'parser' entering state 'start'
[16:24:36.054] [bmv2] [D] [thread 790] [20.0] [cxt 0] Extracting header 'ethernet'
[16:24:36.054] [bmv2] [D] [thread 790] [20.0] [cxt 0] Parser state 'start': key is 86dd
[16:24:36.054] [bmv2] [T] [thread 790] [20.0] [cxt 0] Bytes parsed: 14
[16:24:36.054] [bmv2] [D] [thread 790] [20.0] [cxt 0] Parser 'parser': end
[16:24:36.055] [bmv2] [D] [thread 790] [20.0] [cxt 0] Pipeline 'ingress': start
[16:24:36.055] [bmv2] [T] [thread 790] [20.0] [cxt 0] streaming.p4(158) Condition "hdr.ipv4.isValid()" (node_2) is false
[16:24:36.055] [bmv2] [D] [thread 790] [20.0] [cxt 0] Pipeline 'ingress': end
[16:24:36.055] [bmv2] [D] [thread 790] [20.0] [cxt 0] Egress port is 0
[16:24:36.055] [bmv2] [D] [thread 790] [21.0] [cxt 0] Processing packet received on port 2
[16:24:36.055] [bmv2] [D] [thread 790] [21.0] [cxt 0] Parser 'parser': start
[16:24:36.055] [bmv2] [D] [thread 790] [21.0] [cxt 0] Parser 'parser' entering state 'start'
[16:24:36.055] [bmv2] [D] [thread 790] [21.0] [cxt 0] Extracting header 'ethernet'
[16:24:36.055] [bmv2] [D] [thread 790] [21.0] [cxt 0] Parser state 'start': key is 86dd
[16:24:36.056] [bmv2] [T] [thread 790] [21.0] [cxt 0] Bytes parsed: 14
[16:24:36.056] [bmv2] [D] [thread 790] [21.0] [cxt 0] Parser 'parser': end
[16:24:36.056] [bmv2] [D] [thread 790] [21.0] [cxt 0] Pipeline 'ingress': start
[16:24:36.057] [bmv2] [T] [thread 790] [21.0] [cxt 0] streaming.p4(158) Condition "hdr.ipv4.isValid()" (node_2) is false
[16:24:36.057] [bmv2] [D] [thread 790] [21.0] [cxt 0] Pipeline 'ingress': end
[16:24:36.057] [bmv2] [D] [thread 790] [21.0] [cxt 0] Egress port is 0
[16:24:36.058] [bmv2] [D] [thread 790] [22.0] [cxt 0] Processing packet received on port 1
[16:24:36.058] [bmv2] [D] [thread 790] [22.0] [cxt 0] Parser 'parser': start
[16:24:36.059] [bmv2] [D] [thread 790] [22.0] [cxt 0] Parser 'parser' entering state 'start'
[16:24:36.059] [bmv2] [D] [thread 790] [22.0] [cxt 0] Extracting header 'ethernet'
[16:24:36.059] [bmv2] [D] [thread 790] [22.0] [cxt 0] Parser state 'start': key is 86dd
[16:24:36.059] [bmv2] [T] [thread 790] [22.0] [cxt 0] Bytes parsed: 14
[16:24:36.059] [bmv2] [D] [thread 790] [22.0] [cxt 0] Parser 'parser': end
[16:24:36.055] [bmv2] [D] [thread 791] [20.0] [cxt 0] Pipeline 'egress': start
[16:24:36.060] [bmv2] [D] [thread 791] [20.0] [cxt 0] Pipeline 'egress': end
[16:24:36.060] [bmv2] [D] [thread 791] [20.0] [cxt 0] Deparser 'deparser': start
[16:24:36.060] [bmv2] [T] [thread 791] [20.0] [cxt 0] Skipping checksum 'cksum' update because condition not met
[16:24:36.060] [bmv2] [D] [thread 791] [20.0] [cxt 0] Deparsing header 'ethernet'
[16:24:36.060] [bmv2] [D] [thread 791] [20.0] [cxt 0] Deparser 'deparser': end
[16:24:36.060] [bmv2] [D] [thread 791] [21.0] [cxt 0] Pipeline 'egress': start
[16:24:36.060] [bmv2] [D] [thread 791] [21.0] [cxt 0] Pipeline 'egress': end
[16:24:36.060] [bmv2] [D] [thread 791] [21.0] [cxt 0] Deparser 'deparser': start
[16:24:36.060] [bmv2] [T] [thread 791] [21.0] [cxt 0] Skipping checksum 'cksum' update because condition not met
[16:24:36.060] [bmv2] [D] [thread 791] [21.0] [cxt 0] Deparsing header 'ethernet'
[16:24:36.060] [bmv2] [D] [thread 791] [21.0] [cxt 0] Deparser 'deparser': end
[16:24:36.060] [bmv2] [D] [thread 790] [22.0] [cxt 0] Pipeline 'ingress': start
[16:24:36.060] [bmv2] [T] [thread 790] [22.0] [cxt 0] streaming.p4(158) Condition "hdr.ipv4.isValid()" (node_2) is false
[16:24:36.061] [bmv2] [D] [thread 790] [22.0] [cxt 0] Pipeline 'ingress': end
[16:24:36.060] [bmv2] [D] [thread 796] [20.0] [cxt 0] Transmitting packet of size 70 out of port 0
[16:24:36.061] [bmv2] [D] [thread 796] [21.0] [cxt 0] Transmitting packet of size 70 out of port 0
[16:24:36.061] [bmv2] [D] [thread 790] [22.0] [cxt 0] Egress port is 0
[16:24:36.061] [bmv2] [D] [thread 791] [22.0] [cxt 0] Pipeline 'egress': start
[16:24:36.061] [bmv2] [D] [thread 791] [22.0] [cxt 0] Pipeline 'egress': end
[16:24:36.061] [bmv2] [D] [thread 791] [22.0] [cxt 0] Deparser 'deparser': start
[16:24:36.061] [bmv2] [T] [thread 791] [22.0] [cxt 0] Skipping checksum 'cksum' update because condition not met
[16:24:36.061] [bmv2] [D] [thread 791] [22.0] [cxt 0] Deparsing header 'ethernet'
[16:24:36.062] [bmv2] [D] [thread 791] [22.0] [cxt 0] Deparser 'deparser': end
[16:24:36.062] [bmv2] [D] [thread 796] [22.0] [cxt 0] Transmitting packet of size 70 out of port 0
[16:24:40.149] [bmv2] [D] [thread 790] [23.0] [cxt 0] Processing packet received on port 2
[16:24:40.150] [bmv2] [D] [thread 790] [23.0] [cxt 0] Parser 'parser': start
[16:24:40.150] [bmv2] [D] [thread 790] [23.0] [cxt 0] Parser 'parser' entering state 'start'
[16:24:40.150] [bmv2] [D] [thread 790] [23.0] [cxt 0] Extracting header 'ethernet'
[16:24:40.150] [bmv2] [D] [thread 790] [23.0] [cxt 0] Parser state 'start': key is 86dd
[16:24:40.150] [bmv2] [T] [thread 790] [23.0] [cxt 0] Bytes parsed: 14
[16:24:40.150] [bmv2] [D] [thread 790] [23.0] [cxt 0] Parser 'parser': end
[16:24:40.150] [bmv2] [D] [thread 790] [23.0] [cxt 0] Pipeline 'ingress': start
[16:24:40.151] [bmv2] [T] [thread 790] [23.0] [cxt 0] streaming.p4(158) Condition "hdr.ipv4.isValid()" (node_2) is false
[16:24:40.151] [bmv2] [D] [thread 790] [23.0] [cxt 0] Pipeline 'ingress': end
[16:24:40.152] [bmv2] [D] [thread 790] [23.0] [cxt 0] Egress port is 0
[16:24:40.153] [bmv2] [D] [thread 791] [23.0] [cxt 0] Pipeline 'egress': start
[16:24:40.154] [bmv2] [D] [thread 791] [23.0] [cxt 0] Pipeline 'egress': end
[16:24:40.154] [bmv2] [D] [thread 791] [23.0] [cxt 0] Deparser 'deparser': start
[16:24:40.155] [bmv2] [T] [thread 791] [23.0] [cxt 0] Skipping checksum 'cksum' update because condition not met
[16:24:40.155] [bmv2] [D] [thread 791] [23.0] [cxt 0] Deparsing header 'ethernet'
[16:24:40.155] [bmv2] [D] [thread 791] [23.0] [cxt 0] Deparser 'deparser': end
[16:24:40.155] [bmv2] [D] [thread 796] [23.0] [cxt 0] Transmitting packet of size 70 out of port 0
[16:25:37.497] [bmv2] [D] [thread 790] [24.0] [cxt 0] Processing packet received on port 1
[16:25:37.497] [bmv2] [D] [thread 790] [24.0] [cxt 0] Parser 'parser': start
[16:25:37.498] [bmv2] [D] [thread 790] [24.0] [cxt 0] Parser 'parser' entering state 'start'
[16:25:37.498] [bmv2] [D] [thread 790] [24.0] [cxt 0] Extracting header 'ethernet'
[16:25:37.498] [bmv2] [D] [thread 790] [24.0] [cxt 0] Parser state 'start': key is 86dd
[16:25:37.498] [bmv2] [T] [thread 790] [24.0] [cxt 0] Bytes parsed: 14
[16:25:37.498] [bmv2] [D] [thread 790] [24.0] [cxt 0] Parser 'parser': end
[16:25:37.499] [bmv2] [D] [thread 790] [24.0] [cxt 0] Pipeline 'ingress': start
[16:25:37.499] [bmv2] [T] [thread 790] [24.0] [cxt 0] streaming.p4(158) Condition "hdr.ipv4.isValid()" (node_2) is false
[16:25:37.499] [bmv2] [D] [thread 790] [24.0] [cxt 0] Pipeline 'ingress': end
[16:25:37.499] [bmv2] [D] [thread 790] [24.0] [cxt 0] Egress port is 0
[16:25:37.500] [bmv2] [D] [thread 791] [24.0] [cxt 0] Pipeline 'egress': start
[16:25:37.500] [bmv2] [D] [thread 791] [24.0] [cxt 0] Pipeline 'egress': end
[16:25:37.500] [bmv2] [D] [thread 791] [24.0] [cxt 0] Deparser 'deparser': start
[16:25:37.500] [bmv2] [T] [thread 791] [24.0] [cxt 0] Skipping checksum 'cksum' update because condition not met
[16:25:37.501] [bmv2] [D] [thread 791] [24.0] [cxt 0] Deparsing header 'ethernet'
[16:25:37.501] [bmv2] [D] [thread 791] [24.0] [cxt 0] Deparser 'deparser': end
[16:25:37.501] [bmv2] [D] [thread 796] [24.0] [cxt 0] Transmitting packet of size 70 out of port 0
[16:25:39.549] [bmv2] [D] [thread 790] [25.0] [cxt 0] Processing packet received on port 2
[16:25:39.550] [bmv2] [D] [thread 790] [25.0] [cxt 0] Parser 'parser': start
[16:25:39.550] [bmv2] [D] [thread 790] [25.0] [cxt 0] Parser 'parser' entering state 'start'
[16:25:39.550] [bmv2] [D] [thread 790] [25.0] [cxt 0] Extracting header 'ethernet'
[16:25:39.550] [bmv2] [D] [thread 790] [25.0] [cxt 0] Parser state 'start': key is 86dd
[16:25:39.550] [bmv2] [T] [thread 790] [25.0] [cxt 0] Bytes parsed: 14
[16:25:39.551] [bmv2] [D] [thread 790] [25.0] [cxt 0] Parser 'parser': end
[16:25:39.551] [bmv2] [D] [thread 790] [25.0] [cxt 0] Pipeline 'ingress': start
[16:25:39.551] [bmv2] [T] [thread 790] [25.0] [cxt 0] streaming.p4(158) Condition "hdr.ipv4.isValid()" (node_2) is false
[16:25:39.551] [bmv2] [D] [thread 790] [25.0] [cxt 0] Pipeline 'ingress': end
[16:25:39.552] [bmv2] [D] [thread 790] [25.0] [cxt 0] Egress port is 0
[16:25:39.552] [bmv2] [D] [thread 791] [25.0] [cxt 0] Pipeline 'egress': start
[16:25:39.552] [bmv2] [D] [thread 791] [25.0] [cxt 0] Pipeline 'egress': end
[16:25:39.552] [bmv2] [D] [thread 791] [25.0] [cxt 0] Deparser 'deparser': start
[16:25:39.552] [bmv2] [T] [thread 791] [25.0] [cxt 0] Skipping checksum 'cksum' update because condition not met
[16:25:39.552] [bmv2] [D] [thread 791] [25.0] [cxt 0] Deparsing header 'ethernet'
[16:25:39.552] [bmv2] [D] [thread 791] [25.0] [cxt 0] Deparser 'deparser': end
[16:25:39.553] [bmv2] [D] [thread 796] [25.0] [cxt 0] Transmitting packet of size 70 out of port 0
[16:25:41.590] [bmv2] [D] [thread 790] [26.0] [cxt 0] Processing packet received on port 1
[16:25:41.590] [bmv2] [D] [thread 790] [26.0] [cxt 0] Parser 'parser': start
[16:25:41.590] [bmv2] [D] [thread 790] [26.0] [cxt 0] Parser 'parser' entering state 'start'
[16:25:41.590] [bmv2] [D] [thread 790] [26.0] [cxt 0] Extracting header 'ethernet'
[16:25:41.590] [bmv2] [D] [thread 790] [26.0] [cxt 0] Parser state 'start': key is 86dd
[16:25:41.590] [bmv2] [T] [thread 790] [26.0] [cxt 0] Bytes parsed: 14
[16:25:41.590] [bmv2] [D] [thread 790] [26.0] [cxt 0] Parser 'parser': end
[16:25:41.591] [bmv2] [D] [thread 790] [26.0] [cxt 0] Pipeline 'ingress': start
[16:25:41.592] [bmv2] [T] [thread 790] [26.0] [cxt 0] streaming.p4(158) Condition "hdr.ipv4.isValid()" (node_2) is false
[16:25:41.592] [bmv2] [D] [thread 790] [26.0] [cxt 0] Pipeline 'ingress': end
[16:25:41.593] [bmv2] [D] [thread 790] [26.0] [cxt 0] Egress port is 0
[16:25:41.593] [bmv2] [D] [thread 791] [26.0] [cxt 0] Pipeline 'egress': start
[16:25:41.593] [bmv2] [D] [thread 791] [26.0] [cxt 0] Pipeline 'egress': end
[16:25:41.593] [bmv2] [D] [thread 791] [26.0] [cxt 0] Deparser 'deparser': start
[16:25:41.593] [bmv2] [T] [thread 791] [26.0] [cxt 0] Skipping checksum 'cksum' update because condition not met
[16:25:41.594] [bmv2] [D] [thread 791] [26.0] [cxt 0] Deparsing header 'ethernet'
[16:25:41.594] [bmv2] [D] [thread 791] [26.0] [cxt 0] Deparser 'deparser': end
[16:25:41.594] [bmv2] [D] [thread 796] [26.0] [cxt 0] Transmitting packet of size 70 out of port 0
[16:25:49.782] [bmv2] [D] [thread 790] [27.0] [cxt 0] Processing packet received on port 2
[16:25:49.782] [bmv2] [D] [thread 790] [27.0] [cxt 0] Parser 'parser': start
[16:25:49.783] [bmv2] [D] [thread 790] [27.0] [cxt 0] Parser 'parser' entering state 'start'
[16:25:49.783] [bmv2] [D] [thread 790] [27.0] [cxt 0] Extracting header 'ethernet'
[16:25:49.783] [bmv2] [D] [thread 790] [27.0] [cxt 0] Parser state 'start': key is 86dd
[16:25:49.783] [bmv2] [T] [thread 790] [27.0] [cxt 0] Bytes parsed: 14
[16:25:49.783] [bmv2] [D] [thread 790] [27.0] [cxt 0] Parser 'parser': end
[16:25:49.783] [bmv2] [D] [thread 790] [27.0] [cxt 0] Pipeline 'ingress': start
[16:25:49.784] [bmv2] [T] [thread 790] [27.0] [cxt 0] streaming.p4(158) Condition "hdr.ipv4.isValid()" (node_2) is false
[16:25:49.784] [bmv2] [D] [thread 790] [27.0] [cxt 0] Pipeline 'ingress': end
[16:25:49.784] [bmv2] [D] [thread 790] [27.0] [cxt 0] Egress port is 0
[16:25:49.784] [bmv2] [D] [thread 791] [27.0] [cxt 0] Pipeline 'egress': start
[16:25:49.784] [bmv2] [D] [thread 791] [27.0] [cxt 0] Pipeline 'egress': end
[16:25:49.784] [bmv2] [D] [thread 791] [27.0] [cxt 0] Deparser 'deparser': start
[16:25:49.785] [bmv2] [T] [thread 791] [27.0] [cxt 0] Skipping checksum 'cksum' update because condition not met
[16:25:49.785] [bmv2] [D] [thread 791] [27.0] [cxt 0] Deparsing header 'ethernet'
[16:25:49.785] [bmv2] [D] [thread 791] [27.0] [cxt 0] Deparser 'deparser': end
[16:25:49.785] [bmv2] [D] [thread 796] [27.0] [cxt 0] Transmitting packet of size 70 out of port 0
[16:27:42.422] [bmv2] [D] [thread 790] [28.0] [cxt 0] Processing packet received on port 2
[16:27:42.422] [bmv2] [D] [thread 790] [28.0] [cxt 0] Parser 'parser': start
[16:27:42.422] [bmv2] [D] [thread 790] [28.0] [cxt 0] Parser 'parser' entering state 'start'
[16:27:42.422] [bmv2] [D] [thread 790] [28.0] [cxt 0] Extracting header 'ethernet'
[16:27:42.422] [bmv2] [D] [thread 790] [28.0] [cxt 0] Parser state 'start': key is 86dd
[16:27:42.422] [bmv2] [T] [thread 790] [28.0] [cxt 0] Bytes parsed: 14
[16:27:42.423] [bmv2] [D] [thread 790] [28.0] [cxt 0] Parser 'parser': end
[16:27:42.423] [bmv2] [D] [thread 790] [28.0] [cxt 0] Pipeline 'ingress': start
[16:27:42.423] [bmv2] [T] [thread 790] [28.0] [cxt 0] streaming.p4(158) Condition "hdr.ipv4.isValid()" (node_2) is false
[16:27:42.423] [bmv2] [D] [thread 790] [28.0] [cxt 0] Pipeline 'ingress': end
[16:27:42.423] [bmv2] [D] [thread 790] [28.0] [cxt 0] Egress port is 0
[16:27:42.423] [bmv2] [D] [thread 790] [29.0] [cxt 0] Processing packet received on port 1
[16:27:42.423] [bmv2] [D] [thread 790] [29.0] [cxt 0] Parser 'parser': start
[16:27:42.423] [bmv2] [D] [thread 790] [29.0] [cxt 0] Parser 'parser' entering state 'start'
[16:27:42.424] [bmv2] [D] [thread 790] [29.0] [cxt 0] Extracting header 'ethernet'
[16:27:42.424] [bmv2] [D] [thread 790] [29.0] [cxt 0] Parser state 'start': key is 86dd
[16:27:42.424] [bmv2] [T] [thread 790] [29.0] [cxt 0] Bytes parsed: 14
[16:27:42.424] [bmv2] [D] [thread 790] [29.0] [cxt 0] Parser 'parser': end
[16:27:42.424] [bmv2] [D] [thread 790] [29.0] [cxt 0] Pipeline 'ingress': start
[16:27:42.424] [bmv2] [T] [thread 790] [29.0] [cxt 0] streaming.p4(158) Condition "hdr.ipv4.isValid()" (node_2) is false
[16:27:42.424] [bmv2] [D] [thread 790] [29.0] [cxt 0] Pipeline 'ingress': end
[16:27:42.425] [bmv2] [D] [thread 790] [29.0] [cxt 0] Egress port is 0
[16:27:42.423] [bmv2] [D] [thread 791] [28.0] [cxt 0] Pipeline 'egress': start
[16:27:42.425] [bmv2] [D] [thread 791] [28.0] [cxt 0] Pipeline 'egress': end
[16:27:42.425] [bmv2] [D] [thread 791] [28.0] [cxt 0] Deparser 'deparser': start
[16:27:42.425] [bmv2] [T] [thread 791] [28.0] [cxt 0] Skipping checksum 'cksum' update because condition not met
[16:27:42.425] [bmv2] [D] [thread 791] [28.0] [cxt 0] Deparsing header 'ethernet'
[16:27:42.425] [bmv2] [D] [thread 791] [28.0] [cxt 0] Deparser 'deparser': end
[16:27:42.425] [bmv2] [D] [thread 791] [29.0] [cxt 0] Pipeline 'egress': start
[16:27:42.425] [bmv2] [D] [thread 791] [29.0] [cxt 0] Pipeline 'egress': end
[16:27:42.425] [bmv2] [D] [thread 791] [29.0] [cxt 0] Deparser 'deparser': start
[16:27:42.425] [bmv2] [T] [thread 791] [29.0] [cxt 0] Skipping checksum 'cksum' update because condition not met
[16:27:42.425] [bmv2] [D] [thread 791] [29.0] [cxt 0] Deparsing header 'ethernet'
[16:27:42.425] [bmv2] [D] [thread 791] [29.0] [cxt 0] Deparser 'deparser': end
[16:27:42.425] [bmv2] [D] [thread 796] [28.0] [cxt 0] Transmitting packet of size 70 out of port 0
[16:27:42.426] [bmv2] [D] [thread 796] [29.0] [cxt 0] Transmitting packet of size 70 out of port 0
[16:28:11.093] [bmv2] [D] [thread 790] [30.0] [cxt 0] Processing packet received on port 1
[16:28:11.094] [bmv2] [D] [thread 790] [30.0] [cxt 0] Parser 'parser': start
[16:28:11.094] [bmv2] [D] [thread 790] [30.0] [cxt 0] Parser 'parser' entering state 'start'
[16:28:11.094] [bmv2] [D] [thread 790] [30.0] [cxt 0] Extracting header 'ethernet'
[16:28:11.094] [bmv2] [D] [thread 790] [30.0] [cxt 0] Parser state 'start': key is 86dd
[16:28:11.094] [bmv2] [T] [thread 790] [30.0] [cxt 0] Bytes parsed: 14
[16:28:11.094] [bmv2] [D] [thread 790] [30.0] [cxt 0] Parser 'parser': end
[16:28:11.094] [bmv2] [D] [thread 790] [30.0] [cxt 0] Pipeline 'ingress': start
[16:28:11.095] [bmv2] [T] [thread 790] [30.0] [cxt 0] streaming.p4(158) Condition "hdr.ipv4.isValid()" (node_2) is false
[16:28:11.095] [bmv2] [D] [thread 790] [30.0] [cxt 0] Pipeline 'ingress': end
[16:28:11.095] [bmv2] [D] [thread 790] [30.0] [cxt 0] Egress port is 0
[16:28:11.095] [bmv2] [D] [thread 790] [31.0] [cxt 0] Processing packet received on port 2
[16:28:11.095] [bmv2] [D] [thread 790] [31.0] [cxt 0] Parser 'parser': start
[16:28:11.095] [bmv2] [D] [thread 790] [31.0] [cxt 0] Parser 'parser' entering state 'start'
[16:28:11.095] [bmv2] [D] [thread 790] [31.0] [cxt 0] Extracting header 'ethernet'
[16:28:11.095] [bmv2] [D] [thread 790] [31.0] [cxt 0] Parser state 'start': key is 86dd
[16:28:11.096] [bmv2] [T] [thread 790] [31.0] [cxt 0] Bytes parsed: 14
[16:28:11.096] [bmv2] [D] [thread 790] [31.0] [cxt 0] Parser 'parser': end
[16:28:11.096] [bmv2] [D] [thread 790] [31.0] [cxt 0] Pipeline 'ingress': start
[16:28:11.096] [bmv2] [T] [thread 790] [31.0] [cxt 0] streaming.p4(158) Condition "hdr.ipv4.isValid()" (node_2) is false
[16:28:11.096] [bmv2] [D] [thread 790] [31.0] [cxt 0] Pipeline 'ingress': end
[16:28:11.096] [bmv2] [D] [thread 790] [31.0] [cxt 0] Egress port is 0
[16:28:11.095] [bmv2] [D] [thread 791] [30.0] [cxt 0] Pipeline 'egress': start
[16:28:11.097] [bmv2] [D] [thread 791] [30.0] [cxt 0] Pipeline 'egress': end
[16:28:11.097] [bmv2] [D] [thread 791] [30.0] [cxt 0] Deparser 'deparser': start
[16:28:11.097] [bmv2] [T] [thread 791] [30.0] [cxt 0] Skipping checksum 'cksum' update because condition not met
[16:28:11.097] [bmv2] [D] [thread 791] [30.0] [cxt 0] Deparsing header 'ethernet'
[16:28:11.097] [bmv2] [D] [thread 791] [30.0] [cxt 0] Deparser 'deparser': end
[16:28:11.098] [bmv2] [D] [thread 791] [31.0] [cxt 0] Pipeline 'egress': start
[16:28:11.098] [bmv2] [D] [thread 791] [31.0] [cxt 0] Pipeline 'egress': end
[16:28:11.098] [bmv2] [D] [thread 796] [30.0] [cxt 0] Transmitting packet of size 70 out of port 0
[16:28:11.098] [bmv2] [D] [thread 791] [31.0] [cxt 0] Deparser 'deparser': start
[16:28:11.098] [bmv2] [T] [thread 791] [31.0] [cxt 0] Skipping checksum 'cksum' update because condition not met
[16:28:11.098] [bmv2] [D] [thread 791] [31.0] [cxt 0] Deparsing header 'ethernet'
[16:28:11.098] [bmv2] [D] [thread 791] [31.0] [cxt 0] Deparser 'deparser': end
[16:28:11.098] [bmv2] [D] [thread 796] [31.0] [cxt 0] Transmitting packet of size 70 out of port 0
[16:31:44.086] [bmv2] [D] [thread 790] [32.0] [cxt 0] Processing packet received on port 2
[16:31:44.086] [bmv2] [D] [thread 790] [32.0] [cxt 0] Parser 'parser': start
[16:31:44.087] [bmv2] [D] [thread 790] [32.0] [cxt 0] Parser 'parser' entering state 'start'
[16:31:44.087] [bmv2] [D] [thread 790] [32.0] [cxt 0] Extracting header 'ethernet'
[16:31:44.087] [bmv2] [D] [thread 790] [32.0] [cxt 0] Parser state 'start': key is 86dd
[16:31:44.087] [bmv2] [T] [thread 790] [32.0] [cxt 0] Bytes parsed: 14
[16:31:44.087] [bmv2] [D] [thread 790] [32.0] [cxt 0] Parser 'parser': end
[16:31:44.088] [bmv2] [D] [thread 790] [32.0] [cxt 0] Pipeline 'ingress': start
[16:31:44.088] [bmv2] [T] [thread 790] [32.0] [cxt 0] streaming.p4(158) Condition "hdr.ipv4.isValid()" (node_2) is false
[16:31:44.088] [bmv2] [D] [thread 790] [32.0] [cxt 0] Pipeline 'ingress': end
[16:31:44.088] [bmv2] [D] [thread 790] [32.0] [cxt 0] Egress port is 0
[16:31:44.088] [bmv2] [D] [thread 791] [32.0] [cxt 0] Pipeline 'egress': start
[16:31:44.088] [bmv2] [D] [thread 791] [32.0] [cxt 0] Pipeline 'egress': end
[16:31:44.089] [bmv2] [D] [thread 791] [32.0] [cxt 0] Deparser 'deparser': start
[16:31:44.089] [bmv2] [T] [thread 791] [32.0] [cxt 0] Skipping checksum 'cksum' update because condition not met
[16:31:44.089] [bmv2] [D] [thread 791] [32.0] [cxt 0] Deparsing header 'ethernet'
[16:31:44.089] [bmv2] [D] [thread 791] [32.0] [cxt 0] Deparser 'deparser': end
[16:31:44.089] [bmv2] [D] [thread 796] [32.0] [cxt 0] Transmitting packet of size 70 out of port 0
[16:32:16.853] [bmv2] [D] [thread 790] [33.0] [cxt 0] Processing packet received on port 1
[16:32:16.853] [bmv2] [D] [thread 790] [33.0] [cxt 0] Parser 'parser': start
[16:32:16.854] [bmv2] [D] [thread 790] [33.0] [cxt 0] Parser 'parser' entering state 'start'
[16:32:16.854] [bmv2] [D] [thread 790] [33.0] [cxt 0] Extracting header 'ethernet'
[16:32:16.854] [bmv2] [D] [thread 790] [33.0] [cxt 0] Parser state 'start': key is 86dd
[16:32:16.854] [bmv2] [T] [thread 790] [33.0] [cxt 0] Bytes parsed: 14
[16:32:16.854] [bmv2] [D] [thread 790] [33.0] [cxt 0] Parser 'parser': end
[16:32:16.854] [bmv2] [D] [thread 790] [33.0] [cxt 0] Pipeline 'ingress': start
[16:32:16.855] [bmv2] [T] [thread 790] [33.0] [cxt 0] streaming.p4(158) Condition "hdr.ipv4.isValid()" (node_2) is false
[16:32:16.855] [bmv2] [D] [thread 790] [33.0] [cxt 0] Pipeline 'ingress': end
[16:32:16.855] [bmv2] [D] [thread 790] [33.0] [cxt 0] Egress port is 0
[16:32:16.855] [bmv2] [D] [thread 791] [33.0] [cxt 0] Pipeline 'egress': start
[16:32:16.856] [bmv2] [D] [thread 791] [33.0] [cxt 0] Pipeline 'egress': end
[16:32:16.856] [bmv2] [D] [thread 791] [33.0] [cxt 0] Deparser 'deparser': start
[16:32:16.856] [bmv2] [T] [thread 791] [33.0] [cxt 0] Skipping checksum 'cksum' update because condition not met
[16:32:16.857] [bmv2] [D] [thread 791] [33.0] [cxt 0] Deparsing header 'ethernet'
[16:32:16.857] [bmv2] [D] [thread 791] [33.0] [cxt 0] Deparser 'deparser': end
[16:32:16.857] [bmv2] [D] [thread 796] [33.0] [cxt 0] Transmitting packet of size 70 out of port 0
[16:32:49.625] [bmv2] [D] [thread 790] [34.0] [cxt 0] Processing packet received on port 1
[16:32:49.625] [bmv2] [D] [thread 790] [34.0] [cxt 0] Parser 'parser': start
[16:32:49.625] [bmv2] [D] [thread 790] [34.0] [cxt 0] Parser 'parser' entering state 'start'
[16:32:49.626] [bmv2] [D] [thread 790] [34.0] [cxt 0] Extracting header 'ethernet'
[16:32:49.626] [bmv2] [D] [thread 790] [34.0] [cxt 0] Parser state 'start': key is 86dd
[16:32:49.626] [bmv2] [T] [thread 790] [34.0] [cxt 0] Bytes parsed: 14
[16:32:49.626] [bmv2] [D] [thread 790] [34.0] [cxt 0] Parser 'parser': end
[16:32:49.626] [bmv2] [D] [thread 790] [34.0] [cxt 0] Pipeline 'ingress': start
[16:32:49.626] [bmv2] [T] [thread 790] [34.0] [cxt 0] streaming.p4(158) Condition "hdr.ipv4.isValid()" (node_2) is false
[16:32:49.626] [bmv2] [D] [thread 790] [34.0] [cxt 0] Pipeline 'ingress': end
[16:32:49.627] [bmv2] [D] [thread 790] [34.0] [cxt 0] Egress port is 0
[16:32:49.627] [bmv2] [D] [thread 790] [35.0] [cxt 0] Processing packet received on port 2
[16:32:49.627] [bmv2] [D] [thread 790] [35.0] [cxt 0] Parser 'parser': start
[16:32:49.627] [bmv2] [D] [thread 790] [35.0] [cxt 0] Parser 'parser' entering state 'start'
[16:32:49.627] [bmv2] [D] [thread 790] [35.0] [cxt 0] Extracting header 'ethernet'
[16:32:49.627] [bmv2] [D] [thread 790] [35.0] [cxt 0] Parser state 'start': key is 86dd
[16:32:49.627] [bmv2] [T] [thread 790] [35.0] [cxt 0] Bytes parsed: 14
[16:32:49.628] [bmv2] [D] [thread 790] [35.0] [cxt 0] Parser 'parser': end
[16:32:49.628] [bmv2] [D] [thread 790] [35.0] [cxt 0] Pipeline 'ingress': start
[16:32:49.628] [bmv2] [T] [thread 790] [35.0] [cxt 0] streaming.p4(158) Condition "hdr.ipv4.isValid()" (node_2) is false
[16:32:49.628] [bmv2] [D] [thread 790] [35.0] [cxt 0] Pipeline 'ingress': end
[16:32:49.627] [bmv2] [D] [thread 791] [34.0] [cxt 0] Pipeline 'egress': start
[16:32:49.628] [bmv2] [D] [thread 790] [35.0] [cxt 0] Egress port is 0
[16:32:49.628] [bmv2] [D] [thread 791] [34.0] [cxt 0] Pipeline 'egress': end
[16:32:49.629] [bmv2] [D] [thread 791] [34.0] [cxt 0] Deparser 'deparser': start
[16:32:49.629] [bmv2] [T] [thread 791] [34.0] [cxt 0] Skipping checksum 'cksum' update because condition not met
[16:32:49.629] [bmv2] [D] [thread 791] [34.0] [cxt 0] Deparsing header 'ethernet'
[16:32:49.629] [bmv2] [D] [thread 791] [34.0] [cxt 0] Deparser 'deparser': end
[16:32:49.630] [bmv2] [D] [thread 791] [35.0] [cxt 0] Pipeline 'egress': start
[16:32:49.631] [bmv2] [D] [thread 791] [35.0] [cxt 0] Pipeline 'egress': end
[16:32:49.631] [bmv2] [D] [thread 791] [35.0] [cxt 0] Deparser 'deparser': start
[16:32:49.631] [bmv2] [D] [thread 796] [34.0] [cxt 0] Transmitting packet of size 70 out of port 0
[16:32:49.631] [bmv2] [T] [thread 791] [35.0] [cxt 0] Skipping checksum 'cksum' update because condition not met
[16:32:49.631] [bmv2] [D] [thread 791] [35.0] [cxt 0] Deparsing header 'ethernet'
[16:32:49.631] [bmv2] [D] [thread 791] [35.0] [cxt 0] Deparser 'deparser': end
[16:32:49.632] [bmv2] [D] [thread 796] [35.0] [cxt 0] Transmitting packet of size 70 out of port 0
open: No such file or directory
open: No such file or directory
open: No such file or directory
open: No such file or directory
open: No such file or directory
open: No such file or directory
open: No such file or directory
open: No such file or directory
open: No such file or directory
open: No such file or directory
