Calling target program-options parser
[12:03:23.512] [bmv2] [D] [thread 30209] Set default default entry for table 'MyIngress.ipv4_lpm': NoAction - 
Adding interface s7-eth1 as port 1
[12:03:23.518] [bmv2] [D] [thread 30209] Adding interface s7-eth1 as port 1
Adding interface s7-eth2 as port 2
[12:03:23.575] [bmv2] [D] [thread 30209] Adding interface s7-eth2 as port 2
Adding interface s7-eth3 as port 3
[12:03:23.635] [bmv2] [D] [thread 30209] Adding interface s7-eth3 as port 3
Server listening on 0.0.0.0:50057
[12:03:23.722] [bmv2] [I] [thread 30209] Starting Thrift server on port 9096
[12:03:23.724] [bmv2] [I] [thread 30209] Thrift server was started
[12:03:23.952] [bmv2] [D] [thread 30219] [0.0] [cxt 0] Processing packet received on port 1
[12:03:23.954] [bmv2] [D] [thread 30219] [0.0] [cxt 0] Parser 'parser': start
[12:03:23.955] [bmv2] [D] [thread 30219] [0.0] [cxt 0] Parser 'parser' entering state 'start'
[12:03:23.955] [bmv2] [D] [thread 30219] [0.0] [cxt 0] Extracting header 'ethernet'
[12:03:23.955] [bmv2] [D] [thread 30219] [0.0] [cxt 0] Parser state 'start': key is 86dd
[12:03:23.956] [bmv2] [T] [thread 30219] [0.0] [cxt 0] Bytes parsed: 14
[12:03:23.956] [bmv2] [D] [thread 30219] [0.0] [cxt 0] Parser 'parser': end
[12:03:23.956] [bmv2] [D] [thread 30219] [0.0] [cxt 0] Pipeline 'ingress': start
[12:03:23.956] [bmv2] [T] [thread 30219] [0.0] [cxt 0] streaming.p4(158) Condition "hdr.ipv4.isValid()" (node_2) is false
[12:03:23.956] [bmv2] [D] [thread 30219] [0.0] [cxt 0] Pipeline 'ingress': end
[12:03:23.956] [bmv2] [D] [thread 30219] [0.0] [cxt 0] Egress port is 0
[12:03:23.957] [bmv2] [D] [thread 30220] [0.0] [cxt 0] Pipeline 'egress': start
[12:03:23.957] [bmv2] [D] [thread 30220] [0.0] [cxt 0] Pipeline 'egress': end
[12:03:23.957] [bmv2] [D] [thread 30220] [0.0] [cxt 0] Deparser 'deparser': start
[12:03:23.957] [bmv2] [D] [thread 30220] [0.0] [cxt 0] Deparsing header 'ethernet'
[12:03:23.958] [bmv2] [D] [thread 30220] [0.0] [cxt 0] Deparser 'deparser': end
[12:03:23.958] [bmv2] [D] [thread 30224] [0.0] [cxt 0] Transmitting packet of size 207 out of port 0
[12:03:23.989] [bmv2] [D] [thread 30219] [1.0] [cxt 0] Processing packet received on port 1
[12:03:23.990] [bmv2] [D] [thread 30219] [1.0] [cxt 0] Parser 'parser': start
[12:03:23.990] [bmv2] [D] [thread 30219] [1.0] [cxt 0] Parser 'parser' entering state 'start'
[12:03:23.991] [bmv2] [D] [thread 30219] [1.0] [cxt 0] Extracting header 'ethernet'
[12:03:23.991] [bmv2] [D] [thread 30219] [1.0] [cxt 0] Parser state 'start': key is 86dd
[12:03:23.992] [bmv2] [T] [thread 30219] [1.0] [cxt 0] Bytes parsed: 14
[12:03:23.992] [bmv2] [D] [thread 30219] [1.0] [cxt 0] Parser 'parser': end
[12:03:23.993] [bmv2] [D] [thread 30219] [1.0] [cxt 0] Pipeline 'ingress': start
[12:03:23.994] [bmv2] [T] [thread 30219] [1.0] [cxt 0] streaming.p4(158) Condition "hdr.ipv4.isValid()" (node_2) is false
[12:03:23.994] [bmv2] [D] [thread 30219] [1.0] [cxt 0] Pipeline 'ingress': end
[12:03:23.995] [bmv2] [D] [thread 30219] [1.0] [cxt 0] Egress port is 0
[12:03:23.995] [bmv2] [D] [thread 30220] [1.0] [cxt 0] Pipeline 'egress': start
[12:03:23.996] [bmv2] [D] [thread 30220] [1.0] [cxt 0] Pipeline 'egress': end
[12:03:23.997] [bmv2] [D] [thread 30220] [1.0] [cxt 0] Deparser 'deparser': start
[12:03:23.997] [bmv2] [D] [thread 30220] [1.0] [cxt 0] Deparsing header 'ethernet'
[12:03:23.997] [bmv2] [D] [thread 30220] [1.0] [cxt 0] Deparser 'deparser': end
[12:03:23.997] [bmv2] [D] [thread 30224] [1.0] [cxt 0] Transmitting packet of size 70 out of port 0
[12:03:24.441] [bmv2] [D] [thread 30219] [2.0] [cxt 0] Processing packet received on port 2
[12:03:24.442] [bmv2] [D] [thread 30219] [2.0] [cxt 0] Parser 'parser': start
[12:03:24.442] [bmv2] [D] [thread 30219] [2.0] [cxt 0] Parser 'parser' entering state 'start'
[12:03:24.443] [bmv2] [D] [thread 30219] [2.0] [cxt 0] Extracting header 'ethernet'
[12:03:24.444] [bmv2] [D] [thread 30219] [2.0] [cxt 0] Parser state 'start': key is 86dd
[12:03:24.444] [bmv2] [T] [thread 30219] [2.0] [cxt 0] Bytes parsed: 14
[12:03:24.444] [bmv2] [D] [thread 30219] [2.0] [cxt 0] Parser 'parser': end
[12:03:24.445] [bmv2] [D] [thread 30219] [2.0] [cxt 0] Pipeline 'ingress': start
[12:03:24.445] [bmv2] [T] [thread 30219] [2.0] [cxt 0] streaming.p4(158) Condition "hdr.ipv4.isValid()" (node_2) is false
[12:03:24.446] [bmv2] [D] [thread 30219] [2.0] [cxt 0] Pipeline 'ingress': end
[12:03:24.446] [bmv2] [D] [thread 30219] [2.0] [cxt 0] Egress port is 0
[12:03:24.447] [bmv2] [D] [thread 30220] [2.0] [cxt 0] Pipeline 'egress': start
[12:03:24.447] [bmv2] [D] [thread 30220] [2.0] [cxt 0] Pipeline 'egress': end
[12:03:24.448] [bmv2] [D] [thread 30220] [2.0] [cxt 0] Deparser 'deparser': start
[12:03:24.448] [bmv2] [D] [thread 30220] [2.0] [cxt 0] Deparsing header 'ethernet'
[12:03:24.448] [bmv2] [D] [thread 30220] [2.0] [cxt 0] Deparser 'deparser': end
[12:03:24.449] [bmv2] [D] [thread 30224] [2.0] [cxt 0] Transmitting packet of size 207 out of port 0
[12:03:24.503] [bmv2] [D] [thread 30219] [3.0] [cxt 0] Processing packet received on port 2
[12:03:24.504] [bmv2] [D] [thread 30219] [3.0] [cxt 0] Parser 'parser': start
[12:03:24.504] [bmv2] [D] [thread 30219] [3.0] [cxt 0] Parser 'parser' entering state 'start'
[12:03:24.505] [bmv2] [D] [thread 30219] [3.0] [cxt 0] Extracting header 'ethernet'
[12:03:24.505] [bmv2] [D] [thread 30219] [3.0] [cxt 0] Parser state 'start': key is 86dd
[12:03:24.506] [bmv2] [T] [thread 30219] [3.0] [cxt 0] Bytes parsed: 14
[12:03:24.507] [bmv2] [D] [thread 30219] [3.0] [cxt 0] Parser 'parser': end
[12:03:24.507] [bmv2] [D] [thread 30219] [3.0] [cxt 0] Pipeline 'ingress': start
[12:03:24.508] [bmv2] [T] [thread 30219] [3.0] [cxt 0] streaming.p4(158) Condition "hdr.ipv4.isValid()" (node_2) is false
[12:03:24.509] [bmv2] [D] [thread 30219] [3.0] [cxt 0] Pipeline 'ingress': end
[12:03:24.512] [bmv2] [D] [thread 30219] [3.0] [cxt 0] Egress port is 0
[12:03:24.513] [bmv2] [D] [thread 30219] [4.0] [cxt 0] Processing packet received on port 2
[12:03:24.514] [bmv2] [D] [thread 30220] [3.0] [cxt 0] Pipeline 'egress': start
[12:03:24.517] [bmv2] [D] [thread 30220] [3.0] [cxt 0] Pipeline 'egress': end
[12:03:24.518] [bmv2] [D] [thread 30220] [3.0] [cxt 0] Deparser 'deparser': start
[12:03:24.519] [bmv2] [D] [thread 30220] [3.0] [cxt 0] Deparsing header 'ethernet'
[12:03:24.520] [bmv2] [D] [thread 30220] [3.0] [cxt 0] Deparser 'deparser': end
[12:03:24.520] [bmv2] [D] [thread 30224] [3.0] [cxt 0] Transmitting packet of size 70 out of port 0
[12:03:24.520] [bmv2] [D] [thread 30219] [4.0] [cxt 0] Parser 'parser': start
[12:03:24.523] [bmv2] [D] [thread 30219] [4.0] [cxt 0] Parser 'parser' entering state 'start'
[12:03:24.525] [bmv2] [D] [thread 30219] [4.0] [cxt 0] Extracting header 'ethernet'
[12:03:24.527] [bmv2] [D] [thread 30219] [4.0] [cxt 0] Parser state 'start': key is 86dd
[12:03:24.531] [bmv2] [T] [thread 30219] [4.0] [cxt 0] Bytes parsed: 14
[12:03:24.532] [bmv2] [D] [thread 30219] [4.0] [cxt 0] Parser 'parser': end
[12:03:24.534] [bmv2] [D] [thread 30219] [4.0] [cxt 0] Pipeline 'ingress': start
[12:03:24.534] [bmv2] [T] [thread 30219] [4.0] [cxt 0] streaming.p4(158) Condition "hdr.ipv4.isValid()" (node_2) is false
[12:03:24.536] [bmv2] [D] [thread 30219] [4.0] [cxt 0] Pipeline 'ingress': end
[12:03:24.536] [bmv2] [D] [thread 30219] [4.0] [cxt 0] Egress port is 0
[12:03:24.538] [bmv2] [D] [thread 30220] [4.0] [cxt 0] Pipeline 'egress': start
[12:03:24.539] [bmv2] [D] [thread 30220] [4.0] [cxt 0] Pipeline 'egress': end
[12:03:24.540] [bmv2] [D] [thread 30220] [4.0] [cxt 0] Deparser 'deparser': start
[12:03:24.541] [bmv2] [D] [thread 30220] [4.0] [cxt 0] Deparsing header 'ethernet'
[12:03:24.541] [bmv2] [D] [thread 30220] [4.0] [cxt 0] Deparser 'deparser': end
[12:03:24.542] [bmv2] [D] [thread 30224] [4.0] [cxt 0] Transmitting packet of size 70 out of port 0
[12:03:24.539] [bmv2] [D] [thread 30219] [5.0] [cxt 0] Processing packet received on port 3
[12:03:24.544] [bmv2] [D] [thread 30219] [5.0] [cxt 0] Parser 'parser': start
[12:03:24.545] [bmv2] [D] [thread 30219] [5.0] [cxt 0] Parser 'parser' entering state 'start'
[12:03:24.546] [bmv2] [D] [thread 30219] [5.0] [cxt 0] Extracting header 'ethernet'
[12:03:24.546] [bmv2] [D] [thread 30219] [5.0] [cxt 0] Parser state 'start': key is 86dd
[12:03:24.547] [bmv2] [T] [thread 30219] [5.0] [cxt 0] Bytes parsed: 14
[12:03:24.547] [bmv2] [D] [thread 30219] [5.0] [cxt 0] Parser 'parser': end
[12:03:24.549] [bmv2] [D] [thread 30219] [5.0] [cxt 0] Pipeline 'ingress': start
[12:03:24.551] [bmv2] [T] [thread 30219] [5.0] [cxt 0] streaming.p4(158) Condition "hdr.ipv4.isValid()" (node_2) is false
[12:03:24.551] [bmv2] [D] [thread 30219] [5.0] [cxt 0] Pipeline 'ingress': end
[12:03:24.552] [bmv2] [D] [thread 30219] [5.0] [cxt 0] Egress port is 0
[12:03:24.552] [bmv2] [D] [thread 30220] [5.0] [cxt 0] Pipeline 'egress': start
[12:03:24.553] [bmv2] [D] [thread 30220] [5.0] [cxt 0] Pipeline 'egress': end
[12:03:24.553] [bmv2] [D] [thread 30220] [5.0] [cxt 0] Deparser 'deparser': start
[12:03:24.554] [bmv2] [D] [thread 30220] [5.0] [cxt 0] Deparsing header 'ethernet'
[12:03:24.554] [bmv2] [D] [thread 30220] [5.0] [cxt 0] Deparser 'deparser': end
[12:03:24.555] [bmv2] [D] [thread 30224] [5.0] [cxt 0] Transmitting packet of size 70 out of port 0
[12:03:24.605] [bmv2] [D] [thread 30219] [6.0] [cxt 0] Processing packet received on port 3
[12:03:24.605] [bmv2] [D] [thread 30219] [6.0] [cxt 0] Parser 'parser': start
[12:03:24.606] [bmv2] [D] [thread 30219] [6.0] [cxt 0] Parser 'parser' entering state 'start'
[12:03:24.606] [bmv2] [D] [thread 30219] [6.0] [cxt 0] Extracting header 'ethernet'
[12:03:24.607] [bmv2] [D] [thread 30219] [6.0] [cxt 0] Parser state 'start': key is 86dd
[12:03:24.607] [bmv2] [T] [thread 30219] [6.0] [cxt 0] Bytes parsed: 14
[12:03:24.608] [bmv2] [D] [thread 30219] [6.0] [cxt 0] Parser 'parser': end
[12:03:24.608] [bmv2] [D] [thread 30219] [6.0] [cxt 0] Pipeline 'ingress': start
[12:03:24.609] [bmv2] [T] [thread 30219] [6.0] [cxt 0] streaming.p4(158) Condition "hdr.ipv4.isValid()" (node_2) is false
[12:03:24.609] [bmv2] [D] [thread 30219] [6.0] [cxt 0] Pipeline 'ingress': end
[12:03:24.610] [bmv2] [D] [thread 30219] [6.0] [cxt 0] Egress port is 0
[12:03:24.610] [bmv2] [D] [thread 30220] [6.0] [cxt 0] Pipeline 'egress': start
[12:03:24.611] [bmv2] [D] [thread 30220] [6.0] [cxt 0] Pipeline 'egress': end
[12:03:24.611] [bmv2] [D] [thread 30220] [6.0] [cxt 0] Deparser 'deparser': start
[12:03:24.612] [bmv2] [D] [thread 30220] [6.0] [cxt 0] Deparsing header 'ethernet'
[12:03:24.612] [bmv2] [D] [thread 30220] [6.0] [cxt 0] Deparser 'deparser': end
[12:03:24.613] [bmv2] [D] [thread 30224] [6.0] [cxt 0] Transmitting packet of size 207 out of port 0
[12:03:24.776] [bmv2] [D] [thread 30219] [7.0] [cxt 0] Processing packet received on port 3
[12:03:24.777] [bmv2] [D] [thread 30219] [7.0] [cxt 0] Parser 'parser': start
[12:03:24.777] [bmv2] [D] [thread 30219] [7.0] [cxt 0] Parser 'parser' entering state 'start'
[12:03:24.778] [bmv2] [D] [thread 30219] [7.0] [cxt 0] Extracting header 'ethernet'
[12:03:24.779] [bmv2] [D] [thread 30219] [7.0] [cxt 0] Parser state 'start': key is 86dd
[12:03:24.779] [bmv2] [T] [thread 30219] [7.0] [cxt 0] Bytes parsed: 14
[12:03:24.780] [bmv2] [D] [thread 30219] [7.0] [cxt 0] Parser 'parser': end
[12:03:24.780] [bmv2] [D] [thread 30219] [7.0] [cxt 0] Pipeline 'ingress': start
[12:03:24.780] [bmv2] [T] [thread 30219] [7.0] [cxt 0] streaming.p4(158) Condition "hdr.ipv4.isValid()" (node_2) is false
[12:03:24.781] [bmv2] [D] [thread 30219] [7.0] [cxt 0] Pipeline 'ingress': end
[12:03:24.781] [bmv2] [D] [thread 30219] [7.0] [cxt 0] Egress port is 0
[12:03:24.782] [bmv2] [D] [thread 30220] [7.0] [cxt 0] Pipeline 'egress': start
[12:03:24.782] [bmv2] [D] [thread 30220] [7.0] [cxt 0] Pipeline 'egress': end
[12:03:24.783] [bmv2] [D] [thread 30220] [7.0] [cxt 0] Deparser 'deparser': start
[12:03:24.784] [bmv2] [D] [thread 30220] [7.0] [cxt 0] Deparsing header 'ethernet'
[12:03:24.784] [bmv2] [D] [thread 30220] [7.0] [cxt 0] Deparser 'deparser': end
[12:03:24.785] [bmv2] [D] [thread 30224] [7.0] [cxt 0] Transmitting packet of size 70 out of port 0
[12:03:24.877] [bmv2] [D] [thread 30219] [8.0] [cxt 0] Processing packet received on port 3
[12:03:24.878] [bmv2] [D] [thread 30219] [8.0] [cxt 0] Parser 'parser': start
[12:03:24.878] [bmv2] [D] [thread 30219] [8.0] [cxt 0] Parser 'parser' entering state 'start'
[12:03:24.879] [bmv2] [D] [thread 30219] [8.0] [cxt 0] Extracting header 'ethernet'
[12:03:24.881] [bmv2] [D] [thread 30219] [8.0] [cxt 0] Parser state 'start': key is 86dd
[12:03:24.882] [bmv2] [T] [thread 30219] [8.0] [cxt 0] Bytes parsed: 14
[12:03:24.882] [bmv2] [D] [thread 30219] [8.0] [cxt 0] Parser 'parser': end
[12:03:24.883] [bmv2] [D] [thread 30219] [8.0] [cxt 0] Pipeline 'ingress': start
[12:03:24.883] [bmv2] [T] [thread 30219] [8.0] [cxt 0] streaming.p4(158) Condition "hdr.ipv4.isValid()" (node_2) is false
[12:03:24.884] [bmv2] [D] [thread 30219] [8.0] [cxt 0] Pipeline 'ingress': end
[12:03:24.885] [bmv2] [D] [thread 30219] [8.0] [cxt 0] Egress port is 0
[12:03:24.885] [bmv2] [D] [thread 30220] [8.0] [cxt 0] Pipeline 'egress': start
[12:03:24.885] [bmv2] [D] [thread 30220] [8.0] [cxt 0] Pipeline 'egress': end
[12:03:24.886] [bmv2] [D] [thread 30220] [8.0] [cxt 0] Deparser 'deparser': start
[12:03:24.887] [bmv2] [D] [thread 30220] [8.0] [cxt 0] Deparsing header 'ethernet'
[12:03:24.887] [bmv2] [D] [thread 30220] [8.0] [cxt 0] Deparser 'deparser': end
[12:03:24.888] [bmv2] [D] [thread 30224] [8.0] [cxt 0] Transmitting packet of size 207 out of port 0
[12:03:25.038] [bmv2] [D] [thread 30219] [9.0] [cxt 0] Processing packet received on port 2
[12:03:25.039] [bmv2] [D] [thread 30219] [9.0] [cxt 0] Parser 'parser': start
[12:03:25.040] [bmv2] [D] [thread 30219] [9.0] [cxt 0] Parser 'parser' entering state 'start'
[12:03:25.041] [bmv2] [D] [thread 30219] [9.0] [cxt 0] Extracting header 'ethernet'
[12:03:25.041] [bmv2] [D] [thread 30219] [9.0] [cxt 0] Parser state 'start': key is 86dd
[12:03:25.042] [bmv2] [T] [thread 30219] [9.0] [cxt 0] Bytes parsed: 14
[12:03:25.042] [bmv2] [D] [thread 30219] [9.0] [cxt 0] Parser 'parser': end
[12:03:25.043] [bmv2] [D] [thread 30219] [9.0] [cxt 0] Pipeline 'ingress': start
[12:03:25.045] [bmv2] [T] [thread 30219] [9.0] [cxt 0] streaming.p4(158) Condition "hdr.ipv4.isValid()" (node_2) is false
[12:03:25.045] [bmv2] [D] [thread 30219] [9.0] [cxt 0] Pipeline 'ingress': end
[12:03:25.046] [bmv2] [D] [thread 30219] [9.0] [cxt 0] Egress port is 0
[12:03:25.047] [bmv2] [D] [thread 30220] [9.0] [cxt 0] Pipeline 'egress': start
[12:03:25.047] [bmv2] [D] [thread 30220] [9.0] [cxt 0] Pipeline 'egress': end
[12:03:25.048] [bmv2] [D] [thread 30220] [9.0] [cxt 0] Deparser 'deparser': start
[12:03:25.048] [bmv2] [D] [thread 30220] [9.0] [cxt 0] Deparsing header 'ethernet'
[12:03:25.049] [bmv2] [D] [thread 30220] [9.0] [cxt 0] Deparser 'deparser': end
[12:03:25.049] [bmv2] [D] [thread 30224] [9.0] [cxt 0] Transmitting packet of size 207 out of port 0
New connection
P4Runtime SetForwardingPipelineConfig
[12:03:25.546] [bmv2] [W] [thread 30265] [P4Runtime] p4::tmp::P4DeviceConfig is deprecated
[12:03:25.555] [bmv2] [D] [thread 30265] Set default default entry for table 'MyIngress.ipv4_lpm': NoAction - 
[12:03:25.560] [bmv2] [D] [thread 30265] simple_switch target has been notified of a config swap
Connection removed
[12:03:32.190] [bmv2] [D] [thread 30219] [10.0] [cxt 0] Processing packet received on port 1
[12:03:32.190] [bmv2] [D] [thread 30219] [10.0] [cxt 0] Parser 'parser': start
[12:03:32.191] [bmv2] [D] [thread 30219] [10.0] [cxt 0] Parser 'parser' entering state 'start'
[12:03:32.191] [bmv2] [D] [thread 30219] [10.0] [cxt 0] Extracting header 'ethernet'
[12:03:32.192] [bmv2] [D] [thread 30219] [10.0] [cxt 0] Parser state 'start': key is 86dd
[12:03:32.192] [bmv2] [T] [thread 30219] [10.0] [cxt 0] Bytes parsed: 14
[12:03:32.193] [bmv2] [D] [thread 30219] [10.0] [cxt 0] Parser 'parser': end
[12:03:32.193] [bmv2] [D] [thread 30219] [10.0] [cxt 0] Pipeline 'ingress': start
[12:03:32.193] [bmv2] [T] [thread 30219] [10.0] [cxt 0] streaming.p4(158) Condition "hdr.ipv4.isValid()" (node_2) is false
[12:03:32.194] [bmv2] [D] [thread 30219] [10.0] [cxt 0] Pipeline 'ingress': end
[12:03:32.194] [bmv2] [D] [thread 30219] [10.0] [cxt 0] Egress port is 0
[12:03:32.195] [bmv2] [D] [thread 30220] [10.0] [cxt 0] Pipeline 'egress': start
[12:03:32.196] [bmv2] [D] [thread 30220] [10.0] [cxt 0] Pipeline 'egress': end
[12:03:32.196] [bmv2] [D] [thread 30220] [10.0] [cxt 0] Deparser 'deparser': start
[12:03:32.197] [bmv2] [D] [thread 30220] [10.0] [cxt 0] Deparsing header 'ethernet'
[12:03:32.197] [bmv2] [D] [thread 30220] [10.0] [cxt 0] Deparser 'deparser': end
[12:03:32.198] [bmv2] [D] [thread 30224] [10.0] [cxt 0] Transmitting packet of size 70 out of port 0
[12:03:32.439] [bmv2] [D] [thread 30219] [11.0] [cxt 0] Processing packet received on port 2
[12:03:32.441] [bmv2] [D] [thread 30219] [11.0] [cxt 0] Parser 'parser': start
[12:03:32.443] [bmv2] [D] [thread 30219] [11.0] [cxt 0] Parser 'parser' entering state 'start'
[12:03:32.444] [bmv2] [D] [thread 30219] [11.0] [cxt 0] Extracting header 'ethernet'
[12:03:32.447] [bmv2] [D] [thread 30219] [11.0] [cxt 0] Parser state 'start': key is 86dd
[12:03:32.449] [bmv2] [T] [thread 30219] [11.0] [cxt 0] Bytes parsed: 14
[12:03:32.449] [bmv2] [D] [thread 30219] [11.0] [cxt 0] Parser 'parser': end
[12:03:32.450] [bmv2] [D] [thread 30219] [11.0] [cxt 0] Pipeline 'ingress': start
[12:03:32.451] [bmv2] [T] [thread 30219] [11.0] [cxt 0] streaming.p4(158) Condition "hdr.ipv4.isValid()" (node_2) is false
[12:03:32.453] [bmv2] [D] [thread 30219] [11.0] [cxt 0] Pipeline 'ingress': end
[12:03:32.453] [bmv2] [D] [thread 30219] [11.0] [cxt 0] Egress port is 0
[12:03:32.457] [bmv2] [D] [thread 30220] [11.0] [cxt 0] Pipeline 'egress': start
[12:03:32.457] [bmv2] [D] [thread 30220] [11.0] [cxt 0] Pipeline 'egress': end
[12:03:32.458] [bmv2] [D] [thread 30220] [11.0] [cxt 0] Deparser 'deparser': start
[12:03:32.458] [bmv2] [D] [thread 30220] [11.0] [cxt 0] Deparsing header 'ethernet'
[12:03:32.459] [bmv2] [D] [thread 30220] [11.0] [cxt 0] Deparser 'deparser': end
[12:03:32.457] [bmv2] [D] [thread 30219] [12.0] [cxt 0] Processing packet received on port 3
[12:03:32.459] [bmv2] [D] [thread 30224] [11.0] [cxt 0] Transmitting packet of size 70 out of port 0
[12:03:32.460] [bmv2] [D] [thread 30219] [12.0] [cxt 0] Parser 'parser': start
[12:03:32.462] [bmv2] [D] [thread 30219] [12.0] [cxt 0] Parser 'parser' entering state 'start'
[12:03:32.464] [bmv2] [D] [thread 30219] [12.0] [cxt 0] Extracting header 'ethernet'
[12:03:32.464] [bmv2] [D] [thread 30219] [12.0] [cxt 0] Parser state 'start': key is 86dd
[12:03:32.465] [bmv2] [T] [thread 30219] [12.0] [cxt 0] Bytes parsed: 14
[12:03:32.465] [bmv2] [D] [thread 30219] [12.0] [cxt 0] Parser 'parser': end
[12:03:32.466] [bmv2] [D] [thread 30219] [12.0] [cxt 0] Pipeline 'ingress': start
[12:03:32.468] [bmv2] [T] [thread 30219] [12.0] [cxt 0] streaming.p4(158) Condition "hdr.ipv4.isValid()" (node_2) is false
[12:03:32.468] [bmv2] [D] [thread 30219] [12.0] [cxt 0] Pipeline 'ingress': end
[12:03:32.468] [bmv2] [D] [thread 30219] [12.0] [cxt 0] Egress port is 0
[12:03:32.469] [bmv2] [D] [thread 30220] [12.0] [cxt 0] Pipeline 'egress': start
[12:03:32.470] [bmv2] [D] [thread 30220] [12.0] [cxt 0] Pipeline 'egress': end
[12:03:32.470] [bmv2] [D] [thread 30220] [12.0] [cxt 0] Deparser 'deparser': start
[12:03:32.471] [bmv2] [D] [thread 30220] [12.0] [cxt 0] Deparsing header 'ethernet'
[12:03:32.471] [bmv2] [D] [thread 30220] [12.0] [cxt 0] Deparser 'deparser': end
[12:03:32.472] [bmv2] [D] [thread 30224] [12.0] [cxt 0] Transmitting packet of size 70 out of port 0
[12:03:32.950] [bmv2] [D] [thread 30219] [13.0] [cxt 0] Processing packet received on port 2
[12:03:32.950] [bmv2] [D] [thread 30219] [13.0] [cxt 0] Parser 'parser': start
[12:03:32.951] [bmv2] [D] [thread 30219] [13.0] [cxt 0] Parser 'parser' entering state 'start'
[12:03:32.951] [bmv2] [D] [thread 30219] [13.0] [cxt 0] Extracting header 'ethernet'
[12:03:32.952] [bmv2] [D] [thread 30219] [13.0] [cxt 0] Parser state 'start': key is 86dd
[12:03:32.952] [bmv2] [T] [thread 30219] [13.0] [cxt 0] Bytes parsed: 14
[12:03:32.953] [bmv2] [D] [thread 30219] [13.0] [cxt 0] Parser 'parser': end
[12:03:32.953] [bmv2] [D] [thread 30219] [13.0] [cxt 0] Pipeline 'ingress': start
[12:03:32.954] [bmv2] [T] [thread 30219] [13.0] [cxt 0] streaming.p4(158) Condition "hdr.ipv4.isValid()" (node_2) is false
[12:03:32.954] [bmv2] [D] [thread 30219] [13.0] [cxt 0] Pipeline 'ingress': end
[12:03:32.954] [bmv2] [D] [thread 30219] [13.0] [cxt 0] Egress port is 0
[12:03:32.955] [bmv2] [D] [thread 30220] [13.0] [cxt 0] Pipeline 'egress': start
[12:03:32.956] [bmv2] [D] [thread 30220] [13.0] [cxt 0] Pipeline 'egress': end
[12:03:32.956] [bmv2] [D] [thread 30220] [13.0] [cxt 0] Deparser 'deparser': start
[12:03:32.957] [bmv2] [D] [thread 30220] [13.0] [cxt 0] Deparsing header 'ethernet'
[12:03:32.958] [bmv2] [D] [thread 30220] [13.0] [cxt 0] Deparser 'deparser': end
[12:03:32.958] [bmv2] [D] [thread 30224] [13.0] [cxt 0] Transmitting packet of size 70 out of port 0
[12:03:33.228] [bmv2] [D] [thread 30219] [14.0] [cxt 0] Processing packet received on port 3
[12:03:33.228] [bmv2] [D] [thread 30219] [14.0] [cxt 0] Parser 'parser': start
[12:03:33.229] [bmv2] [D] [thread 30219] [14.0] [cxt 0] Parser 'parser' entering state 'start'
[12:03:33.230] [bmv2] [D] [thread 30219] [14.0] [cxt 0] Extracting header 'ethernet'
[12:03:33.231] [bmv2] [D] [thread 30219] [14.0] [cxt 0] Parser state 'start': key is 86dd
[12:03:33.231] [bmv2] [T] [thread 30219] [14.0] [cxt 0] Bytes parsed: 14
[12:03:33.232] [bmv2] [D] [thread 30219] [14.0] [cxt 0] Parser 'parser': end
[12:03:33.232] [bmv2] [D] [thread 30219] [14.0] [cxt 0] Pipeline 'ingress': start
[12:03:33.233] [bmv2] [T] [thread 30219] [14.0] [cxt 0] streaming.p4(158) Condition "hdr.ipv4.isValid()" (node_2) is false
[12:03:33.233] [bmv2] [D] [thread 30219] [14.0] [cxt 0] Pipeline 'ingress': end
[12:03:33.234] [bmv2] [D] [thread 30219] [14.0] [cxt 0] Egress port is 0
[12:03:33.235] [bmv2] [D] [thread 30220] [14.0] [cxt 0] Pipeline 'egress': start
[12:03:33.236] [bmv2] [D] [thread 30220] [14.0] [cxt 0] Pipeline 'egress': end
[12:03:33.237] [bmv2] [D] [thread 30220] [14.0] [cxt 0] Deparser 'deparser': start
[12:03:33.237] [bmv2] [D] [thread 30220] [14.0] [cxt 0] Deparsing header 'ethernet'
[12:03:33.237] [bmv2] [D] [thread 30220] [14.0] [cxt 0] Deparser 'deparser': end
[12:03:33.238] [bmv2] [D] [thread 30224] [14.0] [cxt 0] Transmitting packet of size 70 out of port 0
[12:03:48.316] [bmv2] [D] [thread 30219] [15.0] [cxt 0] Processing packet received on port 3
[12:03:48.317] [bmv2] [D] [thread 30219] [15.0] [cxt 0] Parser 'parser': start
[12:03:48.317] [bmv2] [D] [thread 30219] [15.0] [cxt 0] Parser 'parser' entering state 'start'
[12:03:48.318] [bmv2] [D] [thread 30219] [15.0] [cxt 0] Extracting header 'ethernet'
[12:03:48.318] [bmv2] [D] [thread 30219] [15.0] [cxt 0] Parser state 'start': key is 86dd
[12:03:48.319] [bmv2] [T] [thread 30219] [15.0] [cxt 0] Bytes parsed: 14
[12:03:48.320] [bmv2] [D] [thread 30219] [15.0] [cxt 0] Parser 'parser': end
[12:03:48.320] [bmv2] [D] [thread 30219] [15.0] [cxt 0] Pipeline 'ingress': start
[12:03:48.321] [bmv2] [T] [thread 30219] [15.0] [cxt 0] streaming.p4(158) Condition "hdr.ipv4.isValid()" (node_2) is false
[12:03:48.321] [bmv2] [D] [thread 30219] [15.0] [cxt 0] Pipeline 'ingress': end
[12:03:48.322] [bmv2] [D] [thread 30219] [15.0] [cxt 0] Egress port is 0
[12:03:48.322] [bmv2] [D] [thread 30220] [15.0] [cxt 0] Pipeline 'egress': start
[12:03:48.323] [bmv2] [D] [thread 30220] [15.0] [cxt 0] Pipeline 'egress': end
[12:03:48.324] [bmv2] [D] [thread 30220] [15.0] [cxt 0] Deparser 'deparser': start
[12:03:48.324] [bmv2] [D] [thread 30220] [15.0] [cxt 0] Deparsing header 'ethernet'
[12:03:48.325] [bmv2] [D] [thread 30220] [15.0] [cxt 0] Deparser 'deparser': end
[12:03:48.325] [bmv2] [D] [thread 30224] [15.0] [cxt 0] Transmitting packet of size 70 out of port 0
[12:03:49.335] [bmv2] [D] [thread 30219] [16.0] [cxt 0] Processing packet received on port 1
[12:03:49.336] [bmv2] [D] [thread 30219] [16.0] [cxt 0] Parser 'parser': start
[12:03:49.338] [bmv2] [D] [thread 30219] [16.0] [cxt 0] Parser 'parser' entering state 'start'
[12:03:49.340] [bmv2] [D] [thread 30219] [16.0] [cxt 0] Extracting header 'ethernet'
[12:03:49.342] [bmv2] [D] [thread 30219] [16.0] [cxt 0] Parser state 'start': key is 86dd
[12:03:49.344] [bmv2] [T] [thread 30219] [16.0] [cxt 0] Bytes parsed: 14
[12:03:49.345] [bmv2] [D] [thread 30219] [16.0] [cxt 0] Parser 'parser': end
[12:03:49.347] [bmv2] [D] [thread 30219] [16.0] [cxt 0] Pipeline 'ingress': start
[12:03:49.349] [bmv2] [T] [thread 30219] [16.0] [cxt 0] streaming.p4(158) Condition "hdr.ipv4.isValid()" (node_2) is false
[12:03:49.350] [bmv2] [D] [thread 30219] [16.0] [cxt 0] Pipeline 'ingress': end
[12:03:49.351] [bmv2] [D] [thread 30219] [16.0] [cxt 0] Egress port is 0
[12:03:49.353] [bmv2] [D] [thread 30220] [16.0] [cxt 0] Pipeline 'egress': start
[12:03:49.355] [bmv2] [D] [thread 30220] [16.0] [cxt 0] Pipeline 'egress': end
[12:03:49.356] [bmv2] [D] [thread 30220] [16.0] [cxt 0] Deparser 'deparser': start
[12:03:49.358] [bmv2] [D] [thread 30220] [16.0] [cxt 0] Deparsing header 'ethernet'
[12:03:49.360] [bmv2] [D] [thread 30220] [16.0] [cxt 0] Deparser 'deparser': end
[12:03:49.362] [bmv2] [D] [thread 30224] [16.0] [cxt 0] Transmitting packet of size 70 out of port 0
[12:03:49.353] [bmv2] [D] [thread 30219] [17.0] [cxt 0] Processing packet received on port 2
[12:03:49.364] [bmv2] [D] [thread 30219] [17.0] [cxt 0] Parser 'parser': start
[12:03:49.365] [bmv2] [D] [thread 30219] [17.0] [cxt 0] Parser 'parser' entering state 'start'
[12:03:49.367] [bmv2] [D] [thread 30219] [17.0] [cxt 0] Extracting header 'ethernet'
[12:03:49.368] [bmv2] [D] [thread 30219] [17.0] [cxt 0] Parser state 'start': key is 86dd
[12:03:49.368] [bmv2] [T] [thread 30219] [17.0] [cxt 0] Bytes parsed: 14
[12:03:49.368] [bmv2] [D] [thread 30219] [17.0] [cxt 0] Parser 'parser': end
[12:03:49.369] [bmv2] [D] [thread 30219] [17.0] [cxt 0] Pipeline 'ingress': start
[12:03:49.370] [bmv2] [T] [thread 30219] [17.0] [cxt 0] streaming.p4(158) Condition "hdr.ipv4.isValid()" (node_2) is false
[12:03:49.370] [bmv2] [D] [thread 30219] [17.0] [cxt 0] Pipeline 'ingress': end
[12:03:49.371] [bmv2] [D] [thread 30219] [17.0] [cxt 0] Egress port is 0
[12:03:49.372] [bmv2] [D] [thread 30220] [17.0] [cxt 0] Pipeline 'egress': start
[12:03:49.373] [bmv2] [D] [thread 30220] [17.0] [cxt 0] Pipeline 'egress': end
[12:03:49.373] [bmv2] [D] [thread 30220] [17.0] [cxt 0] Deparser 'deparser': start
[12:03:49.374] [bmv2] [D] [thread 30220] [17.0] [cxt 0] Deparsing header 'ethernet'
[12:03:49.374] [bmv2] [D] [thread 30220] [17.0] [cxt 0] Deparser 'deparser': end
[12:03:49.375] [bmv2] [D] [thread 30224] [17.0] [cxt 0] Transmitting packet of size 70 out of port 0
[12:03:51.389] [bmv2] [D] [thread 30219] [18.0] [cxt 0] Processing packet received on port 2
[12:03:51.390] [bmv2] [D] [thread 30219] [18.0] [cxt 0] Parser 'parser': start
[12:03:51.391] [bmv2] [D] [thread 30219] [18.0] [cxt 0] Parser 'parser' entering state 'start'
[12:03:51.393] [bmv2] [D] [thread 30219] [18.0] [cxt 0] Extracting header 'ethernet'
[12:03:51.395] [bmv2] [D] [thread 30219] [18.0] [cxt 0] Parser state 'start': key is 86dd
[12:03:51.398] [bmv2] [T] [thread 30219] [18.0] [cxt 0] Bytes parsed: 14
[12:03:51.400] [bmv2] [D] [thread 30219] [18.0] [cxt 0] Parser 'parser': end
[12:03:51.402] [bmv2] [D] [thread 30219] [18.0] [cxt 0] Pipeline 'ingress': start
[12:03:51.406] [bmv2] [T] [thread 30219] [18.0] [cxt 0] streaming.p4(158) Condition "hdr.ipv4.isValid()" (node_2) is false
[12:03:51.408] [bmv2] [D] [thread 30219] [18.0] [cxt 0] Pipeline 'ingress': end
[12:03:51.409] [bmv2] [D] [thread 30219] [18.0] [cxt 0] Egress port is 0
[12:03:51.414] [bmv2] [D] [thread 30219] [19.0] [cxt 0] Processing packet received on port 3
[12:03:51.414] [bmv2] [D] [thread 30219] [19.0] [cxt 0] Parser 'parser': start
[12:03:51.415] [bmv2] [D] [thread 30219] [19.0] [cxt 0] Parser 'parser' entering state 'start'
[12:03:51.416] [bmv2] [D] [thread 30219] [19.0] [cxt 0] Extracting header 'ethernet'
[12:03:51.414] [bmv2] [D] [thread 30220] [18.0] [cxt 0] Pipeline 'egress': start
[12:03:51.417] [bmv2] [D] [thread 30220] [18.0] [cxt 0] Pipeline 'egress': end
[12:03:51.418] [bmv2] [D] [thread 30220] [18.0] [cxt 0] Deparser 'deparser': start
[12:03:51.418] [bmv2] [D] [thread 30220] [18.0] [cxt 0] Deparsing header 'ethernet'
[12:03:51.419] [bmv2] [D] [thread 30220] [18.0] [cxt 0] Deparser 'deparser': end
[12:03:51.420] [bmv2] [D] [thread 30224] [18.0] [cxt 0] Transmitting packet of size 70 out of port 0
[12:03:51.420] [bmv2] [D] [thread 30219] [19.0] [cxt 0] Parser state 'start': key is 86dd
[12:03:51.421] [bmv2] [T] [thread 30219] [19.0] [cxt 0] Bytes parsed: 14
[12:03:51.422] [bmv2] [D] [thread 30219] [19.0] [cxt 0] Parser 'parser': end
[12:03:51.422] [bmv2] [D] [thread 30219] [19.0] [cxt 0] Pipeline 'ingress': start
[12:03:51.423] [bmv2] [T] [thread 30219] [19.0] [cxt 0] streaming.p4(158) Condition "hdr.ipv4.isValid()" (node_2) is false
[12:03:51.423] [bmv2] [D] [thread 30219] [19.0] [cxt 0] Pipeline 'ingress': end
[12:03:51.424] [bmv2] [D] [thread 30219] [19.0] [cxt 0] Egress port is 0
[12:03:51.425] [bmv2] [D] [thread 30220] [19.0] [cxt 0] Pipeline 'egress': start
[12:03:51.425] [bmv2] [D] [thread 30220] [19.0] [cxt 0] Pipeline 'egress': end
[12:03:51.426] [bmv2] [D] [thread 30220] [19.0] [cxt 0] Deparser 'deparser': start
[12:03:51.427] [bmv2] [D] [thread 30220] [19.0] [cxt 0] Deparsing header 'ethernet'
[12:03:51.427] [bmv2] [D] [thread 30220] [19.0] [cxt 0] Deparser 'deparser': end
[12:03:51.428] [bmv2] [D] [thread 30224] [19.0] [cxt 0] Transmitting packet of size 70 out of port 0
[12:04:22.104] [bmv2] [D] [thread 30219] [20.0] [cxt 0] Processing packet received on port 3
[12:04:22.105] [bmv2] [D] [thread 30219] [20.0] [cxt 0] Parser 'parser': start
[12:04:22.106] [bmv2] [D] [thread 30219] [20.0] [cxt 0] Parser 'parser' entering state 'start'
[12:04:22.106] [bmv2] [D] [thread 30219] [20.0] [cxt 0] Extracting header 'ethernet'
[12:04:22.106] [bmv2] [D] [thread 30219] [20.0] [cxt 0] Parser state 'start': key is 86dd
[12:04:22.108] [bmv2] [T] [thread 30219] [20.0] [cxt 0] Bytes parsed: 14
[12:04:22.109] [bmv2] [D] [thread 30219] [20.0] [cxt 0] Parser 'parser': end
[12:04:22.109] [bmv2] [D] [thread 30219] [20.0] [cxt 0] Pipeline 'ingress': start
[12:04:22.110] [bmv2] [T] [thread 30219] [20.0] [cxt 0] streaming.p4(158) Condition "hdr.ipv4.isValid()" (node_2) is false
[12:04:22.110] [bmv2] [D] [thread 30219] [20.0] [cxt 0] Pipeline 'ingress': end
[12:04:22.111] [bmv2] [D] [thread 30219] [20.0] [cxt 0] Egress port is 0
[12:04:22.112] [bmv2] [D] [thread 30220] [20.0] [cxt 0] Pipeline 'egress': start
[12:04:22.113] [bmv2] [D] [thread 30220] [20.0] [cxt 0] Pipeline 'egress': end
[12:04:22.113] [bmv2] [D] [thread 30220] [20.0] [cxt 0] Deparser 'deparser': start
[12:04:22.113] [bmv2] [D] [thread 30220] [20.0] [cxt 0] Deparsing header 'ethernet'
[12:04:22.113] [bmv2] [D] [thread 30220] [20.0] [cxt 0] Deparser 'deparser': end
[12:04:22.114] [bmv2] [D] [thread 30224] [20.0] [cxt 0] Transmitting packet of size 70 out of port 0
[12:04:24.153] [bmv2] [D] [thread 30219] [21.0] [cxt 0] Processing packet received on port 1
[12:04:24.155] [bmv2] [D] [thread 30219] [21.0] [cxt 0] Parser 'parser': start
[12:04:24.158] [bmv2] [D] [thread 30219] [21.0] [cxt 0] Parser 'parser' entering state 'start'
[12:04:24.163] [bmv2] [D] [thread 30219] [21.0] [cxt 0] Extracting header 'ethernet'
[12:04:24.165] [bmv2] [D] [thread 30219] [21.0] [cxt 0] Parser state 'start': key is 86dd
[12:04:24.173] [bmv2] [T] [thread 30219] [21.0] [cxt 0] Bytes parsed: 14
[12:04:24.176] [bmv2] [D] [thread 30219] [21.0] [cxt 0] Parser 'parser': end
[12:04:24.180] [bmv2] [D] [thread 30219] [21.0] [cxt 0] Pipeline 'ingress': start
[12:04:24.183] [bmv2] [T] [thread 30219] [21.0] [cxt 0] streaming.p4(158) Condition "hdr.ipv4.isValid()" (node_2) is false
[12:04:24.185] [bmv2] [D] [thread 30219] [21.0] [cxt 0] Pipeline 'ingress': end
[12:04:24.185] [bmv2] [D] [thread 30219] [21.0] [cxt 0] Egress port is 0
[12:04:24.186] [bmv2] [D] [thread 30220] [21.0] [cxt 0] Pipeline 'egress': start
[12:04:24.186] [bmv2] [D] [thread 30220] [21.0] [cxt 0] Pipeline 'egress': end
[12:04:24.187] [bmv2] [D] [thread 30220] [21.0] [cxt 0] Deparser 'deparser': start
[12:04:24.187] [bmv2] [D] [thread 30220] [21.0] [cxt 0] Deparsing header 'ethernet'
[12:04:24.188] [bmv2] [D] [thread 30220] [21.0] [cxt 0] Deparser 'deparser': end
[12:04:24.188] [bmv2] [D] [thread 30224] [21.0] [cxt 0] Transmitting packet of size 70 out of port 0
[12:04:24.186] [bmv2] [D] [thread 30219] [22.0] [cxt 0] Processing packet received on port 2
[12:04:24.189] [bmv2] [D] [thread 30219] [22.0] [cxt 0] Parser 'parser': start
[12:04:24.190] [bmv2] [D] [thread 30219] [22.0] [cxt 0] Parser 'parser' entering state 'start'
[12:04:24.190] [bmv2] [D] [thread 30219] [22.0] [cxt 0] Extracting header 'ethernet'
[12:04:24.191] [bmv2] [D] [thread 30219] [22.0] [cxt 0] Parser state 'start': key is 86dd
[12:04:24.192] [bmv2] [T] [thread 30219] [22.0] [cxt 0] Bytes parsed: 14
[12:04:24.192] [bmv2] [D] [thread 30219] [22.0] [cxt 0] Parser 'parser': end
[12:04:24.193] [bmv2] [D] [thread 30219] [22.0] [cxt 0] Pipeline 'ingress': start
[12:04:24.193] [bmv2] [T] [thread 30219] [22.0] [cxt 0] streaming.p4(158) Condition "hdr.ipv4.isValid()" (node_2) is false
[12:04:24.193] [bmv2] [D] [thread 30219] [22.0] [cxt 0] Pipeline 'ingress': end
[12:04:24.194] [bmv2] [D] [thread 30219] [22.0] [cxt 0] Egress port is 0
[12:04:24.194] [bmv2] [D] [thread 30220] [22.0] [cxt 0] Pipeline 'egress': start
[12:04:24.195] [bmv2] [D] [thread 30220] [22.0] [cxt 0] Pipeline 'egress': end
[12:04:24.195] [bmv2] [D] [thread 30220] [22.0] [cxt 0] Deparser 'deparser': start
[12:04:24.195] [bmv2] [D] [thread 30220] [22.0] [cxt 0] Deparsing header 'ethernet'
[12:04:24.196] [bmv2] [D] [thread 30220] [22.0] [cxt 0] Deparser 'deparser': end
[12:04:24.196] [bmv2] [D] [thread 30224] [22.0] [cxt 0] Transmitting packet of size 70 out of port 0
[12:04:26.200] [bmv2] [D] [thread 30219] [23.0] [cxt 0] Processing packet received on port 2
[12:04:26.200] [bmv2] [D] [thread 30219] [23.0] [cxt 0] Parser 'parser': start
[12:04:26.201] [bmv2] [D] [thread 30219] [23.0] [cxt 0] Parser 'parser' entering state 'start'
[12:04:26.202] [bmv2] [D] [thread 30219] [23.0] [cxt 0] Extracting header 'ethernet'
[12:04:26.203] [bmv2] [D] [thread 30219] [23.0] [cxt 0] Parser state 'start': key is 86dd
[12:04:26.204] [bmv2] [T] [thread 30219] [23.0] [cxt 0] Bytes parsed: 14
[12:04:26.205] [bmv2] [D] [thread 30219] [23.0] [cxt 0] Parser 'parser': end
[12:04:26.209] [bmv2] [D] [thread 30219] [23.0] [cxt 0] Pipeline 'ingress': start
[12:04:26.210] [bmv2] [T] [thread 30219] [23.0] [cxt 0] streaming.p4(158) Condition "hdr.ipv4.isValid()" (node_2) is false
[12:04:26.210] [bmv2] [D] [thread 30219] [23.0] [cxt 0] Pipeline 'ingress': end
[12:04:26.211] [bmv2] [D] [thread 30219] [23.0] [cxt 0] Egress port is 0
[12:04:26.212] [bmv2] [D] [thread 30220] [23.0] [cxt 0] Pipeline 'egress': start
[12:04:26.212] [bmv2] [D] [thread 30220] [23.0] [cxt 0] Pipeline 'egress': end
[12:04:26.212] [bmv2] [D] [thread 30220] [23.0] [cxt 0] Deparser 'deparser': start
[12:04:26.213] [bmv2] [D] [thread 30220] [23.0] [cxt 0] Deparsing header 'ethernet'
[12:04:26.213] [bmv2] [D] [thread 30220] [23.0] [cxt 0] Deparser 'deparser': end
[12:04:26.214] [bmv2] [D] [thread 30224] [23.0] [cxt 0] Transmitting packet of size 70 out of port 0
[12:04:26.213] [bmv2] [D] [thread 30219] [24.0] [cxt 0] Processing packet received on port 3
[12:04:26.218] [bmv2] [D] [thread 30219] [24.0] [cxt 0] Parser 'parser': start
[12:04:26.218] [bmv2] [D] [thread 30219] [24.0] [cxt 0] Parser 'parser' entering state 'start'
[12:04:26.219] [bmv2] [D] [thread 30219] [24.0] [cxt 0] Extracting header 'ethernet'
[12:04:26.220] [bmv2] [D] [thread 30219] [24.0] [cxt 0] Parser state 'start': key is 86dd
[12:04:26.220] [bmv2] [T] [thread 30219] [24.0] [cxt 0] Bytes parsed: 14
[12:04:26.221] [bmv2] [D] [thread 30219] [24.0] [cxt 0] Parser 'parser': end
[12:04:26.222] [bmv2] [D] [thread 30219] [24.0] [cxt 0] Pipeline 'ingress': start
[12:04:26.222] [bmv2] [T] [thread 30219] [24.0] [cxt 0] streaming.p4(158) Condition "hdr.ipv4.isValid()" (node_2) is false
[12:04:26.223] [bmv2] [D] [thread 30219] [24.0] [cxt 0] Pipeline 'ingress': end
[12:04:26.224] [bmv2] [D] [thread 30219] [24.0] [cxt 0] Egress port is 0
[12:04:26.224] [bmv2] [D] [thread 30220] [24.0] [cxt 0] Pipeline 'egress': start
[12:04:26.225] [bmv2] [D] [thread 30220] [24.0] [cxt 0] Pipeline 'egress': end
[12:04:26.226] [bmv2] [D] [thread 30220] [24.0] [cxt 0] Deparser 'deparser': start
[12:04:26.226] [bmv2] [D] [thread 30220] [24.0] [cxt 0] Deparsing header 'ethernet'
[12:04:26.227] [bmv2] [D] [thread 30220] [24.0] [cxt 0] Deparser 'deparser': end
[12:04:26.228] [bmv2] [D] [thread 30224] [24.0] [cxt 0] Transmitting packet of size 70 out of port 0
[12:05:29.721] [bmv2] [D] [thread 30219] [25.0] [cxt 0] Processing packet received on port 1
[12:05:29.722] [bmv2] [D] [thread 30219] [25.0] [cxt 0] Parser 'parser': start
[12:05:29.723] [bmv2] [D] [thread 30219] [25.0] [cxt 0] Parser 'parser' entering state 'start'
[12:05:29.723] [bmv2] [D] [thread 30219] [25.0] [cxt 0] Extracting header 'ethernet'
[12:05:29.725] [bmv2] [D] [thread 30219] [25.0] [cxt 0] Parser state 'start': key is 86dd
[12:05:29.727] [bmv2] [T] [thread 30219] [25.0] [cxt 0] Bytes parsed: 14
[12:05:29.727] [bmv2] [D] [thread 30219] [25.0] [cxt 0] Parser 'parser': end
[12:05:29.730] [bmv2] [D] [thread 30219] [25.0] [cxt 0] Pipeline 'ingress': start
[12:05:29.731] [bmv2] [T] [thread 30219] [25.0] [cxt 0] streaming.p4(158) Condition "hdr.ipv4.isValid()" (node_2) is false
[12:05:29.732] [bmv2] [D] [thread 30219] [25.0] [cxt 0] Pipeline 'ingress': end
[12:05:29.732] [bmv2] [D] [thread 30219] [25.0] [cxt 0] Egress port is 0
[12:05:29.733] [bmv2] [D] [thread 30220] [25.0] [cxt 0] Pipeline 'egress': start
[12:05:29.734] [bmv2] [D] [thread 30220] [25.0] [cxt 0] Pipeline 'egress': end
[12:05:29.734] [bmv2] [D] [thread 30220] [25.0] [cxt 0] Deparser 'deparser': start
[12:05:29.735] [bmv2] [D] [thread 30220] [25.0] [cxt 0] Deparsing header 'ethernet'
[12:05:29.735] [bmv2] [D] [thread 30220] [25.0] [cxt 0] Deparser 'deparser': end
[12:05:29.736] [bmv2] [D] [thread 30224] [25.0] [cxt 0] Transmitting packet of size 70 out of port 0
[12:05:29.734] [bmv2] [D] [thread 30219] [26.0] [cxt 0] Processing packet received on port 3
[12:05:29.740] [bmv2] [D] [thread 30219] [26.0] [cxt 0] Parser 'parser': start
[12:05:29.742] [bmv2] [D] [thread 30219] [26.0] [cxt 0] Parser 'parser' entering state 'start'
[12:05:29.742] [bmv2] [D] [thread 30219] [26.0] [cxt 0] Extracting header 'ethernet'
[12:05:29.743] [bmv2] [D] [thread 30219] [26.0] [cxt 0] Parser state 'start': key is 86dd
[12:05:29.744] [bmv2] [T] [thread 30219] [26.0] [cxt 0] Bytes parsed: 14
[12:05:29.746] [bmv2] [D] [thread 30219] [26.0] [cxt 0] Parser 'parser': end
[12:05:29.746] [bmv2] [D] [thread 30219] [26.0] [cxt 0] Pipeline 'ingress': start
[12:05:29.747] [bmv2] [T] [thread 30219] [26.0] [cxt 0] streaming.p4(158) Condition "hdr.ipv4.isValid()" (node_2) is false
[12:05:29.747] [bmv2] [D] [thread 30219] [26.0] [cxt 0] Pipeline 'ingress': end
[12:05:29.748] [bmv2] [D] [thread 30219] [26.0] [cxt 0] Egress port is 0
[12:05:29.748] [bmv2] [D] [thread 30220] [26.0] [cxt 0] Pipeline 'egress': start
[12:05:29.749] [bmv2] [D] [thread 30220] [26.0] [cxt 0] Pipeline 'egress': end
[12:05:29.749] [bmv2] [D] [thread 30220] [26.0] [cxt 0] Deparser 'deparser': start
[12:05:29.750] [bmv2] [D] [thread 30220] [26.0] [cxt 0] Deparsing header 'ethernet'
[12:05:29.750] [bmv2] [D] [thread 30220] [26.0] [cxt 0] Deparser 'deparser': end
[12:05:29.751] [bmv2] [D] [thread 30224] [26.0] [cxt 0] Transmitting packet of size 70 out of port 0
[12:05:31.802] [bmv2] [D] [thread 30219] [27.0] [cxt 0] Processing packet received on port 3
[12:05:31.802] [bmv2] [D] [thread 30219] [27.0] [cxt 0] Parser 'parser': start
[12:05:31.803] [bmv2] [D] [thread 30219] [27.0] [cxt 0] Parser 'parser' entering state 'start'
[12:05:31.803] [bmv2] [D] [thread 30219] [27.0] [cxt 0] Extracting header 'ethernet'
[12:05:31.804] [bmv2] [D] [thread 30219] [27.0] [cxt 0] Parser state 'start': key is 86dd
[12:05:31.805] [bmv2] [T] [thread 30219] [27.0] [cxt 0] Bytes parsed: 14
[12:05:31.806] [bmv2] [D] [thread 30219] [27.0] [cxt 0] Parser 'parser': end
[12:05:31.806] [bmv2] [D] [thread 30219] [27.0] [cxt 0] Pipeline 'ingress': start
[12:05:31.807] [bmv2] [T] [thread 30219] [27.0] [cxt 0] streaming.p4(158) Condition "hdr.ipv4.isValid()" (node_2) is false
[12:05:31.807] [bmv2] [D] [thread 30219] [27.0] [cxt 0] Pipeline 'ingress': end
[12:05:31.808] [bmv2] [D] [thread 30219] [27.0] [cxt 0] Egress port is 0
[12:05:31.809] [bmv2] [D] [thread 30220] [27.0] [cxt 0] Pipeline 'egress': start
[12:05:31.810] [bmv2] [D] [thread 30220] [27.0] [cxt 0] Pipeline 'egress': end
[12:05:31.810] [bmv2] [D] [thread 30220] [27.0] [cxt 0] Deparser 'deparser': start
[12:05:31.811] [bmv2] [D] [thread 30220] [27.0] [cxt 0] Deparsing header 'ethernet'
[12:05:31.811] [bmv2] [D] [thread 30220] [27.0] [cxt 0] Deparser 'deparser': end
[12:05:31.812] [bmv2] [D] [thread 30224] [27.0] [cxt 0] Transmitting packet of size 70 out of port 0
[12:05:35.829] [bmv2] [D] [thread 30219] [28.0] [cxt 0] Processing packet received on port 2
[12:05:35.830] [bmv2] [D] [thread 30219] [28.0] [cxt 0] Parser 'parser': start
[12:05:35.830] [bmv2] [D] [thread 30219] [28.0] [cxt 0] Parser 'parser' entering state 'start'
[12:05:35.831] [bmv2] [D] [thread 30219] [28.0] [cxt 0] Extracting header 'ethernet'
[12:05:35.831] [bmv2] [D] [thread 30219] [28.0] [cxt 0] Parser state 'start': key is 86dd
[12:05:35.832] [bmv2] [T] [thread 30219] [28.0] [cxt 0] Bytes parsed: 14
[12:05:35.832] [bmv2] [D] [thread 30219] [28.0] [cxt 0] Parser 'parser': end
[12:05:35.832] [bmv2] [D] [thread 30219] [28.0] [cxt 0] Pipeline 'ingress': start
[12:05:35.833] [bmv2] [T] [thread 30219] [28.0] [cxt 0] streaming.p4(158) Condition "hdr.ipv4.isValid()" (node_2) is false
[12:05:35.834] [bmv2] [D] [thread 30219] [28.0] [cxt 0] Pipeline 'ingress': end
[12:05:35.834] [bmv2] [D] [thread 30219] [28.0] [cxt 0] Egress port is 0
[12:05:35.834] [bmv2] [D] [thread 30219] [29.0] [cxt 0] Processing packet received on port 2
[12:05:35.835] [bmv2] [D] [thread 30220] [28.0] [cxt 0] Pipeline 'egress': start
[12:05:35.836] [bmv2] [D] [thread 30220] [28.0] [cxt 0] Pipeline 'egress': end
[12:05:35.836] [bmv2] [D] [thread 30220] [28.0] [cxt 0] Deparser 'deparser': start
[12:05:35.836] [bmv2] [D] [thread 30220] [28.0] [cxt 0] Deparsing header 'ethernet'
[12:05:35.837] [bmv2] [D] [thread 30220] [28.0] [cxt 0] Deparser 'deparser': end
[12:05:35.835] [bmv2] [D] [thread 30219] [29.0] [cxt 0] Parser 'parser': start
[12:05:35.838] [bmv2] [D] [thread 30219] [29.0] [cxt 0] Parser 'parser' entering state 'start'
[12:05:35.838] [bmv2] [D] [thread 30219] [29.0] [cxt 0] Extracting header 'ethernet'
[12:05:35.838] [bmv2] [D] [thread 30224] [28.0] [cxt 0] Transmitting packet of size 70 out of port 0
[12:05:35.839] [bmv2] [D] [thread 30219] [29.0] [cxt 0] Parser state 'start': key is 86dd
[12:05:35.840] [bmv2] [T] [thread 30219] [29.0] [cxt 0] Bytes parsed: 14
[12:05:35.840] [bmv2] [D] [thread 30219] [29.0] [cxt 0] Parser 'parser': end
[12:05:35.841] [bmv2] [D] [thread 30219] [29.0] [cxt 0] Pipeline 'ingress': start
[12:05:35.841] [bmv2] [T] [thread 30219] [29.0] [cxt 0] streaming.p4(158) Condition "hdr.ipv4.isValid()" (node_2) is false
[12:05:35.842] [bmv2] [D] [thread 30219] [29.0] [cxt 0] Pipeline 'ingress': end
[12:05:35.843] [bmv2] [D] [thread 30219] [29.0] [cxt 0] Egress port is 0
[12:05:35.843] [bmv2] [D] [thread 30220] [29.0] [cxt 0] Pipeline 'egress': start
[12:05:35.844] [bmv2] [D] [thread 30220] [29.0] [cxt 0] Pipeline 'egress': end
[12:05:35.845] [bmv2] [D] [thread 30220] [29.0] [cxt 0] Deparser 'deparser': start
[12:05:35.845] [bmv2] [D] [thread 30220] [29.0] [cxt 0] Deparsing header 'ethernet'
[12:05:35.846] [bmv2] [D] [thread 30220] [29.0] [cxt 0] Deparser 'deparser': end
[12:05:35.846] [bmv2] [D] [thread 30224] [29.0] [cxt 0] Transmitting packet of size 70 out of port 0
[12:07:34.617] [bmv2] [D] [thread 30219] [30.0] [cxt 0] Processing packet received on port 1
[12:07:34.618] [bmv2] [D] [thread 30219] [30.0] [cxt 0] Parser 'parser': start
[12:07:34.620] [bmv2] [D] [thread 30219] [30.0] [cxt 0] Parser 'parser' entering state 'start'
[12:07:34.621] [bmv2] [D] [thread 30219] [30.0] [cxt 0] Extracting header 'ethernet'
[12:07:34.623] [bmv2] [D] [thread 30219] [30.0] [cxt 0] Parser state 'start': key is 86dd
[12:07:34.624] [bmv2] [T] [thread 30219] [30.0] [cxt 0] Bytes parsed: 14
[12:07:34.625] [bmv2] [D] [thread 30219] [30.0] [cxt 0] Parser 'parser': end
[12:07:34.626] [bmv2] [D] [thread 30219] [30.0] [cxt 0] Pipeline 'ingress': start
[12:07:34.628] [bmv2] [T] [thread 30219] [30.0] [cxt 0] streaming.p4(158) Condition "hdr.ipv4.isValid()" (node_2) is false
[12:07:34.630] [bmv2] [D] [thread 30219] [30.0] [cxt 0] Pipeline 'ingress': end
[12:07:34.633] [bmv2] [D] [thread 30219] [30.0] [cxt 0] Egress port is 0
[12:07:34.634] [bmv2] [D] [thread 30220] [30.0] [cxt 0] Pipeline 'egress': start
[12:07:34.634] [bmv2] [D] [thread 30220] [30.0] [cxt 0] Pipeline 'egress': end
[12:07:34.635] [bmv2] [D] [thread 30220] [30.0] [cxt 0] Deparser 'deparser': start
[12:07:34.635] [bmv2] [D] [thread 30220] [30.0] [cxt 0] Deparsing header 'ethernet'
[12:07:34.635] [bmv2] [D] [thread 30220] [30.0] [cxt 0] Deparser 'deparser': end
[12:07:34.636] [bmv2] [D] [thread 30224] [30.0] [cxt 0] Transmitting packet of size 70 out of port 0
[12:07:34.634] [bmv2] [D] [thread 30219] [31.0] [cxt 0] Processing packet received on port 3
[12:07:34.637] [bmv2] [D] [thread 30219] [31.0] [cxt 0] Parser 'parser': start
[12:07:34.637] [bmv2] [D] [thread 30219] [31.0] [cxt 0] Parser 'parser' entering state 'start'
[12:07:34.638] [bmv2] [D] [thread 30219] [31.0] [cxt 0] Extracting header 'ethernet'
[12:07:34.638] [bmv2] [D] [thread 30219] [31.0] [cxt 0] Parser state 'start': key is 86dd
[12:07:34.638] [bmv2] [T] [thread 30219] [31.0] [cxt 0] Bytes parsed: 14
[12:07:34.639] [bmv2] [D] [thread 30219] [31.0] [cxt 0] Parser 'parser': end
[12:07:34.639] [bmv2] [D] [thread 30219] [31.0] [cxt 0] Pipeline 'ingress': start
[12:07:34.640] [bmv2] [T] [thread 30219] [31.0] [cxt 0] streaming.p4(158) Condition "hdr.ipv4.isValid()" (node_2) is false
[12:07:34.641] [bmv2] [D] [thread 30219] [31.0] [cxt 0] Pipeline 'ingress': end
[12:07:34.641] [bmv2] [D] [thread 30219] [31.0] [cxt 0] Egress port is 0
[12:07:34.642] [bmv2] [D] [thread 30220] [31.0] [cxt 0] Pipeline 'egress': start
[12:07:34.643] [bmv2] [D] [thread 30220] [31.0] [cxt 0] Pipeline 'egress': end
[12:07:34.643] [bmv2] [D] [thread 30220] [31.0] [cxt 0] Deparser 'deparser': start
[12:07:34.643] [bmv2] [D] [thread 30220] [31.0] [cxt 0] Deparsing header 'ethernet'
[12:07:34.644] [bmv2] [D] [thread 30220] [31.0] [cxt 0] Deparser 'deparser': end
[12:07:34.644] [bmv2] [D] [thread 30224] [31.0] [cxt 0] Transmitting packet of size 70 out of port 0
[12:07:57.142] [bmv2] [D] [thread 30219] [32.0] [cxt 0] Processing packet received on port 2
[12:07:57.143] [bmv2] [D] [thread 30219] [32.0] [cxt 0] Parser 'parser': start
[12:07:57.143] [bmv2] [D] [thread 30219] [32.0] [cxt 0] Parser 'parser' entering state 'start'
[12:07:57.144] [bmv2] [D] [thread 30219] [32.0] [cxt 0] Extracting header 'ethernet'
[12:07:57.145] [bmv2] [D] [thread 30219] [32.0] [cxt 0] Parser state 'start': key is 86dd
[12:07:57.146] [bmv2] [T] [thread 30219] [32.0] [cxt 0] Bytes parsed: 14
[12:07:57.147] [bmv2] [D] [thread 30219] [32.0] [cxt 0] Parser 'parser': end
[12:07:57.148] [bmv2] [D] [thread 30219] [32.0] [cxt 0] Pipeline 'ingress': start
[12:07:57.149] [bmv2] [T] [thread 30219] [32.0] [cxt 0] streaming.p4(158) Condition "hdr.ipv4.isValid()" (node_2) is false
[12:07:57.151] [bmv2] [D] [thread 30219] [32.0] [cxt 0] Pipeline 'ingress': end
[12:07:57.153] [bmv2] [D] [thread 30219] [32.0] [cxt 0] Egress port is 0
[12:07:57.154] [bmv2] [D] [thread 30220] [32.0] [cxt 0] Pipeline 'egress': start
[12:07:57.155] [bmv2] [D] [thread 30220] [32.0] [cxt 0] Pipeline 'egress': end
[12:07:57.156] [bmv2] [D] [thread 30220] [32.0] [cxt 0] Deparser 'deparser': start
[12:07:57.157] [bmv2] [D] [thread 30220] [32.0] [cxt 0] Deparsing header 'ethernet'
[12:07:57.159] [bmv2] [D] [thread 30220] [32.0] [cxt 0] Deparser 'deparser': end
[12:07:57.160] [bmv2] [D] [thread 30224] [32.0] [cxt 0] Transmitting packet of size 70 out of port 0
[12:07:57.155] [bmv2] [D] [thread 30219] [33.0] [cxt 0] Processing packet received on port 3
[12:07:57.163] [bmv2] [D] [thread 30219] [33.0] [cxt 0] Parser 'parser': start
[12:07:57.164] [bmv2] [D] [thread 30219] [33.0] [cxt 0] Parser 'parser' entering state 'start'
[12:07:57.165] [bmv2] [D] [thread 30219] [33.0] [cxt 0] Extracting header 'ethernet'
[12:07:57.166] [bmv2] [D] [thread 30219] [33.0] [cxt 0] Parser state 'start': key is 86dd
[12:07:57.166] [bmv2] [T] [thread 30219] [33.0] [cxt 0] Bytes parsed: 14
[12:07:57.167] [bmv2] [D] [thread 30219] [33.0] [cxt 0] Parser 'parser': end
[12:07:57.167] [bmv2] [D] [thread 30219] [33.0] [cxt 0] Pipeline 'ingress': start
[12:07:57.168] [bmv2] [T] [thread 30219] [33.0] [cxt 0] streaming.p4(158) Condition "hdr.ipv4.isValid()" (node_2) is false
[12:07:57.169] [bmv2] [D] [thread 30219] [33.0] [cxt 0] Pipeline 'ingress': end
[12:07:57.169] [bmv2] [D] [thread 30219] [33.0] [cxt 0] Egress port is 0
[12:07:57.170] [bmv2] [D] [thread 30220] [33.0] [cxt 0] Pipeline 'egress': start
[12:07:57.171] [bmv2] [D] [thread 30220] [33.0] [cxt 0] Pipeline 'egress': end
[12:07:57.171] [bmv2] [D] [thread 30220] [33.0] [cxt 0] Deparser 'deparser': start
[12:07:57.172] [bmv2] [D] [thread 30220] [33.0] [cxt 0] Deparsing header 'ethernet'
[12:07:57.173] [bmv2] [D] [thread 30220] [33.0] [cxt 0] Deparser 'deparser': end
[12:07:57.173] [bmv2] [D] [thread 30224] [33.0] [cxt 0] Transmitting packet of size 70 out of port 0
[12:08:13.546] [bmv2] [D] [thread 30219] [34.0] [cxt 0] Processing packet received on port 2
[12:08:13.546] [bmv2] [D] [thread 30219] [34.0] [cxt 0] Parser 'parser': start
[12:08:13.547] [bmv2] [D] [thread 30219] [34.0] [cxt 0] Parser 'parser' entering state 'start'
[12:08:13.551] [bmv2] [D] [thread 30219] [34.0] [cxt 0] Extracting header 'ethernet'
[12:08:13.551] [bmv2] [D] [thread 30219] [34.0] [cxt 0] Parser state 'start': key is 86dd
[12:08:13.553] [bmv2] [T] [thread 30219] [34.0] [cxt 0] Bytes parsed: 14
[12:08:13.554] [bmv2] [D] [thread 30219] [34.0] [cxt 0] Parser 'parser': end
[12:08:13.555] [bmv2] [D] [thread 30219] [34.0] [cxt 0] Pipeline 'ingress': start
[12:08:13.558] [bmv2] [T] [thread 30219] [34.0] [cxt 0] streaming.p4(158) Condition "hdr.ipv4.isValid()" (node_2) is false
[12:08:13.559] [bmv2] [D] [thread 30219] [34.0] [cxt 0] Pipeline 'ingress': end
[12:08:13.561] [bmv2] [D] [thread 30219] [34.0] [cxt 0] Egress port is 0
[12:08:13.563] [bmv2] [D] [thread 30220] [34.0] [cxt 0] Pipeline 'egress': start
[12:08:13.564] [bmv2] [D] [thread 30220] [34.0] [cxt 0] Pipeline 'egress': end
[12:08:13.566] [bmv2] [D] [thread 30220] [34.0] [cxt 0] Deparser 'deparser': start
[12:08:13.568] [bmv2] [D] [thread 30220] [34.0] [cxt 0] Deparsing header 'ethernet'
[12:08:13.570] [bmv2] [D] [thread 30220] [34.0] [cxt 0] Deparser 'deparser': end
[12:08:13.572] [bmv2] [D] [thread 30224] [34.0] [cxt 0] Transmitting packet of size 70 out of port 0
[12:11:46.520] [bmv2] [D] [thread 30219] [35.0] [cxt 0] Processing packet received on port 1
[12:11:46.521] [bmv2] [D] [thread 30219] [35.0] [cxt 0] Parser 'parser': start
[12:11:46.521] [bmv2] [D] [thread 30219] [35.0] [cxt 0] Parser 'parser' entering state 'start'
[12:11:46.528] [bmv2] [D] [thread 30219] [35.0] [cxt 0] Extracting header 'ethernet'
[12:11:46.528] [bmv2] [D] [thread 30219] [35.0] [cxt 0] Parser state 'start': key is 86dd
[12:11:46.530] [bmv2] [T] [thread 30219] [35.0] [cxt 0] Bytes parsed: 14
[12:11:46.532] [bmv2] [D] [thread 30219] [35.0] [cxt 0] Parser 'parser': end
[12:11:46.535] [bmv2] [D] [thread 30219] [35.0] [cxt 0] Pipeline 'ingress': start
[12:11:46.537] [bmv2] [T] [thread 30219] [35.0] [cxt 0] streaming.p4(158) Condition "hdr.ipv4.isValid()" (node_2) is false
[12:11:46.538] [bmv2] [D] [thread 30219] [35.0] [cxt 0] Pipeline 'ingress': end
[12:11:46.540] [bmv2] [D] [thread 30219] [35.0] [cxt 0] Egress port is 0
[12:11:46.542] [bmv2] [D] [thread 30219] [36.0] [cxt 0] Processing packet received on port 3
[12:11:46.542] [bmv2] [D] [thread 30220] [35.0] [cxt 0] Pipeline 'egress': start
[12:11:46.545] [bmv2] [D] [thread 30220] [35.0] [cxt 0] Pipeline 'egress': end
[12:11:46.546] [bmv2] [D] [thread 30220] [35.0] [cxt 0] Deparser 'deparser': start
[12:11:46.547] [bmv2] [D] [thread 30220] [35.0] [cxt 0] Deparsing header 'ethernet'
[12:11:46.548] [bmv2] [D] [thread 30220] [35.0] [cxt 0] Deparser 'deparser': end
[12:11:46.548] [bmv2] [D] [thread 30224] [35.0] [cxt 0] Transmitting packet of size 70 out of port 0
[12:11:46.544] [bmv2] [D] [thread 30219] [36.0] [cxt 0] Parser 'parser': start
[12:11:46.552] [bmv2] [D] [thread 30219] [36.0] [cxt 0] Parser 'parser' entering state 'start'
[12:11:46.553] [bmv2] [D] [thread 30219] [36.0] [cxt 0] Extracting header 'ethernet'
[12:11:46.554] [bmv2] [D] [thread 30219] [36.0] [cxt 0] Parser state 'start': key is 86dd
[12:11:46.556] [bmv2] [T] [thread 30219] [36.0] [cxt 0] Bytes parsed: 14
[12:11:46.557] [bmv2] [D] [thread 30219] [36.0] [cxt 0] Parser 'parser': end
[12:11:46.559] [bmv2] [D] [thread 30219] [36.0] [cxt 0] Pipeline 'ingress': start
[12:11:46.560] [bmv2] [T] [thread 30219] [36.0] [cxt 0] streaming.p4(158) Condition "hdr.ipv4.isValid()" (node_2) is false
[12:11:46.560] [bmv2] [D] [thread 30219] [36.0] [cxt 0] Pipeline 'ingress': end
[12:11:46.561] [bmv2] [D] [thread 30219] [36.0] [cxt 0] Egress port is 0
[12:11:46.562] [bmv2] [D] [thread 30220] [36.0] [cxt 0] Pipeline 'egress': start
[12:11:46.562] [bmv2] [D] [thread 30220] [36.0] [cxt 0] Pipeline 'egress': end
[12:11:46.563] [bmv2] [D] [thread 30220] [36.0] [cxt 0] Deparser 'deparser': start
[12:11:46.563] [bmv2] [D] [thread 30220] [36.0] [cxt 0] Deparsing header 'ethernet'
[12:11:46.564] [bmv2] [D] [thread 30220] [36.0] [cxt 0] Deparser 'deparser': end
[12:11:46.564] [bmv2] [D] [thread 30224] [36.0] [cxt 0] Transmitting packet of size 70 out of port 0
[12:12:19.287] [bmv2] [D] [thread 30219] [37.0] [cxt 0] Processing packet received on port 3
[12:12:19.289] [bmv2] [D] [thread 30219] [37.0] [cxt 0] Parser 'parser': start
[12:12:19.289] [bmv2] [D] [thread 30219] [37.0] [cxt 0] Parser 'parser' entering state 'start'
[12:12:19.290] [bmv2] [D] [thread 30219] [37.0] [cxt 0] Extracting header 'ethernet'
[12:12:19.291] [bmv2] [D] [thread 30219] [37.0] [cxt 0] Parser state 'start': key is 86dd
[12:12:19.291] [bmv2] [T] [thread 30219] [37.0] [cxt 0] Bytes parsed: 14
[12:12:19.292] [bmv2] [D] [thread 30219] [37.0] [cxt 0] Parser 'parser': end
[12:12:19.293] [bmv2] [D] [thread 30219] [37.0] [cxt 0] Pipeline 'ingress': start
[12:12:19.295] [bmv2] [T] [thread 30219] [37.0] [cxt 0] streaming.p4(158) Condition "hdr.ipv4.isValid()" (node_2) is false
[12:12:19.298] [bmv2] [D] [thread 30219] [37.0] [cxt 0] Pipeline 'ingress': end
[12:12:19.299] [bmv2] [D] [thread 30219] [37.0] [cxt 0] Egress port is 0
[12:12:19.300] [bmv2] [D] [thread 30220] [37.0] [cxt 0] Pipeline 'egress': start
[12:12:19.300] [bmv2] [D] [thread 30220] [37.0] [cxt 0] Pipeline 'egress': end
[12:12:19.301] [bmv2] [D] [thread 30220] [37.0] [cxt 0] Deparser 'deparser': start
[12:12:19.301] [bmv2] [D] [thread 30220] [37.0] [cxt 0] Deparsing header 'ethernet'
[12:12:19.302] [bmv2] [D] [thread 30220] [37.0] [cxt 0] Deparser 'deparser': end
[12:12:19.303] [bmv2] [D] [thread 30224] [37.0] [cxt 0] Transmitting packet of size 70 out of port 0
[12:12:52.055] [bmv2] [D] [thread 30219] [38.0] [cxt 0] Processing packet received on port 2
[12:12:52.056] [bmv2] [D] [thread 30219] [38.0] [cxt 0] Parser 'parser': start
[12:12:52.056] [bmv2] [D] [thread 30219] [38.0] [cxt 0] Parser 'parser' entering state 'start'
[12:12:52.057] [bmv2] [D] [thread 30219] [38.0] [cxt 0] Extracting header 'ethernet'
[12:12:52.058] [bmv2] [D] [thread 30219] [38.0] [cxt 0] Parser state 'start': key is 86dd
[12:12:52.059] [bmv2] [T] [thread 30219] [38.0] [cxt 0] Bytes parsed: 14
[12:12:52.061] [bmv2] [D] [thread 30219] [38.0] [cxt 0] Parser 'parser': end
[12:12:52.063] [bmv2] [D] [thread 30219] [38.0] [cxt 0] Pipeline 'ingress': start
[12:12:52.065] [bmv2] [T] [thread 30219] [38.0] [cxt 0] streaming.p4(158) Condition "hdr.ipv4.isValid()" (node_2) is false
[12:12:52.066] [bmv2] [D] [thread 30219] [38.0] [cxt 0] Pipeline 'ingress': end
[12:12:52.066] [bmv2] [D] [thread 30219] [38.0] [cxt 0] Egress port is 0
[12:12:52.067] [bmv2] [D] [thread 30220] [38.0] [cxt 0] Pipeline 'egress': start
[12:12:52.068] [bmv2] [D] [thread 30220] [38.0] [cxt 0] Pipeline 'egress': end
[12:12:52.068] [bmv2] [D] [thread 30220] [38.0] [cxt 0] Deparser 'deparser': start
[12:12:52.069] [bmv2] [D] [thread 30220] [38.0] [cxt 0] Deparsing header 'ethernet'
[12:12:52.069] [bmv2] [D] [thread 30220] [38.0] [cxt 0] Deparser 'deparser': end
[12:12:52.070] [bmv2] [D] [thread 30224] [38.0] [cxt 0] Transmitting packet of size 70 out of port 0
[12:13:24.822] [bmv2] [D] [thread 30219] [39.0] [cxt 0] Processing packet received on port 2
[12:13:24.823] [bmv2] [D] [thread 30219] [39.0] [cxt 0] Parser 'parser': start
[12:13:24.824] [bmv2] [D] [thread 30219] [39.0] [cxt 0] Parser 'parser' entering state 'start'
[12:13:24.824] [bmv2] [D] [thread 30219] [39.0] [cxt 0] Extracting header 'ethernet'
[12:13:24.827] [bmv2] [D] [thread 30219] [39.0] [cxt 0] Parser state 'start': key is 86dd
[12:13:24.828] [bmv2] [T] [thread 30219] [39.0] [cxt 0] Bytes parsed: 14
[12:13:24.829] [bmv2] [D] [thread 30219] [39.0] [cxt 0] Parser 'parser': end
[12:13:24.829] [bmv2] [D] [thread 30219] [39.0] [cxt 0] Pipeline 'ingress': start
[12:13:24.830] [bmv2] [T] [thread 30219] [39.0] [cxt 0] streaming.p4(158) Condition "hdr.ipv4.isValid()" (node_2) is false
[12:13:24.830] [bmv2] [D] [thread 30219] [39.0] [cxt 0] Pipeline 'ingress': end
[12:13:24.831] [bmv2] [D] [thread 30219] [39.0] [cxt 0] Egress port is 0
[12:13:24.831] [bmv2] [D] [thread 30220] [39.0] [cxt 0] Pipeline 'egress': start
[12:13:24.832] [bmv2] [D] [thread 30220] [39.0] [cxt 0] Pipeline 'egress': end
[12:13:24.832] [bmv2] [D] [thread 30220] [39.0] [cxt 0] Deparser 'deparser': start
[12:13:24.833] [bmv2] [D] [thread 30220] [39.0] [cxt 0] Deparsing header 'ethernet'
[12:13:24.833] [bmv2] [D] [thread 30220] [39.0] [cxt 0] Deparser 'deparser': end
[12:13:24.835] [bmv2] [D] [thread 30224] [39.0] [cxt 0] Transmitting packet of size 70 out of port 0
